#----- 7 hilos -----#
>>>>> INICIO CON 1500 PARTÍCULAS
clang-11 -MM core.c dendritas.c xoshiro.c > .depend
rm -f dendritas *.o .depend
clang-11 -MM core.c dendritas.c xoshiro.c > .depend
clang-11 -std=gnu11 -Wall -Wextra -g -O2 -march=native -funroll-loops -fopenmp  -DNMAX=1500 -c xoshiro.c -o xoshiro.o
clang-11 -std=gnu11 -Wall -Wextra -g -O2 -march=native -funroll-loops -fopenmp  -DNMAX=1500 -c core.c -o core.o
clang-11 -std=gnu11 -Wall -Wextra -g -O2 -march=native -funroll-loops -fopenmp  -DNMAX=1500 -c dendritas.c -o dendritas.o
clang-11 -std=gnu11 -Wall -Wextra -g -O2 -march=native -funroll-loops -fopenmp  xoshiro.o core.o dendritas.o -o dendritas -lm
>>> Hay 1000 Li depositados. Progreso = 0 %.
>>> Hay 1205 Li depositados. Progreso = 41 %.
>>> Hay 1304 Li depositados. Progreso = 60 %.
>>> Hay 1413 Li depositados. Progreso = 82 %.
Hay un total de 1501 Li depositados (100 %).
Tiempo simulando = 39.164 ms
WALL TIME = 10.891749 s
PFLOPS = 53.354401

<<<<< FIN CON 1500 PARTÍCULAS
>>>>> INICIO CON 2000 PARTÍCULAS
rm -f dendritas *.o .depend
clang-11 -MM core.c dendritas.c xoshiro.c > .depend
clang-11 -std=gnu11 -Wall -Wextra -g -O2 -march=native -funroll-loops -fopenmp  -DNMAX=2000 -c xoshiro.c -o xoshiro.o
clang-11 -std=gnu11 -Wall -Wextra -g -O2 -march=native -funroll-loops -fopenmp  -DNMAX=2000 -c core.c -o core.o
clang-11 -std=gnu11 -Wall -Wextra -g -O2 -march=native -funroll-loops -fopenmp  -DNMAX=2000 -c dendritas.c -o dendritas.o
clang-11 -std=gnu11 -Wall -Wextra -g -O2 -march=native -funroll-loops -fopenmp  xoshiro.o core.o dendritas.o -o dendritas -lm
>>> Hay 1000 Li depositados. Progreso = 0 %.
>>> Hay 1205 Li depositados. Progreso = 20 %.
>>> Hay 1304 Li depositados. Progreso = 30 %.
>>> Hay 1413 Li depositados. Progreso = 41 %.
>>> Hay 1514 Li depositados. Progreso = 51 %.
>>> Hay 1621 Li depositados. Progreso = 62 %.
>>> Hay 1724 Li depositados. Progreso = 72 %.
>>> Hay 1844 Li depositados. Progreso = 84 %.
>>> Hay 1944 Li depositados. Progreso = 94 %.
Hay un total de 2001 Li depositados (100 %).
Tiempo simulando = 85.511 ms
WALL TIME = 27.042809 s
PFLOPS = 119.086334

<<<<< FIN CON 2000 PARTÍCULAS
>>>>> INICIO CON 2500 PARTÍCULAS
rm -f dendritas *.o .depend
clang-11 -MM core.c dendritas.c xoshiro.c > .depend
clang-11 -std=gnu11 -Wall -Wextra -g -O2 -march=native -funroll-loops -fopenmp  -DNMAX=2500 -c xoshiro.c -o xoshiro.o
clang-11 -std=gnu11 -Wall -Wextra -g -O2 -march=native -funroll-loops -fopenmp  -DNMAX=2500 -c core.c -o core.o
clang-11 -std=gnu11 -Wall -Wextra -g -O2 -march=native -funroll-loops -fopenmp  -DNMAX=2500 -c dendritas.c -o dendritas.o
clang-11 -std=gnu11 -Wall -Wextra -g -O2 -march=native -funroll-loops -fopenmp  xoshiro.o core.o dendritas.o -o dendritas -lm
>>> Hay 1000 Li depositados. Progreso = 0 %.
>>> Hay 1205 Li depositados. Progreso = 13 %.
>>> Hay 1304 Li depositados. Progreso = 20 %.
>>> Hay 1413 Li depositados. Progreso = 27 %.
>>> Hay 1514 Li depositados. Progreso = 34 %.
>>> Hay 1621 Li depositados. Progreso = 41 %.
>>> Hay 1724 Li depositados. Progreso = 48 %.
>>> Hay 1844 Li depositados. Progreso = 56 %.
>>> Hay 1944 Li depositados. Progreso = 62 %.
>>> Hay 2039 Li depositados. Progreso = 69 %.
>>> Hay 2162 Li depositados. Progreso = 77 %.
>>> Hay 2268 Li depositados. Progreso = 84 %.
>>> Hay 2368 Li depositados. Progreso = 91 %.
>>> Hay 2475 Li depositados. Progreso = 98 %.
Hay un total de 2501 Li depositados (100 %).
Tiempo simulando = 131.784 ms
WALL TIME = 47.465729 s
PFLOPS = 183.652893

<<<<< FIN CON 2500 PARTÍCULAS
>>>>> INICIO CON 3000 PARTÍCULAS
rm -f dendritas *.o .depend
clang-11 -MM core.c dendritas.c xoshiro.c > .depend
clang-11 -std=gnu11 -Wall -Wextra -g -O2 -march=native -funroll-loops -fopenmp  -DNMAX=3000 -c xoshiro.c -o xoshiro.o
clang-11 -std=gnu11 -Wall -Wextra -g -O2 -march=native -funroll-loops -fopenmp  -DNMAX=3000 -c core.c -o core.o
clang-11 -std=gnu11 -Wall -Wextra -g -O2 -march=native -funroll-loops -fopenmp  -DNMAX=3000 -c dendritas.c -o dendritas.o
clang-11 -std=gnu11 -Wall -Wextra -g -O2 -march=native -funroll-loops -fopenmp  xoshiro.o core.o dendritas.o -o dendritas -lm
>>> Hay 1000 Li depositados. Progreso = 0 %.
>>> Hay 1205 Li depositados. Progreso = 10 %.
>>> Hay 1304 Li depositados. Progreso = 15 %.
>>> Hay 1413 Li depositados. Progreso = 20 %.
>>> Hay 1514 Li depositados. Progreso = 25 %.
>>> Hay 1621 Li depositados. Progreso = 31 %.
>>> Hay 1724 Li depositados. Progreso = 36 %.
>>> Hay 1844 Li depositados. Progreso = 42 %.
>>> Hay 1944 Li depositados. Progreso = 47 %.
>>> Hay 2039 Li depositados. Progreso = 51 %.
>>> Hay 2162 Li depositados. Progreso = 58 %.
>>> Hay 2268 Li depositados. Progreso = 63 %.
>>> Hay 2368 Li depositados. Progreso = 68 %.
>>> Hay 2475 Li depositados. Progreso = 73 %.
>>> Hay 2583 Li depositados. Progreso = 79 %.
>>> Hay 2688 Li depositados. Progreso = 84 %.
>>> Hay 2781 Li depositados. Progreso = 89 %.
>>> Hay 2892 Li depositados. Progreso = 94 %.
>>> Hay 2991 Li depositados. Progreso = 99 %.
Hay un total de 3001 Li depositados (100 %).
Tiempo simulando = 181.276 ms
WALL TIME = 72.903999 s
PFLOPS = 254.965652

<<<<< FIN CON 3000 PARTÍCULAS
>>>>> INICIO CON 3500 PARTÍCULAS
rm -f dendritas *.o .depend
clang-11 -MM core.c dendritas.c xoshiro.c > .depend
clang-11 -std=gnu11 -Wall -Wextra -g -O2 -march=native -funroll-loops -fopenmp  -DNMAX=3500 -c xoshiro.c -o xoshiro.o
clang-11 -std=gnu11 -Wall -Wextra -g -O2 -march=native -funroll-loops -fopenmp  -DNMAX=3500 -c core.c -o core.o
clang-11 -std=gnu11 -Wall -Wextra -g -O2 -march=native -funroll-loops -fopenmp  -DNMAX=3500 -c dendritas.c -o dendritas.o
clang-11 -std=gnu11 -Wall -Wextra -g -O2 -march=native -funroll-loops -fopenmp  xoshiro.o core.o dendritas.o -o dendritas -lm
>>> Hay 1000 Li depositados. Progreso = 0 %.
>>> Hay 1205 Li depositados. Progreso = 8 %.
>>> Hay 1304 Li depositados. Progreso = 12 %.
>>> Hay 1413 Li depositados. Progreso = 16 %.
>>> Hay 1514 Li depositados. Progreso = 20 %.
>>> Hay 1621 Li depositados. Progreso = 24 %.
>>> Hay 1724 Li depositados. Progreso = 28 %.
>>> Hay 1844 Li depositados. Progreso = 33 %.
>>> Hay 1944 Li depositados. Progreso = 37 %.
>>> Hay 2039 Li depositados. Progreso = 41 %.
>>> Hay 2162 Li depositados. Progreso = 46 %.
>>> Hay 2268 Li depositados. Progreso = 50 %.
>>> Hay 2368 Li depositados. Progreso = 54 %.
>>> Hay 2475 Li depositados. Progreso = 59 %.
>>> Hay 2583 Li depositados. Progreso = 63 %.
>>> Hay 2688 Li depositados. Progreso = 67 %.
>>> Hay 2781 Li depositados. Progreso = 71 %.
>>> Hay 2892 Li depositados. Progreso = 75 %.
>>> Hay 2991 Li depositados. Progreso = 79 %.
>>> Hay 3086 Li depositados. Progreso = 83 %.
>>> Hay 3205 Li depositados. Progreso = 88 %.
>>> Hay 3326 Li depositados. Progreso = 93 %.
>>> Hay 3429 Li depositados. Progreso = 97 %.
Hay un total de 3501 Li depositados (100 %).
Tiempo simulando = 228.426 ms
WALL TIME = 101.911294 s
PFLOPS = 319.020386

<<<<< FIN CON 3500 PARTÍCULAS
>>>>> INICIO CON 4000 PARTÍCULAS
rm -f dendritas *.o .depend
clang-11 -MM core.c dendritas.c xoshiro.c > .depend
clang-11 -std=gnu11 -Wall -Wextra -g -O2 -march=native -funroll-loops -fopenmp  -DNMAX=4000 -c xoshiro.c -o xoshiro.o
clang-11 -std=gnu11 -Wall -Wextra -g -O2 -march=native -funroll-loops -fopenmp  -DNMAX=4000 -c core.c -o core.o
clang-11 -std=gnu11 -Wall -Wextra -g -O2 -march=native -funroll-loops -fopenmp  -DNMAX=4000 -c dendritas.c -o dendritas.o
clang-11 -std=gnu11 -Wall -Wextra -g -O2 -march=native -funroll-loops -fopenmp  xoshiro.o core.o dendritas.o -o dendritas -lm
>>> Hay 1000 Li depositados. Progreso = 0 %.
>>> Hay 1205 Li depositados. Progreso = 6 %.
>>> Hay 1304 Li depositados. Progreso = 10 %.
>>> Hay 1413 Li depositados. Progreso = 13 %.
>>> Hay 1514 Li depositados. Progreso = 17 %.
>>> Hay 1621 Li depositados. Progreso = 20 %.
>>> Hay 1724 Li depositados. Progreso = 24 %.
>>> Hay 1844 Li depositados. Progreso = 28 %.
>>> Hay 1944 Li depositados. Progreso = 31 %.
>>> Hay 2039 Li depositados. Progreso = 34 %.
>>> Hay 2162 Li depositados. Progreso = 38 %.
>>> Hay 2268 Li depositados. Progreso = 42 %.
>>> Hay 2368 Li depositados. Progreso = 45 %.
>>> Hay 2475 Li depositados. Progreso = 49 %.
>>> Hay 2583 Li depositados. Progreso = 52 %.
>>> Hay 2688 Li depositados. Progreso = 56 %.
>>> Hay 2781 Li depositados. Progreso = 59 %.
>>> Hay 2892 Li depositados. Progreso = 63 %.
>>> Hay 2991 Li depositados. Progreso = 66 %.
>>> Hay 3086 Li depositados. Progreso = 69 %.
>>> Hay 3205 Li depositados. Progreso = 73 %.
>>> Hay 3326 Li depositados. Progreso = 77 %.
>>> Hay 3429 Li depositados. Progreso = 80 %.
>>> Hay 3515 Li depositados. Progreso = 83 %.
>>> Hay 3638 Li depositados. Progreso = 87 %.
>>> Hay 3759 Li depositados. Progreso = 91 %.
>>> Hay 3876 Li depositados. Progreso = 95 %.
>>> Hay 3974 Li depositados. Progreso = 99 %.
Hay un total de 4001 Li depositados (100 %).
Tiempo simulando = 273.613 ms
WALL TIME = 132.621259 s
PFLOPS = 384.128082

<<<<< FIN CON 4000 PARTÍCULAS
>>>>> INICIO CON 4500 PARTÍCULAS
rm -f dendritas *.o .depend
clang-11 -MM core.c dendritas.c xoshiro.c > .depend
clang-11 -std=gnu11 -Wall -Wextra -g -O2 -march=native -funroll-loops -fopenmp  -DNMAX=4500 -c xoshiro.c -o xoshiro.o
clang-11 -std=gnu11 -Wall -Wextra -g -O2 -march=native -funroll-loops -fopenmp  -DNMAX=4500 -c core.c -o core.o
clang-11 -std=gnu11 -Wall -Wextra -g -O2 -march=native -funroll-loops -fopenmp  -DNMAX=4500 -c dendritas.c -o dendritas.o
clang-11 -std=gnu11 -Wall -Wextra -g -O2 -march=native -funroll-loops -fopenmp  xoshiro.o core.o dendritas.o -o dendritas -lm
>>> Hay 1000 Li depositados. Progreso = 0 %.
>>> Hay 1205 Li depositados. Progreso = 5 %.
>>> Hay 1304 Li depositados. Progreso = 8 %.
>>> Hay 1413 Li depositados. Progreso = 11 %.
>>> Hay 1514 Li depositados. Progreso = 14 %.
>>> Hay 1621 Li depositados. Progreso = 17 %.
>>> Hay 1724 Li depositados. Progreso = 20 %.
>>> Hay 1844 Li depositados. Progreso = 24 %.
>>> Hay 1944 Li depositados. Progreso = 26 %.
>>> Hay 2039 Li depositados. Progreso = 29 %.
>>> Hay 2162 Li depositados. Progreso = 33 %.
>>> Hay 2268 Li depositados. Progreso = 36 %.
>>> Hay 2368 Li depositados. Progreso = 39 %.
>>> Hay 2475 Li depositados. Progreso = 42 %.
>>> Hay 2583 Li depositados. Progreso = 45 %.
>>> Hay 2688 Li depositados. Progreso = 48 %.
>>> Hay 2781 Li depositados. Progreso = 50 %.
>>> Hay 2892 Li depositados. Progreso = 54 %.
>>> Hay 2991 Li depositados. Progreso = 56 %.
>>> Hay 3086 Li depositados. Progreso = 59 %.
>>> Hay 3205 Li depositados. Progreso = 63 %.
>>> Hay 3326 Li depositados. Progreso = 66 %.
>>> Hay 3429 Li depositados. Progreso = 69 %.
>>> Hay 3515 Li depositados. Progreso = 71 %.
>>> Hay 3638 Li depositados. Progreso = 75 %.
>>> Hay 3759 Li depositados. Progreso = 78 %.
>>> Hay 3876 Li depositados. Progreso = 82 %.
>>> Hay 3974 Li depositados. Progreso = 84 %.
>>> Hay 4091 Li depositados. Progreso = 88 %.
>>> Hay 4228 Li depositados. Progreso = 92 %.
>>> Hay 4346 Li depositados. Progreso = 95 %.
>>> Hay 4454 Li depositados. Progreso = 98 %.
Hay un total de 4501 Li depositados (100 %).
Tiempo simulando = 315.354 ms
WALL TIME = 160.556468 s
PFLOPS = 456.244904

<<<<< FIN CON 4500 PARTÍCULAS
>>>>> INICIO CON 5000 PARTÍCULAS
rm -f dendritas *.o .depend
clang-11 -MM core.c dendritas.c xoshiro.c > .depend
clang-11 -std=gnu11 -Wall -Wextra -g -O2 -march=native -funroll-loops -fopenmp  -DNMAX=5000 -c xoshiro.c -o xoshiro.o
clang-11 -std=gnu11 -Wall -Wextra -g -O2 -march=native -funroll-loops -fopenmp  -DNMAX=5000 -c core.c -o core.o
clang-11 -std=gnu11 -Wall -Wextra -g -O2 -march=native -funroll-loops -fopenmp  -DNMAX=5000 -c dendritas.c -o dendritas.o
clang-11 -std=gnu11 -Wall -Wextra -g -O2 -march=native -funroll-loops -fopenmp  xoshiro.o core.o dendritas.o -o dendritas -lm
>>> Hay 1000 Li depositados. Progreso = 0 %.
>>> Hay 1205 Li depositados. Progreso = 5 %.
>>> Hay 1304 Li depositados. Progreso = 7 %.
>>> Hay 1413 Li depositados. Progreso = 10 %.
>>> Hay 1514 Li depositados. Progreso = 12 %.
>>> Hay 1621 Li depositados. Progreso = 15 %.
>>> Hay 1724 Li depositados. Progreso = 18 %.
>>> Hay 1844 Li depositados. Progreso = 21 %.
>>> Hay 1944 Li depositados. Progreso = 23 %.
>>> Hay 2039 Li depositados. Progreso = 25 %.
>>> Hay 2162 Li depositados. Progreso = 29 %.
>>> Hay 2268 Li depositados. Progreso = 31 %.
>>> Hay 2368 Li depositados. Progreso = 34 %.
>>> Hay 2475 Li depositados. Progreso = 36 %.
>>> Hay 2583 Li depositados. Progreso = 39 %.
>>> Hay 2688 Li depositados. Progreso = 42 %.
>>> Hay 2781 Li depositados. Progreso = 44 %.
>>> Hay 2892 Li depositados. Progreso = 47 %.
>>> Hay 2991 Li depositados. Progreso = 49 %.
>>> Hay 3086 Li depositados. Progreso = 52 %.
>>> Hay 3205 Li depositados. Progreso = 55 %.
>>> Hay 3326 Li depositados. Progreso = 58 %.
>>> Hay 3429 Li depositados. Progreso = 60 %.
>>> Hay 3515 Li depositados. Progreso = 62 %.
>>> Hay 3638 Li depositados. Progreso = 65 %.
>>> Hay 3759 Li depositados. Progreso = 68 %.
>>> Hay 3876 Li depositados. Progreso = 71 %.
>>> Hay 3974 Li depositados. Progreso = 74 %.
>>> Hay 4091 Li depositados. Progreso = 77 %.
>>> Hay 4228 Li depositados. Progreso = 80 %.
>>> Hay 4346 Li depositados. Progreso = 83 %.
>>> Hay 4454 Li depositados. Progreso = 86 %.
>>> Hay 4561 Li depositados. Progreso = 89 %.
>>> Hay 4674 Li depositados. Progreso = 91 %.
>>> Hay 4803 Li depositados. Progreso = 95 %.
>>> Hay 4911 Li depositados. Progreso = 97 %.
Hay un total de 5001 Li depositados (100 %).
Tiempo simulando = 357.598 ms
WALL TIME = 202.018288 s
PFLOPS = 502.700531

<<<<< FIN CON 5000 PARTÍCULAS
>>>>> INICIO CON 5500 PARTÍCULAS
rm -f dendritas *.o .depend
clang-11 -MM core.c dendritas.c xoshiro.c > .depend
clang-11 -std=gnu11 -Wall -Wextra -g -O2 -march=native -funroll-loops -fopenmp  -DNMAX=5500 -c xoshiro.c -o xoshiro.o
clang-11 -std=gnu11 -Wall -Wextra -g -O2 -march=native -funroll-loops -fopenmp  -DNMAX=5500 -c core.c -o core.o
clang-11 -std=gnu11 -Wall -Wextra -g -O2 -march=native -funroll-loops -fopenmp  -DNMAX=5500 -c dendritas.c -o dendritas.o
clang-11 -std=gnu11 -Wall -Wextra -g -O2 -march=native -funroll-loops -fopenmp  xoshiro.o core.o dendritas.o -o dendritas -lm
>>> Hay 1000 Li depositados. Progreso = 0 %.
>>> Hay 1205 Li depositados. Progreso = 4 %.
>>> Hay 1304 Li depositados. Progreso = 6 %.
>>> Hay 1413 Li depositados. Progreso = 9 %.
>>> Hay 1514 Li depositados. Progreso = 11 %.
>>> Hay 1621 Li depositados. Progreso = 13 %.
>>> Hay 1724 Li depositados. Progreso = 16 %.
>>> Hay 1844 Li depositados. Progreso = 18 %.
>>> Hay 1944 Li depositados. Progreso = 20 %.
>>> Hay 2039 Li depositados. Progreso = 23 %.
>>> Hay 2162 Li depositados. Progreso = 25 %.
>>> Hay 2268 Li depositados. Progreso = 28 %.
>>> Hay 2368 Li depositados. Progreso = 30 %.
>>> Hay 2475 Li depositados. Progreso = 32 %.
>>> Hay 2583 Li depositados. Progreso = 35 %.
>>> Hay 2688 Li depositados. Progreso = 37 %.
>>> Hay 2781 Li depositados. Progreso = 39 %.
>>> Hay 2892 Li depositados. Progreso = 42 %.
>>> Hay 2991 Li depositados. Progreso = 44 %.
>>> Hay 3086 Li depositados. Progreso = 46 %.
>>> Hay 3205 Li depositados. Progreso = 49 %.
>>> Hay 3326 Li depositados. Progreso = 51 %.
>>> Hay 3429 Li depositados. Progreso = 53 %.
>>> Hay 3515 Li depositados. Progreso = 55 %.
>>> Hay 3638 Li depositados. Progreso = 58 %.
>>> Hay 3759 Li depositados. Progreso = 61 %.
>>> Hay 3876 Li depositados. Progreso = 63 %.
>>> Hay 3974 Li depositados. Progreso = 66 %.
>>> Hay 4091 Li depositados. Progreso = 68 %.
>>> Hay 4228 Li depositados. Progreso = 71 %.
>>> Hay 4346 Li depositados. Progreso = 74 %.
>>> Hay 4454 Li depositados. Progreso = 76 %.
>>> Hay 4561 Li depositados. Progreso = 79 %.
>>> Hay 4674 Li depositados. Progreso = 81 %.
>>> Hay 4803 Li depositados. Progreso = 84 %.
>>> Hay 4911 Li depositados. Progreso = 86 %.
>>> Hay 5034 Li depositados. Progreso = 89 %.
>>> Hay 5154 Li depositados. Progreso = 92 %.
>>> Hay 5300 Li depositados. Progreso = 95 %.
>>> Hay 5432 Li depositados. Progreso = 98 %.
Hay un total de 5501 Li depositados (100 %).
Tiempo simulando = 396.434 ms
WALL TIME = 240.670582 s
PFLOPS = 554.055115

<<<<< FIN CON 5500 PARTÍCULAS
>>>>> INICIO CON 6000 PARTÍCULAS
rm -f dendritas *.o .depend
clang-11 -MM core.c dendritas.c xoshiro.c > .depend
clang-11 -std=gnu11 -Wall -Wextra -g -O2 -march=native -funroll-loops -fopenmp  -DNMAX=6000 -c xoshiro.c -o xoshiro.o
clang-11 -std=gnu11 -Wall -Wextra -g -O2 -march=native -funroll-loops -fopenmp  -DNMAX=6000 -c core.c -o core.o
clang-11 -std=gnu11 -Wall -Wextra -g -O2 -march=native -funroll-loops -fopenmp  -DNMAX=6000 -c dendritas.c -o dendritas.o
clang-11 -std=gnu11 -Wall -Wextra -g -O2 -march=native -funroll-loops -fopenmp  xoshiro.o core.o dendritas.o -o dendritas -lm
>>> Hay 1000 Li depositados. Progreso = 0 %.
>>> Hay 1205 Li depositados. Progreso = 4 %.
>>> Hay 1304 Li depositados. Progreso = 6 %.
>>> Hay 1413 Li depositados. Progreso = 8 %.
>>> Hay 1514 Li depositados. Progreso = 10 %.
>>> Hay 1621 Li depositados. Progreso = 12 %.
>>> Hay 1724 Li depositados. Progreso = 14 %.
>>> Hay 1844 Li depositados. Progreso = 16 %.
>>> Hay 1944 Li depositados. Progreso = 18 %.
>>> Hay 2039 Li depositados. Progreso = 20 %.
>>> Hay 2162 Li depositados. Progreso = 23 %.
>>> Hay 2268 Li depositados. Progreso = 25 %.
>>> Hay 2368 Li depositados. Progreso = 27 %.
>>> Hay 2475 Li depositados. Progreso = 29 %.
>>> Hay 2583 Li depositados. Progreso = 31 %.
>>> Hay 2688 Li depositados. Progreso = 33 %.
>>> Hay 2781 Li depositados. Progreso = 35 %.
>>> Hay 2892 Li depositados. Progreso = 37 %.
>>> Hay 2991 Li depositados. Progreso = 39 %.
>>> Hay 3086 Li depositados. Progreso = 41 %.
>>> Hay 3205 Li depositados. Progreso = 44 %.
>>> Hay 3326 Li depositados. Progreso = 46 %.
>>> Hay 3429 Li depositados. Progreso = 48 %.
>>> Hay 3515 Li depositados. Progreso = 50 %.
>>> Hay 3629 Li depositados. Progreso = 52 %.
>>> Hay 3759 Li depositados. Progreso = 55 %.
>>> Hay 3860 Li depositados. Progreso = 57 %.
>>> Hay 3973 Li depositados. Progreso = 59 %.
>>> Hay 4084 Li depositados. Progreso = 61 %.
>>> Hay 4210 Li depositados. Progreso = 64 %.
>>> Hay 4342 Li depositados. Progreso = 66 %.
>>> Hay 4441 Li depositados. Progreso = 68 %.
>>> Hay 4562 Li depositados. Progreso = 71 %.
>>> Hay 4678 Li depositados. Progreso = 73 %.
>>> Hay 4805 Li depositados. Progreso = 76 %.
>>> Hay 4919 Li depositados. Progreso = 78 %.
>>> Hay 5049 Li depositados. Progreso = 80 %.
>>> Hay 5189 Li depositados. Progreso = 83 %.
>>> Hay 5309 Li depositados. Progreso = 86 %.
>>> Hay 5451 Li depositados. Progreso = 89 %.
>>> Hay 5580 Li depositados. Progreso = 91 %.
>>> Hay 5702 Li depositados. Progreso = 94 %.
>>> Hay 5827 Li depositados. Progreso = 96 %.
>>> Hay 5950 Li depositados. Progreso = 99 %.
Hay un total de 6001 Li depositados (100 %).
Tiempo simulando = 436.386 ms
WALL TIME = 283.141944 s
PFLOPS = 608.768433

<<<<< FIN CON 6000 PARTÍCULAS
>>>>> INICIO CON 6500 PARTÍCULAS
rm -f dendritas *.o .depend
clang-11 -MM core.c dendritas.c xoshiro.c > .depend
clang-11 -std=gnu11 -Wall -Wextra -g -O2 -march=native -funroll-loops -fopenmp  -DNMAX=6500 -c xoshiro.c -o xoshiro.o
clang-11 -std=gnu11 -Wall -Wextra -g -O2 -march=native -funroll-loops -fopenmp  -DNMAX=6500 -c core.c -o core.o
clang-11 -std=gnu11 -Wall -Wextra -g -O2 -march=native -funroll-loops -fopenmp  -DNMAX=6500 -c dendritas.c -o dendritas.o
clang-11 -std=gnu11 -Wall -Wextra -g -O2 -march=native -funroll-loops -fopenmp  xoshiro.o core.o dendritas.o -o dendritas -lm
>>> Hay 1000 Li depositados. Progreso = 0 %.
>>> Hay 1205 Li depositados. Progreso = 3 %.
>>> Hay 1304 Li depositados. Progreso = 5 %.
>>> Hay 1413 Li depositados. Progreso = 7 %.
>>> Hay 1514 Li depositados. Progreso = 9 %.
>>> Hay 1621 Li depositados. Progreso = 11 %.
>>> Hay 1724 Li depositados. Progreso = 13 %.
>>> Hay 1844 Li depositados. Progreso = 15 %.
>>> Hay 1944 Li depositados. Progreso = 17 %.
>>> Hay 2039 Li depositados. Progreso = 18 %.
>>> Hay 2162 Li depositados. Progreso = 21 %.
>>> Hay 2268 Li depositados. Progreso = 23 %.
>>> Hay 2368 Li depositados. Progreso = 24 %.
>>> Hay 2475 Li depositados. Progreso = 26 %.
>>> Hay 2583 Li depositados. Progreso = 28 %.
>>> Hay 2688 Li depositados. Progreso = 30 %.
>>> Hay 2781 Li depositados. Progreso = 32 %.
>>> Hay 2892 Li depositados. Progreso = 34 %.
>>> Hay 2991 Li depositados. Progreso = 36 %.
>>> Hay 3086 Li depositados. Progreso = 37 %.
>>> Hay 3205 Li depositados. Progreso = 40 %.
>>> Hay 3326 Li depositados. Progreso = 42 %.
>>> Hay 3429 Li depositados. Progreso = 44 %.
>>> Hay 3515 Li depositados. Progreso = 45 %.
>>> Hay 3638 Li depositados. Progreso = 47 %.
>>> Hay 3759 Li depositados. Progreso = 50 %.
>>> Hay 3876 Li depositados. Progreso = 52 %.
>>> Hay 3974 Li depositados. Progreso = 54 %.
>>> Hay 4091 Li depositados. Progreso = 56 %.
>>> Hay 4228 Li depositados. Progreso = 58 %.
>>> Hay 4346 Li depositados. Progreso = 60 %.
>>> Hay 4454 Li depositados. Progreso = 62 %.
>>> Hay 4561 Li depositados. Progreso = 64 %.
>>> Hay 4674 Li depositados. Progreso = 66 %.
>>> Hay 4803 Li depositados. Progreso = 69 %.
>>> Hay 4911 Li depositados. Progreso = 71 %.
>>> Hay 5034 Li depositados. Progreso = 73 %.
>>> Hay 5154 Li depositados. Progreso = 75 %.
>>> Hay 5300 Li depositados. Progreso = 78 %.
>>> Hay 5432 Li depositados. Progreso = 80 %.
>>> Hay 5565 Li depositados. Progreso = 83 %.
>>> Hay 5715 Li depositados. Progreso = 85 %.
>>> Hay 5842 Li depositados. Progreso = 88 %.
>>> Hay 5981 Li depositados. Progreso = 90 %.
>>> Hay 6130 Li depositados. Progreso = 93 %.
>>> Hay 6268 Li depositados. Progreso = 95 %.
>>> Hay 6391 Li depositados. Progreso = 98 %.
Hay un total de 6502 Li depositados (100 %).
Tiempo simulando = 471.612 ms
WALL TIME = 324.829536 s
PFLOPS = 656.945923

<<<<< FIN CON 6500 PARTÍCULAS
>>>>> INICIO CON 7000 PARTÍCULAS
rm -f dendritas *.o .depend
clang-11 -MM core.c dendritas.c xoshiro.c > .depend
clang-11 -std=gnu11 -Wall -Wextra -g -O2 -march=native -funroll-loops -fopenmp  -DNMAX=7000 -c xoshiro.c -o xoshiro.o
clang-11 -std=gnu11 -Wall -Wextra -g -O2 -march=native -funroll-loops -fopenmp  -DNMAX=7000 -c core.c -o core.o
clang-11 -std=gnu11 -Wall -Wextra -g -O2 -march=native -funroll-loops -fopenmp  -DNMAX=7000 -c dendritas.c -o dendritas.o
clang-11 -std=gnu11 -Wall -Wextra -g -O2 -march=native -funroll-loops -fopenmp  xoshiro.o core.o dendritas.o -o dendritas -lm
>>> Hay 1000 Li depositados. Progreso = 0 %.
>>> Hay 1205 Li depositados. Progreso = 3 %.
>>> Hay 1304 Li depositados. Progreso = 5 %.
>>> Hay 1413 Li depositados. Progreso = 6 %.
>>> Hay 1514 Li depositados. Progreso = 8 %.
>>> Hay 1621 Li depositados. Progreso = 10 %.
>>> Hay 1724 Li depositados. Progreso = 12 %.
>>> Hay 1844 Li depositados. Progreso = 14 %.
>>> Hay 1944 Li depositados. Progreso = 15 %.
>>> Hay 2039 Li depositados. Progreso = 17 %.
>>> Hay 2162 Li depositados. Progreso = 19 %.
>>> Hay 2268 Li depositados. Progreso = 21 %.
>>> Hay 2368 Li depositados. Progreso = 22 %.
>>> Hay 2475 Li depositados. Progreso = 24 %.
>>> Hay 2583 Li depositados. Progreso = 26 %.
>>> Hay 2688 Li depositados. Progreso = 28 %.
>>> Hay 2781 Li depositados. Progreso = 29 %.
>>> Hay 2892 Li depositados. Progreso = 31 %.
>>> Hay 2991 Li depositados. Progreso = 33 %.
>>> Hay 3086 Li depositados. Progreso = 34 %.
>>> Hay 3205 Li depositados. Progreso = 36 %.
>>> Hay 3326 Li depositados. Progreso = 38 %.
>>> Hay 3429 Li depositados. Progreso = 40 %.
>>> Hay 3515 Li depositados. Progreso = 41 %.
>>> Hay 3638 Li depositados. Progreso = 43 %.
>>> Hay 3759 Li depositados. Progreso = 45 %.
>>> Hay 3876 Li depositados. Progreso = 47 %.
>>> Hay 3974 Li depositados. Progreso = 49 %.
>>> Hay 4091 Li depositados. Progreso = 51 %.
>>> Hay 4228 Li depositados. Progreso = 53 %.
>>> Hay 4346 Li depositados. Progreso = 55 %.
>>> Hay 4454 Li depositados. Progreso = 57 %.
>>> Hay 4561 Li depositados. Progreso = 59 %.
>>> Hay 4674 Li depositados. Progreso = 61 %.
>>> Hay 4803 Li depositados. Progreso = 63 %.
>>> Hay 4911 Li depositados. Progreso = 65 %.
>>> Hay 5034 Li depositados. Progreso = 67 %.
>>> Hay 5154 Li depositados. Progreso = 69 %.
>>> Hay 5300 Li depositados. Progreso = 71 %.
>>> Hay 5432 Li depositados. Progreso = 73 %.
>>> Hay 5565 Li depositados. Progreso = 76 %.
>>> Hay 5715 Li depositados. Progreso = 78 %.
>>> Hay 5842 Li depositados. Progreso = 80 %.
>>> Hay 5981 Li depositados. Progreso = 83 %.
>>> Hay 6130 Li depositados. Progreso = 85 %.
>>> Hay 6268 Li depositados. Progreso = 87 %.
>>> Hay 6391 Li depositados. Progreso = 89 %.
>>> Hay 6511 Li depositados. Progreso = 91 %.
>>> Hay 6638 Li depositados. Progreso = 93 %.
>>> Hay 6779 Li depositados. Progreso = 96 %.
>>> Hay 6934 Li depositados. Progreso = 98 %.
Hay un total de 7001 Li depositados (100 %).
Tiempo simulando = 506.463 ms
WALL TIME = 360.833680 s
PFLOPS = 717.679199

<<<<< FIN CON 7000 PARTÍCULAS
>>>>> INICIO CON 7500 PARTÍCULAS
rm -f dendritas *.o .depend
clang-11 -MM core.c dendritas.c xoshiro.c > .depend
clang-11 -std=gnu11 -Wall -Wextra -g -O2 -march=native -funroll-loops -fopenmp  -DNMAX=7500 -c xoshiro.c -o xoshiro.o
clang-11 -std=gnu11 -Wall -Wextra -g -O2 -march=native -funroll-loops -fopenmp  -DNMAX=7500 -c core.c -o core.o
clang-11 -std=gnu11 -Wall -Wextra -g -O2 -march=native -funroll-loops -fopenmp  -DNMAX=7500 -c dendritas.c -o dendritas.o
clang-11 -std=gnu11 -Wall -Wextra -g -O2 -march=native -funroll-loops -fopenmp  xoshiro.o core.o dendritas.o -o dendritas -lm
>>> Hay 1000 Li depositados. Progreso = 0 %.
>>> Hay 1205 Li depositados. Progreso = 3 %.
>>> Hay 1304 Li depositados. Progreso = 4 %.
>>> Hay 1413 Li depositados. Progreso = 6 %.
>>> Hay 1514 Li depositados. Progreso = 7 %.
>>> Hay 1621 Li depositados. Progreso = 9 %.
>>> Hay 1724 Li depositados. Progreso = 11 %.
>>> Hay 1844 Li depositados. Progreso = 12 %.
>>> Hay 1944 Li depositados. Progreso = 14 %.
>>> Hay 2039 Li depositados. Progreso = 15 %.
>>> Hay 2162 Li depositados. Progreso = 17 %.
>>> Hay 2268 Li depositados. Progreso = 19 %.
>>> Hay 2368 Li depositados. Progreso = 21 %.
>>> Hay 2475 Li depositados. Progreso = 22 %.
>>> Hay 2583 Li depositados. Progreso = 24 %.
>>> Hay 2688 Li depositados. Progreso = 25 %.
>>> Hay 2781 Li depositados. Progreso = 27 %.
>>> Hay 2892 Li depositados. Progreso = 29 %.
>>> Hay 2991 Li depositados. Progreso = 30 %.
>>> Hay 3086 Li depositados. Progreso = 32 %.
>>> Hay 3205 Li depositados. Progreso = 33 %.
>>> Hay 3326 Li depositados. Progreso = 35 %.
>>> Hay 3429 Li depositados. Progreso = 37 %.
>>> Hay 3515 Li depositados. Progreso = 38 %.
>>> Hay 3638 Li depositados. Progreso = 40 %.
>>> Hay 3759 Li depositados. Progreso = 42 %.
>>> Hay 3876 Li depositados. Progreso = 44 %.
>>> Hay 3974 Li depositados. Progreso = 45 %.
>>> Hay 4091 Li depositados. Progreso = 47 %.
>>> Hay 4228 Li depositados. Progreso = 49 %.
>>> Hay 4346 Li depositados. Progreso = 51 %.
>>> Hay 4454 Li depositados. Progreso = 53 %.
>>> Hay 4561 Li depositados. Progreso = 54 %.
>>> Hay 4674 Li depositados. Progreso = 56 %.
>>> Hay 4803 Li depositados. Progreso = 58 %.
>>> Hay 4911 Li depositados. Progreso = 60 %.
>>> Hay 5034 Li depositados. Progreso = 62 %.
>>> Hay 5154 Li depositados. Progreso = 63 %.
>>> Hay 5300 Li depositados. Progreso = 66 %.
>>> Hay 5432 Li depositados. Progreso = 68 %.
>>> Hay 5565 Li depositados. Progreso = 70 %.
>>> Hay 5715 Li depositados. Progreso = 72 %.
>>> Hay 5842 Li depositados. Progreso = 74 %.
>>> Hay 5981 Li depositados. Progreso = 76 %.
>>> Hay 6130 Li depositados. Progreso = 78 %.
>>> Hay 6268 Li depositados. Progreso = 81 %.
>>> Hay 6391 Li depositados. Progreso = 82 %.
>>> Hay 6511 Li depositados. Progreso = 84 %.
>>> Hay 6638 Li depositados. Progreso = 86 %.
>>> Hay 6779 Li depositados. Progreso = 88 %.
>>> Hay 6934 Li depositados. Progreso = 91 %.
>>> Hay 7077 Li depositados. Progreso = 93 %.
>>> Hay 7207 Li depositados. Progreso = 95 %.
>>> Hay 7364 Li depositados. Progreso = 97 %.
Hay un total de 7501 Li depositados (100 %).
Tiempo simulando = 541.414 ms
WALL TIME = 405.663942 s
PFLOPS = 773.666016

<<<<< FIN CON 7500 PARTÍCULAS
>>>>> INICIO CON 8000 PARTÍCULAS
rm -f dendritas *.o .depend
clang-11 -MM core.c dendritas.c xoshiro.c > .depend
clang-11 -std=gnu11 -Wall -Wextra -g -O2 -march=native -funroll-loops -fopenmp  -DNMAX=8000 -c xoshiro.c -o xoshiro.o
clang-11 -std=gnu11 -Wall -Wextra -g -O2 -march=native -funroll-loops -fopenmp  -DNMAX=8000 -c core.c -o core.o
clang-11 -std=gnu11 -Wall -Wextra -g -O2 -march=native -funroll-loops -fopenmp  -DNMAX=8000 -c dendritas.c -o dendritas.o
clang-11 -std=gnu11 -Wall -Wextra -g -O2 -march=native -funroll-loops -fopenmp  xoshiro.o core.o dendritas.o -o dendritas -lm
>>> Hay 1000 Li depositados. Progreso = 0 %.
>>> Hay 1205 Li depositados. Progreso = 2 %.
>>> Hay 1304 Li depositados. Progreso = 4 %.
>>> Hay 1413 Li depositados. Progreso = 5 %.
>>> Hay 1514 Li depositados. Progreso = 7 %.
>>> Hay 1621 Li depositados. Progreso = 8 %.
>>> Hay 1724 Li depositados. Progreso = 10 %.
>>> Hay 1844 Li depositados. Progreso = 12 %.
>>> Hay 1944 Li depositados. Progreso = 13 %.
>>> Hay 2039 Li depositados. Progreso = 14 %.
>>> Hay 2162 Li depositados. Progreso = 16 %.
>>> Hay 2268 Li depositados. Progreso = 18 %.
>>> Hay 2368 Li depositados. Progreso = 19 %.
>>> Hay 2475 Li depositados. Progreso = 21 %.
>>> Hay 2583 Li depositados. Progreso = 22 %.
>>> Hay 2688 Li depositados. Progreso = 24 %.
>>> Hay 2781 Li depositados. Progreso = 25 %.
>>> Hay 2892 Li depositados. Progreso = 27 %.
>>> Hay 2991 Li depositados. Progreso = 28 %.
>>> Hay 3086 Li depositados. Progreso = 29 %.
>>> Hay 3205 Li depositados. Progreso = 31 %.
>>> Hay 3326 Li depositados. Progreso = 33 %.
>>> Hay 3429 Li depositados. Progreso = 34 %.
>>> Hay 3515 Li depositados. Progreso = 35 %.
>>> Hay 3638 Li depositados. Progreso = 37 %.
>>> Hay 3759 Li depositados. Progreso = 39 %.
>>> Hay 3876 Li depositados. Progreso = 41 %.
>>> Hay 3974 Li depositados. Progreso = 42 %.
>>> Hay 4091 Li depositados. Progreso = 44 %.
>>> Hay 4228 Li depositados. Progreso = 46 %.
>>> Hay 4346 Li depositados. Progreso = 47 %.
>>> Hay 4454 Li depositados. Progreso = 49 %.
>>> Hay 4561 Li depositados. Progreso = 50 %.
>>> Hay 4674 Li depositados. Progreso = 52 %.
>>> Hay 4803 Li depositados. Progreso = 54 %.
>>> Hay 4911 Li depositados. Progreso = 55 %.
>>> Hay 5034 Li depositados. Progreso = 57 %.
>>> Hay 5154 Li depositados. Progreso = 59 %.
>>> Hay 5300 Li depositados. Progreso = 61 %.
>>> Hay 5432 Li depositados. Progreso = 63 %.
>>> Hay 5565 Li depositados. Progreso = 65 %.
>>> Hay 5715 Li depositados. Progreso = 67 %.
>>> Hay 5842 Li depositados. Progreso = 69 %.
>>> Hay 5981 Li depositados. Progreso = 71 %.
>>> Hay 6130 Li depositados. Progreso = 73 %.
>>> Hay 6268 Li depositados. Progreso = 75 %.
>>> Hay 6391 Li depositados. Progreso = 77 %.
>>> Hay 6511 Li depositados. Progreso = 78 %.
>>> Hay 6638 Li depositados. Progreso = 80 %.
>>> Hay 6779 Li depositados. Progreso = 82 %.
>>> Hay 6934 Li depositados. Progreso = 84 %.
>>> Hay 7077 Li depositados. Progreso = 86 %.
>>> Hay 7207 Li depositados. Progreso = 88 %.
>>> Hay 7364 Li depositados. Progreso = 90 %.
>>> Hay 7511 Li depositados. Progreso = 93 %.
>>> Hay 7654 Li depositados. Progreso = 95 %.
>>> Hay 7821 Li depositados. Progreso = 97 %.
>>> Hay 7982 Li depositados. Progreso = 99 %.
Hay un total de 8001 Li depositados (100 %).
Tiempo simulando = 572.622 ms
WALL TIME = 461.784019 s
PFLOPS = 796.990906

<<<<< FIN CON 8000 PARTÍCULAS
>>>>> INICIO CON 8500 PARTÍCULAS
rm -f dendritas *.o .depend
clang-11 -MM core.c dendritas.c xoshiro.c > .depend
clang-11 -std=gnu11 -Wall -Wextra -g -O2 -march=native -funroll-loops -fopenmp  -DNMAX=8500 -c xoshiro.c -o xoshiro.o
clang-11 -std=gnu11 -Wall -Wextra -g -O2 -march=native -funroll-loops -fopenmp  -DNMAX=8500 -c core.c -o core.o
clang-11 -std=gnu11 -Wall -Wextra -g -O2 -march=native -funroll-loops -fopenmp  -DNMAX=8500 -c dendritas.c -o dendritas.o
clang-11 -std=gnu11 -Wall -Wextra -g -O2 -march=native -funroll-loops -fopenmp  xoshiro.o core.o dendritas.o -o dendritas -lm
>>> Hay 1000 Li depositados. Progreso = 0 %.
>>> Hay 1205 Li depositados. Progreso = 2 %.
>>> Hay 1304 Li depositados. Progreso = 4 %.
>>> Hay 1413 Li depositados. Progreso = 5 %.
>>> Hay 1514 Li depositados. Progreso = 6 %.
>>> Hay 1621 Li depositados. Progreso = 8 %.
>>> Hay 1724 Li depositados. Progreso = 9 %.
>>> Hay 1844 Li depositados. Progreso = 11 %.
>>> Hay 1944 Li depositados. Progreso = 12 %.
>>> Hay 2039 Li depositados. Progreso = 13 %.
>>> Hay 2162 Li depositados. Progreso = 15 %.
>>> Hay 2268 Li depositados. Progreso = 16 %.
>>> Hay 2368 Li depositados. Progreso = 18 %.
>>> Hay 2475 Li depositados. Progreso = 19 %.
>>> Hay 2583 Li depositados. Progreso = 21 %.
>>> Hay 2688 Li depositados. Progreso = 22 %.
>>> Hay 2781 Li depositados. Progreso = 23 %.
>>> Hay 2892 Li depositados. Progreso = 25 %.
>>> Hay 2991 Li depositados. Progreso = 26 %.
>>> Hay 3086 Li depositados. Progreso = 27 %.
>>> Hay 3205 Li depositados. Progreso = 29 %.
>>> Hay 3326 Li depositados. Progreso = 31 %.
>>> Hay 3429 Li depositados. Progreso = 32 %.
>>> Hay 3515 Li depositados. Progreso = 33 %.
>>> Hay 3638 Li depositados. Progreso = 35 %.
>>> Hay 3759 Li depositados. Progreso = 36 %.
>>> Hay 3876 Li depositados. Progreso = 38 %.
>>> Hay 3974 Li depositados. Progreso = 39 %.
>>> Hay 4091 Li depositados. Progreso = 41 %.
>>> Hay 4228 Li depositados. Progreso = 43 %.
>>> Hay 4346 Li depositados. Progreso = 44 %.
>>> Hay 4454 Li depositados. Progreso = 46 %.
>>> Hay 4561 Li depositados. Progreso = 47 %.
>>> Hay 4674 Li depositados. Progreso = 48 %.
>>> Hay 4803 Li depositados. Progreso = 50 %.
>>> Hay 4911 Li depositados. Progreso = 52 %.
>>> Hay 5034 Li depositados. Progreso = 53 %.
>>> Hay 5154 Li depositados. Progreso = 55 %.
>>> Hay 5300 Li depositados. Progreso = 57 %.
>>> Hay 5432 Li depositados. Progreso = 59 %.
>>> Hay 5565 Li depositados. Progreso = 60 %.
>>> Hay 5715 Li depositados. Progreso = 62 %.
>>> Hay 5842 Li depositados. Progreso = 64 %.
>>> Hay 5981 Li depositados. Progreso = 66 %.
>>> Hay 6130 Li depositados. Progreso = 68 %.
>>> Hay 6268 Li depositados. Progreso = 70 %.
>>> Hay 6391 Li depositados. Progreso = 71 %.
>>> Hay 6511 Li depositados. Progreso = 73 %.
>>> Hay 6638 Li depositados. Progreso = 75 %.
>>> Hay 6779 Li depositados. Progreso = 77 %.
>>> Hay 6934 Li depositados. Progreso = 79 %.
>>> Hay 7077 Li depositados. Progreso = 81 %.
>>> Hay 7207 Li depositados. Progreso = 82 %.
>>> Hay 7364 Li depositados. Progreso = 84 %.
>>> Hay 7511 Li depositados. Progreso = 86 %.
>>> Hay 7654 Li depositados. Progreso = 88 %.
>>> Hay 7821 Li depositados. Progreso = 90 %.
>>> Hay 7982 Li depositados. Progreso = 93 %.
>>> Hay 8120 Li depositados. Progreso = 94 %.
>>> Hay 8299 Li depositados. Progreso = 97 %.
>>> Hay 8458 Li depositados. Progreso = 99 %.
Hay un total de 8501 Li depositados (100 %).
Tiempo simulando = 602.389 ms
WALL TIME = 507.952942 s
PFLOPS = 838.243286

<<<<< FIN CON 8500 PARTÍCULAS
>>>>> INICIO CON 9000 PARTÍCULAS
rm -f dendritas *.o .depend
clang-11 -MM core.c dendritas.c xoshiro.c > .depend
clang-11 -std=gnu11 -Wall -Wextra -g -O2 -march=native -funroll-loops -fopenmp  -DNMAX=9000 -c xoshiro.c -o xoshiro.o
clang-11 -std=gnu11 -Wall -Wextra -g -O2 -march=native -funroll-loops -fopenmp  -DNMAX=9000 -c core.c -o core.o
clang-11 -std=gnu11 -Wall -Wextra -g -O2 -march=native -funroll-loops -fopenmp  -DNMAX=9000 -c dendritas.c -o dendritas.o
clang-11 -std=gnu11 -Wall -Wextra -g -O2 -march=native -funroll-loops -fopenmp  xoshiro.o core.o dendritas.o -o dendritas -lm
>>> Hay 1000 Li depositados. Progreso = 0 %.
>>> Hay 1205 Li depositados. Progreso = 2 %.
>>> Hay 1304 Li depositados. Progreso = 3 %.
>>> Hay 1413 Li depositados. Progreso = 5 %.
>>> Hay 1514 Li depositados. Progreso = 6 %.
>>> Hay 1621 Li depositados. Progreso = 7 %.
>>> Hay 1724 Li depositados. Progreso = 9 %.
>>> Hay 1844 Li depositados. Progreso = 10 %.
>>> Hay 1944 Li depositados. Progreso = 11 %.
>>> Hay 2039 Li depositados. Progreso = 12 %.
>>> Hay 2162 Li depositados. Progreso = 14 %.
>>> Hay 2268 Li depositados. Progreso = 15 %.
>>> Hay 2368 Li depositados. Progreso = 17 %.
>>> Hay 2475 Li depositados. Progreso = 18 %.
>>> Hay 2583 Li depositados. Progreso = 19 %.
>>> Hay 2688 Li depositados. Progreso = 21 %.
>>> Hay 2781 Li depositados. Progreso = 22 %.
>>> Hay 2892 Li depositados. Progreso = 23 %.
>>> Hay 2991 Li depositados. Progreso = 24 %.
>>> Hay 3086 Li depositados. Progreso = 26 %.
>>> Hay 3205 Li depositados. Progreso = 27 %.
>>> Hay 3326 Li depositados. Progreso = 29 %.
>>> Hay 3429 Li depositados. Progreso = 30 %.
>>> Hay 3515 Li depositados. Progreso = 31 %.
>>> Hay 3629 Li depositados. Progreso = 32 %.
>>> Hay 3759 Li depositados. Progreso = 34 %.
>>> Hay 3860 Li depositados. Progreso = 35 %.
>>> Hay 3973 Li depositados. Progreso = 37 %.
>>> Hay 4084 Li depositados. Progreso = 38 %.
>>> Hay 4210 Li depositados. Progreso = 40 %.
>>> Hay 4342 Li depositados. Progreso = 41 %.
>>> Hay 4441 Li depositados. Progreso = 43 %.
>>> Hay 4562 Li depositados. Progreso = 44 %.
>>> Hay 4678 Li depositados. Progreso = 45 %.
>>> Hay 4805 Li depositados. Progreso = 47 %.
>>> Hay 4919 Li depositados. Progreso = 48 %.
>>> Hay 5049 Li depositados. Progreso = 50 %.
>>> Hay 5189 Li depositados. Progreso = 52 %.
>>> Hay 5309 Li depositados. Progreso = 53 %.
>>> Hay 5451 Li depositados. Progreso = 55 %.
>>> Hay 5580 Li depositados. Progreso = 57 %.
>>> Hay 5702 Li depositados. Progreso = 58 %.
>>> Hay 5827 Li depositados. Progreso = 60 %.
>>> Hay 5950 Li depositados. Progreso = 61 %.
>>> Hay 6074 Li depositados. Progreso = 63 %.
>>> Hay 6213 Li depositados. Progreso = 65 %.
>>> Hay 6352 Li depositados. Progreso = 66 %.
>>> Hay 6480 Li depositados. Progreso = 68 %.
>>> Hay 6619 Li depositados. Progreso = 70 %.
>>> Hay 6756 Li depositados. Progreso = 71 %.
>>> Hay 6899 Li depositados. Progreso = 73 %.
>>> Hay 7033 Li depositados. Progreso = 75 %.
>>> Hay 7174 Li depositados. Progreso = 77 %.
>>> Hay 7329 Li depositados. Progreso = 79 %.
>>> Hay 7478 Li depositados. Progreso = 80 %.
>>> Hay 7618 Li depositados. Progreso = 82 %.
>>> Hay 7781 Li depositados. Progreso = 84 %.
>>> Hay 7951 Li depositados. Progreso = 86 %.
>>> Hay 8114 Li depositados. Progreso = 88 %.
>>> Hay 8281 Li depositados. Progreso = 91 %.
>>> Hay 8444 Li depositados. Progreso = 93 %.
>>> Hay 8612 Li depositados. Progreso = 95 %.
>>> Hay 8804 Li depositados. Progreso = 97 %.
>>> Hay 8989 Li depositados. Progreso = 99 %.
Hay un total de 9001 Li depositados (100 %).
Tiempo simulando = 630.183 ms
WALL TIME = 552.598083 s
PFLOPS = 879.434937

<<<<< FIN CON 9000 PARTÍCULAS
>>>>> INICIO CON 9500 PARTÍCULAS
rm -f dendritas *.o .depend
clang-11 -MM core.c dendritas.c xoshiro.c > .depend
clang-11 -std=gnu11 -Wall -Wextra -g -O2 -march=native -funroll-loops -fopenmp  -DNMAX=9500 -c xoshiro.c -o xoshiro.o
clang-11 -std=gnu11 -Wall -Wextra -g -O2 -march=native -funroll-loops -fopenmp  -DNMAX=9500 -c core.c -o core.o
clang-11 -std=gnu11 -Wall -Wextra -g -O2 -march=native -funroll-loops -fopenmp  -DNMAX=9500 -c dendritas.c -o dendritas.o
clang-11 -std=gnu11 -Wall -Wextra -g -O2 -march=native -funroll-loops -fopenmp  xoshiro.o core.o dendritas.o -o dendritas -lm
>>> Hay 1000 Li depositados. Progreso = 0 %.
>>> Hay 1205 Li depositados. Progreso = 2 %.
>>> Hay 1304 Li depositados. Progreso = 3 %.
>>> Hay 1413 Li depositados. Progreso = 4 %.
>>> Hay 1514 Li depositados. Progreso = 6 %.
>>> Hay 1621 Li depositados. Progreso = 7 %.
>>> Hay 1724 Li depositados. Progreso = 8 %.
>>> Hay 1844 Li depositados. Progreso = 9 %.
>>> Hay 1944 Li depositados. Progreso = 11 %.
>>> Hay 2039 Li depositados. Progreso = 12 %.
>>> Hay 2162 Li depositados. Progreso = 13 %.
>>> Hay 2268 Li depositados. Progreso = 14 %.
>>> Hay 2368 Li depositados. Progreso = 16 %.
>>> Hay 2475 Li depositados. Progreso = 17 %.
>>> Hay 2583 Li depositados. Progreso = 18 %.
>>> Hay 2688 Li depositados. Progreso = 19 %.
>>> Hay 2781 Li depositados. Progreso = 20 %.
>>> Hay 2892 Li depositados. Progreso = 22 %.
>>> Hay 2991 Li depositados. Progreso = 23 %.
>>> Hay 3086 Li depositados. Progreso = 24 %.
>>> Hay 3205 Li depositados. Progreso = 25 %.
>>> Hay 3326 Li depositados. Progreso = 27 %.
>>> Hay 3429 Li depositados. Progreso = 28 %.
>>> Hay 3515 Li depositados. Progreso = 29 %.
>>> Hay 3638 Li depositados. Progreso = 31 %.
>>> Hay 3759 Li depositados. Progreso = 32 %.
>>> Hay 3876 Li depositados. Progreso = 33 %.
>>> Hay 3974 Li depositados. Progreso = 34 %.
>>> Hay 4091 Li depositados. Progreso = 36 %.
>>> Hay 4228 Li depositados. Progreso = 37 %.
>>> Hay 4346 Li depositados. Progreso = 39 %.
>>> Hay 4454 Li depositados. Progreso = 40 %.
>>> Hay 4561 Li depositados. Progreso = 41 %.
>>> Hay 4674 Li depositados. Progreso = 43 %.
>>> Hay 4803 Li depositados. Progreso = 44 %.
>>> Hay 4911 Li depositados. Progreso = 46 %.
>>> Hay 5034 Li depositados. Progreso = 47 %.
>>> Hay 5154 Li depositados. Progreso = 48 %.
>>> Hay 5300 Li depositados. Progreso = 50 %.
>>> Hay 5432 Li depositados. Progreso = 52 %.
>>> Hay 5565 Li depositados. Progreso = 53 %.
>>> Hay 5715 Li depositados. Progreso = 55 %.
>>> Hay 5842 Li depositados. Progreso = 56 %.
>>> Hay 5981 Li depositados. Progreso = 58 %.
>>> Hay 6130 Li depositados. Progreso = 60 %.
>>> Hay 6268 Li depositados. Progreso = 61 %.
>>> Hay 6391 Li depositados. Progreso = 63 %.
>>> Hay 6511 Li depositados. Progreso = 64 %.
>>> Hay 6638 Li depositados. Progreso = 66 %.
>>> Hay 6779 Li depositados. Progreso = 67 %.
>>> Hay 6934 Li depositados. Progreso = 69 %.
>>> Hay 7077 Li depositados. Progreso = 71 %.
>>> Hay 7207 Li depositados. Progreso = 73 %.
>>> Hay 7364 Li depositados. Progreso = 74 %.
>>> Hay 7511 Li depositados. Progreso = 76 %.
>>> Hay 7654 Li depositados. Progreso = 78 %.
>>> Hay 7821 Li depositados. Progreso = 80 %.
>>> Hay 7982 Li depositados. Progreso = 82 %.
>>> Hay 8120 Li depositados. Progreso = 83 %.
>>> Hay 8299 Li depositados. Progreso = 85 %.
>>> Hay 8458 Li depositados. Progreso = 87 %.
>>> Hay 8654 Li depositados. Progreso = 90 %.
>>> Hay 8818 Li depositados. Progreso = 91 %.
>>> Hay 9025 Li depositados. Progreso = 94 %.
>>> Hay 9203 Li depositados. Progreso = 96 %.
>>> Hay 9369 Li depositados. Progreso = 98 %.
Hay un total de 9501 Li depositados (100 %).
Tiempo simulando = 656.013 ms
WALL TIME = 587.069643 s
PFLOPS = 935.380615

<<<<< FIN CON 9500 PARTÍCULAS
>>>>> INICIO CON 10000 PARTÍCULAS
rm -f dendritas *.o .depend
clang-11 -MM core.c dendritas.c xoshiro.c > .depend
clang-11 -std=gnu11 -Wall -Wextra -g -O2 -march=native -funroll-loops -fopenmp  -DNMAX=10000 -c xoshiro.c -o xoshiro.o
clang-11 -std=gnu11 -Wall -Wextra -g -O2 -march=native -funroll-loops -fopenmp  -DNMAX=10000 -c core.c -o core.o
clang-11 -std=gnu11 -Wall -Wextra -g -O2 -march=native -funroll-loops -fopenmp  -DNMAX=10000 -c dendritas.c -o dendritas.o
clang-11 -std=gnu11 -Wall -Wextra -g -O2 -march=native -funroll-loops -fopenmp  xoshiro.o core.o dendritas.o -o dendritas -lm
>>> Hay 1000 Li depositados. Progreso = 0 %.
>>> Hay 1205 Li depositados. Progreso = 2 %.
>>> Hay 1304 Li depositados. Progreso = 3 %.
>>> Hay 1413 Li depositados. Progreso = 4 %.
>>> Hay 1514 Li depositados. Progreso = 5 %.
>>> Hay 1621 Li depositados. Progreso = 6 %.
>>> Hay 1724 Li depositados. Progreso = 8 %.
>>> Hay 1844 Li depositados. Progreso = 9 %.
>>> Hay 1944 Li depositados. Progreso = 10 %.
>>> Hay 2039 Li depositados. Progreso = 11 %.
>>> Hay 2162 Li depositados. Progreso = 12 %.
>>> Hay 2268 Li depositados. Progreso = 14 %.
>>> Hay 2368 Li depositados. Progreso = 15 %.
>>> Hay 2475 Li depositados. Progreso = 16 %.
>>> Hay 2583 Li depositados. Progreso = 17 %.
>>> Hay 2688 Li depositados. Progreso = 18 %.
>>> Hay 2781 Li depositados. Progreso = 19 %.
>>> Hay 2892 Li depositados. Progreso = 21 %.
>>> Hay 2991 Li depositados. Progreso = 22 %.
>>> Hay 3086 Li depositados. Progreso = 23 %.
>>> Hay 3205 Li depositados. Progreso = 24 %.
>>> Hay 3326 Li depositados. Progreso = 25 %.
>>> Hay 3429 Li depositados. Progreso = 26 %.
>>> Hay 3515 Li depositados. Progreso = 27 %.
>>> Hay 3638 Li depositados. Progreso = 29 %.
>>> Hay 3759 Li depositados. Progreso = 30 %.
>>> Hay 3876 Li depositados. Progreso = 31 %.
>>> Hay 3974 Li depositados. Progreso = 33 %.
>>> Hay 4091 Li depositados. Progreso = 34 %.
>>> Hay 4228 Li depositados. Progreso = 35 %.
>>> Hay 4346 Li depositados. Progreso = 37 %.
>>> Hay 4454 Li depositados. Progreso = 38 %.
>>> Hay 4561 Li depositados. Progreso = 39 %.
>>> Hay 4674 Li depositados. Progreso = 40 %.
>>> Hay 4803 Li depositados. Progreso = 42 %.
>>> Hay 4911 Li depositados. Progreso = 43 %.
>>> Hay 5034 Li depositados. Progreso = 44 %.
>>> Hay 5154 Li depositados. Progreso = 46 %.
>>> Hay 5300 Li depositados. Progreso = 47 %.
>>> Hay 5432 Li depositados. Progreso = 49 %.
>>> Hay 5565 Li depositados. Progreso = 50 %.
>>> Hay 5715 Li depositados. Progreso = 52 %.
>>> Hay 5842 Li depositados. Progreso = 53 %.
>>> Hay 5981 Li depositados. Progreso = 55 %.
>>> Hay 6130 Li depositados. Progreso = 57 %.
>>> Hay 6268 Li depositados. Progreso = 58 %.
>>> Hay 6391 Li depositados. Progreso = 59 %.
>>> Hay 6511 Li depositados. Progreso = 61 %.
>>> Hay 6638 Li depositados. Progreso = 62 %.
>>> Hay 6779 Li depositados. Progreso = 64 %.
>>> Hay 6934 Li depositados. Progreso = 65 %.
>>> Hay 7077 Li depositados. Progreso = 67 %.
>>> Hay 7207 Li depositados. Progreso = 68 %.
>>> Hay 7364 Li depositados. Progreso = 70 %.
>>> Hay 7511 Li depositados. Progreso = 72 %.
>>> Hay 7654 Li depositados. Progreso = 73 %.
>>> Hay 7821 Li depositados. Progreso = 75 %.
>>> Hay 7982 Li depositados. Progreso = 77 %.
>>> Hay 8120 Li depositados. Progreso = 79 %.
>>> Hay 8299 Li depositados. Progreso = 81 %.
>>> Hay 8458 Li depositados. Progreso = 82 %.
>>> Hay 8654 Li depositados. Progreso = 85 %.
>>> Hay 8818 Li depositados. Progreso = 86 %.
>>> Hay 9025 Li depositados. Progreso = 89 %.
>>> Hay 9203 Li depositados. Progreso = 91 %.
>>> Hay 9369 Li depositados. Progreso = 92 %.
>>> Hay 9569 Li depositados. Progreso = 95 %.
>>> Hay 9742 Li depositados. Progreso = 97 %.
>>> Hay 9951 Li depositados. Progreso = 99 %.
Hay un total de 10002 Li depositados (100 %).
Tiempo simulando = 680.948 ms
WALL TIME = 637.436804 s
PFLOPS = 958.802795

<<<<< FIN CON 10000 PARTÍCULAS
rm -f dendritas *.o .depend
