gcc-11 -MM core.c dendritas.c xoshiro.c > .depend
rm -f dendritas *.o .depend
gcc-11 -MM core.c dendritas.c xoshiro.c > .depend
gcc-11 -std=gnu11 -Wall -Wextra -g -O0  -c xoshiro.c -o xoshiro.o
gcc-11 -std=gnu11 -Wall -Wextra -g -O0  -c core.c -o core.o
gcc-11 -std=gnu11 -Wall -Wextra -g -O0  -c dendritas.c -o dendritas.o
gcc-11 -std=gnu11 -Wall -Wextra -g -O0 xoshiro.o core.o dendritas.o -o dendritas -lm
>>> Hay 1000 Li depositados. Progreso = 0 %.
>>> Hay 1205 Li depositados. Progreso = 6 %.
>>> Hay 1304 Li depositados. Progreso = 10 %.
>>> Hay 1413 Li depositados. Progreso = 13 %.
>>> Hay 1514 Li depositados. Progreso = 17 %.
>>> Hay 1621 Li depositados. Progreso = 20 %.
>>> Hay 1724 Li depositados. Progreso = 24 %.
>>> Hay 1844 Li depositados. Progreso = 28 %.
>>> Hay 1944 Li depositados. Progreso = 31 %.
>>> Hay 2038 Li depositados. Progreso = 34 %.
>>> Hay 2153 Li depositados. Progreso = 38 %.
>>> Hay 2260 Li depositados. Progreso = 42 %.
>>> Hay 2363 Li depositados. Progreso = 45 %.
>>> Hay 2475 Li depositados. Progreso = 49 %.
>>> Hay 2574 Li depositados. Progreso = 52 %.
>>> Hay 2679 Li depositados. Progreso = 55 %.
>>> Hay 2791 Li depositados. Progreso = 59 %.
>>> Hay 2891 Li depositados. Progreso = 63 %.
>>> Hay 2995 Li depositados. Progreso = 66 %.
>>> Hay 3096 Li depositados. Progreso = 69 %.
>>> Hay 3197 Li depositados. Progreso = 73 %.
>>> Hay 3289 Li depositados. Progreso = 76 %.
>>> Hay 3397 Li depositados. Progreso = 79 %.
>>> Hay 3512 Li depositados. Progreso = 83 %.
>>> Hay 3618 Li depositados. Progreso = 87 %.
>>> Hay 3730 Li depositados. Progreso = 91 %.
>>> Hay 3844 Li depositados. Progreso = 94 %.
>>> Hay 3957 Li depositados. Progreso = 98 %.
Hay un total de 4002 Li depositados (100 %).
Tiempo simulando = 274.064 ms
WALL TIME = 2565.123502 s
PFLOPS = 0.337374

rm -f dendritas *.o .depend
Corriendo con GCC-11
>>>>> INICIO FLAGS -O1
gcc-11 -MM core.c dendritas.c xoshiro.c > .depend
rm -f dendritas *.o .depend
gcc-11 -MM core.c dendritas.c xoshiro.c > .depend
gcc-11 -std=gnu11 -Wall -Wextra -g -O1  -c xoshiro.c -o xoshiro.o
gcc-11 -std=gnu11 -Wall -Wextra -g -O1  -c core.c -o core.o
gcc-11 -std=gnu11 -Wall -Wextra -g -O1  -c dendritas.c -o dendritas.o
gcc-11 -std=gnu11 -Wall -Wextra -g -O1 xoshiro.o core.o dendritas.o -o dendritas -lm
>>> Hay 1000 Li depositados. Progreso = 0 %.
>>> Hay 1205 Li depositados. Progreso = 6 %.
>>> Hay 1304 Li depositados. Progreso = 10 %.
>>> Hay 1413 Li depositados. Progreso = 13 %.
>>> Hay 1514 Li depositados. Progreso = 17 %.
>>> Hay 1621 Li depositados. Progreso = 20 %.
>>> Hay 1724 Li depositados. Progreso = 24 %.
>>> Hay 1844 Li depositados. Progreso = 28 %.
>>> Hay 1944 Li depositados. Progreso = 31 %.
>>> Hay 2038 Li depositados. Progreso = 34 %.
>>> Hay 2153 Li depositados. Progreso = 38 %.
>>> Hay 2260 Li depositados. Progreso = 42 %.
>>> Hay 2363 Li depositados. Progreso = 45 %.
>>> Hay 2475 Li depositados. Progreso = 49 %.
>>> Hay 2574 Li depositados. Progreso = 52 %.
>>> Hay 2679 Li depositados. Progreso = 55 %.
>>> Hay 2791 Li depositados. Progreso = 59 %.
>>> Hay 2891 Li depositados. Progreso = 63 %.
>>> Hay 2995 Li depositados. Progreso = 66 %.
>>> Hay 3096 Li depositados. Progreso = 69 %.
>>> Hay 3197 Li depositados. Progreso = 73 %.
>>> Hay 3289 Li depositados. Progreso = 76 %.
>>> Hay 3397 Li depositados. Progreso = 79 %.
>>> Hay 3512 Li depositados. Progreso = 83 %.
>>> Hay 3618 Li depositados. Progreso = 87 %.
>>> Hay 3730 Li depositados. Progreso = 91 %.
>>> Hay 3844 Li depositados. Progreso = 94 %.
>>> Hay 3957 Li depositados. Progreso = 98 %.
Hay un total de 4002 Li depositados (100 %).
Tiempo simulando = 274.064 ms
WALL TIME = 1467.411944 s
PFLOPS = 0.588163

<<<<< FIN FLAGS -O1
>>>>> INICIO FLAGS -O1 -march=native
rm -f dendritas *.o .depend
gcc-11 -MM core.c dendritas.c xoshiro.c > .depend
gcc-11 -std=gnu11 -Wall -Wextra -g -O1 -march=native  -c xoshiro.c -o xoshiro.o
gcc-11 -std=gnu11 -Wall -Wextra -g -O1 -march=native  -c core.c -o core.o
gcc-11 -std=gnu11 -Wall -Wextra -g -O1 -march=native  -c dendritas.c -o dendritas.o
gcc-11 -std=gnu11 -Wall -Wextra -g -O1 -march=native xoshiro.o core.o dendritas.o -o dendritas -lm
>>> Hay 1000 Li depositados. Progreso = 0 %.
>>> Hay 1205 Li depositados. Progreso = 6 %.
>>> Hay 1304 Li depositados. Progreso = 10 %.
>>> Hay 1413 Li depositados. Progreso = 13 %.
>>> Hay 1514 Li depositados. Progreso = 17 %.
>>> Hay 1621 Li depositados. Progreso = 20 %.
>>> Hay 1724 Li depositados. Progreso = 24 %.
>>> Hay 1844 Li depositados. Progreso = 28 %.
>>> Hay 1944 Li depositados. Progreso = 31 %.
>>> Hay 2038 Li depositados. Progreso = 34 %.
>>> Hay 2153 Li depositados. Progreso = 38 %.
>>> Hay 2260 Li depositados. Progreso = 42 %.
>>> Hay 2363 Li depositados. Progreso = 45 %.
>>> Hay 2475 Li depositados. Progreso = 49 %.
>>> Hay 2574 Li depositados. Progreso = 52 %.
>>> Hay 2679 Li depositados. Progreso = 55 %.
>>> Hay 2791 Li depositados. Progreso = 59 %.
>>> Hay 2891 Li depositados. Progreso = 63 %.
>>> Hay 2995 Li depositados. Progreso = 66 %.
>>> Hay 3096 Li depositados. Progreso = 69 %.
>>> Hay 3197 Li depositados. Progreso = 73 %.
>>> Hay 3289 Li depositados. Progreso = 76 %.
>>> Hay 3397 Li depositados. Progreso = 79 %.
>>> Hay 3512 Li depositados. Progreso = 83 %.
>>> Hay 3618 Li depositados. Progreso = 87 %.
>>> Hay 3730 Li depositados. Progreso = 91 %.
>>> Hay 3844 Li depositados. Progreso = 94 %.
>>> Hay 3957 Li depositados. Progreso = 98 %.
Hay un total de 4002 Li depositados (100 %).
Tiempo simulando = 274.064 ms
WALL TIME = 1443.459155 s
PFLOPS = 0.598618

<<<<< FIN FLAGS -O1 -march=native
>>>>> INICIO FLAGS -O1 -march=native -ffast-math
rm -f dendritas *.o .depend
gcc-11 -MM core.c dendritas.c xoshiro.c > .depend
gcc-11 -std=gnu11 -Wall -Wextra -g -O1 -march=native -ffast-math  -c xoshiro.c -o xoshiro.o
gcc-11 -std=gnu11 -Wall -Wextra -g -O1 -march=native -ffast-math  -c core.c -o core.o
gcc-11 -std=gnu11 -Wall -Wextra -g -O1 -march=native -ffast-math  -c dendritas.c -o dendritas.o
gcc-11 -std=gnu11 -Wall -Wextra -g -O1 -march=native -ffast-math xoshiro.o core.o dendritas.o -o dendritas -lm
>>> Hay 1000 Li depositados. Progreso = 0 %.
>>> Hay 1205 Li depositados. Progreso = 6 %.
>>> Hay 1304 Li depositados. Progreso = 10 %.
>>> Hay 1413 Li depositados. Progreso = 13 %.
>>> Hay 1514 Li depositados. Progreso = 17 %.
>>> Hay 1621 Li depositados. Progreso = 20 %.
>>> Hay 1724 Li depositados. Progreso = 24 %.
>>> Hay 1844 Li depositados. Progreso = 28 %.
>>> Hay 1944 Li depositados. Progreso = 31 %.
>>> Hay 2038 Li depositados. Progreso = 34 %.
>>> Hay 2153 Li depositados. Progreso = 38 %.
>>> Hay 2260 Li depositados. Progreso = 42 %.
>>> Hay 2363 Li depositados. Progreso = 45 %.
>>> Hay 2475 Li depositados. Progreso = 49 %.
>>> Hay 2574 Li depositados. Progreso = 52 %.
>>> Hay 2679 Li depositados. Progreso = 55 %.
>>> Hay 2791 Li depositados. Progreso = 59 %.
>>> Hay 2891 Li depositados. Progreso = 63 %.
>>> Hay 2995 Li depositados. Progreso = 66 %.
>>> Hay 3096 Li depositados. Progreso = 69 %.
>>> Hay 3197 Li depositados. Progreso = 73 %.
>>> Hay 3289 Li depositados. Progreso = 76 %.
>>> Hay 3392 Li depositados. Progreso = 79 %.
>>> Hay 3496 Li depositados. Progreso = 83 %.
>>> Hay 3598 Li depositados. Progreso = 86 %.
>>> Hay 3714 Li depositados. Progreso = 90 %.
>>> Hay 3828 Li depositados. Progreso = 94 %.
>>> Hay 3932 Li depositados. Progreso = 97 %.
Hay un total de 4001 Li depositados (100 %).
Tiempo simulando = 277.216 ms
WALL TIME = 1464.563004 s
PFLOPS = 0.605850

<<<<< FIN FLAGS -O1 -march=native -ffast-math
>>>>> INICIO FLAGS -O1 -march=native -funroll-loops
rm -f dendritas *.o .depend
gcc-11 -MM core.c dendritas.c xoshiro.c > .depend
gcc-11 -std=gnu11 -Wall -Wextra -g -O1 -march=native -funroll-loops  -c xoshiro.c -o xoshiro.o
gcc-11 -std=gnu11 -Wall -Wextra -g -O1 -march=native -funroll-loops  -c core.c -o core.o
gcc-11 -std=gnu11 -Wall -Wextra -g -O1 -march=native -funroll-loops  -c dendritas.c -o dendritas.o
gcc-11 -std=gnu11 -Wall -Wextra -g -O1 -march=native -funroll-loops xoshiro.o core.o dendritas.o -o dendritas -lm
>>> Hay 1000 Li depositados. Progreso = 0 %.
>>> Hay 1205 Li depositados. Progreso = 6 %.
>>> Hay 1304 Li depositados. Progreso = 10 %.
>>> Hay 1413 Li depositados. Progreso = 13 %.
>>> Hay 1514 Li depositados. Progreso = 17 %.
>>> Hay 1621 Li depositados. Progreso = 20 %.
>>> Hay 1724 Li depositados. Progreso = 24 %.
>>> Hay 1844 Li depositados. Progreso = 28 %.
>>> Hay 1944 Li depositados. Progreso = 31 %.
>>> Hay 2038 Li depositados. Progreso = 34 %.
>>> Hay 2153 Li depositados. Progreso = 38 %.
>>> Hay 2260 Li depositados. Progreso = 42 %.
>>> Hay 2363 Li depositados. Progreso = 45 %.
>>> Hay 2475 Li depositados. Progreso = 49 %.
>>> Hay 2574 Li depositados. Progreso = 52 %.
>>> Hay 2679 Li depositados. Progreso = 55 %.
>>> Hay 2791 Li depositados. Progreso = 59 %.
>>> Hay 2891 Li depositados. Progreso = 63 %.
>>> Hay 2995 Li depositados. Progreso = 66 %.
>>> Hay 3096 Li depositados. Progreso = 69 %.
>>> Hay 3197 Li depositados. Progreso = 73 %.
>>> Hay 3289 Li depositados. Progreso = 76 %.
>>> Hay 3397 Li depositados. Progreso = 79 %.
>>> Hay 3512 Li depositados. Progreso = 83 %.
>>> Hay 3618 Li depositados. Progreso = 87 %.
>>> Hay 3730 Li depositados. Progreso = 91 %.
>>> Hay 3844 Li depositados. Progreso = 94 %.
>>> Hay 3957 Li depositados. Progreso = 98 %.
Hay un total de 4002 Li depositados (100 %).
Tiempo simulando = 274.064 ms
WALL TIME = 1443.212494 s
PFLOPS = 0.599392

<<<<< FIN FLAGS -O1 -march=native -funroll-loops
>>>>> INICIO FLAGS -O1 -march=native -floop-block
rm -f dendritas *.o .depend
gcc-11 -MM core.c dendritas.c xoshiro.c > .depend
gcc-11 -std=gnu11 -Wall -Wextra -g -O1 -march=native -floop-block  -c xoshiro.c -o xoshiro.o
gcc-11 -std=gnu11 -Wall -Wextra -g -O1 -march=native -floop-block  -c core.c -o core.o
gcc-11 -std=gnu11 -Wall -Wextra -g -O1 -march=native -floop-block  -c dendritas.c -o dendritas.o
gcc-11 -std=gnu11 -Wall -Wextra -g -O1 -march=native -floop-block xoshiro.o core.o dendritas.o -o dendritas -lm
>>> Hay 1000 Li depositados. Progreso = 0 %.
>>> Hay 1205 Li depositados. Progreso = 6 %.
>>> Hay 1304 Li depositados. Progreso = 10 %.
>>> Hay 1413 Li depositados. Progreso = 13 %.
>>> Hay 1514 Li depositados. Progreso = 17 %.
>>> Hay 1621 Li depositados. Progreso = 20 %.
>>> Hay 1724 Li depositados. Progreso = 24 %.
>>> Hay 1844 Li depositados. Progreso = 28 %.
>>> Hay 1944 Li depositados. Progreso = 31 %.
>>> Hay 2038 Li depositados. Progreso = 34 %.
>>> Hay 2153 Li depositados. Progreso = 38 %.
>>> Hay 2260 Li depositados. Progreso = 42 %.
>>> Hay 2363 Li depositados. Progreso = 45 %.
>>> Hay 2475 Li depositados. Progreso = 49 %.
>>> Hay 2574 Li depositados. Progreso = 52 %.
>>> Hay 2679 Li depositados. Progreso = 55 %.
>>> Hay 2791 Li depositados. Progreso = 59 %.
>>> Hay 2891 Li depositados. Progreso = 63 %.
>>> Hay 2995 Li depositados. Progreso = 66 %.
>>> Hay 3096 Li depositados. Progreso = 69 %.
>>> Hay 3197 Li depositados. Progreso = 73 %.
>>> Hay 3289 Li depositados. Progreso = 76 %.
>>> Hay 3397 Li depositados. Progreso = 79 %.
>>> Hay 3512 Li depositados. Progreso = 83 %.
>>> Hay 3618 Li depositados. Progreso = 87 %.
>>> Hay 3730 Li depositados. Progreso = 91 %.
>>> Hay 3844 Li depositados. Progreso = 94 %.
>>> Hay 3957 Li depositados. Progreso = 98 %.
Hay un total de 4002 Li depositados (100 %).
Tiempo simulando = 274.064 ms
WALL TIME = 1443.363893 s
PFLOPS = 0.598967

<<<<< FIN FLAGS -O1 -march=native -floop-block
>>>>> INICIO FLAGS -O1 -march=native -ffast-math -funroll-loops
rm -f dendritas *.o .depend
gcc-11 -MM core.c dendritas.c xoshiro.c > .depend
gcc-11 -std=gnu11 -Wall -Wextra -g -O1 -march=native -ffast-math -funroll-loops  -c xoshiro.c -o xoshiro.o
gcc-11 -std=gnu11 -Wall -Wextra -g -O1 -march=native -ffast-math -funroll-loops  -c core.c -o core.o
gcc-11 -std=gnu11 -Wall -Wextra -g -O1 -march=native -ffast-math -funroll-loops  -c dendritas.c -o dendritas.o
gcc-11 -std=gnu11 -Wall -Wextra -g -O1 -march=native -ffast-math -funroll-loops xoshiro.o core.o dendritas.o -o dendritas -lm
>>> Hay 1000 Li depositados. Progreso = 0 %.
>>> Hay 1205 Li depositados. Progreso = 6 %.
>>> Hay 1304 Li depositados. Progreso = 10 %.
>>> Hay 1413 Li depositados. Progreso = 13 %.
>>> Hay 1514 Li depositados. Progreso = 17 %.
>>> Hay 1621 Li depositados. Progreso = 20 %.
>>> Hay 1724 Li depositados. Progreso = 24 %.
>>> Hay 1844 Li depositados. Progreso = 28 %.
>>> Hay 1944 Li depositados. Progreso = 31 %.
>>> Hay 2038 Li depositados. Progreso = 34 %.
>>> Hay 2153 Li depositados. Progreso = 38 %.
>>> Hay 2260 Li depositados. Progreso = 42 %.
>>> Hay 2363 Li depositados. Progreso = 45 %.
>>> Hay 2475 Li depositados. Progreso = 49 %.
>>> Hay 2574 Li depositados. Progreso = 52 %.
>>> Hay 2679 Li depositados. Progreso = 55 %.
>>> Hay 2791 Li depositados. Progreso = 59 %.
>>> Hay 2891 Li depositados. Progreso = 63 %.
>>> Hay 2995 Li depositados. Progreso = 66 %.
>>> Hay 3096 Li depositados. Progreso = 69 %.
>>> Hay 3197 Li depositados. Progreso = 73 %.
>>> Hay 3289 Li depositados. Progreso = 76 %.
>>> Hay 3392 Li depositados. Progreso = 79 %.
>>> Hay 3496 Li depositados. Progreso = 83 %.
>>> Hay 3598 Li depositados. Progreso = 86 %.
>>> Hay 3714 Li depositados. Progreso = 90 %.
>>> Hay 3828 Li depositados. Progreso = 94 %.
>>> Hay 3932 Li depositados. Progreso = 97 %.
Hay un total de 4001 Li depositados (100 %).
Tiempo simulando = 277.216 ms
WALL TIME = 1464.877214 s
PFLOPS = 0.605873

<<<<< FIN FLAGS -O1 -march=native -ffast-math -funroll-loops
>>>>> INICIO FLAGS -O1 -march=native -ffast-math -floop-block
rm -f dendritas *.o .depend
gcc-11 -MM core.c dendritas.c xoshiro.c > .depend
gcc-11 -std=gnu11 -Wall -Wextra -g -O1 -march=native -ffast-math -floop-block  -c xoshiro.c -o xoshiro.o
gcc-11 -std=gnu11 -Wall -Wextra -g -O1 -march=native -ffast-math -floop-block  -c core.c -o core.o
gcc-11 -std=gnu11 -Wall -Wextra -g -O1 -march=native -ffast-math -floop-block  -c dendritas.c -o dendritas.o
gcc-11 -std=gnu11 -Wall -Wextra -g -O1 -march=native -ffast-math -floop-block xoshiro.o core.o dendritas.o -o dendritas -lm
>>> Hay 1000 Li depositados. Progreso = 0 %.
>>> Hay 1205 Li depositados. Progreso = 6 %.
>>> Hay 1304 Li depositados. Progreso = 10 %.
>>> Hay 1413 Li depositados. Progreso = 13 %.
>>> Hay 1514 Li depositados. Progreso = 17 %.
>>> Hay 1621 Li depositados. Progreso = 20 %.
>>> Hay 1724 Li depositados. Progreso = 24 %.
>>> Hay 1844 Li depositados. Progreso = 28 %.
>>> Hay 1944 Li depositados. Progreso = 31 %.
>>> Hay 2038 Li depositados. Progreso = 34 %.
>>> Hay 2153 Li depositados. Progreso = 38 %.
>>> Hay 2260 Li depositados. Progreso = 42 %.
>>> Hay 2363 Li depositados. Progreso = 45 %.
>>> Hay 2475 Li depositados. Progreso = 49 %.
>>> Hay 2574 Li depositados. Progreso = 52 %.
>>> Hay 2679 Li depositados. Progreso = 55 %.
>>> Hay 2791 Li depositados. Progreso = 59 %.
>>> Hay 2891 Li depositados. Progreso = 63 %.
>>> Hay 2995 Li depositados. Progreso = 66 %.
>>> Hay 3096 Li depositados. Progreso = 69 %.
>>> Hay 3197 Li depositados. Progreso = 73 %.
>>> Hay 3289 Li depositados. Progreso = 76 %.
>>> Hay 3392 Li depositados. Progreso = 79 %.
>>> Hay 3496 Li depositados. Progreso = 83 %.
>>> Hay 3598 Li depositados. Progreso = 86 %.
>>> Hay 3714 Li depositados. Progreso = 90 %.
>>> Hay 3828 Li depositados. Progreso = 94 %.
>>> Hay 3932 Li depositados. Progreso = 97 %.
Hay un total de 4001 Li depositados (100 %).
Tiempo simulando = 277.216 ms
WALL TIME = 1464.636110 s
PFLOPS = 0.605587

<<<<< FIN FLAGS -O1 -march=native -ffast-math -floop-block
>>>>> INICIO FLAGS -O1 -march=native -funroll-loops -floop-block
rm -f dendritas *.o .depend
gcc-11 -MM core.c dendritas.c xoshiro.c > .depend
gcc-11 -std=gnu11 -Wall -Wextra -g -O1 -march=native -funroll-loops -floop-block  -c xoshiro.c -o xoshiro.o
gcc-11 -std=gnu11 -Wall -Wextra -g -O1 -march=native -funroll-loops -floop-block  -c core.c -o core.o
gcc-11 -std=gnu11 -Wall -Wextra -g -O1 -march=native -funroll-loops -floop-block  -c dendritas.c -o dendritas.o
gcc-11 -std=gnu11 -Wall -Wextra -g -O1 -march=native -funroll-loops -floop-block xoshiro.o core.o dendritas.o -o dendritas -lm
>>> Hay 1000 Li depositados. Progreso = 0 %.
>>> Hay 1205 Li depositados. Progreso = 6 %.
>>> Hay 1304 Li depositados. Progreso = 10 %.
>>> Hay 1413 Li depositados. Progreso = 13 %.
>>> Hay 1514 Li depositados. Progreso = 17 %.
>>> Hay 1621 Li depositados. Progreso = 20 %.
>>> Hay 1724 Li depositados. Progreso = 24 %.
>>> Hay 1844 Li depositados. Progreso = 28 %.
>>> Hay 1944 Li depositados. Progreso = 31 %.
>>> Hay 2038 Li depositados. Progreso = 34 %.
>>> Hay 2153 Li depositados. Progreso = 38 %.
>>> Hay 2260 Li depositados. Progreso = 42 %.
>>> Hay 2363 Li depositados. Progreso = 45 %.
>>> Hay 2475 Li depositados. Progreso = 49 %.
>>> Hay 2574 Li depositados. Progreso = 52 %.
>>> Hay 2679 Li depositados. Progreso = 55 %.
>>> Hay 2791 Li depositados. Progreso = 59 %.
>>> Hay 2891 Li depositados. Progreso = 63 %.
>>> Hay 2995 Li depositados. Progreso = 66 %.
>>> Hay 3096 Li depositados. Progreso = 69 %.
>>> Hay 3197 Li depositados. Progreso = 73 %.
>>> Hay 3289 Li depositados. Progreso = 76 %.
>>> Hay 3397 Li depositados. Progreso = 79 %.
>>> Hay 3512 Li depositados. Progreso = 83 %.
>>> Hay 3618 Li depositados. Progreso = 87 %.
>>> Hay 3730 Li depositados. Progreso = 91 %.
>>> Hay 3844 Li depositados. Progreso = 94 %.
>>> Hay 3957 Li depositados. Progreso = 98 %.
Hay un total de 4002 Li depositados (100 %).
Tiempo simulando = 274.064 ms
WALL TIME = 1443.337005 s
PFLOPS = 0.598978

<<<<< FIN FLAGS -O1 -march=native -funroll-loops -floop-block
>>>>> INICIO FLAGS -O1 -march=native -ffast-math -funroll-loops -floop-block
rm -f dendritas *.o .depend
gcc-11 -MM core.c dendritas.c xoshiro.c > .depend
gcc-11 -std=gnu11 -Wall -Wextra -g -O1 -march=native -ffast-math -funroll-loops -floop-block  -c xoshiro.c -o xoshiro.o
gcc-11 -std=gnu11 -Wall -Wextra -g -O1 -march=native -ffast-math -funroll-loops -floop-block  -c core.c -o core.o
gcc-11 -std=gnu11 -Wall -Wextra -g -O1 -march=native -ffast-math -funroll-loops -floop-block  -c dendritas.c -o dendritas.o
gcc-11 -std=gnu11 -Wall -Wextra -g -O1 -march=native -ffast-math -funroll-loops -floop-block xoshiro.o core.o dendritas.o -o dendritas -lm
>>> Hay 1000 Li depositados. Progreso = 0 %.
>>> Hay 1205 Li depositados. Progreso = 6 %.
>>> Hay 1304 Li depositados. Progreso = 10 %.
>>> Hay 1413 Li depositados. Progreso = 13 %.
>>> Hay 1514 Li depositados. Progreso = 17 %.
>>> Hay 1621 Li depositados. Progreso = 20 %.
>>> Hay 1724 Li depositados. Progreso = 24 %.
>>> Hay 1844 Li depositados. Progreso = 28 %.
>>> Hay 1944 Li depositados. Progreso = 31 %.
>>> Hay 2038 Li depositados. Progreso = 34 %.
>>> Hay 2153 Li depositados. Progreso = 38 %.
>>> Hay 2260 Li depositados. Progreso = 42 %.
>>> Hay 2363 Li depositados. Progreso = 45 %.
>>> Hay 2475 Li depositados. Progreso = 49 %.
>>> Hay 2574 Li depositados. Progreso = 52 %.
>>> Hay 2679 Li depositados. Progreso = 55 %.
>>> Hay 2791 Li depositados. Progreso = 59 %.
>>> Hay 2891 Li depositados. Progreso = 63 %.
>>> Hay 2995 Li depositados. Progreso = 66 %.
>>> Hay 3096 Li depositados. Progreso = 69 %.
>>> Hay 3197 Li depositados. Progreso = 73 %.
>>> Hay 3289 Li depositados. Progreso = 76 %.
>>> Hay 3392 Li depositados. Progreso = 79 %.
>>> Hay 3496 Li depositados. Progreso = 83 %.
>>> Hay 3598 Li depositados. Progreso = 86 %.
>>> Hay 3714 Li depositados. Progreso = 90 %.
>>> Hay 3828 Li depositados. Progreso = 94 %.
>>> Hay 3932 Li depositados. Progreso = 97 %.
Hay un total de 4001 Li depositados (100 %).
Tiempo simulando = 277.216 ms
WALL TIME = 1467.314163 s
PFLOPS = 0.605930

<<<<< FIN FLAGS -O1 -march=native -ffast-math -funroll-loops -floop-block
>>>>> INICIO FLAGS -O2
rm -f dendritas *.o .depend
gcc-11 -MM core.c dendritas.c xoshiro.c > .depend
gcc-11 -std=gnu11 -Wall -Wextra -g -O2  -c xoshiro.c -o xoshiro.o
gcc-11 -std=gnu11 -Wall -Wextra -g -O2  -c core.c -o core.o
gcc-11 -std=gnu11 -Wall -Wextra -g -O2  -c dendritas.c -o dendritas.o
gcc-11 -std=gnu11 -Wall -Wextra -g -O2 xoshiro.o core.o dendritas.o -o dendritas -lm
>>> Hay 1000 Li depositados. Progreso = 0 %.
>>> Hay 1205 Li depositados. Progreso = 6 %.
>>> Hay 1304 Li depositados. Progreso = 10 %.
>>> Hay 1413 Li depositados. Progreso = 13 %.
>>> Hay 1514 Li depositados. Progreso = 17 %.
>>> Hay 1621 Li depositados. Progreso = 20 %.
>>> Hay 1724 Li depositados. Progreso = 24 %.
>>> Hay 1844 Li depositados. Progreso = 28 %.
>>> Hay 1944 Li depositados. Progreso = 31 %.
>>> Hay 2038 Li depositados. Progreso = 34 %.
>>> Hay 2153 Li depositados. Progreso = 38 %.
>>> Hay 2260 Li depositados. Progreso = 42 %.
>>> Hay 2363 Li depositados. Progreso = 45 %.
>>> Hay 2475 Li depositados. Progreso = 49 %.
>>> Hay 2574 Li depositados. Progreso = 52 %.
>>> Hay 2679 Li depositados. Progreso = 55 %.
>>> Hay 2791 Li depositados. Progreso = 59 %.
>>> Hay 2891 Li depositados. Progreso = 63 %.
>>> Hay 2995 Li depositados. Progreso = 66 %.
>>> Hay 3096 Li depositados. Progreso = 69 %.
>>> Hay 3197 Li depositados. Progreso = 73 %.
>>> Hay 3289 Li depositados. Progreso = 76 %.
>>> Hay 3397 Li depositados. Progreso = 79 %.
>>> Hay 3512 Li depositados. Progreso = 83 %.
>>> Hay 3618 Li depositados. Progreso = 87 %.
>>> Hay 3730 Li depositados. Progreso = 91 %.
>>> Hay 3844 Li depositados. Progreso = 94 %.
>>> Hay 3957 Li depositados. Progreso = 98 %.
Hay un total de 4002 Li depositados (100 %).
Tiempo simulando = 274.064 ms
WALL TIME = 966.369813 s
PFLOPS = 0.895838

<<<<< FIN FLAGS -O2
>>>>> INICIO FLAGS -O2 -march=native
rm -f dendritas *.o .depend
gcc-11 -MM core.c dendritas.c xoshiro.c > .depend
gcc-11 -std=gnu11 -Wall -Wextra -g -O2 -march=native  -c xoshiro.c -o xoshiro.o
gcc-11 -std=gnu11 -Wall -Wextra -g -O2 -march=native  -c core.c -o core.o
gcc-11 -std=gnu11 -Wall -Wextra -g -O2 -march=native  -c dendritas.c -o dendritas.o
gcc-11 -std=gnu11 -Wall -Wextra -g -O2 -march=native xoshiro.o core.o dendritas.o -o dendritas -lm
>>> Hay 1000 Li depositados. Progreso = 0 %.
>>> Hay 1205 Li depositados. Progreso = 6 %.
>>> Hay 1304 Li depositados. Progreso = 10 %.
>>> Hay 1413 Li depositados. Progreso = 13 %.
>>> Hay 1514 Li depositados. Progreso = 17 %.
>>> Hay 1621 Li depositados. Progreso = 20 %.
>>> Hay 1724 Li depositados. Progreso = 24 %.
>>> Hay 1844 Li depositados. Progreso = 28 %.
>>> Hay 1944 Li depositados. Progreso = 31 %.
>>> Hay 2038 Li depositados. Progreso = 34 %.
>>> Hay 2153 Li depositados. Progreso = 38 %.
>>> Hay 2260 Li depositados. Progreso = 42 %.
>>> Hay 2363 Li depositados. Progreso = 45 %.
>>> Hay 2475 Li depositados. Progreso = 49 %.
>>> Hay 2574 Li depositados. Progreso = 52 %.
>>> Hay 2679 Li depositados. Progreso = 55 %.
>>> Hay 2791 Li depositados. Progreso = 59 %.
>>> Hay 2891 Li depositados. Progreso = 63 %.
>>> Hay 2995 Li depositados. Progreso = 66 %.
>>> Hay 3096 Li depositados. Progreso = 69 %.
>>> Hay 3197 Li depositados. Progreso = 73 %.
>>> Hay 3289 Li depositados. Progreso = 76 %.
>>> Hay 3397 Li depositados. Progreso = 79 %.
>>> Hay 3512 Li depositados. Progreso = 83 %.
>>> Hay 3618 Li depositados. Progreso = 87 %.
>>> Hay 3730 Li depositados. Progreso = 91 %.
>>> Hay 3844 Li depositados. Progreso = 94 %.
>>> Hay 3957 Li depositados. Progreso = 98 %.
Hay un total de 4002 Li depositados (100 %).
Tiempo simulando = 274.064 ms
WALL TIME = 812.402741 s
PFLOPS = 1.069195

<<<<< FIN FLAGS -O2 -march=native
>>>>> INICIO FLAGS -O2 -march=native -ffast-math
rm -f dendritas *.o .depend
gcc-11 -MM core.c dendritas.c xoshiro.c > .depend
gcc-11 -std=gnu11 -Wall -Wextra -g -O2 -march=native -ffast-math  -c xoshiro.c -o xoshiro.o
gcc-11 -std=gnu11 -Wall -Wextra -g -O2 -march=native -ffast-math  -c core.c -o core.o
gcc-11 -std=gnu11 -Wall -Wextra -g -O2 -march=native -ffast-math  -c dendritas.c -o dendritas.o
gcc-11 -std=gnu11 -Wall -Wextra -g -O2 -march=native -ffast-math xoshiro.o core.o dendritas.o -o dendritas -lm
>>> Hay 1000 Li depositados. Progreso = 0 %.
>>> Hay 1205 Li depositados. Progreso = 6 %.
>>> Hay 1304 Li depositados. Progreso = 10 %.
>>> Hay 1413 Li depositados. Progreso = 13 %.
>>> Hay 1514 Li depositados. Progreso = 17 %.
>>> Hay 1621 Li depositados. Progreso = 20 %.
>>> Hay 1724 Li depositados. Progreso = 24 %.
>>> Hay 1844 Li depositados. Progreso = 28 %.
>>> Hay 1944 Li depositados. Progreso = 31 %.
>>> Hay 2038 Li depositados. Progreso = 34 %.
>>> Hay 2153 Li depositados. Progreso = 38 %.
>>> Hay 2260 Li depositados. Progreso = 42 %.
>>> Hay 2363 Li depositados. Progreso = 45 %.
>>> Hay 2475 Li depositados. Progreso = 49 %.
>>> Hay 2574 Li depositados. Progreso = 52 %.
>>> Hay 2679 Li depositados. Progreso = 55 %.
>>> Hay 2791 Li depositados. Progreso = 59 %.
>>> Hay 2891 Li depositados. Progreso = 63 %.
>>> Hay 2995 Li depositados. Progreso = 66 %.
>>> Hay 3096 Li depositados. Progreso = 69 %.
>>> Hay 3197 Li depositados. Progreso = 73 %.
>>> Hay 3289 Li depositados. Progreso = 76 %.
>>> Hay 3392 Li depositados. Progreso = 79 %.
>>> Hay 3496 Li depositados. Progreso = 83 %.
>>> Hay 3598 Li depositados. Progreso = 86 %.
>>> Hay 3714 Li depositados. Progreso = 90 %.
>>> Hay 3828 Li depositados. Progreso = 94 %.
>>> Hay 3932 Li depositados. Progreso = 97 %.
Hay un total de 4001 Li depositados (100 %).
Tiempo simulando = 277.216 ms
WALL TIME = 834.697286 s
PFLOPS = 1.067106

<<<<< FIN FLAGS -O2 -march=native -ffast-math
>>>>> INICIO FLAGS -O2 -march=native -funroll-loops
rm -f dendritas *.o .depend
gcc-11 -MM core.c dendritas.c xoshiro.c > .depend
gcc-11 -std=gnu11 -Wall -Wextra -g -O2 -march=native -funroll-loops  -c xoshiro.c -o xoshiro.o
gcc-11 -std=gnu11 -Wall -Wextra -g -O2 -march=native -funroll-loops  -c core.c -o core.o
gcc-11 -std=gnu11 -Wall -Wextra -g -O2 -march=native -funroll-loops  -c dendritas.c -o dendritas.o
gcc-11 -std=gnu11 -Wall -Wextra -g -O2 -march=native -funroll-loops xoshiro.o core.o dendritas.o -o dendritas -lm
>>> Hay 1000 Li depositados. Progreso = 0 %.
>>> Hay 1205 Li depositados. Progreso = 6 %.
>>> Hay 1304 Li depositados. Progreso = 10 %.
>>> Hay 1413 Li depositados. Progreso = 13 %.
>>> Hay 1514 Li depositados. Progreso = 17 %.
>>> Hay 1621 Li depositados. Progreso = 20 %.
>>> Hay 1724 Li depositados. Progreso = 24 %.
>>> Hay 1844 Li depositados. Progreso = 28 %.
>>> Hay 1944 Li depositados. Progreso = 31 %.
>>> Hay 2038 Li depositados. Progreso = 34 %.
>>> Hay 2153 Li depositados. Progreso = 38 %.
>>> Hay 2260 Li depositados. Progreso = 42 %.
>>> Hay 2363 Li depositados. Progreso = 45 %.
>>> Hay 2475 Li depositados. Progreso = 49 %.
>>> Hay 2574 Li depositados. Progreso = 52 %.
>>> Hay 2679 Li depositados. Progreso = 55 %.
>>> Hay 2791 Li depositados. Progreso = 59 %.
>>> Hay 2891 Li depositados. Progreso = 63 %.
>>> Hay 2995 Li depositados. Progreso = 66 %.
>>> Hay 3096 Li depositados. Progreso = 69 %.
>>> Hay 3197 Li depositados. Progreso = 73 %.
>>> Hay 3289 Li depositados. Progreso = 76 %.
>>> Hay 3397 Li depositados. Progreso = 79 %.
>>> Hay 3512 Li depositados. Progreso = 83 %.
>>> Hay 3618 Li depositados. Progreso = 87 %.
>>> Hay 3730 Li depositados. Progreso = 91 %.
>>> Hay 3844 Li depositados. Progreso = 94 %.
>>> Hay 3957 Li depositados. Progreso = 98 %.
Hay un total de 4002 Li depositados (100 %).
Tiempo simulando = 274.064 ms
WALL TIME = 815.536657 s
PFLOPS = 1.062174

<<<<< FIN FLAGS -O2 -march=native -funroll-loops
>>>>> INICIO FLAGS -O2 -march=native -floop-block
rm -f dendritas *.o .depend
gcc-11 -MM core.c dendritas.c xoshiro.c > .depend
gcc-11 -std=gnu11 -Wall -Wextra -g -O2 -march=native -floop-block  -c xoshiro.c -o xoshiro.o
gcc-11 -std=gnu11 -Wall -Wextra -g -O2 -march=native -floop-block  -c core.c -o core.o
gcc-11 -std=gnu11 -Wall -Wextra -g -O2 -march=native -floop-block  -c dendritas.c -o dendritas.o
gcc-11 -std=gnu11 -Wall -Wextra -g -O2 -march=native -floop-block xoshiro.o core.o dendritas.o -o dendritas -lm
>>> Hay 1000 Li depositados. Progreso = 0 %.
>>> Hay 1205 Li depositados. Progreso = 6 %.
>>> Hay 1304 Li depositados. Progreso = 10 %.
>>> Hay 1413 Li depositados. Progreso = 13 %.
>>> Hay 1514 Li depositados. Progreso = 17 %.
>>> Hay 1621 Li depositados. Progreso = 20 %.
>>> Hay 1724 Li depositados. Progreso = 24 %.
>>> Hay 1844 Li depositados. Progreso = 28 %.
>>> Hay 1944 Li depositados. Progreso = 31 %.
>>> Hay 2038 Li depositados. Progreso = 34 %.
>>> Hay 2153 Li depositados. Progreso = 38 %.
>>> Hay 2260 Li depositados. Progreso = 42 %.
>>> Hay 2363 Li depositados. Progreso = 45 %.
>>> Hay 2475 Li depositados. Progreso = 49 %.
>>> Hay 2574 Li depositados. Progreso = 52 %.
>>> Hay 2679 Li depositados. Progreso = 55 %.
>>> Hay 2791 Li depositados. Progreso = 59 %.
>>> Hay 2891 Li depositados. Progreso = 63 %.
>>> Hay 2995 Li depositados. Progreso = 66 %.
>>> Hay 3096 Li depositados. Progreso = 69 %.
>>> Hay 3197 Li depositados. Progreso = 73 %.
>>> Hay 3289 Li depositados. Progreso = 76 %.
>>> Hay 3397 Li depositados. Progreso = 79 %.
>>> Hay 3512 Li depositados. Progreso = 83 %.
>>> Hay 3618 Li depositados. Progreso = 87 %.
>>> Hay 3730 Li depositados. Progreso = 91 %.
>>> Hay 3844 Li depositados. Progreso = 94 %.
>>> Hay 3957 Li depositados. Progreso = 98 %.
Hay un total de 4002 Li depositados (100 %).
Tiempo simulando = 274.064 ms
WALL TIME = 811.274188 s
PFLOPS = 1.067857

<<<<< FIN FLAGS -O2 -march=native -floop-block
>>>>> INICIO FLAGS -O2 -march=native -ffast-math -funroll-loops
rm -f dendritas *.o .depend
gcc-11 -MM core.c dendritas.c xoshiro.c > .depend
gcc-11 -std=gnu11 -Wall -Wextra -g -O2 -march=native -ffast-math -funroll-loops  -c xoshiro.c -o xoshiro.o
gcc-11 -std=gnu11 -Wall -Wextra -g -O2 -march=native -ffast-math -funroll-loops  -c core.c -o core.o
gcc-11 -std=gnu11 -Wall -Wextra -g -O2 -march=native -ffast-math -funroll-loops  -c dendritas.c -o dendritas.o
gcc-11 -std=gnu11 -Wall -Wextra -g -O2 -march=native -ffast-math -funroll-loops xoshiro.o core.o dendritas.o -o dendritas -lm
>>> Hay 1000 Li depositados. Progreso = 0 %.
>>> Hay 1205 Li depositados. Progreso = 6 %.
>>> Hay 1304 Li depositados. Progreso = 10 %.
>>> Hay 1413 Li depositados. Progreso = 13 %.
>>> Hay 1514 Li depositados. Progreso = 17 %.
>>> Hay 1621 Li depositados. Progreso = 20 %.
>>> Hay 1724 Li depositados. Progreso = 24 %.
>>> Hay 1844 Li depositados. Progreso = 28 %.
>>> Hay 1944 Li depositados. Progreso = 31 %.
>>> Hay 2038 Li depositados. Progreso = 34 %.
>>> Hay 2153 Li depositados. Progreso = 38 %.
>>> Hay 2260 Li depositados. Progreso = 42 %.
>>> Hay 2363 Li depositados. Progreso = 45 %.
>>> Hay 2475 Li depositados. Progreso = 49 %.
>>> Hay 2574 Li depositados. Progreso = 52 %.
>>> Hay 2679 Li depositados. Progreso = 55 %.
>>> Hay 2791 Li depositados. Progreso = 59 %.
>>> Hay 2891 Li depositados. Progreso = 63 %.
>>> Hay 2995 Li depositados. Progreso = 66 %.
>>> Hay 3096 Li depositados. Progreso = 69 %.
>>> Hay 3197 Li depositados. Progreso = 73 %.
>>> Hay 3289 Li depositados. Progreso = 76 %.
>>> Hay 3392 Li depositados. Progreso = 79 %.
>>> Hay 3496 Li depositados. Progreso = 83 %.
>>> Hay 3598 Li depositados. Progreso = 86 %.
>>> Hay 3714 Li depositados. Progreso = 90 %.
>>> Hay 3828 Li depositados. Progreso = 94 %.
>>> Hay 3932 Li depositados. Progreso = 97 %.
Hay un total de 4001 Li depositados (100 %).
Tiempo simulando = 277.216 ms
WALL TIME = 838.834422 s
PFLOPS = 1.061790

<<<<< FIN FLAGS -O2 -march=native -ffast-math -funroll-loops
>>>>> INICIO FLAGS -O2 -march=native -ffast-math -floop-block
rm -f dendritas *.o .depend
gcc-11 -MM core.c dendritas.c xoshiro.c > .depend
gcc-11 -std=gnu11 -Wall -Wextra -g -O2 -march=native -ffast-math -floop-block  -c xoshiro.c -o xoshiro.o
gcc-11 -std=gnu11 -Wall -Wextra -g -O2 -march=native -ffast-math -floop-block  -c core.c -o core.o
gcc-11 -std=gnu11 -Wall -Wextra -g -O2 -march=native -ffast-math -floop-block  -c dendritas.c -o dendritas.o
gcc-11 -std=gnu11 -Wall -Wextra -g -O2 -march=native -ffast-math -floop-block xoshiro.o core.o dendritas.o -o dendritas -lm
>>> Hay 1000 Li depositados. Progreso = 0 %.
>>> Hay 1205 Li depositados. Progreso = 6 %.
>>> Hay 1304 Li depositados. Progreso = 10 %.
>>> Hay 1413 Li depositados. Progreso = 13 %.
>>> Hay 1514 Li depositados. Progreso = 17 %.
>>> Hay 1621 Li depositados. Progreso = 20 %.
>>> Hay 1724 Li depositados. Progreso = 24 %.
>>> Hay 1844 Li depositados. Progreso = 28 %.
>>> Hay 1944 Li depositados. Progreso = 31 %.
>>> Hay 2038 Li depositados. Progreso = 34 %.
>>> Hay 2153 Li depositados. Progreso = 38 %.
>>> Hay 2260 Li depositados. Progreso = 42 %.
>>> Hay 2363 Li depositados. Progreso = 45 %.
>>> Hay 2475 Li depositados. Progreso = 49 %.
>>> Hay 2574 Li depositados. Progreso = 52 %.
>>> Hay 2679 Li depositados. Progreso = 55 %.
>>> Hay 2791 Li depositados. Progreso = 59 %.
>>> Hay 2891 Li depositados. Progreso = 63 %.
>>> Hay 2995 Li depositados. Progreso = 66 %.
>>> Hay 3096 Li depositados. Progreso = 69 %.
>>> Hay 3197 Li depositados. Progreso = 73 %.
>>> Hay 3289 Li depositados. Progreso = 76 %.
>>> Hay 3392 Li depositados. Progreso = 79 %.
>>> Hay 3496 Li depositados. Progreso = 83 %.
>>> Hay 3598 Li depositados. Progreso = 86 %.
>>> Hay 3714 Li depositados. Progreso = 90 %.
>>> Hay 3828 Li depositados. Progreso = 94 %.
>>> Hay 3932 Li depositados. Progreso = 97 %.
Hay un total de 4001 Li depositados (100 %).
Tiempo simulando = 277.216 ms
WALL TIME = 835.611573 s
PFLOPS = 1.065944

<<<<< FIN FLAGS -O2 -march=native -ffast-math -floop-block
>>>>> INICIO FLAGS -O2 -march=native -funroll-loops -floop-block
rm -f dendritas *.o .depend
gcc-11 -MM core.c dendritas.c xoshiro.c > .depend
gcc-11 -std=gnu11 -Wall -Wextra -g -O2 -march=native -funroll-loops -floop-block  -c xoshiro.c -o xoshiro.o
gcc-11 -std=gnu11 -Wall -Wextra -g -O2 -march=native -funroll-loops -floop-block  -c core.c -o core.o
gcc-11 -std=gnu11 -Wall -Wextra -g -O2 -march=native -funroll-loops -floop-block  -c dendritas.c -o dendritas.o
gcc-11 -std=gnu11 -Wall -Wextra -g -O2 -march=native -funroll-loops -floop-block xoshiro.o core.o dendritas.o -o dendritas -lm
>>> Hay 1000 Li depositados. Progreso = 0 %.
>>> Hay 1205 Li depositados. Progreso = 6 %.
>>> Hay 1304 Li depositados. Progreso = 10 %.
>>> Hay 1413 Li depositados. Progreso = 13 %.
>>> Hay 1514 Li depositados. Progreso = 17 %.
>>> Hay 1621 Li depositados. Progreso = 20 %.
>>> Hay 1724 Li depositados. Progreso = 24 %.
>>> Hay 1844 Li depositados. Progreso = 28 %.
>>> Hay 1944 Li depositados. Progreso = 31 %.
>>> Hay 2038 Li depositados. Progreso = 34 %.
>>> Hay 2153 Li depositados. Progreso = 38 %.
>>> Hay 2260 Li depositados. Progreso = 42 %.
>>> Hay 2363 Li depositados. Progreso = 45 %.
>>> Hay 2475 Li depositados. Progreso = 49 %.
>>> Hay 2574 Li depositados. Progreso = 52 %.
>>> Hay 2679 Li depositados. Progreso = 55 %.
>>> Hay 2791 Li depositados. Progreso = 59 %.
>>> Hay 2891 Li depositados. Progreso = 63 %.
>>> Hay 2995 Li depositados. Progreso = 66 %.
>>> Hay 3096 Li depositados. Progreso = 69 %.
>>> Hay 3197 Li depositados. Progreso = 73 %.
>>> Hay 3289 Li depositados. Progreso = 76 %.
>>> Hay 3397 Li depositados. Progreso = 79 %.
>>> Hay 3512 Li depositados. Progreso = 83 %.
>>> Hay 3618 Li depositados. Progreso = 87 %.
>>> Hay 3730 Li depositados. Progreso = 91 %.
>>> Hay 3844 Li depositados. Progreso = 94 %.
>>> Hay 3957 Li depositados. Progreso = 98 %.
Hay un total de 4002 Li depositados (100 %).
Tiempo simulando = 274.064 ms
WALL TIME = 815.430255 s
PFLOPS = 1.062222

<<<<< FIN FLAGS -O2 -march=native -funroll-loops -floop-block
>>>>> INICIO FLAGS -O2 -march=native -ffast-math -funroll-loops -floop-block
rm -f dendritas *.o .depend
gcc-11 -MM core.c dendritas.c xoshiro.c > .depend
gcc-11 -std=gnu11 -Wall -Wextra -g -O2 -march=native -ffast-math -funroll-loops -floop-block  -c xoshiro.c -o xoshiro.o
gcc-11 -std=gnu11 -Wall -Wextra -g -O2 -march=native -ffast-math -funroll-loops -floop-block  -c core.c -o core.o
gcc-11 -std=gnu11 -Wall -Wextra -g -O2 -march=native -ffast-math -funroll-loops -floop-block  -c dendritas.c -o dendritas.o
gcc-11 -std=gnu11 -Wall -Wextra -g -O2 -march=native -ffast-math -funroll-loops -floop-block xoshiro.o core.o dendritas.o -o dendritas -lm
>>> Hay 1000 Li depositados. Progreso = 0 %.
>>> Hay 1205 Li depositados. Progreso = 6 %.
>>> Hay 1304 Li depositados. Progreso = 10 %.
>>> Hay 1413 Li depositados. Progreso = 13 %.
>>> Hay 1514 Li depositados. Progreso = 17 %.
>>> Hay 1621 Li depositados. Progreso = 20 %.
>>> Hay 1724 Li depositados. Progreso = 24 %.
>>> Hay 1844 Li depositados. Progreso = 28 %.
>>> Hay 1944 Li depositados. Progreso = 31 %.
>>> Hay 2038 Li depositados. Progreso = 34 %.
>>> Hay 2153 Li depositados. Progreso = 38 %.
>>> Hay 2260 Li depositados. Progreso = 42 %.
>>> Hay 2363 Li depositados. Progreso = 45 %.
>>> Hay 2475 Li depositados. Progreso = 49 %.
>>> Hay 2574 Li depositados. Progreso = 52 %.
>>> Hay 2679 Li depositados. Progreso = 55 %.
>>> Hay 2791 Li depositados. Progreso = 59 %.
>>> Hay 2891 Li depositados. Progreso = 63 %.
>>> Hay 2995 Li depositados. Progreso = 66 %.
>>> Hay 3096 Li depositados. Progreso = 69 %.
>>> Hay 3197 Li depositados. Progreso = 73 %.
>>> Hay 3289 Li depositados. Progreso = 76 %.
>>> Hay 3392 Li depositados. Progreso = 79 %.
>>> Hay 3496 Li depositados. Progreso = 83 %.
>>> Hay 3598 Li depositados. Progreso = 86 %.
>>> Hay 3714 Li depositados. Progreso = 90 %.
>>> Hay 3828 Li depositados. Progreso = 94 %.
>>> Hay 3932 Li depositados. Progreso = 97 %.
Hay un total de 4001 Li depositados (100 %).
Tiempo simulando = 277.216 ms
WALL TIME = 835.180023 s
PFLOPS = 1.065985

<<<<< FIN FLAGS -O2 -march=native -ffast-math -funroll-loops -floop-block
>>>>> INICIO FLAGS -O3
rm -f dendritas *.o .depend
gcc-11 -MM core.c dendritas.c xoshiro.c > .depend
gcc-11 -std=gnu11 -Wall -Wextra -g -O3  -c xoshiro.c -o xoshiro.o
gcc-11 -std=gnu11 -Wall -Wextra -g -O3  -c core.c -o core.o
gcc-11 -std=gnu11 -Wall -Wextra -g -O3  -c dendritas.c -o dendritas.o
gcc-11 -std=gnu11 -Wall -Wextra -g -O3 xoshiro.o core.o dendritas.o -o dendritas -lm
>>> Hay 1000 Li depositados. Progreso = 0 %.
>>> Hay 1205 Li depositados. Progreso = 6 %.
>>> Hay 1304 Li depositados. Progreso = 10 %.
>>> Hay 1413 Li depositados. Progreso = 13 %.
>>> Hay 1514 Li depositados. Progreso = 17 %.
>>> Hay 1621 Li depositados. Progreso = 20 %.
>>> Hay 1724 Li depositados. Progreso = 24 %.
>>> Hay 1844 Li depositados. Progreso = 28 %.
>>> Hay 1944 Li depositados. Progreso = 31 %.
>>> Hay 2038 Li depositados. Progreso = 34 %.
>>> Hay 2153 Li depositados. Progreso = 38 %.
>>> Hay 2260 Li depositados. Progreso = 42 %.
>>> Hay 2363 Li depositados. Progreso = 45 %.
>>> Hay 2475 Li depositados. Progreso = 49 %.
>>> Hay 2574 Li depositados. Progreso = 52 %.
>>> Hay 2679 Li depositados. Progreso = 55 %.
>>> Hay 2791 Li depositados. Progreso = 59 %.
>>> Hay 2891 Li depositados. Progreso = 63 %.
>>> Hay 2995 Li depositados. Progreso = 66 %.
>>> Hay 3096 Li depositados. Progreso = 69 %.
>>> Hay 3197 Li depositados. Progreso = 73 %.
>>> Hay 3289 Li depositados. Progreso = 76 %.
>>> Hay 3397 Li depositados. Progreso = 79 %.
>>> Hay 3512 Li depositados. Progreso = 83 %.
>>> Hay 3618 Li depositados. Progreso = 87 %.
>>> Hay 3730 Li depositados. Progreso = 91 %.
>>> Hay 3844 Li depositados. Progreso = 94 %.
>>> Hay 3957 Li depositados. Progreso = 98 %.
Hay un total de 4002 Li depositados (100 %).
Tiempo simulando = 274.064 ms
WALL TIME = 966.702148 s
PFLOPS = 0.896052

<<<<< FIN FLAGS -O3
>>>>> INICIO FLAGS -O3 -march=native
rm -f dendritas *.o .depend
gcc-11 -MM core.c dendritas.c xoshiro.c > .depend
gcc-11 -std=gnu11 -Wall -Wextra -g -O3 -march=native  -c xoshiro.c -o xoshiro.o
gcc-11 -std=gnu11 -Wall -Wextra -g -O3 -march=native  -c core.c -o core.o
gcc-11 -std=gnu11 -Wall -Wextra -g -O3 -march=native  -c dendritas.c -o dendritas.o
gcc-11 -std=gnu11 -Wall -Wextra -g -O3 -march=native xoshiro.o core.o dendritas.o -o dendritas -lm
>>> Hay 1000 Li depositados. Progreso = 0 %.
>>> Hay 1205 Li depositados. Progreso = 6 %.
>>> Hay 1304 Li depositados. Progreso = 10 %.
>>> Hay 1413 Li depositados. Progreso = 13 %.
>>> Hay 1514 Li depositados. Progreso = 17 %.
>>> Hay 1621 Li depositados. Progreso = 20 %.
>>> Hay 1724 Li depositados. Progreso = 24 %.
>>> Hay 1844 Li depositados. Progreso = 28 %.
>>> Hay 1944 Li depositados. Progreso = 31 %.
>>> Hay 2038 Li depositados. Progreso = 34 %.
>>> Hay 2153 Li depositados. Progreso = 38 %.
>>> Hay 2260 Li depositados. Progreso = 42 %.
>>> Hay 2363 Li depositados. Progreso = 45 %.
>>> Hay 2475 Li depositados. Progreso = 49 %.
>>> Hay 2574 Li depositados. Progreso = 52 %.
>>> Hay 2679 Li depositados. Progreso = 55 %.
>>> Hay 2791 Li depositados. Progreso = 59 %.
>>> Hay 2891 Li depositados. Progreso = 63 %.
>>> Hay 2995 Li depositados. Progreso = 66 %.
>>> Hay 3096 Li depositados. Progreso = 69 %.
>>> Hay 3197 Li depositados. Progreso = 73 %.
>>> Hay 3289 Li depositados. Progreso = 76 %.
>>> Hay 3397 Li depositados. Progreso = 79 %.
>>> Hay 3512 Li depositados. Progreso = 83 %.
>>> Hay 3618 Li depositados. Progreso = 87 %.
>>> Hay 3730 Li depositados. Progreso = 91 %.
>>> Hay 3844 Li depositados. Progreso = 94 %.
>>> Hay 3957 Li depositados. Progreso = 98 %.
Hay un total de 4002 Li depositados (100 %).
Tiempo simulando = 274.064 ms
WALL TIME = 811.154355 s
PFLOPS = 1.068616

<<<<< FIN FLAGS -O3 -march=native
>>>>> INICIO FLAGS -O3 -march=native -ffast-math
rm -f dendritas *.o .depend
gcc-11 -MM core.c dendritas.c xoshiro.c > .depend
gcc-11 -std=gnu11 -Wall -Wextra -g -O3 -march=native -ffast-math  -c xoshiro.c -o xoshiro.o
gcc-11 -std=gnu11 -Wall -Wextra -g -O3 -march=native -ffast-math  -c core.c -o core.o
gcc-11 -std=gnu11 -Wall -Wextra -g -O3 -march=native -ffast-math  -c dendritas.c -o dendritas.o
gcc-11 -std=gnu11 -Wall -Wextra -g -O3 -march=native -ffast-math xoshiro.o core.o dendritas.o -o dendritas -lm
>>> Hay 1000 Li depositados. Progreso = 0 %.
>>> Hay 1205 Li depositados. Progreso = 6 %.
>>> Hay 1304 Li depositados. Progreso = 10 %.
>>> Hay 1413 Li depositados. Progreso = 13 %.
>>> Hay 1514 Li depositados. Progreso = 17 %.
>>> Hay 1621 Li depositados. Progreso = 20 %.
>>> Hay 1724 Li depositados. Progreso = 24 %.
>>> Hay 1844 Li depositados. Progreso = 28 %.
>>> Hay 1944 Li depositados. Progreso = 31 %.
>>> Hay 2038 Li depositados. Progreso = 34 %.
>>> Hay 2153 Li depositados. Progreso = 38 %.
>>> Hay 2260 Li depositados. Progreso = 42 %.
>>> Hay 2363 Li depositados. Progreso = 45 %.
>>> Hay 2475 Li depositados. Progreso = 49 %.
>>> Hay 2574 Li depositados. Progreso = 52 %.
>>> Hay 2679 Li depositados. Progreso = 55 %.
>>> Hay 2791 Li depositados. Progreso = 59 %.
>>> Hay 2891 Li depositados. Progreso = 63 %.
>>> Hay 2995 Li depositados. Progreso = 66 %.
>>> Hay 3096 Li depositados. Progreso = 69 %.
>>> Hay 3197 Li depositados. Progreso = 73 %.
>>> Hay 3289 Li depositados. Progreso = 76 %.
>>> Hay 3392 Li depositados. Progreso = 79 %.
>>> Hay 3496 Li depositados. Progreso = 83 %.
>>> Hay 3598 Li depositados. Progreso = 86 %.
>>> Hay 3714 Li depositados. Progreso = 90 %.
>>> Hay 3828 Li depositados. Progreso = 94 %.
>>> Hay 3932 Li depositados. Progreso = 97 %.
Hay un total de 4001 Li depositados (100 %).
Tiempo simulando = 277.216 ms
WALL TIME = 836.143047 s
PFLOPS = 1.065591

<<<<< FIN FLAGS -O3 -march=native -ffast-math
>>>>> INICIO FLAGS -O3 -march=native -funroll-loops
rm -f dendritas *.o .depend
gcc-11 -MM core.c dendritas.c xoshiro.c > .depend
gcc-11 -std=gnu11 -Wall -Wextra -g -O3 -march=native -funroll-loops  -c xoshiro.c -o xoshiro.o
gcc-11 -std=gnu11 -Wall -Wextra -g -O3 -march=native -funroll-loops  -c core.c -o core.o
gcc-11 -std=gnu11 -Wall -Wextra -g -O3 -march=native -funroll-loops  -c dendritas.c -o dendritas.o
gcc-11 -std=gnu11 -Wall -Wextra -g -O3 -march=native -funroll-loops xoshiro.o core.o dendritas.o -o dendritas -lm
>>> Hay 1000 Li depositados. Progreso = 0 %.
>>> Hay 1205 Li depositados. Progreso = 6 %.
>>> Hay 1304 Li depositados. Progreso = 10 %.
>>> Hay 1413 Li depositados. Progreso = 13 %.
>>> Hay 1514 Li depositados. Progreso = 17 %.
>>> Hay 1621 Li depositados. Progreso = 20 %.
>>> Hay 1724 Li depositados. Progreso = 24 %.
>>> Hay 1844 Li depositados. Progreso = 28 %.
>>> Hay 1944 Li depositados. Progreso = 31 %.
>>> Hay 2038 Li depositados. Progreso = 34 %.
>>> Hay 2153 Li depositados. Progreso = 38 %.
>>> Hay 2260 Li depositados. Progreso = 42 %.
>>> Hay 2363 Li depositados. Progreso = 45 %.
>>> Hay 2475 Li depositados. Progreso = 49 %.
>>> Hay 2574 Li depositados. Progreso = 52 %.
>>> Hay 2679 Li depositados. Progreso = 55 %.
>>> Hay 2791 Li depositados. Progreso = 59 %.
>>> Hay 2891 Li depositados. Progreso = 63 %.
>>> Hay 2995 Li depositados. Progreso = 66 %.
>>> Hay 3096 Li depositados. Progreso = 69 %.
>>> Hay 3197 Li depositados. Progreso = 73 %.
>>> Hay 3289 Li depositados. Progreso = 76 %.
>>> Hay 3397 Li depositados. Progreso = 79 %.
>>> Hay 3512 Li depositados. Progreso = 83 %.
>>> Hay 3618 Li depositados. Progreso = 87 %.
>>> Hay 3730 Li depositados. Progreso = 91 %.
>>> Hay 3844 Li depositados. Progreso = 94 %.
>>> Hay 3957 Li depositados. Progreso = 98 %.
Hay un total de 4002 Li depositados (100 %).
Tiempo simulando = 274.064 ms
WALL TIME = 816.096108 s
PFLOPS = 1.061781

<<<<< FIN FLAGS -O3 -march=native -funroll-loops
>>>>> INICIO FLAGS -O3 -march=native -floop-block
rm -f dendritas *.o .depend
gcc-11 -MM core.c dendritas.c xoshiro.c > .depend
gcc-11 -std=gnu11 -Wall -Wextra -g -O3 -march=native -floop-block  -c xoshiro.c -o xoshiro.o
gcc-11 -std=gnu11 -Wall -Wextra -g -O3 -march=native -floop-block  -c core.c -o core.o
gcc-11 -std=gnu11 -Wall -Wextra -g -O3 -march=native -floop-block  -c dendritas.c -o dendritas.o
gcc-11 -std=gnu11 -Wall -Wextra -g -O3 -march=native -floop-block xoshiro.o core.o dendritas.o -o dendritas -lm
>>> Hay 1000 Li depositados. Progreso = 0 %.
>>> Hay 1205 Li depositados. Progreso = 6 %.
>>> Hay 1304 Li depositados. Progreso = 10 %.
>>> Hay 1413 Li depositados. Progreso = 13 %.
>>> Hay 1514 Li depositados. Progreso = 17 %.
>>> Hay 1621 Li depositados. Progreso = 20 %.
>>> Hay 1724 Li depositados. Progreso = 24 %.
>>> Hay 1844 Li depositados. Progreso = 28 %.
>>> Hay 1944 Li depositados. Progreso = 31 %.
>>> Hay 2038 Li depositados. Progreso = 34 %.
>>> Hay 2153 Li depositados. Progreso = 38 %.
>>> Hay 2260 Li depositados. Progreso = 42 %.
>>> Hay 2363 Li depositados. Progreso = 45 %.
>>> Hay 2475 Li depositados. Progreso = 49 %.
>>> Hay 2574 Li depositados. Progreso = 52 %.
>>> Hay 2679 Li depositados. Progreso = 55 %.
>>> Hay 2791 Li depositados. Progreso = 59 %.
>>> Hay 2891 Li depositados. Progreso = 63 %.
>>> Hay 2995 Li depositados. Progreso = 66 %.
>>> Hay 3096 Li depositados. Progreso = 69 %.
>>> Hay 3197 Li depositados. Progreso = 73 %.
>>> Hay 3289 Li depositados. Progreso = 76 %.
>>> Hay 3397 Li depositados. Progreso = 79 %.
>>> Hay 3512 Li depositados. Progreso = 83 %.
>>> Hay 3618 Li depositados. Progreso = 87 %.
>>> Hay 3730 Li depositados. Progreso = 91 %.
>>> Hay 3844 Li depositados. Progreso = 94 %.
>>> Hay 3957 Li depositados. Progreso = 98 %.
Hay un total de 4002 Li depositados (100 %).
Tiempo simulando = 274.064 ms
WALL TIME = 811.271113 s
PFLOPS = 1.068125

<<<<< FIN FLAGS -O3 -march=native -floop-block
>>>>> INICIO FLAGS -O3 -march=native -ffast-math -funroll-loops
rm -f dendritas *.o .depend
gcc-11 -MM core.c dendritas.c xoshiro.c > .depend
gcc-11 -std=gnu11 -Wall -Wextra -g -O3 -march=native -ffast-math -funroll-loops  -c xoshiro.c -o xoshiro.o
gcc-11 -std=gnu11 -Wall -Wextra -g -O3 -march=native -ffast-math -funroll-loops  -c core.c -o core.o
gcc-11 -std=gnu11 -Wall -Wextra -g -O3 -march=native -ffast-math -funroll-loops  -c dendritas.c -o dendritas.o
gcc-11 -std=gnu11 -Wall -Wextra -g -O3 -march=native -ffast-math -funroll-loops xoshiro.o core.o dendritas.o -o dendritas -lm
>>> Hay 1000 Li depositados. Progreso = 0 %.
>>> Hay 1205 Li depositados. Progreso = 6 %.
>>> Hay 1304 Li depositados. Progreso = 10 %.
>>> Hay 1413 Li depositados. Progreso = 13 %.
>>> Hay 1514 Li depositados. Progreso = 17 %.
>>> Hay 1621 Li depositados. Progreso = 20 %.
>>> Hay 1724 Li depositados. Progreso = 24 %.
>>> Hay 1844 Li depositados. Progreso = 28 %.
>>> Hay 1944 Li depositados. Progreso = 31 %.
>>> Hay 2038 Li depositados. Progreso = 34 %.
>>> Hay 2153 Li depositados. Progreso = 38 %.
>>> Hay 2260 Li depositados. Progreso = 42 %.
>>> Hay 2363 Li depositados. Progreso = 45 %.
>>> Hay 2475 Li depositados. Progreso = 49 %.
>>> Hay 2574 Li depositados. Progreso = 52 %.
>>> Hay 2679 Li depositados. Progreso = 55 %.
>>> Hay 2791 Li depositados. Progreso = 59 %.
>>> Hay 2891 Li depositados. Progreso = 63 %.
>>> Hay 2995 Li depositados. Progreso = 66 %.
>>> Hay 3096 Li depositados. Progreso = 69 %.
>>> Hay 3197 Li depositados. Progreso = 73 %.
>>> Hay 3289 Li depositados. Progreso = 76 %.
>>> Hay 3392 Li depositados. Progreso = 79 %.
>>> Hay 3496 Li depositados. Progreso = 83 %.
>>> Hay 3598 Li depositados. Progreso = 86 %.
>>> Hay 3714 Li depositados. Progreso = 90 %.
>>> Hay 3828 Li depositados. Progreso = 94 %.
>>> Hay 3932 Li depositados. Progreso = 97 %.
Hay un total de 4001 Li depositados (100 %).
Tiempo simulando = 277.216 ms
WALL TIME = 838.167392 s
PFLOPS = 1.062028

<<<<< FIN FLAGS -O3 -march=native -ffast-math -funroll-loops
>>>>> INICIO FLAGS -O3 -march=native -ffast-math -floop-block
rm -f dendritas *.o .depend
gcc-11 -MM core.c dendritas.c xoshiro.c > .depend
gcc-11 -std=gnu11 -Wall -Wextra -g -O3 -march=native -ffast-math -floop-block  -c xoshiro.c -o xoshiro.o
gcc-11 -std=gnu11 -Wall -Wextra -g -O3 -march=native -ffast-math -floop-block  -c core.c -o core.o
gcc-11 -std=gnu11 -Wall -Wextra -g -O3 -march=native -ffast-math -floop-block  -c dendritas.c -o dendritas.o
gcc-11 -std=gnu11 -Wall -Wextra -g -O3 -march=native -ffast-math -floop-block xoshiro.o core.o dendritas.o -o dendritas -lm
>>> Hay 1000 Li depositados. Progreso = 0 %.
>>> Hay 1205 Li depositados. Progreso = 6 %.
>>> Hay 1304 Li depositados. Progreso = 10 %.
>>> Hay 1413 Li depositados. Progreso = 13 %.
>>> Hay 1514 Li depositados. Progreso = 17 %.
>>> Hay 1621 Li depositados. Progreso = 20 %.
>>> Hay 1724 Li depositados. Progreso = 24 %.
>>> Hay 1844 Li depositados. Progreso = 28 %.
>>> Hay 1944 Li depositados. Progreso = 31 %.
>>> Hay 2038 Li depositados. Progreso = 34 %.
>>> Hay 2153 Li depositados. Progreso = 38 %.
>>> Hay 2260 Li depositados. Progreso = 42 %.
>>> Hay 2363 Li depositados. Progreso = 45 %.
>>> Hay 2475 Li depositados. Progreso = 49 %.
>>> Hay 2574 Li depositados. Progreso = 52 %.
>>> Hay 2679 Li depositados. Progreso = 55 %.
>>> Hay 2791 Li depositados. Progreso = 59 %.
>>> Hay 2891 Li depositados. Progreso = 63 %.
>>> Hay 2995 Li depositados. Progreso = 66 %.
>>> Hay 3096 Li depositados. Progreso = 69 %.
>>> Hay 3197 Li depositados. Progreso = 73 %.
>>> Hay 3289 Li depositados. Progreso = 76 %.
>>> Hay 3392 Li depositados. Progreso = 79 %.
>>> Hay 3496 Li depositados. Progreso = 83 %.
>>> Hay 3598 Li depositados. Progreso = 86 %.
>>> Hay 3714 Li depositados. Progreso = 90 %.
>>> Hay 3828 Li depositados. Progreso = 94 %.
>>> Hay 3932 Li depositados. Progreso = 97 %.
Hay un total de 4001 Li depositados (100 %).
Tiempo simulando = 277.216 ms
WALL TIME = 835.774181 s
PFLOPS = 1.065377

<<<<< FIN FLAGS -O3 -march=native -ffast-math -floop-block
>>>>> INICIO FLAGS -O3 -march=native -funroll-loops -floop-block
rm -f dendritas *.o .depend
gcc-11 -MM core.c dendritas.c xoshiro.c > .depend
gcc-11 -std=gnu11 -Wall -Wextra -g -O3 -march=native -funroll-loops -floop-block  -c xoshiro.c -o xoshiro.o
gcc-11 -std=gnu11 -Wall -Wextra -g -O3 -march=native -funroll-loops -floop-block  -c core.c -o core.o
gcc-11 -std=gnu11 -Wall -Wextra -g -O3 -march=native -funroll-loops -floop-block  -c dendritas.c -o dendritas.o
gcc-11 -std=gnu11 -Wall -Wextra -g -O3 -march=native -funroll-loops -floop-block xoshiro.o core.o dendritas.o -o dendritas -lm
>>> Hay 1000 Li depositados. Progreso = 0 %.
>>> Hay 1205 Li depositados. Progreso = 6 %.
>>> Hay 1304 Li depositados. Progreso = 10 %.
>>> Hay 1413 Li depositados. Progreso = 13 %.
>>> Hay 1514 Li depositados. Progreso = 17 %.
>>> Hay 1621 Li depositados. Progreso = 20 %.
>>> Hay 1724 Li depositados. Progreso = 24 %.
>>> Hay 1844 Li depositados. Progreso = 28 %.
>>> Hay 1944 Li depositados. Progreso = 31 %.
>>> Hay 2038 Li depositados. Progreso = 34 %.
>>> Hay 2153 Li depositados. Progreso = 38 %.
>>> Hay 2260 Li depositados. Progreso = 42 %.
>>> Hay 2363 Li depositados. Progreso = 45 %.
>>> Hay 2475 Li depositados. Progreso = 49 %.
>>> Hay 2574 Li depositados. Progreso = 52 %.
>>> Hay 2679 Li depositados. Progreso = 55 %.
>>> Hay 2791 Li depositados. Progreso = 59 %.
>>> Hay 2891 Li depositados. Progreso = 63 %.
>>> Hay 2995 Li depositados. Progreso = 66 %.
>>> Hay 3096 Li depositados. Progreso = 69 %.
>>> Hay 3197 Li depositados. Progreso = 73 %.
>>> Hay 3289 Li depositados. Progreso = 76 %.
>>> Hay 3397 Li depositados. Progreso = 79 %.
>>> Hay 3512 Li depositados. Progreso = 83 %.
>>> Hay 3618 Li depositados. Progreso = 87 %.
>>> Hay 3730 Li depositados. Progreso = 91 %.
>>> Hay 3844 Li depositados. Progreso = 94 %.
>>> Hay 3957 Li depositados. Progreso = 98 %.
Hay un total de 4002 Li depositados (100 %).
Tiempo simulando = 274.064 ms
WALL TIME = 817.085904 s
PFLOPS = 1.060955

<<<<< FIN FLAGS -O3 -march=native -funroll-loops -floop-block
>>>>> INICIO FLAGS -O3 -march=native -ffast-math -funroll-loops -floop-block
rm -f dendritas *.o .depend
gcc-11 -MM core.c dendritas.c xoshiro.c > .depend
gcc-11 -std=gnu11 -Wall -Wextra -g -O3 -march=native -ffast-math -funroll-loops -floop-block  -c xoshiro.c -o xoshiro.o
gcc-11 -std=gnu11 -Wall -Wextra -g -O3 -march=native -ffast-math -funroll-loops -floop-block  -c core.c -o core.o
gcc-11 -std=gnu11 -Wall -Wextra -g -O3 -march=native -ffast-math -funroll-loops -floop-block  -c dendritas.c -o dendritas.o
gcc-11 -std=gnu11 -Wall -Wextra -g -O3 -march=native -ffast-math -funroll-loops -floop-block xoshiro.o core.o dendritas.o -o dendritas -lm
>>> Hay 1000 Li depositados. Progreso = 0 %.
>>> Hay 1205 Li depositados. Progreso = 6 %.
>>> Hay 1304 Li depositados. Progreso = 10 %.
>>> Hay 1413 Li depositados. Progreso = 13 %.
>>> Hay 1514 Li depositados. Progreso = 17 %.
>>> Hay 1621 Li depositados. Progreso = 20 %.
>>> Hay 1724 Li depositados. Progreso = 24 %.
>>> Hay 1844 Li depositados. Progreso = 28 %.
>>> Hay 1944 Li depositados. Progreso = 31 %.
>>> Hay 2038 Li depositados. Progreso = 34 %.
>>> Hay 2153 Li depositados. Progreso = 38 %.
>>> Hay 2260 Li depositados. Progreso = 42 %.
>>> Hay 2363 Li depositados. Progreso = 45 %.
>>> Hay 2475 Li depositados. Progreso = 49 %.
>>> Hay 2574 Li depositados. Progreso = 52 %.
>>> Hay 2679 Li depositados. Progreso = 55 %.
>>> Hay 2791 Li depositados. Progreso = 59 %.
>>> Hay 2891 Li depositados. Progreso = 63 %.
>>> Hay 2995 Li depositados. Progreso = 66 %.
>>> Hay 3096 Li depositados. Progreso = 69 %.
>>> Hay 3197 Li depositados. Progreso = 73 %.
>>> Hay 3289 Li depositados. Progreso = 76 %.
>>> Hay 3392 Li depositados. Progreso = 79 %.
>>> Hay 3496 Li depositados. Progreso = 83 %.
>>> Hay 3598 Li depositados. Progreso = 86 %.
>>> Hay 3714 Li depositados. Progreso = 90 %.
>>> Hay 3828 Li depositados. Progreso = 94 %.
>>> Hay 3932 Li depositados. Progreso = 97 %.
Hay un total de 4001 Li depositados (100 %).
Tiempo simulando = 277.216 ms
WALL TIME = 836.723963 s
PFLOPS = 1.063705

<<<<< FIN FLAGS -O3 -march=native -ffast-math -funroll-loops -floop-block
>>>>> INICIO FLAGS -Ofast
rm -f dendritas *.o .depend
gcc-11 -MM core.c dendritas.c xoshiro.c > .depend
gcc-11 -std=gnu11 -Wall -Wextra -g -Ofast  -c xoshiro.c -o xoshiro.o
gcc-11 -std=gnu11 -Wall -Wextra -g -Ofast  -c core.c -o core.o
gcc-11 -std=gnu11 -Wall -Wextra -g -Ofast  -c dendritas.c -o dendritas.o
gcc-11 -std=gnu11 -Wall -Wextra -g -Ofast xoshiro.o core.o dendritas.o -o dendritas -lm
>>> Hay 1000 Li depositados. Progreso = 0 %.
>>> Hay 1205 Li depositados. Progreso = 6 %.
>>> Hay 1304 Li depositados. Progreso = 10 %.
>>> Hay 1413 Li depositados. Progreso = 13 %.
>>> Hay 1514 Li depositados. Progreso = 17 %.
>>> Hay 1621 Li depositados. Progreso = 20 %.
>>> Hay 1724 Li depositados. Progreso = 24 %.
>>> Hay 1844 Li depositados. Progreso = 28 %.
>>> Hay 1944 Li depositados. Progreso = 31 %.
>>> Hay 2038 Li depositados. Progreso = 34 %.
>>> Hay 2153 Li depositados. Progreso = 38 %.
>>> Hay 2260 Li depositados. Progreso = 42 %.
>>> Hay 2363 Li depositados. Progreso = 45 %.
>>> Hay 2475 Li depositados. Progreso = 49 %.
>>> Hay 2574 Li depositados. Progreso = 52 %.
>>> Hay 2679 Li depositados. Progreso = 55 %.
>>> Hay 2791 Li depositados. Progreso = 59 %.
>>> Hay 2891 Li depositados. Progreso = 63 %.
>>> Hay 2995 Li depositados. Progreso = 66 %.
>>> Hay 3096 Li depositados. Progreso = 69 %.
>>> Hay 3197 Li depositados. Progreso = 73 %.
>>> Hay 3289 Li depositados. Progreso = 76 %.
>>> Hay 3392 Li depositados. Progreso = 79 %.
>>> Hay 3496 Li depositados. Progreso = 83 %.
>>> Hay 3598 Li depositados. Progreso = 86 %.
>>> Hay 3714 Li depositados. Progreso = 90 %.
>>> Hay 3828 Li depositados. Progreso = 94 %.
>>> Hay 3932 Li depositados. Progreso = 97 %.
Hay un total de 4001 Li depositados (100 %).
Tiempo simulando = 277.216 ms
WALL TIME = 980.556036 s
PFLOPS = 0.905691

<<<<< FIN FLAGS -Ofast
>>>>> INICIO FLAGS -Ofast -march=native
rm -f dendritas *.o .depend
gcc-11 -MM core.c dendritas.c xoshiro.c > .depend
gcc-11 -std=gnu11 -Wall -Wextra -g -Ofast -march=native  -c xoshiro.c -o xoshiro.o
gcc-11 -std=gnu11 -Wall -Wextra -g -Ofast -march=native  -c core.c -o core.o
gcc-11 -std=gnu11 -Wall -Wextra -g -Ofast -march=native  -c dendritas.c -o dendritas.o
gcc-11 -std=gnu11 -Wall -Wextra -g -Ofast -march=native xoshiro.o core.o dendritas.o -o dendritas -lm
>>> Hay 1000 Li depositados. Progreso = 0 %.
>>> Hay 1205 Li depositados. Progreso = 6 %.
>>> Hay 1304 Li depositados. Progreso = 10 %.
>>> Hay 1413 Li depositados. Progreso = 13 %.
>>> Hay 1514 Li depositados. Progreso = 17 %.
>>> Hay 1621 Li depositados. Progreso = 20 %.
>>> Hay 1724 Li depositados. Progreso = 24 %.
>>> Hay 1844 Li depositados. Progreso = 28 %.
>>> Hay 1944 Li depositados. Progreso = 31 %.
>>> Hay 2038 Li depositados. Progreso = 34 %.
>>> Hay 2153 Li depositados. Progreso = 38 %.
>>> Hay 2260 Li depositados. Progreso = 42 %.
>>> Hay 2363 Li depositados. Progreso = 45 %.
>>> Hay 2475 Li depositados. Progreso = 49 %.
>>> Hay 2574 Li depositados. Progreso = 52 %.
>>> Hay 2679 Li depositados. Progreso = 55 %.
>>> Hay 2791 Li depositados. Progreso = 59 %.
>>> Hay 2891 Li depositados. Progreso = 63 %.
>>> Hay 2995 Li depositados. Progreso = 66 %.
>>> Hay 3096 Li depositados. Progreso = 69 %.
>>> Hay 3197 Li depositados. Progreso = 73 %.
>>> Hay 3289 Li depositados. Progreso = 76 %.
>>> Hay 3392 Li depositados. Progreso = 79 %.
>>> Hay 3496 Li depositados. Progreso = 83 %.
>>> Hay 3598 Li depositados. Progreso = 86 %.
>>> Hay 3714 Li depositados. Progreso = 90 %.
>>> Hay 3828 Li depositados. Progreso = 94 %.
>>> Hay 3932 Li depositados. Progreso = 97 %.
Hay un total de 4001 Li depositados (100 %).
Tiempo simulando = 277.216 ms
WALL TIME = 836.691205 s
PFLOPS = 1.065415

<<<<< FIN FLAGS -Ofast -march=native
>>>>> INICIO FLAGS -Ofast -march=native -ffast-math
rm -f dendritas *.o .depend
gcc-11 -MM core.c dendritas.c xoshiro.c > .depend
gcc-11 -std=gnu11 -Wall -Wextra -g -Ofast -march=native -ffast-math  -c xoshiro.c -o xoshiro.o
gcc-11 -std=gnu11 -Wall -Wextra -g -Ofast -march=native -ffast-math  -c core.c -o core.o
gcc-11 -std=gnu11 -Wall -Wextra -g -Ofast -march=native -ffast-math  -c dendritas.c -o dendritas.o
gcc-11 -std=gnu11 -Wall -Wextra -g -Ofast -march=native -ffast-math xoshiro.o core.o dendritas.o -o dendritas -lm
>>> Hay 1000 Li depositados. Progreso = 0 %.
>>> Hay 1205 Li depositados. Progreso = 6 %.
>>> Hay 1304 Li depositados. Progreso = 10 %.
>>> Hay 1413 Li depositados. Progreso = 13 %.
>>> Hay 1514 Li depositados. Progreso = 17 %.
>>> Hay 1621 Li depositados. Progreso = 20 %.
>>> Hay 1724 Li depositados. Progreso = 24 %.
>>> Hay 1844 Li depositados. Progreso = 28 %.
>>> Hay 1944 Li depositados. Progreso = 31 %.
>>> Hay 2038 Li depositados. Progreso = 34 %.
>>> Hay 2153 Li depositados. Progreso = 38 %.
>>> Hay 2260 Li depositados. Progreso = 42 %.
>>> Hay 2363 Li depositados. Progreso = 45 %.
>>> Hay 2475 Li depositados. Progreso = 49 %.
>>> Hay 2574 Li depositados. Progreso = 52 %.
>>> Hay 2679 Li depositados. Progreso = 55 %.
>>> Hay 2791 Li depositados. Progreso = 59 %.
>>> Hay 2891 Li depositados. Progreso = 63 %.
>>> Hay 2995 Li depositados. Progreso = 66 %.
>>> Hay 3096 Li depositados. Progreso = 69 %.
>>> Hay 3197 Li depositados. Progreso = 73 %.
>>> Hay 3289 Li depositados. Progreso = 76 %.
>>> Hay 3392 Li depositados. Progreso = 79 %.
>>> Hay 3496 Li depositados. Progreso = 83 %.
>>> Hay 3598 Li depositados. Progreso = 86 %.
>>> Hay 3714 Li depositados. Progreso = 90 %.
>>> Hay 3828 Li depositados. Progreso = 94 %.
>>> Hay 3932 Li depositados. Progreso = 97 %.
Hay un total de 4001 Li depositados (100 %).
Tiempo simulando = 277.216 ms
WALL TIME = 835.259079 s
PFLOPS = 1.066954

<<<<< FIN FLAGS -Ofast -march=native -ffast-math
>>>>> INICIO FLAGS -Ofast -march=native -funroll-loops
rm -f dendritas *.o .depend
gcc-11 -MM core.c dendritas.c xoshiro.c > .depend
gcc-11 -std=gnu11 -Wall -Wextra -g -Ofast -march=native -funroll-loops  -c xoshiro.c -o xoshiro.o
gcc-11 -std=gnu11 -Wall -Wextra -g -Ofast -march=native -funroll-loops  -c core.c -o core.o
gcc-11 -std=gnu11 -Wall -Wextra -g -Ofast -march=native -funroll-loops  -c dendritas.c -o dendritas.o
gcc-11 -std=gnu11 -Wall -Wextra -g -Ofast -march=native -funroll-loops xoshiro.o core.o dendritas.o -o dendritas -lm
>>> Hay 1000 Li depositados. Progreso = 0 %.
>>> Hay 1205 Li depositados. Progreso = 6 %.
>>> Hay 1304 Li depositados. Progreso = 10 %.
>>> Hay 1413 Li depositados. Progreso = 13 %.
>>> Hay 1514 Li depositados. Progreso = 17 %.
>>> Hay 1621 Li depositados. Progreso = 20 %.
>>> Hay 1724 Li depositados. Progreso = 24 %.
>>> Hay 1844 Li depositados. Progreso = 28 %.
>>> Hay 1944 Li depositados. Progreso = 31 %.
>>> Hay 2038 Li depositados. Progreso = 34 %.
>>> Hay 2153 Li depositados. Progreso = 38 %.
>>> Hay 2260 Li depositados. Progreso = 42 %.
>>> Hay 2363 Li depositados. Progreso = 45 %.
>>> Hay 2475 Li depositados. Progreso = 49 %.
>>> Hay 2574 Li depositados. Progreso = 52 %.
>>> Hay 2679 Li depositados. Progreso = 55 %.
>>> Hay 2791 Li depositados. Progreso = 59 %.
>>> Hay 2891 Li depositados. Progreso = 63 %.
>>> Hay 2995 Li depositados. Progreso = 66 %.
>>> Hay 3096 Li depositados. Progreso = 69 %.
>>> Hay 3197 Li depositados. Progreso = 73 %.
>>> Hay 3289 Li depositados. Progreso = 76 %.
>>> Hay 3392 Li depositados. Progreso = 79 %.
>>> Hay 3496 Li depositados. Progreso = 83 %.
>>> Hay 3598 Li depositados. Progreso = 86 %.
>>> Hay 3714 Li depositados. Progreso = 90 %.
>>> Hay 3828 Li depositados. Progreso = 94 %.
>>> Hay 3932 Li depositados. Progreso = 97 %.
Hay un total de 4001 Li depositados (100 %).
Tiempo simulando = 277.216 ms
WALL TIME = 837.563269 s
PFLOPS = 1.064033

<<<<< FIN FLAGS -Ofast -march=native -funroll-loops
>>>>> INICIO FLAGS -Ofast -march=native -floop-block
rm -f dendritas *.o .depend
gcc-11 -MM core.c dendritas.c xoshiro.c > .depend
gcc-11 -std=gnu11 -Wall -Wextra -g -Ofast -march=native -floop-block  -c xoshiro.c -o xoshiro.o
gcc-11 -std=gnu11 -Wall -Wextra -g -Ofast -march=native -floop-block  -c core.c -o core.o
gcc-11 -std=gnu11 -Wall -Wextra -g -Ofast -march=native -floop-block  -c dendritas.c -o dendritas.o
gcc-11 -std=gnu11 -Wall -Wextra -g -Ofast -march=native -floop-block xoshiro.o core.o dendritas.o -o dendritas -lm
>>> Hay 1000 Li depositados. Progreso = 0 %.
>>> Hay 1205 Li depositados. Progreso = 6 %.
>>> Hay 1304 Li depositados. Progreso = 10 %.
>>> Hay 1413 Li depositados. Progreso = 13 %.
>>> Hay 1514 Li depositados. Progreso = 17 %.
>>> Hay 1621 Li depositados. Progreso = 20 %.
>>> Hay 1724 Li depositados. Progreso = 24 %.
>>> Hay 1844 Li depositados. Progreso = 28 %.
>>> Hay 1944 Li depositados. Progreso = 31 %.
>>> Hay 2038 Li depositados. Progreso = 34 %.
>>> Hay 2153 Li depositados. Progreso = 38 %.
>>> Hay 2260 Li depositados. Progreso = 42 %.
>>> Hay 2363 Li depositados. Progreso = 45 %.
>>> Hay 2475 Li depositados. Progreso = 49 %.
>>> Hay 2574 Li depositados. Progreso = 52 %.
>>> Hay 2679 Li depositados. Progreso = 55 %.
>>> Hay 2791 Li depositados. Progreso = 59 %.
>>> Hay 2891 Li depositados. Progreso = 63 %.
>>> Hay 2995 Li depositados. Progreso = 66 %.
>>> Hay 3096 Li depositados. Progreso = 69 %.
>>> Hay 3197 Li depositados. Progreso = 73 %.
>>> Hay 3289 Li depositados. Progreso = 76 %.
>>> Hay 3392 Li depositados. Progreso = 79 %.
>>> Hay 3496 Li depositados. Progreso = 83 %.
>>> Hay 3598 Li depositados. Progreso = 86 %.
>>> Hay 3714 Li depositados. Progreso = 90 %.
>>> Hay 3828 Li depositados. Progreso = 94 %.
>>> Hay 3932 Li depositados. Progreso = 97 %.
Hay un total de 4001 Li depositados (100 %).
Tiempo simulando = 277.216 ms
WALL TIME = 835.388574 s
PFLOPS = 1.066651

<<<<< FIN FLAGS -Ofast -march=native -floop-block
>>>>> INICIO FLAGS -Ofast -march=native -ffast-math -funroll-loops
rm -f dendritas *.o .depend
gcc-11 -MM core.c dendritas.c xoshiro.c > .depend
gcc-11 -std=gnu11 -Wall -Wextra -g -Ofast -march=native -ffast-math -funroll-loops  -c xoshiro.c -o xoshiro.o
gcc-11 -std=gnu11 -Wall -Wextra -g -Ofast -march=native -ffast-math -funroll-loops  -c core.c -o core.o
gcc-11 -std=gnu11 -Wall -Wextra -g -Ofast -march=native -ffast-math -funroll-loops  -c dendritas.c -o dendritas.o
gcc-11 -std=gnu11 -Wall -Wextra -g -Ofast -march=native -ffast-math -funroll-loops xoshiro.o core.o dendritas.o -o dendritas -lm
>>> Hay 1000 Li depositados. Progreso = 0 %.
>>> Hay 1205 Li depositados. Progreso = 6 %.
>>> Hay 1304 Li depositados. Progreso = 10 %.
>>> Hay 1413 Li depositados. Progreso = 13 %.
>>> Hay 1514 Li depositados. Progreso = 17 %.
>>> Hay 1621 Li depositados. Progreso = 20 %.
>>> Hay 1724 Li depositados. Progreso = 24 %.
>>> Hay 1844 Li depositados. Progreso = 28 %.
>>> Hay 1944 Li depositados. Progreso = 31 %.
>>> Hay 2038 Li depositados. Progreso = 34 %.
>>> Hay 2153 Li depositados. Progreso = 38 %.
>>> Hay 2260 Li depositados. Progreso = 42 %.
>>> Hay 2363 Li depositados. Progreso = 45 %.
>>> Hay 2475 Li depositados. Progreso = 49 %.
>>> Hay 2574 Li depositados. Progreso = 52 %.
>>> Hay 2679 Li depositados. Progreso = 55 %.
>>> Hay 2791 Li depositados. Progreso = 59 %.
>>> Hay 2891 Li depositados. Progreso = 63 %.
>>> Hay 2995 Li depositados. Progreso = 66 %.
>>> Hay 3096 Li depositados. Progreso = 69 %.
>>> Hay 3197 Li depositados. Progreso = 73 %.
>>> Hay 3289 Li depositados. Progreso = 76 %.
>>> Hay 3392 Li depositados. Progreso = 79 %.
>>> Hay 3496 Li depositados. Progreso = 83 %.
>>> Hay 3598 Li depositados. Progreso = 86 %.
>>> Hay 3714 Li depositados. Progreso = 90 %.
>>> Hay 3828 Li depositados. Progreso = 94 %.
>>> Hay 3932 Li depositados. Progreso = 97 %.
Hay un total de 4001 Li depositados (100 %).
Tiempo simulando = 277.216 ms
WALL TIME = 836.212118 s
PFLOPS = 1.063488

<<<<< FIN FLAGS -Ofast -march=native -ffast-math -funroll-loops
>>>>> INICIO FLAGS -Ofast -march=native -ffast-math -floop-block
rm -f dendritas *.o .depend
gcc-11 -MM core.c dendritas.c xoshiro.c > .depend
gcc-11 -std=gnu11 -Wall -Wextra -g -Ofast -march=native -ffast-math -floop-block  -c xoshiro.c -o xoshiro.o
gcc-11 -std=gnu11 -Wall -Wextra -g -Ofast -march=native -ffast-math -floop-block  -c core.c -o core.o
gcc-11 -std=gnu11 -Wall -Wextra -g -Ofast -march=native -ffast-math -floop-block  -c dendritas.c -o dendritas.o
gcc-11 -std=gnu11 -Wall -Wextra -g -Ofast -march=native -ffast-math -floop-block xoshiro.o core.o dendritas.o -o dendritas -lm
>>> Hay 1000 Li depositados. Progreso = 0 %.
>>> Hay 1205 Li depositados. Progreso = 6 %.
>>> Hay 1304 Li depositados. Progreso = 10 %.
>>> Hay 1413 Li depositados. Progreso = 13 %.
>>> Hay 1514 Li depositados. Progreso = 17 %.
>>> Hay 1621 Li depositados. Progreso = 20 %.
>>> Hay 1724 Li depositados. Progreso = 24 %.
>>> Hay 1844 Li depositados. Progreso = 28 %.
>>> Hay 1944 Li depositados. Progreso = 31 %.
>>> Hay 2038 Li depositados. Progreso = 34 %.
>>> Hay 2153 Li depositados. Progreso = 38 %.
>>> Hay 2260 Li depositados. Progreso = 42 %.
>>> Hay 2363 Li depositados. Progreso = 45 %.
>>> Hay 2475 Li depositados. Progreso = 49 %.
>>> Hay 2574 Li depositados. Progreso = 52 %.
>>> Hay 2679 Li depositados. Progreso = 55 %.
>>> Hay 2791 Li depositados. Progreso = 59 %.
>>> Hay 2891 Li depositados. Progreso = 63 %.
>>> Hay 2995 Li depositados. Progreso = 66 %.
>>> Hay 3096 Li depositados. Progreso = 69 %.
>>> Hay 3197 Li depositados. Progreso = 73 %.
>>> Hay 3289 Li depositados. Progreso = 76 %.
>>> Hay 3392 Li depositados. Progreso = 79 %.
>>> Hay 3496 Li depositados. Progreso = 83 %.
>>> Hay 3598 Li depositados. Progreso = 86 %.
>>> Hay 3714 Li depositados. Progreso = 90 %.
>>> Hay 3828 Li depositados. Progreso = 94 %.
>>> Hay 3932 Li depositados. Progreso = 97 %.
Hay un total de 4001 Li depositados (100 %).
Tiempo simulando = 277.216 ms
WALL TIME = 835.379906 s
PFLOPS = 1.066741

<<<<< FIN FLAGS -Ofast -march=native -ffast-math -floop-block
>>>>> INICIO FLAGS -Ofast -march=native -funroll-loops -floop-block
rm -f dendritas *.o .depend
gcc-11 -MM core.c dendritas.c xoshiro.c > .depend
gcc-11 -std=gnu11 -Wall -Wextra -g -Ofast -march=native -funroll-loops -floop-block  -c xoshiro.c -o xoshiro.o
gcc-11 -std=gnu11 -Wall -Wextra -g -Ofast -march=native -funroll-loops -floop-block  -c core.c -o core.o
gcc-11 -std=gnu11 -Wall -Wextra -g -Ofast -march=native -funroll-loops -floop-block  -c dendritas.c -o dendritas.o
gcc-11 -std=gnu11 -Wall -Wextra -g -Ofast -march=native -funroll-loops -floop-block xoshiro.o core.o dendritas.o -o dendritas -lm
>>> Hay 1000 Li depositados. Progreso = 0 %.
>>> Hay 1205 Li depositados. Progreso = 6 %.
>>> Hay 1304 Li depositados. Progreso = 10 %.
>>> Hay 1413 Li depositados. Progreso = 13 %.
>>> Hay 1514 Li depositados. Progreso = 17 %.
>>> Hay 1621 Li depositados. Progreso = 20 %.
>>> Hay 1724 Li depositados. Progreso = 24 %.
>>> Hay 1844 Li depositados. Progreso = 28 %.
>>> Hay 1944 Li depositados. Progreso = 31 %.
>>> Hay 2038 Li depositados. Progreso = 34 %.
>>> Hay 2153 Li depositados. Progreso = 38 %.
>>> Hay 2260 Li depositados. Progreso = 42 %.
>>> Hay 2363 Li depositados. Progreso = 45 %.
>>> Hay 2475 Li depositados. Progreso = 49 %.
>>> Hay 2574 Li depositados. Progreso = 52 %.
>>> Hay 2679 Li depositados. Progreso = 55 %.
>>> Hay 2791 Li depositados. Progreso = 59 %.
>>> Hay 2891 Li depositados. Progreso = 63 %.
>>> Hay 2995 Li depositados. Progreso = 66 %.
>>> Hay 3096 Li depositados. Progreso = 69 %.
>>> Hay 3197 Li depositados. Progreso = 73 %.
>>> Hay 3289 Li depositados. Progreso = 76 %.
>>> Hay 3392 Li depositados. Progreso = 79 %.
>>> Hay 3496 Li depositados. Progreso = 83 %.
>>> Hay 3598 Li depositados. Progreso = 86 %.
>>> Hay 3714 Li depositados. Progreso = 90 %.
>>> Hay 3828 Li depositados. Progreso = 94 %.
>>> Hay 3932 Li depositados. Progreso = 97 %.
Hay un total de 4001 Li depositados (100 %).
Tiempo simulando = 277.216 ms
WALL TIME = 835.866688 s
PFLOPS = 1.064372

<<<<< FIN FLAGS -Ofast -march=native -funroll-loops -floop-block
>>>>> INICIO FLAGS -Ofast -march=native -ffast-math -funroll-loops -floop-block
rm -f dendritas *.o .depend
gcc-11 -MM core.c dendritas.c xoshiro.c > .depend
gcc-11 -std=gnu11 -Wall -Wextra -g -Ofast -march=native -ffast-math -funroll-loops -floop-block  -c xoshiro.c -o xoshiro.o
gcc-11 -std=gnu11 -Wall -Wextra -g -Ofast -march=native -ffast-math -funroll-loops -floop-block  -c core.c -o core.o
gcc-11 -std=gnu11 -Wall -Wextra -g -Ofast -march=native -ffast-math -funroll-loops -floop-block  -c dendritas.c -o dendritas.o
gcc-11 -std=gnu11 -Wall -Wextra -g -Ofast -march=native -ffast-math -funroll-loops -floop-block xoshiro.o core.o dendritas.o -o dendritas -lm
>>> Hay 1000 Li depositados. Progreso = 0 %.
>>> Hay 1205 Li depositados. Progreso = 6 %.
>>> Hay 1304 Li depositados. Progreso = 10 %.
>>> Hay 1413 Li depositados. Progreso = 13 %.
>>> Hay 1514 Li depositados. Progreso = 17 %.
>>> Hay 1621 Li depositados. Progreso = 20 %.
>>> Hay 1724 Li depositados. Progreso = 24 %.
>>> Hay 1844 Li depositados. Progreso = 28 %.
>>> Hay 1944 Li depositados. Progreso = 31 %.
>>> Hay 2038 Li depositados. Progreso = 34 %.
>>> Hay 2153 Li depositados. Progreso = 38 %.
>>> Hay 2260 Li depositados. Progreso = 42 %.
>>> Hay 2363 Li depositados. Progreso = 45 %.
>>> Hay 2475 Li depositados. Progreso = 49 %.
>>> Hay 2574 Li depositados. Progreso = 52 %.
>>> Hay 2679 Li depositados. Progreso = 55 %.
>>> Hay 2791 Li depositados. Progreso = 59 %.
>>> Hay 2891 Li depositados. Progreso = 63 %.
>>> Hay 2995 Li depositados. Progreso = 66 %.
>>> Hay 3096 Li depositados. Progreso = 69 %.
>>> Hay 3197 Li depositados. Progreso = 73 %.
>>> Hay 3289 Li depositados. Progreso = 76 %.
>>> Hay 3392 Li depositados. Progreso = 79 %.
>>> Hay 3496 Li depositados. Progreso = 83 %.
>>> Hay 3598 Li depositados. Progreso = 86 %.
>>> Hay 3714 Li depositados. Progreso = 90 %.
>>> Hay 3828 Li depositados. Progreso = 94 %.
>>> Hay 3932 Li depositados. Progreso = 97 %.
Hay un total de 4001 Li depositados (100 %).
Tiempo simulando = 277.216 ms
WALL TIME = 838.478394 s
PFLOPS = 1.062646

<<<<< FIN FLAGS -Ofast -march=native -ffast-math -funroll-loops -floop-block
rm -f dendritas *.o .depend
