gcc-11 -MM core.c dendritas.c xoshiro.c > .depend
rm -f dendritas *.o .depend
gcc-11 -MM core.c dendritas.c xoshiro.c > .depend
gcc-11 -std=gnu11 -Wall -Wextra -g -O0  -c xoshiro.c -o xoshiro.o
gcc-11 -std=gnu11 -Wall -Wextra -g -O0  -c core.c -o core.o
gcc-11 -std=gnu11 -Wall -Wextra -g -O0  -c dendritas.c -o dendritas.o
gcc-11 -std=gnu11 -Wall -Wextra -g -O0 xoshiro.o core.o dendritas.o -o dendritas -lm
>>> Hay 1000 Li depositados. Progreso = 0 %.
>>> Hay 1205 Li depositados. Progreso = 6 %.
>>> Hay 1304 Li depositados. Progreso = 10 %.
>>> Hay 1413 Li depositados. Progreso = 13 %.
>>> Hay 1514 Li depositados. Progreso = 17 %.
>>> Hay 1621 Li depositados. Progreso = 20 %.
>>> Hay 1724 Li depositados. Progreso = 24 %.
>>> Hay 1844 Li depositados. Progreso = 28 %.
>>> Hay 1944 Li depositados. Progreso = 31 %.
>>> Hay 2038 Li depositados. Progreso = 34 %.
>>> Hay 2153 Li depositados. Progreso = 38 %.
>>> Hay 2260 Li depositados. Progreso = 42 %.
>>> Hay 2363 Li depositados. Progreso = 45 %.
>>> Hay 2475 Li depositados. Progreso = 49 %.
>>> Hay 2574 Li depositados. Progreso = 52 %.
>>> Hay 2679 Li depositados. Progreso = 55 %.
>>> Hay 2791 Li depositados. Progreso = 59 %.
>>> Hay 2891 Li depositados. Progreso = 63 %.
>>> Hay 2995 Li depositados. Progreso = 66 %.
>>> Hay 3096 Li depositados. Progreso = 69 %.
>>> Hay 3197 Li depositados. Progreso = 73 %.
>>> Hay 3289 Li depositados. Progreso = 76 %.
>>> Hay 3397 Li depositados. Progreso = 79 %.
>>> Hay 3512 Li depositados. Progreso = 83 %.
>>> Hay 3618 Li depositados. Progreso = 87 %.
>>> Hay 3730 Li depositados. Progreso = 91 %.
>>> Hay 3844 Li depositados. Progreso = 94 %.
>>> Hay 3957 Li depositados. Progreso = 98 %.
Hay un total de 4002 Li depositados (100 %).
Tiempo simulando = 274.064 ms
WALL TIME = 2668.994306 s
PFLOPS = 0.323757

rm -f dendritas *.o .depend
Corriendo con GCC-11
>>>>> INICIO FLAGS -O1
gcc-11 -MM core.c dendritas.c xoshiro.c > .depend
rm -f dendritas *.o .depend
gcc-11 -MM core.c dendritas.c xoshiro.c > .depend
gcc-11 -std=gnu11 -Wall -Wextra -g -O1  -c xoshiro.c -o xoshiro.o
gcc-11 -std=gnu11 -Wall -Wextra -g -O1  -c core.c -o core.o
gcc-11 -std=gnu11 -Wall -Wextra -g -O1  -c dendritas.c -o dendritas.o
gcc-11 -std=gnu11 -Wall -Wextra -g -O1 xoshiro.o core.o dendritas.o -o dendritas -lm
>>> Hay 1000 Li depositados. Progreso = 0 %.
>>> Hay 1205 Li depositados. Progreso = 6 %.
>>> Hay 1304 Li depositados. Progreso = 10 %.
>>> Hay 1413 Li depositados. Progreso = 13 %.
>>> Hay 1514 Li depositados. Progreso = 17 %.
>>> Hay 1621 Li depositados. Progreso = 20 %.
>>> Hay 1724 Li depositados. Progreso = 24 %.
>>> Hay 1844 Li depositados. Progreso = 28 %.
>>> Hay 1944 Li depositados. Progreso = 31 %.
>>> Hay 2038 Li depositados. Progreso = 34 %.
>>> Hay 2153 Li depositados. Progreso = 38 %.
>>> Hay 2260 Li depositados. Progreso = 42 %.
>>> Hay 2363 Li depositados. Progreso = 45 %.
>>> Hay 2475 Li depositados. Progreso = 49 %.
>>> Hay 2574 Li depositados. Progreso = 52 %.
>>> Hay 2679 Li depositados. Progreso = 55 %.
>>> Hay 2791 Li depositados. Progreso = 59 %.
>>> Hay 2891 Li depositados. Progreso = 63 %.
>>> Hay 2995 Li depositados. Progreso = 66 %.
>>> Hay 3096 Li depositados. Progreso = 69 %.
>>> Hay 3197 Li depositados. Progreso = 73 %.
>>> Hay 3289 Li depositados. Progreso = 76 %.
>>> Hay 3397 Li depositados. Progreso = 79 %.
>>> Hay 3512 Li depositados. Progreso = 83 %.
>>> Hay 3618 Li depositados. Progreso = 87 %.
>>> Hay 3730 Li depositados. Progreso = 91 %.
>>> Hay 3844 Li depositados. Progreso = 94 %.
>>> Hay 3957 Li depositados. Progreso = 98 %.
Hay un total de 4002 Li depositados (100 %).
Tiempo simulando = 274.064 ms
WALL TIME = 1526.354488 s
PFLOPS = 0.567363

<<<<< FIN FLAGS -O1
>>>>> INICIO FLAGS -O1 -march=native
rm -f dendritas *.o .depend
gcc-11 -MM core.c dendritas.c xoshiro.c > .depend
gcc-11 -std=gnu11 -Wall -Wextra -g -O1 -march=native  -c xoshiro.c -o xoshiro.o
gcc-11 -std=gnu11 -Wall -Wextra -g -O1 -march=native  -c core.c -o core.o
gcc-11 -std=gnu11 -Wall -Wextra -g -O1 -march=native  -c dendritas.c -o dendritas.o
gcc-11 -std=gnu11 -Wall -Wextra -g -O1 -march=native xoshiro.o core.o dendritas.o -o dendritas -lm
>>> Hay 1000 Li depositados. Progreso = 0 %.
>>> Hay 1205 Li depositados. Progreso = 6 %.
>>> Hay 1304 Li depositados. Progreso = 10 %.
>>> Hay 1413 Li depositados. Progreso = 13 %.
>>> Hay 1514 Li depositados. Progreso = 17 %.
>>> Hay 1621 Li depositados. Progreso = 20 %.
>>> Hay 1724 Li depositados. Progreso = 24 %.
>>> Hay 1844 Li depositados. Progreso = 28 %.
>>> Hay 1944 Li depositados. Progreso = 31 %.
>>> Hay 2038 Li depositados. Progreso = 34 %.
>>> Hay 2153 Li depositados. Progreso = 38 %.
>>> Hay 2260 Li depositados. Progreso = 42 %.
>>> Hay 2363 Li depositados. Progreso = 45 %.
>>> Hay 2475 Li depositados. Progreso = 49 %.
>>> Hay 2574 Li depositados. Progreso = 52 %.
>>> Hay 2679 Li depositados. Progreso = 55 %.
>>> Hay 2791 Li depositados. Progreso = 59 %.
>>> Hay 2891 Li depositados. Progreso = 63 %.
>>> Hay 2995 Li depositados. Progreso = 66 %.
>>> Hay 3096 Li depositados. Progreso = 69 %.
>>> Hay 3197 Li depositados. Progreso = 73 %.
>>> Hay 3289 Li depositados. Progreso = 76 %.
>>> Hay 3397 Li depositados. Progreso = 79 %.
>>> Hay 3512 Li depositados. Progreso = 83 %.
>>> Hay 3618 Li depositados. Progreso = 87 %.
>>> Hay 3730 Li depositados. Progreso = 91 %.
>>> Hay 3844 Li depositados. Progreso = 94 %.
>>> Hay 3957 Li depositados. Progreso = 98 %.
Hay un total de 4002 Li depositados (100 %).
Tiempo simulando = 274.064 ms
WALL TIME = 1522.146463 s
PFLOPS = 0.567549

<<<<< FIN FLAGS -O1 -march=native
>>>>> INICIO FLAGS -O1 -march=native -ffast-math
rm -f dendritas *.o .depend
gcc-11 -MM core.c dendritas.c xoshiro.c > .depend
gcc-11 -std=gnu11 -Wall -Wextra -g -O1 -march=native -ffast-math  -c xoshiro.c -o xoshiro.o
gcc-11 -std=gnu11 -Wall -Wextra -g -O1 -march=native -ffast-math  -c core.c -o core.o
gcc-11 -std=gnu11 -Wall -Wextra -g -O1 -march=native -ffast-math  -c dendritas.c -o dendritas.o
gcc-11 -std=gnu11 -Wall -Wextra -g -O1 -march=native -ffast-math xoshiro.o core.o dendritas.o -o dendritas -lm
>>> Hay 1000 Li depositados. Progreso = 0 %.
>>> Hay 1205 Li depositados. Progreso = 6 %.
>>> Hay 1304 Li depositados. Progreso = 10 %.
>>> Hay 1413 Li depositados. Progreso = 13 %.
>>> Hay 1514 Li depositados. Progreso = 17 %.
>>> Hay 1621 Li depositados. Progreso = 20 %.
>>> Hay 1724 Li depositados. Progreso = 24 %.
>>> Hay 1844 Li depositados. Progreso = 28 %.
>>> Hay 1944 Li depositados. Progreso = 31 %.
>>> Hay 2038 Li depositados. Progreso = 34 %.
>>> Hay 2153 Li depositados. Progreso = 38 %.
>>> Hay 2260 Li depositados. Progreso = 42 %.
>>> Hay 2363 Li depositados. Progreso = 45 %.
>>> Hay 2475 Li depositados. Progreso = 49 %.
>>> Hay 2574 Li depositados. Progreso = 52 %.
>>> Hay 2679 Li depositados. Progreso = 55 %.
>>> Hay 2791 Li depositados. Progreso = 59 %.
>>> Hay 2891 Li depositados. Progreso = 63 %.
>>> Hay 2995 Li depositados. Progreso = 66 %.
>>> Hay 3096 Li depositados. Progreso = 69 %.
>>> Hay 3197 Li depositados. Progreso = 73 %.
>>> Hay 3289 Li depositados. Progreso = 76 %.
>>> Hay 3392 Li depositados. Progreso = 79 %.
>>> Hay 3496 Li depositados. Progreso = 83 %.
>>> Hay 3598 Li depositados. Progreso = 86 %.
>>> Hay 3714 Li depositados. Progreso = 90 %.
>>> Hay 3828 Li depositados. Progreso = 94 %.
>>> Hay 3932 Li depositados. Progreso = 97 %.
Hay un total de 4001 Li depositados (100 %).
Tiempo simulando = 277.216 ms
WALL TIME = 1541.615034 s
PFLOPS = 0.573066

<<<<< FIN FLAGS -O1 -march=native -ffast-math
>>>>> INICIO FLAGS -O1 -march=native -funroll-loops
rm -f dendritas *.o .depend
gcc-11 -MM core.c dendritas.c xoshiro.c > .depend
gcc-11 -std=gnu11 -Wall -Wextra -g -O1 -march=native -funroll-loops  -c xoshiro.c -o xoshiro.o
gcc-11 -std=gnu11 -Wall -Wextra -g -O1 -march=native -funroll-loops  -c core.c -o core.o
gcc-11 -std=gnu11 -Wall -Wextra -g -O1 -march=native -funroll-loops  -c dendritas.c -o dendritas.o
gcc-11 -std=gnu11 -Wall -Wextra -g -O1 -march=native -funroll-loops xoshiro.o core.o dendritas.o -o dendritas -lm
>>> Hay 1000 Li depositados. Progreso = 0 %.
>>> Hay 1205 Li depositados. Progreso = 6 %.
>>> Hay 1304 Li depositados. Progreso = 10 %.
>>> Hay 1413 Li depositados. Progreso = 13 %.
>>> Hay 1514 Li depositados. Progreso = 17 %.
>>> Hay 1621 Li depositados. Progreso = 20 %.
>>> Hay 1724 Li depositados. Progreso = 24 %.
>>> Hay 1844 Li depositados. Progreso = 28 %.
>>> Hay 1944 Li depositados. Progreso = 31 %.
>>> Hay 2038 Li depositados. Progreso = 34 %.
>>> Hay 2153 Li depositados. Progreso = 38 %.
>>> Hay 2260 Li depositados. Progreso = 42 %.
>>> Hay 2363 Li depositados. Progreso = 45 %.
>>> Hay 2475 Li depositados. Progreso = 49 %.
>>> Hay 2574 Li depositados. Progreso = 52 %.
>>> Hay 2679 Li depositados. Progreso = 55 %.
>>> Hay 2791 Li depositados. Progreso = 59 %.
>>> Hay 2891 Li depositados. Progreso = 63 %.
>>> Hay 2995 Li depositados. Progreso = 66 %.
>>> Hay 3096 Li depositados. Progreso = 69 %.
>>> Hay 3197 Li depositados. Progreso = 73 %.
>>> Hay 3289 Li depositados. Progreso = 76 %.
>>> Hay 3397 Li depositados. Progreso = 79 %.
>>> Hay 3512 Li depositados. Progreso = 83 %.
>>> Hay 3618 Li depositados. Progreso = 87 %.
>>> Hay 3730 Li depositados. Progreso = 91 %.
>>> Hay 3844 Li depositados. Progreso = 94 %.
>>> Hay 3957 Li depositados. Progreso = 98 %.
Hay un total de 4002 Li depositados (100 %).
Tiempo simulando = 274.064 ms
WALL TIME = 1516.441439 s
PFLOPS = 0.568518

<<<<< FIN FLAGS -O1 -march=native -funroll-loops
>>>>> INICIO FLAGS -O1 -march=native -floop-block
rm -f dendritas *.o .depend
gcc-11 -MM core.c dendritas.c xoshiro.c > .depend
gcc-11 -std=gnu11 -Wall -Wextra -g -O1 -march=native -floop-block  -c xoshiro.c -o xoshiro.o
gcc-11 -std=gnu11 -Wall -Wextra -g -O1 -march=native -floop-block  -c core.c -o core.o
gcc-11 -std=gnu11 -Wall -Wextra -g -O1 -march=native -floop-block  -c dendritas.c -o dendritas.o
gcc-11 -std=gnu11 -Wall -Wextra -g -O1 -march=native -floop-block xoshiro.o core.o dendritas.o -o dendritas -lm
>>> Hay 1000 Li depositados. Progreso = 0 %.
>>> Hay 1205 Li depositados. Progreso = 6 %.
>>> Hay 1304 Li depositados. Progreso = 10 %.
>>> Hay 1413 Li depositados. Progreso = 13 %.
>>> Hay 1514 Li depositados. Progreso = 17 %.
>>> Hay 1621 Li depositados. Progreso = 20 %.
>>> Hay 1724 Li depositados. Progreso = 24 %.
>>> Hay 1844 Li depositados. Progreso = 28 %.
>>> Hay 1944 Li depositados. Progreso = 31 %.
>>> Hay 2038 Li depositados. Progreso = 34 %.
>>> Hay 2153 Li depositados. Progreso = 38 %.
>>> Hay 2260 Li depositados. Progreso = 42 %.
>>> Hay 2363 Li depositados. Progreso = 45 %.
>>> Hay 2475 Li depositados. Progreso = 49 %.
>>> Hay 2574 Li depositados. Progreso = 52 %.
>>> Hay 2679 Li depositados. Progreso = 55 %.
>>> Hay 2791 Li depositados. Progreso = 59 %.
>>> Hay 2891 Li depositados. Progreso = 63 %.
>>> Hay 2995 Li depositados. Progreso = 66 %.
>>> Hay 3096 Li depositados. Progreso = 69 %.
>>> Hay 3197 Li depositados. Progreso = 73 %.
>>> Hay 3289 Li depositados. Progreso = 76 %.
>>> Hay 3397 Li depositados. Progreso = 79 %.
>>> Hay 3512 Li depositados. Progreso = 83 %.
>>> Hay 3618 Li depositados. Progreso = 87 %.
>>> Hay 3730 Li depositados. Progreso = 91 %.
>>> Hay 3844 Li depositados. Progreso = 94 %.
>>> Hay 3957 Li depositados. Progreso = 98 %.
Hay un total de 4002 Li depositados (100 %).
Tiempo simulando = 274.064 ms
WALL TIME = 1496.591705 s
PFLOPS = 0.577054

<<<<< FIN FLAGS -O1 -march=native -floop-block
>>>>> INICIO FLAGS -O1 -march=native -ffast-math -funroll-loops
rm -f dendritas *.o .depend
gcc-11 -MM core.c dendritas.c xoshiro.c > .depend
gcc-11 -std=gnu11 -Wall -Wextra -g -O1 -march=native -ffast-math -funroll-loops  -c xoshiro.c -o xoshiro.o
gcc-11 -std=gnu11 -Wall -Wextra -g -O1 -march=native -ffast-math -funroll-loops  -c core.c -o core.o
gcc-11 -std=gnu11 -Wall -Wextra -g -O1 -march=native -ffast-math -funroll-loops  -c dendritas.c -o dendritas.o
gcc-11 -std=gnu11 -Wall -Wextra -g -O1 -march=native -ffast-math -funroll-loops xoshiro.o core.o dendritas.o -o dendritas -lm
>>> Hay 1000 Li depositados. Progreso = 0 %.
>>> Hay 1205 Li depositados. Progreso = 6 %.
>>> Hay 1304 Li depositados. Progreso = 10 %.
>>> Hay 1413 Li depositados. Progreso = 13 %.
>>> Hay 1514 Li depositados. Progreso = 17 %.
>>> Hay 1621 Li depositados. Progreso = 20 %.
>>> Hay 1724 Li depositados. Progreso = 24 %.
>>> Hay 1844 Li depositados. Progreso = 28 %.
>>> Hay 1944 Li depositados. Progreso = 31 %.
>>> Hay 2038 Li depositados. Progreso = 34 %.
>>> Hay 2153 Li depositados. Progreso = 38 %.
>>> Hay 2260 Li depositados. Progreso = 42 %.
>>> Hay 2363 Li depositados. Progreso = 45 %.
>>> Hay 2475 Li depositados. Progreso = 49 %.
>>> Hay 2574 Li depositados. Progreso = 52 %.
>>> Hay 2679 Li depositados. Progreso = 55 %.
>>> Hay 2791 Li depositados. Progreso = 59 %.
>>> Hay 2891 Li depositados. Progreso = 63 %.
>>> Hay 2995 Li depositados. Progreso = 66 %.
>>> Hay 3096 Li depositados. Progreso = 69 %.
>>> Hay 3197 Li depositados. Progreso = 73 %.
>>> Hay 3289 Li depositados. Progreso = 76 %.
>>> Hay 3392 Li depositados. Progreso = 79 %.
>>> Hay 3496 Li depositados. Progreso = 83 %.
>>> Hay 3598 Li depositados. Progreso = 86 %.
>>> Hay 3714 Li depositados. Progreso = 90 %.
>>> Hay 3828 Li depositados. Progreso = 94 %.
>>> Hay 3932 Li depositados. Progreso = 97 %.
Hay un total de 4001 Li depositados (100 %).
Tiempo simulando = 277.216 ms
WALL TIME = 1516.302386 s
PFLOPS = 0.584459

<<<<< FIN FLAGS -O1 -march=native -ffast-math -funroll-loops
>>>>> INICIO FLAGS -O1 -march=native -ffast-math -floop-block
rm -f dendritas *.o .depend
gcc-11 -MM core.c dendritas.c xoshiro.c > .depend
gcc-11 -std=gnu11 -Wall -Wextra -g -O1 -march=native -ffast-math -floop-block  -c xoshiro.c -o xoshiro.o
gcc-11 -std=gnu11 -Wall -Wextra -g -O1 -march=native -ffast-math -floop-block  -c core.c -o core.o
gcc-11 -std=gnu11 -Wall -Wextra -g -O1 -march=native -ffast-math -floop-block  -c dendritas.c -o dendritas.o
gcc-11 -std=gnu11 -Wall -Wextra -g -O1 -march=native -ffast-math -floop-block xoshiro.o core.o dendritas.o -o dendritas -lm
>>> Hay 1000 Li depositados. Progreso = 0 %.
>>> Hay 1205 Li depositados. Progreso = 6 %.
>>> Hay 1304 Li depositados. Progreso = 10 %.
>>> Hay 1413 Li depositados. Progreso = 13 %.
>>> Hay 1514 Li depositados. Progreso = 17 %.
>>> Hay 1621 Li depositados. Progreso = 20 %.
>>> Hay 1724 Li depositados. Progreso = 24 %.
>>> Hay 1844 Li depositados. Progreso = 28 %.
>>> Hay 1944 Li depositados. Progreso = 31 %.
>>> Hay 2038 Li depositados. Progreso = 34 %.
>>> Hay 2153 Li depositados. Progreso = 38 %.
>>> Hay 2260 Li depositados. Progreso = 42 %.
>>> Hay 2363 Li depositados. Progreso = 45 %.
>>> Hay 2475 Li depositados. Progreso = 49 %.
>>> Hay 2574 Li depositados. Progreso = 52 %.
>>> Hay 2679 Li depositados. Progreso = 55 %.
>>> Hay 2791 Li depositados. Progreso = 59 %.
>>> Hay 2891 Li depositados. Progreso = 63 %.
>>> Hay 2995 Li depositados. Progreso = 66 %.
>>> Hay 3096 Li depositados. Progreso = 69 %.
>>> Hay 3197 Li depositados. Progreso = 73 %.
>>> Hay 3289 Li depositados. Progreso = 76 %.
>>> Hay 3392 Li depositados. Progreso = 79 %.
>>> Hay 3496 Li depositados. Progreso = 83 %.
>>> Hay 3598 Li depositados. Progreso = 86 %.
>>> Hay 3714 Li depositados. Progreso = 90 %.
>>> Hay 3828 Li depositados. Progreso = 94 %.
>>> Hay 3932 Li depositados. Progreso = 97 %.
Hay un total de 4001 Li depositados (100 %).
Tiempo simulando = 277.216 ms
WALL TIME = 1571.280249 s
PFLOPS = 0.566538

<<<<< FIN FLAGS -O1 -march=native -ffast-math -floop-block
>>>>> INICIO FLAGS -O1 -march=native -funroll-loops -floop-block
rm -f dendritas *.o .depend
gcc-11 -MM core.c dendritas.c xoshiro.c > .depend
gcc-11 -std=gnu11 -Wall -Wextra -g -O1 -march=native -funroll-loops -floop-block  -c xoshiro.c -o xoshiro.o
gcc-11 -std=gnu11 -Wall -Wextra -g -O1 -march=native -funroll-loops -floop-block  -c core.c -o core.o
gcc-11 -std=gnu11 -Wall -Wextra -g -O1 -march=native -funroll-loops -floop-block  -c dendritas.c -o dendritas.o
gcc-11 -std=gnu11 -Wall -Wextra -g -O1 -march=native -funroll-loops -floop-block xoshiro.o core.o dendritas.o -o dendritas -lm
>>> Hay 1000 Li depositados. Progreso = 0 %.
>>> Hay 1205 Li depositados. Progreso = 6 %.
>>> Hay 1304 Li depositados. Progreso = 10 %.
>>> Hay 1413 Li depositados. Progreso = 13 %.
>>> Hay 1514 Li depositados. Progreso = 17 %.
>>> Hay 1621 Li depositados. Progreso = 20 %.
>>> Hay 1724 Li depositados. Progreso = 24 %.
>>> Hay 1844 Li depositados. Progreso = 28 %.
>>> Hay 1944 Li depositados. Progreso = 31 %.
>>> Hay 2038 Li depositados. Progreso = 34 %.
>>> Hay 2153 Li depositados. Progreso = 38 %.
>>> Hay 2260 Li depositados. Progreso = 42 %.
>>> Hay 2363 Li depositados. Progreso = 45 %.
>>> Hay 2475 Li depositados. Progreso = 49 %.
>>> Hay 2574 Li depositados. Progreso = 52 %.
>>> Hay 2679 Li depositados. Progreso = 55 %.
>>> Hay 2791 Li depositados. Progreso = 59 %.
>>> Hay 2891 Li depositados. Progreso = 63 %.
>>> Hay 2995 Li depositados. Progreso = 66 %.
>>> Hay 3096 Li depositados. Progreso = 69 %.
>>> Hay 3197 Li depositados. Progreso = 73 %.
>>> Hay 3289 Li depositados. Progreso = 76 %.
>>> Hay 3397 Li depositados. Progreso = 79 %.
>>> Hay 3512 Li depositados. Progreso = 83 %.
>>> Hay 3618 Li depositados. Progreso = 87 %.
>>> Hay 3730 Li depositados. Progreso = 91 %.
>>> Hay 3844 Li depositados. Progreso = 94 %.
>>> Hay 3957 Li depositados. Progreso = 98 %.
Hay un total de 4002 Li depositados (100 %).
Tiempo simulando = 274.064 ms
WALL TIME = 1510.762719 s
PFLOPS = 0.574193

<<<<< FIN FLAGS -O1 -march=native -funroll-loops -floop-block
>>>>> INICIO FLAGS -O1 -march=native -ffast-math -funroll-loops -floop-block
rm -f dendritas *.o .depend
gcc-11 -MM core.c dendritas.c xoshiro.c > .depend
gcc-11 -std=gnu11 -Wall -Wextra -g -O1 -march=native -ffast-math -funroll-loops -floop-block  -c xoshiro.c -o xoshiro.o
gcc-11 -std=gnu11 -Wall -Wextra -g -O1 -march=native -ffast-math -funroll-loops -floop-block  -c core.c -o core.o
gcc-11 -std=gnu11 -Wall -Wextra -g -O1 -march=native -ffast-math -funroll-loops -floop-block  -c dendritas.c -o dendritas.o
gcc-11 -std=gnu11 -Wall -Wextra -g -O1 -march=native -ffast-math -funroll-loops -floop-block xoshiro.o core.o dendritas.o -o dendritas -lm
>>> Hay 1000 Li depositados. Progreso = 0 %.
>>> Hay 1205 Li depositados. Progreso = 6 %.
>>> Hay 1304 Li depositados. Progreso = 10 %.
>>> Hay 1413 Li depositados. Progreso = 13 %.
>>> Hay 1514 Li depositados. Progreso = 17 %.
>>> Hay 1621 Li depositados. Progreso = 20 %.
>>> Hay 1724 Li depositados. Progreso = 24 %.
>>> Hay 1844 Li depositados. Progreso = 28 %.
>>> Hay 1944 Li depositados. Progreso = 31 %.
>>> Hay 2038 Li depositados. Progreso = 34 %.
>>> Hay 2153 Li depositados. Progreso = 38 %.
>>> Hay 2260 Li depositados. Progreso = 42 %.
>>> Hay 2363 Li depositados. Progreso = 45 %.
>>> Hay 2475 Li depositados. Progreso = 49 %.
>>> Hay 2574 Li depositados. Progreso = 52 %.
>>> Hay 2679 Li depositados. Progreso = 55 %.
>>> Hay 2791 Li depositados. Progreso = 59 %.
>>> Hay 2891 Li depositados. Progreso = 63 %.
>>> Hay 2995 Li depositados. Progreso = 66 %.
>>> Hay 3096 Li depositados. Progreso = 69 %.
>>> Hay 3197 Li depositados. Progreso = 73 %.
>>> Hay 3289 Li depositados. Progreso = 76 %.
>>> Hay 3392 Li depositados. Progreso = 79 %.
>>> Hay 3496 Li depositados. Progreso = 83 %.
>>> Hay 3598 Li depositados. Progreso = 86 %.
>>> Hay 3714 Li depositados. Progreso = 90 %.
>>> Hay 3828 Li depositados. Progreso = 94 %.
>>> Hay 3932 Li depositados. Progreso = 97 %.
Hay un total de 4001 Li depositados (100 %).
Tiempo simulando = 277.216 ms
WALL TIME = 1521.968328 s
PFLOPS = 0.583850

<<<<< FIN FLAGS -O1 -march=native -ffast-math -funroll-loops -floop-block
>>>>> INICIO FLAGS -O2
rm -f dendritas *.o .depend
gcc-11 -MM core.c dendritas.c xoshiro.c > .depend
gcc-11 -std=gnu11 -Wall -Wextra -g -O2  -c xoshiro.c -o xoshiro.o
gcc-11 -std=gnu11 -Wall -Wextra -g -O2  -c core.c -o core.o
gcc-11 -std=gnu11 -Wall -Wextra -g -O2  -c dendritas.c -o dendritas.o
gcc-11 -std=gnu11 -Wall -Wextra -g -O2 xoshiro.o core.o dendritas.o -o dendritas -lm
>>> Hay 1000 Li depositados. Progreso = 0 %.
>>> Hay 1205 Li depositados. Progreso = 6 %.
>>> Hay 1304 Li depositados. Progreso = 10 %.
>>> Hay 1413 Li depositados. Progreso = 13 %.
>>> Hay 1514 Li depositados. Progreso = 17 %.
>>> Hay 1621 Li depositados. Progreso = 20 %.
>>> Hay 1724 Li depositados. Progreso = 24 %.
>>> Hay 1844 Li depositados. Progreso = 28 %.
>>> Hay 1944 Li depositados. Progreso = 31 %.
>>> Hay 2038 Li depositados. Progreso = 34 %.
>>> Hay 2153 Li depositados. Progreso = 38 %.
>>> Hay 2260 Li depositados. Progreso = 42 %.
>>> Hay 2363 Li depositados. Progreso = 45 %.
>>> Hay 2475 Li depositados. Progreso = 49 %.
>>> Hay 2574 Li depositados. Progreso = 52 %.
>>> Hay 2679 Li depositados. Progreso = 55 %.
>>> Hay 2791 Li depositados. Progreso = 59 %.
>>> Hay 2891 Li depositados. Progreso = 63 %.
>>> Hay 2995 Li depositados. Progreso = 66 %.
>>> Hay 3096 Li depositados. Progreso = 69 %.
>>> Hay 3197 Li depositados. Progreso = 73 %.
>>> Hay 3289 Li depositados. Progreso = 76 %.
>>> Hay 3397 Li depositados. Progreso = 79 %.
>>> Hay 3512 Li depositados. Progreso = 83 %.
>>> Hay 3618 Li depositados. Progreso = 87 %.
>>> Hay 3730 Li depositados. Progreso = 91 %.
>>> Hay 3844 Li depositados. Progreso = 94 %.
>>> Hay 3957 Li depositados. Progreso = 98 %.
Hay un total de 4002 Li depositados (100 %).
Tiempo simulando = 274.064 ms
WALL TIME = 1025.196664 s
PFLOPS = 0.843388

<<<<< FIN FLAGS -O2
>>>>> INICIO FLAGS -O2 -march=native
rm -f dendritas *.o .depend
gcc-11 -MM core.c dendritas.c xoshiro.c > .depend
gcc-11 -std=gnu11 -Wall -Wextra -g -O2 -march=native  -c xoshiro.c -o xoshiro.o
gcc-11 -std=gnu11 -Wall -Wextra -g -O2 -march=native  -c core.c -o core.o
gcc-11 -std=gnu11 -Wall -Wextra -g -O2 -march=native  -c dendritas.c -o dendritas.o
gcc-11 -std=gnu11 -Wall -Wextra -g -O2 -march=native xoshiro.o core.o dendritas.o -o dendritas -lm
>>> Hay 1000 Li depositados. Progreso = 0 %.
>>> Hay 1205 Li depositados. Progreso = 6 %.
>>> Hay 1304 Li depositados. Progreso = 10 %.
>>> Hay 1413 Li depositados. Progreso = 13 %.
>>> Hay 1514 Li depositados. Progreso = 17 %.
>>> Hay 1621 Li depositados. Progreso = 20 %.
>>> Hay 1724 Li depositados. Progreso = 24 %.
>>> Hay 1844 Li depositados. Progreso = 28 %.
>>> Hay 1944 Li depositados. Progreso = 31 %.
>>> Hay 2038 Li depositados. Progreso = 34 %.
>>> Hay 2153 Li depositados. Progreso = 38 %.
>>> Hay 2260 Li depositados. Progreso = 42 %.
>>> Hay 2363 Li depositados. Progreso = 45 %.
>>> Hay 2475 Li depositados. Progreso = 49 %.
>>> Hay 2574 Li depositados. Progreso = 52 %.
>>> Hay 2679 Li depositados. Progreso = 55 %.
>>> Hay 2791 Li depositados. Progreso = 59 %.
>>> Hay 2891 Li depositados. Progreso = 63 %.
>>> Hay 2995 Li depositados. Progreso = 66 %.
>>> Hay 3096 Li depositados. Progreso = 69 %.
>>> Hay 3197 Li depositados. Progreso = 73 %.
>>> Hay 3289 Li depositados. Progreso = 76 %.
>>> Hay 3397 Li depositados. Progreso = 79 %.
>>> Hay 3512 Li depositados. Progreso = 83 %.
>>> Hay 3618 Li depositados. Progreso = 87 %.
>>> Hay 3730 Li depositados. Progreso = 91 %.
>>> Hay 3844 Li depositados. Progreso = 94 %.
>>> Hay 3957 Li depositados. Progreso = 98 %.
Hay un total de 4002 Li depositados (100 %).
Tiempo simulando = 274.064 ms
WALL TIME = 845.463334 s
PFLOPS = 1.026005

<<<<< FIN FLAGS -O2 -march=native
>>>>> INICIO FLAGS -O2 -march=native -ffast-math
rm -f dendritas *.o .depend
gcc-11 -MM core.c dendritas.c xoshiro.c > .depend
gcc-11 -std=gnu11 -Wall -Wextra -g -O2 -march=native -ffast-math  -c xoshiro.c -o xoshiro.o
gcc-11 -std=gnu11 -Wall -Wextra -g -O2 -march=native -ffast-math  -c core.c -o core.o
gcc-11 -std=gnu11 -Wall -Wextra -g -O2 -march=native -ffast-math  -c dendritas.c -o dendritas.o
gcc-11 -std=gnu11 -Wall -Wextra -g -O2 -march=native -ffast-math xoshiro.o core.o dendritas.o -o dendritas -lm
>>> Hay 1000 Li depositados. Progreso = 0 %.
>>> Hay 1205 Li depositados. Progreso = 6 %.
>>> Hay 1304 Li depositados. Progreso = 10 %.
>>> Hay 1413 Li depositados. Progreso = 13 %.
>>> Hay 1514 Li depositados. Progreso = 17 %.
>>> Hay 1621 Li depositados. Progreso = 20 %.
>>> Hay 1724 Li depositados. Progreso = 24 %.
>>> Hay 1844 Li depositados. Progreso = 28 %.
>>> Hay 1944 Li depositados. Progreso = 31 %.
>>> Hay 2038 Li depositados. Progreso = 34 %.
>>> Hay 2153 Li depositados. Progreso = 38 %.
>>> Hay 2260 Li depositados. Progreso = 42 %.
>>> Hay 2363 Li depositados. Progreso = 45 %.
>>> Hay 2475 Li depositados. Progreso = 49 %.
>>> Hay 2574 Li depositados. Progreso = 52 %.
>>> Hay 2679 Li depositados. Progreso = 55 %.
>>> Hay 2791 Li depositados. Progreso = 59 %.
>>> Hay 2891 Li depositados. Progreso = 63 %.
>>> Hay 2995 Li depositados. Progreso = 66 %.
>>> Hay 3096 Li depositados. Progreso = 69 %.
>>> Hay 3197 Li depositados. Progreso = 73 %.
>>> Hay 3289 Li depositados. Progreso = 76 %.
>>> Hay 3392 Li depositados. Progreso = 79 %.
>>> Hay 3496 Li depositados. Progreso = 83 %.
>>> Hay 3598 Li depositados. Progreso = 86 %.
>>> Hay 3714 Li depositados. Progreso = 90 %.
>>> Hay 3828 Li depositados. Progreso = 94 %.
>>> Hay 3932 Li depositados. Progreso = 97 %.
Hay un total de 4001 Li depositados (100 %).
Tiempo simulando = 277.216 ms
WALL TIME = 874.450207 s
PFLOPS = 1.014922

<<<<< FIN FLAGS -O2 -march=native -ffast-math
>>>>> INICIO FLAGS -O2 -march=native -funroll-loops
rm -f dendritas *.o .depend
gcc-11 -MM core.c dendritas.c xoshiro.c > .depend
gcc-11 -std=gnu11 -Wall -Wextra -g -O2 -march=native -funroll-loops  -c xoshiro.c -o xoshiro.o
gcc-11 -std=gnu11 -Wall -Wextra -g -O2 -march=native -funroll-loops  -c core.c -o core.o
gcc-11 -std=gnu11 -Wall -Wextra -g -O2 -march=native -funroll-loops  -c dendritas.c -o dendritas.o
gcc-11 -std=gnu11 -Wall -Wextra -g -O2 -march=native -funroll-loops xoshiro.o core.o dendritas.o -o dendritas -lm
>>> Hay 1000 Li depositados. Progreso = 0 %.
>>> Hay 1205 Li depositados. Progreso = 6 %.
>>> Hay 1304 Li depositados. Progreso = 10 %.
>>> Hay 1413 Li depositados. Progreso = 13 %.
>>> Hay 1514 Li depositados. Progreso = 17 %.
>>> Hay 1621 Li depositados. Progreso = 20 %.
>>> Hay 1724 Li depositados. Progreso = 24 %.
>>> Hay 1844 Li depositados. Progreso = 28 %.
>>> Hay 1944 Li depositados. Progreso = 31 %.
>>> Hay 2038 Li depositados. Progreso = 34 %.
>>> Hay 2153 Li depositados. Progreso = 38 %.
>>> Hay 2260 Li depositados. Progreso = 42 %.
>>> Hay 2363 Li depositados. Progreso = 45 %.
>>> Hay 2475 Li depositados. Progreso = 49 %.
>>> Hay 2574 Li depositados. Progreso = 52 %.
>>> Hay 2679 Li depositados. Progreso = 55 %.
>>> Hay 2791 Li depositados. Progreso = 59 %.
>>> Hay 2891 Li depositados. Progreso = 63 %.
>>> Hay 2995 Li depositados. Progreso = 66 %.
>>> Hay 3096 Li depositados. Progreso = 69 %.
>>> Hay 3197 Li depositados. Progreso = 73 %.
>>> Hay 3289 Li depositados. Progreso = 76 %.
>>> Hay 3397 Li depositados. Progreso = 79 %.
>>> Hay 3512 Li depositados. Progreso = 83 %.
>>> Hay 3618 Li depositados. Progreso = 87 %.
>>> Hay 3730 Li depositados. Progreso = 91 %.
>>> Hay 3844 Li depositados. Progreso = 94 %.
>>> Hay 3957 Li depositados. Progreso = 98 %.
Hay un total de 4002 Li depositados (100 %).
Tiempo simulando = 274.064 ms
WALL TIME = 845.314707 s
PFLOPS = 1.024163

<<<<< FIN FLAGS -O2 -march=native -funroll-loops
>>>>> INICIO FLAGS -O2 -march=native -floop-block
rm -f dendritas *.o .depend
gcc-11 -MM core.c dendritas.c xoshiro.c > .depend
gcc-11 -std=gnu11 -Wall -Wextra -g -O2 -march=native -floop-block  -c xoshiro.c -o xoshiro.o
gcc-11 -std=gnu11 -Wall -Wextra -g -O2 -march=native -floop-block  -c core.c -o core.o
gcc-11 -std=gnu11 -Wall -Wextra -g -O2 -march=native -floop-block  -c dendritas.c -o dendritas.o
gcc-11 -std=gnu11 -Wall -Wextra -g -O2 -march=native -floop-block xoshiro.o core.o dendritas.o -o dendritas -lm
>>> Hay 1000 Li depositados. Progreso = 0 %.
>>> Hay 1205 Li depositados. Progreso = 6 %.
>>> Hay 1304 Li depositados. Progreso = 10 %.
>>> Hay 1413 Li depositados. Progreso = 13 %.
>>> Hay 1514 Li depositados. Progreso = 17 %.
>>> Hay 1621 Li depositados. Progreso = 20 %.
>>> Hay 1724 Li depositados. Progreso = 24 %.
>>> Hay 1844 Li depositados. Progreso = 28 %.
>>> Hay 1944 Li depositados. Progreso = 31 %.
>>> Hay 2038 Li depositados. Progreso = 34 %.
>>> Hay 2153 Li depositados. Progreso = 38 %.
>>> Hay 2260 Li depositados. Progreso = 42 %.
>>> Hay 2363 Li depositados. Progreso = 45 %.
>>> Hay 2475 Li depositados. Progreso = 49 %.
>>> Hay 2574 Li depositados. Progreso = 52 %.
>>> Hay 2679 Li depositados. Progreso = 55 %.
>>> Hay 2791 Li depositados. Progreso = 59 %.
>>> Hay 2891 Li depositados. Progreso = 63 %.
>>> Hay 2995 Li depositados. Progreso = 66 %.
>>> Hay 3096 Li depositados. Progreso = 69 %.
>>> Hay 3197 Li depositados. Progreso = 73 %.
>>> Hay 3289 Li depositados. Progreso = 76 %.
>>> Hay 3397 Li depositados. Progreso = 79 %.
>>> Hay 3512 Li depositados. Progreso = 83 %.
>>> Hay 3618 Li depositados. Progreso = 87 %.
>>> Hay 3730 Li depositados. Progreso = 91 %.
>>> Hay 3844 Li depositados. Progreso = 94 %.
>>> Hay 3957 Li depositados. Progreso = 98 %.
Hay un total de 4002 Li depositados (100 %).
Tiempo simulando = 274.064 ms
WALL TIME = 855.923580 s
PFLOPS = 1.010762

<<<<< FIN FLAGS -O2 -march=native -floop-block
>>>>> INICIO FLAGS -O2 -march=native -ffast-math -funroll-loops
rm -f dendritas *.o .depend
gcc-11 -MM core.c dendritas.c xoshiro.c > .depend
gcc-11 -std=gnu11 -Wall -Wextra -g -O2 -march=native -ffast-math -funroll-loops  -c xoshiro.c -o xoshiro.o
gcc-11 -std=gnu11 -Wall -Wextra -g -O2 -march=native -ffast-math -funroll-loops  -c core.c -o core.o
gcc-11 -std=gnu11 -Wall -Wextra -g -O2 -march=native -ffast-math -funroll-loops  -c dendritas.c -o dendritas.o
gcc-11 -std=gnu11 -Wall -Wextra -g -O2 -march=native -ffast-math -funroll-loops xoshiro.o core.o dendritas.o -o dendritas -lm
>>> Hay 1000 Li depositados. Progreso = 0 %.
>>> Hay 1205 Li depositados. Progreso = 6 %.
>>> Hay 1304 Li depositados. Progreso = 10 %.
>>> Hay 1413 Li depositados. Progreso = 13 %.
>>> Hay 1514 Li depositados. Progreso = 17 %.
>>> Hay 1621 Li depositados. Progreso = 20 %.
>>> Hay 1724 Li depositados. Progreso = 24 %.
>>> Hay 1844 Li depositados. Progreso = 28 %.
>>> Hay 1944 Li depositados. Progreso = 31 %.
>>> Hay 2038 Li depositados. Progreso = 34 %.
>>> Hay 2153 Li depositados. Progreso = 38 %.
>>> Hay 2260 Li depositados. Progreso = 42 %.
>>> Hay 2363 Li depositados. Progreso = 45 %.
>>> Hay 2475 Li depositados. Progreso = 49 %.
>>> Hay 2574 Li depositados. Progreso = 52 %.
>>> Hay 2679 Li depositados. Progreso = 55 %.
>>> Hay 2791 Li depositados. Progreso = 59 %.
>>> Hay 2891 Li depositados. Progreso = 63 %.
>>> Hay 2995 Li depositados. Progreso = 66 %.
>>> Hay 3096 Li depositados. Progreso = 69 %.
>>> Hay 3197 Li depositados. Progreso = 73 %.
>>> Hay 3289 Li depositados. Progreso = 76 %.
>>> Hay 3392 Li depositados. Progreso = 79 %.
>>> Hay 3496 Li depositados. Progreso = 83 %.
>>> Hay 3598 Li depositados. Progreso = 86 %.
>>> Hay 3714 Li depositados. Progreso = 90 %.
>>> Hay 3828 Li depositados. Progreso = 94 %.
>>> Hay 3932 Li depositados. Progreso = 97 %.
Hay un total de 4001 Li depositados (100 %).
Tiempo simulando = 277.216 ms
WALL TIME = 856.344514 s
PFLOPS = 1.033186

<<<<< FIN FLAGS -O2 -march=native -ffast-math -funroll-loops
>>>>> INICIO FLAGS -O2 -march=native -ffast-math -floop-block
rm -f dendritas *.o .depend
gcc-11 -MM core.c dendritas.c xoshiro.c > .depend
gcc-11 -std=gnu11 -Wall -Wextra -g -O2 -march=native -ffast-math -floop-block  -c xoshiro.c -o xoshiro.o
gcc-11 -std=gnu11 -Wall -Wextra -g -O2 -march=native -ffast-math -floop-block  -c core.c -o core.o
gcc-11 -std=gnu11 -Wall -Wextra -g -O2 -march=native -ffast-math -floop-block  -c dendritas.c -o dendritas.o
gcc-11 -std=gnu11 -Wall -Wextra -g -O2 -march=native -ffast-math -floop-block xoshiro.o core.o dendritas.o -o dendritas -lm
>>> Hay 1000 Li depositados. Progreso = 0 %.
>>> Hay 1205 Li depositados. Progreso = 6 %.
>>> Hay 1304 Li depositados. Progreso = 10 %.
>>> Hay 1413 Li depositados. Progreso = 13 %.
>>> Hay 1514 Li depositados. Progreso = 17 %.
>>> Hay 1621 Li depositados. Progreso = 20 %.
>>> Hay 1724 Li depositados. Progreso = 24 %.
>>> Hay 1844 Li depositados. Progreso = 28 %.
>>> Hay 1944 Li depositados. Progreso = 31 %.
>>> Hay 2038 Li depositados. Progreso = 34 %.
>>> Hay 2153 Li depositados. Progreso = 38 %.
>>> Hay 2260 Li depositados. Progreso = 42 %.
>>> Hay 2363 Li depositados. Progreso = 45 %.
>>> Hay 2475 Li depositados. Progreso = 49 %.
>>> Hay 2574 Li depositados. Progreso = 52 %.
>>> Hay 2679 Li depositados. Progreso = 55 %.
>>> Hay 2791 Li depositados. Progreso = 59 %.
>>> Hay 2891 Li depositados. Progreso = 63 %.
>>> Hay 2995 Li depositados. Progreso = 66 %.
>>> Hay 3096 Li depositados. Progreso = 69 %.
>>> Hay 3197 Li depositados. Progreso = 73 %.
>>> Hay 3289 Li depositados. Progreso = 76 %.
>>> Hay 3392 Li depositados. Progreso = 79 %.
>>> Hay 3496 Li depositados. Progreso = 83 %.
>>> Hay 3598 Li depositados. Progreso = 86 %.
>>> Hay 3714 Li depositados. Progreso = 90 %.
>>> Hay 3828 Li depositados. Progreso = 94 %.
>>> Hay 3932 Li depositados. Progreso = 97 %.
Hay un total de 4001 Li depositados (100 %).
Tiempo simulando = 277.216 ms
WALL TIME = 865.509449 s
PFLOPS = 1.025307

<<<<< FIN FLAGS -O2 -march=native -ffast-math -floop-block
>>>>> INICIO FLAGS -O2 -march=native -funroll-loops -floop-block
rm -f dendritas *.o .depend
gcc-11 -MM core.c dendritas.c xoshiro.c > .depend
gcc-11 -std=gnu11 -Wall -Wextra -g -O2 -march=native -funroll-loops -floop-block  -c xoshiro.c -o xoshiro.o
gcc-11 -std=gnu11 -Wall -Wextra -g -O2 -march=native -funroll-loops -floop-block  -c core.c -o core.o
gcc-11 -std=gnu11 -Wall -Wextra -g -O2 -march=native -funroll-loops -floop-block  -c dendritas.c -o dendritas.o
gcc-11 -std=gnu11 -Wall -Wextra -g -O2 -march=native -funroll-loops -floop-block xoshiro.o core.o dendritas.o -o dendritas -lm
>>> Hay 1000 Li depositados. Progreso = 0 %.
>>> Hay 1205 Li depositados. Progreso = 6 %.
>>> Hay 1304 Li depositados. Progreso = 10 %.
>>> Hay 1413 Li depositados. Progreso = 13 %.
>>> Hay 1514 Li depositados. Progreso = 17 %.
>>> Hay 1621 Li depositados. Progreso = 20 %.
>>> Hay 1724 Li depositados. Progreso = 24 %.
>>> Hay 1844 Li depositados. Progreso = 28 %.
>>> Hay 1944 Li depositados. Progreso = 31 %.
>>> Hay 2038 Li depositados. Progreso = 34 %.
>>> Hay 2153 Li depositados. Progreso = 38 %.
>>> Hay 2260 Li depositados. Progreso = 42 %.
>>> Hay 2363 Li depositados. Progreso = 45 %.
>>> Hay 2475 Li depositados. Progreso = 49 %.
>>> Hay 2574 Li depositados. Progreso = 52 %.
>>> Hay 2679 Li depositados. Progreso = 55 %.
>>> Hay 2791 Li depositados. Progreso = 59 %.
>>> Hay 2891 Li depositados. Progreso = 63 %.
>>> Hay 2995 Li depositados. Progreso = 66 %.
>>> Hay 3096 Li depositados. Progreso = 69 %.
>>> Hay 3197 Li depositados. Progreso = 73 %.
>>> Hay 3289 Li depositados. Progreso = 76 %.
>>> Hay 3397 Li depositados. Progreso = 79 %.
>>> Hay 3512 Li depositados. Progreso = 83 %.
>>> Hay 3618 Li depositados. Progreso = 87 %.
>>> Hay 3730 Li depositados. Progreso = 91 %.
>>> Hay 3844 Li depositados. Progreso = 94 %.
>>> Hay 3957 Li depositados. Progreso = 98 %.
Hay un total de 4002 Li depositados (100 %).
Tiempo simulando = 274.064 ms
WALL TIME = 874.094943 s
PFLOPS = 0.999174

<<<<< FIN FLAGS -O2 -march=native -funroll-loops -floop-block
>>>>> INICIO FLAGS -O2 -march=native -ffast-math -funroll-loops -floop-block
rm -f dendritas *.o .depend
gcc-11 -MM core.c dendritas.c xoshiro.c > .depend
gcc-11 -std=gnu11 -Wall -Wextra -g -O2 -march=native -ffast-math -funroll-loops -floop-block  -c xoshiro.c -o xoshiro.o
gcc-11 -std=gnu11 -Wall -Wextra -g -O2 -march=native -ffast-math -funroll-loops -floop-block  -c core.c -o core.o
gcc-11 -std=gnu11 -Wall -Wextra -g -O2 -march=native -ffast-math -funroll-loops -floop-block  -c dendritas.c -o dendritas.o
gcc-11 -std=gnu11 -Wall -Wextra -g -O2 -march=native -ffast-math -funroll-loops -floop-block xoshiro.o core.o dendritas.o -o dendritas -lm
>>> Hay 1000 Li depositados. Progreso = 0 %.
>>> Hay 1205 Li depositados. Progreso = 6 %.
>>> Hay 1304 Li depositados. Progreso = 10 %.
>>> Hay 1413 Li depositados. Progreso = 13 %.
>>> Hay 1514 Li depositados. Progreso = 17 %.
>>> Hay 1621 Li depositados. Progreso = 20 %.
>>> Hay 1724 Li depositados. Progreso = 24 %.
>>> Hay 1844 Li depositados. Progreso = 28 %.
>>> Hay 1944 Li depositados. Progreso = 31 %.
>>> Hay 2038 Li depositados. Progreso = 34 %.
>>> Hay 2153 Li depositados. Progreso = 38 %.
>>> Hay 2260 Li depositados. Progreso = 42 %.
>>> Hay 2363 Li depositados. Progreso = 45 %.
>>> Hay 2475 Li depositados. Progreso = 49 %.
>>> Hay 2574 Li depositados. Progreso = 52 %.
>>> Hay 2679 Li depositados. Progreso = 55 %.
>>> Hay 2791 Li depositados. Progreso = 59 %.
>>> Hay 2891 Li depositados. Progreso = 63 %.
>>> Hay 2995 Li depositados. Progreso = 66 %.
>>> Hay 3096 Li depositados. Progreso = 69 %.
>>> Hay 3197 Li depositados. Progreso = 73 %.
>>> Hay 3289 Li depositados. Progreso = 76 %.
>>> Hay 3392 Li depositados. Progreso = 79 %.
>>> Hay 3496 Li depositados. Progreso = 83 %.
>>> Hay 3598 Li depositados. Progreso = 86 %.
>>> Hay 3714 Li depositados. Progreso = 90 %.
>>> Hay 3828 Li depositados. Progreso = 94 %.
>>> Hay 3932 Li depositados. Progreso = 97 %.
Hay un total de 4001 Li depositados (100 %).
Tiempo simulando = 277.216 ms
WALL TIME = 876.743954 s
PFLOPS = 1.013997

<<<<< FIN FLAGS -O2 -march=native -ffast-math -funroll-loops -floop-block
>>>>> INICIO FLAGS -O3
rm -f dendritas *.o .depend
gcc-11 -MM core.c dendritas.c xoshiro.c > .depend
gcc-11 -std=gnu11 -Wall -Wextra -g -O3  -c xoshiro.c -o xoshiro.o
gcc-11 -std=gnu11 -Wall -Wextra -g -O3  -c core.c -o core.o
gcc-11 -std=gnu11 -Wall -Wextra -g -O3  -c dendritas.c -o dendritas.o
gcc-11 -std=gnu11 -Wall -Wextra -g -O3 xoshiro.o core.o dendritas.o -o dendritas -lm
>>> Hay 1000 Li depositados. Progreso = 0 %.
>>> Hay 1205 Li depositados. Progreso = 6 %.
>>> Hay 1304 Li depositados. Progreso = 10 %.
>>> Hay 1413 Li depositados. Progreso = 13 %.
>>> Hay 1514 Li depositados. Progreso = 17 %.
>>> Hay 1621 Li depositados. Progreso = 20 %.
>>> Hay 1724 Li depositados. Progreso = 24 %.
>>> Hay 1844 Li depositados. Progreso = 28 %.
>>> Hay 1944 Li depositados. Progreso = 31 %.
>>> Hay 2038 Li depositados. Progreso = 34 %.
>>> Hay 2153 Li depositados. Progreso = 38 %.
>>> Hay 2260 Li depositados. Progreso = 42 %.
>>> Hay 2363 Li depositados. Progreso = 45 %.
>>> Hay 2475 Li depositados. Progreso = 49 %.
>>> Hay 2574 Li depositados. Progreso = 52 %.
>>> Hay 2679 Li depositados. Progreso = 55 %.
>>> Hay 2791 Li depositados. Progreso = 59 %.
>>> Hay 2891 Li depositados. Progreso = 63 %.
>>> Hay 2995 Li depositados. Progreso = 66 %.
>>> Hay 3096 Li depositados. Progreso = 69 %.
>>> Hay 3197 Li depositados. Progreso = 73 %.
>>> Hay 3289 Li depositados. Progreso = 76 %.
>>> Hay 3397 Li depositados. Progreso = 79 %.
>>> Hay 3512 Li depositados. Progreso = 83 %.
>>> Hay 3618 Li depositados. Progreso = 87 %.
>>> Hay 3730 Li depositados. Progreso = 91 %.
>>> Hay 3844 Li depositados. Progreso = 94 %.
>>> Hay 3957 Li depositados. Progreso = 98 %.
Hay un total de 4002 Li depositados (100 %).
Tiempo simulando = 274.064 ms
WALL TIME = 991.531963 s
PFLOPS = 0.877441

<<<<< FIN FLAGS -O3
>>>>> INICIO FLAGS -O3 -march=native
rm -f dendritas *.o .depend
gcc-11 -MM core.c dendritas.c xoshiro.c > .depend
gcc-11 -std=gnu11 -Wall -Wextra -g -O3 -march=native  -c xoshiro.c -o xoshiro.o
gcc-11 -std=gnu11 -Wall -Wextra -g -O3 -march=native  -c core.c -o core.o
gcc-11 -std=gnu11 -Wall -Wextra -g -O3 -march=native  -c dendritas.c -o dendritas.o
gcc-11 -std=gnu11 -Wall -Wextra -g -O3 -march=native xoshiro.o core.o dendritas.o -o dendritas -lm
>>> Hay 1000 Li depositados. Progreso = 0 %.
>>> Hay 1205 Li depositados. Progreso = 6 %.
>>> Hay 1304 Li depositados. Progreso = 10 %.
>>> Hay 1413 Li depositados. Progreso = 13 %.
>>> Hay 1514 Li depositados. Progreso = 17 %.
>>> Hay 1621 Li depositados. Progreso = 20 %.
>>> Hay 1724 Li depositados. Progreso = 24 %.
>>> Hay 1844 Li depositados. Progreso = 28 %.
>>> Hay 1944 Li depositados. Progreso = 31 %.
>>> Hay 2038 Li depositados. Progreso = 34 %.
>>> Hay 2153 Li depositados. Progreso = 38 %.
>>> Hay 2260 Li depositados. Progreso = 42 %.
>>> Hay 2363 Li depositados. Progreso = 45 %.
>>> Hay 2475 Li depositados. Progreso = 49 %.
>>> Hay 2574 Li depositados. Progreso = 52 %.
>>> Hay 2679 Li depositados. Progreso = 55 %.
>>> Hay 2791 Li depositados. Progreso = 59 %.
>>> Hay 2891 Li depositados. Progreso = 63 %.
>>> Hay 2995 Li depositados. Progreso = 66 %.
>>> Hay 3096 Li depositados. Progreso = 69 %.
>>> Hay 3197 Li depositados. Progreso = 73 %.
>>> Hay 3289 Li depositados. Progreso = 76 %.
>>> Hay 3397 Li depositados. Progreso = 79 %.
>>> Hay 3512 Li depositados. Progreso = 83 %.
>>> Hay 3618 Li depositados. Progreso = 87 %.
>>> Hay 3730 Li depositados. Progreso = 91 %.
>>> Hay 3844 Li depositados. Progreso = 94 %.
>>> Hay 3957 Li depositados. Progreso = 98 %.
Hay un total de 4002 Li depositados (100 %).
Tiempo simulando = 274.064 ms
WALL TIME = 833.867401 s
PFLOPS = 1.045078

<<<<< FIN FLAGS -O3 -march=native
>>>>> INICIO FLAGS -O3 -march=native -ffast-math
rm -f dendritas *.o .depend
gcc-11 -MM core.c dendritas.c xoshiro.c > .depend
gcc-11 -std=gnu11 -Wall -Wextra -g -O3 -march=native -ffast-math  -c xoshiro.c -o xoshiro.o
gcc-11 -std=gnu11 -Wall -Wextra -g -O3 -march=native -ffast-math  -c core.c -o core.o
gcc-11 -std=gnu11 -Wall -Wextra -g -O3 -march=native -ffast-math  -c dendritas.c -o dendritas.o
gcc-11 -std=gnu11 -Wall -Wextra -g -O3 -march=native -ffast-math xoshiro.o core.o dendritas.o -o dendritas -lm
>>> Hay 1000 Li depositados. Progreso = 0 %.
>>> Hay 1205 Li depositados. Progreso = 6 %.
>>> Hay 1304 Li depositados. Progreso = 10 %.
>>> Hay 1413 Li depositados. Progreso = 13 %.
>>> Hay 1514 Li depositados. Progreso = 17 %.
>>> Hay 1621 Li depositados. Progreso = 20 %.
>>> Hay 1724 Li depositados. Progreso = 24 %.
>>> Hay 1844 Li depositados. Progreso = 28 %.
>>> Hay 1944 Li depositados. Progreso = 31 %.
>>> Hay 2038 Li depositados. Progreso = 34 %.
>>> Hay 2153 Li depositados. Progreso = 38 %.
>>> Hay 2260 Li depositados. Progreso = 42 %.
>>> Hay 2363 Li depositados. Progreso = 45 %.
>>> Hay 2475 Li depositados. Progreso = 49 %.
>>> Hay 2574 Li depositados. Progreso = 52 %.
>>> Hay 2679 Li depositados. Progreso = 55 %.
>>> Hay 2791 Li depositados. Progreso = 59 %.
>>> Hay 2891 Li depositados. Progreso = 63 %.
>>> Hay 2995 Li depositados. Progreso = 66 %.
>>> Hay 3096 Li depositados. Progreso = 69 %.
>>> Hay 3197 Li depositados. Progreso = 73 %.
>>> Hay 3289 Li depositados. Progreso = 76 %.
>>> Hay 3392 Li depositados. Progreso = 79 %.
>>> Hay 3496 Li depositados. Progreso = 83 %.
>>> Hay 3598 Li depositados. Progreso = 86 %.
>>> Hay 3714 Li depositados. Progreso = 90 %.
>>> Hay 3828 Li depositados. Progreso = 94 %.
>>> Hay 3932 Li depositados. Progreso = 97 %.
Hay un total de 4001 Li depositados (100 %).
Tiempo simulando = 277.216 ms
WALL TIME = 855.083741 s
PFLOPS = 1.048846

<<<<< FIN FLAGS -O3 -march=native -ffast-math
>>>>> INICIO FLAGS -O3 -march=native -funroll-loops
rm -f dendritas *.o .depend
gcc-11 -MM core.c dendritas.c xoshiro.c > .depend
gcc-11 -std=gnu11 -Wall -Wextra -g -O3 -march=native -funroll-loops  -c xoshiro.c -o xoshiro.o
gcc-11 -std=gnu11 -Wall -Wextra -g -O3 -march=native -funroll-loops  -c core.c -o core.o
gcc-11 -std=gnu11 -Wall -Wextra -g -O3 -march=native -funroll-loops  -c dendritas.c -o dendritas.o
gcc-11 -std=gnu11 -Wall -Wextra -g -O3 -march=native -funroll-loops xoshiro.o core.o dendritas.o -o dendritas -lm
>>> Hay 1000 Li depositados. Progreso = 0 %.
>>> Hay 1205 Li depositados. Progreso = 6 %.
>>> Hay 1304 Li depositados. Progreso = 10 %.
>>> Hay 1413 Li depositados. Progreso = 13 %.
>>> Hay 1514 Li depositados. Progreso = 17 %.
>>> Hay 1621 Li depositados. Progreso = 20 %.
>>> Hay 1724 Li depositados. Progreso = 24 %.
>>> Hay 1844 Li depositados. Progreso = 28 %.
>>> Hay 1944 Li depositados. Progreso = 31 %.
>>> Hay 2038 Li depositados. Progreso = 34 %.
>>> Hay 2153 Li depositados. Progreso = 38 %.
>>> Hay 2260 Li depositados. Progreso = 42 %.
>>> Hay 2363 Li depositados. Progreso = 45 %.
>>> Hay 2475 Li depositados. Progreso = 49 %.
>>> Hay 2574 Li depositados. Progreso = 52 %.
>>> Hay 2679 Li depositados. Progreso = 55 %.
>>> Hay 2791 Li depositados. Progreso = 59 %.
>>> Hay 2891 Li depositados. Progreso = 63 %.
>>> Hay 2995 Li depositados. Progreso = 66 %.
>>> Hay 3096 Li depositados. Progreso = 69 %.
>>> Hay 3197 Li depositados. Progreso = 73 %.
>>> Hay 3289 Li depositados. Progreso = 76 %.
>>> Hay 3397 Li depositados. Progreso = 79 %.
>>> Hay 3512 Li depositados. Progreso = 83 %.
>>> Hay 3618 Li depositados. Progreso = 87 %.
>>> Hay 3730 Li depositados. Progreso = 91 %.
>>> Hay 3844 Li depositados. Progreso = 94 %.
>>> Hay 3957 Li depositados. Progreso = 98 %.
Hay un total de 4002 Li depositados (100 %).
Tiempo simulando = 274.064 ms
WALL TIME = 840.144546 s
PFLOPS = 1.034327

<<<<< FIN FLAGS -O3 -march=native -funroll-loops
>>>>> INICIO FLAGS -O3 -march=native -floop-block
rm -f dendritas *.o .depend
gcc-11 -MM core.c dendritas.c xoshiro.c > .depend
gcc-11 -std=gnu11 -Wall -Wextra -g -O3 -march=native -floop-block  -c xoshiro.c -o xoshiro.o
gcc-11 -std=gnu11 -Wall -Wextra -g -O3 -march=native -floop-block  -c core.c -o core.o
gcc-11 -std=gnu11 -Wall -Wextra -g -O3 -march=native -floop-block  -c dendritas.c -o dendritas.o
gcc-11 -std=gnu11 -Wall -Wextra -g -O3 -march=native -floop-block xoshiro.o core.o dendritas.o -o dendritas -lm
>>> Hay 1000 Li depositados. Progreso = 0 %.
>>> Hay 1205 Li depositados. Progreso = 6 %.
>>> Hay 1304 Li depositados. Progreso = 10 %.
>>> Hay 1413 Li depositados. Progreso = 13 %.
>>> Hay 1514 Li depositados. Progreso = 17 %.
>>> Hay 1621 Li depositados. Progreso = 20 %.
>>> Hay 1724 Li depositados. Progreso = 24 %.
>>> Hay 1844 Li depositados. Progreso = 28 %.
>>> Hay 1944 Li depositados. Progreso = 31 %.
>>> Hay 2038 Li depositados. Progreso = 34 %.
>>> Hay 2153 Li depositados. Progreso = 38 %.
>>> Hay 2260 Li depositados. Progreso = 42 %.
>>> Hay 2363 Li depositados. Progreso = 45 %.
>>> Hay 2475 Li depositados. Progreso = 49 %.
>>> Hay 2574 Li depositados. Progreso = 52 %.
>>> Hay 2679 Li depositados. Progreso = 55 %.
>>> Hay 2791 Li depositados. Progreso = 59 %.
>>> Hay 2891 Li depositados. Progreso = 63 %.
>>> Hay 2995 Li depositados. Progreso = 66 %.
>>> Hay 3096 Li depositados. Progreso = 69 %.
>>> Hay 3197 Li depositados. Progreso = 73 %.
>>> Hay 3289 Li depositados. Progreso = 76 %.
>>> Hay 3397 Li depositados. Progreso = 79 %.
>>> Hay 3512 Li depositados. Progreso = 83 %.
>>> Hay 3618 Li depositados. Progreso = 87 %.
>>> Hay 3730 Li depositados. Progreso = 91 %.
>>> Hay 3844 Li depositados. Progreso = 94 %.
>>> Hay 3957 Li depositados. Progreso = 98 %.
Hay un total de 4002 Li depositados (100 %).
Tiempo simulando = 274.064 ms
WALL TIME = 830.307794 s
PFLOPS = 1.037630

<<<<< FIN FLAGS -O3 -march=native -floop-block
>>>>> INICIO FLAGS -O3 -march=native -ffast-math -funroll-loops
rm -f dendritas *.o .depend
gcc-11 -MM core.c dendritas.c xoshiro.c > .depend
gcc-11 -std=gnu11 -Wall -Wextra -g -O3 -march=native -ffast-math -funroll-loops  -c xoshiro.c -o xoshiro.o
gcc-11 -std=gnu11 -Wall -Wextra -g -O3 -march=native -ffast-math -funroll-loops  -c core.c -o core.o
gcc-11 -std=gnu11 -Wall -Wextra -g -O3 -march=native -ffast-math -funroll-loops  -c dendritas.c -o dendritas.o
gcc-11 -std=gnu11 -Wall -Wextra -g -O3 -march=native -ffast-math -funroll-loops xoshiro.o core.o dendritas.o -o dendritas -lm
>>> Hay 1000 Li depositados. Progreso = 0 %.
>>> Hay 1205 Li depositados. Progreso = 6 %.
>>> Hay 1304 Li depositados. Progreso = 10 %.
>>> Hay 1413 Li depositados. Progreso = 13 %.
>>> Hay 1514 Li depositados. Progreso = 17 %.
>>> Hay 1621 Li depositados. Progreso = 20 %.
>>> Hay 1724 Li depositados. Progreso = 24 %.
>>> Hay 1844 Li depositados. Progreso = 28 %.
>>> Hay 1944 Li depositados. Progreso = 31 %.
>>> Hay 2038 Li depositados. Progreso = 34 %.
>>> Hay 2153 Li depositados. Progreso = 38 %.
>>> Hay 2260 Li depositados. Progreso = 42 %.
>>> Hay 2363 Li depositados. Progreso = 45 %.
>>> Hay 2475 Li depositados. Progreso = 49 %.
>>> Hay 2574 Li depositados. Progreso = 52 %.
>>> Hay 2679 Li depositados. Progreso = 55 %.
>>> Hay 2791 Li depositados. Progreso = 59 %.
>>> Hay 2891 Li depositados. Progreso = 63 %.
>>> Hay 2995 Li depositados. Progreso = 66 %.
>>> Hay 3096 Li depositados. Progreso = 69 %.
>>> Hay 3197 Li depositados. Progreso = 73 %.
>>> Hay 3289 Li depositados. Progreso = 76 %.
>>> Hay 3392 Li depositados. Progreso = 79 %.
>>> Hay 3496 Li depositados. Progreso = 83 %.
>>> Hay 3598 Li depositados. Progreso = 86 %.
>>> Hay 3714 Li depositados. Progreso = 90 %.
>>> Hay 3828 Li depositados. Progreso = 94 %.
>>> Hay 3932 Li depositados. Progreso = 97 %.
Hay un total de 4001 Li depositados (100 %).
Tiempo simulando = 277.216 ms
WALL TIME = 871.381602 s
PFLOPS = 1.019435

<<<<< FIN FLAGS -O3 -march=native -ffast-math -funroll-loops
>>>>> INICIO FLAGS -O3 -march=native -ffast-math -floop-block
rm -f dendritas *.o .depend
gcc-11 -MM core.c dendritas.c xoshiro.c > .depend
gcc-11 -std=gnu11 -Wall -Wextra -g -O3 -march=native -ffast-math -floop-block  -c xoshiro.c -o xoshiro.o
gcc-11 -std=gnu11 -Wall -Wextra -g -O3 -march=native -ffast-math -floop-block  -c core.c -o core.o
gcc-11 -std=gnu11 -Wall -Wextra -g -O3 -march=native -ffast-math -floop-block  -c dendritas.c -o dendritas.o
gcc-11 -std=gnu11 -Wall -Wextra -g -O3 -march=native -ffast-math -floop-block xoshiro.o core.o dendritas.o -o dendritas -lm
>>> Hay 1000 Li depositados. Progreso = 0 %.
>>> Hay 1205 Li depositados. Progreso = 6 %.
>>> Hay 1304 Li depositados. Progreso = 10 %.
>>> Hay 1413 Li depositados. Progreso = 13 %.
>>> Hay 1514 Li depositados. Progreso = 17 %.
>>> Hay 1621 Li depositados. Progreso = 20 %.
>>> Hay 1724 Li depositados. Progreso = 24 %.
>>> Hay 1844 Li depositados. Progreso = 28 %.
>>> Hay 1944 Li depositados. Progreso = 31 %.
>>> Hay 2038 Li depositados. Progreso = 34 %.
>>> Hay 2153 Li depositados. Progreso = 38 %.
>>> Hay 2260 Li depositados. Progreso = 42 %.
>>> Hay 2363 Li depositados. Progreso = 45 %.
>>> Hay 2475 Li depositados. Progreso = 49 %.
>>> Hay 2574 Li depositados. Progreso = 52 %.
>>> Hay 2679 Li depositados. Progreso = 55 %.
>>> Hay 2791 Li depositados. Progreso = 59 %.
>>> Hay 2891 Li depositados. Progreso = 63 %.
>>> Hay 2995 Li depositados. Progreso = 66 %.
>>> Hay 3096 Li depositados. Progreso = 69 %.
>>> Hay 3197 Li depositados. Progreso = 73 %.
>>> Hay 3289 Li depositados. Progreso = 76 %.
>>> Hay 3392 Li depositados. Progreso = 79 %.
>>> Hay 3496 Li depositados. Progreso = 83 %.
>>> Hay 3598 Li depositados. Progreso = 86 %.
>>> Hay 3714 Li depositados. Progreso = 90 %.
>>> Hay 3828 Li depositados. Progreso = 94 %.
>>> Hay 3932 Li depositados. Progreso = 97 %.
Hay un total de 4001 Li depositados (100 %).
Tiempo simulando = 277.216 ms
WALL TIME = 864.917572 s
PFLOPS = 1.029315

<<<<< FIN FLAGS -O3 -march=native -ffast-math -floop-block
>>>>> INICIO FLAGS -O3 -march=native -funroll-loops -floop-block
rm -f dendritas *.o .depend
gcc-11 -MM core.c dendritas.c xoshiro.c > .depend
gcc-11 -std=gnu11 -Wall -Wextra -g -O3 -march=native -funroll-loops -floop-block  -c xoshiro.c -o xoshiro.o
gcc-11 -std=gnu11 -Wall -Wextra -g -O3 -march=native -funroll-loops -floop-block  -c core.c -o core.o
gcc-11 -std=gnu11 -Wall -Wextra -g -O3 -march=native -funroll-loops -floop-block  -c dendritas.c -o dendritas.o
gcc-11 -std=gnu11 -Wall -Wextra -g -O3 -march=native -funroll-loops -floop-block xoshiro.o core.o dendritas.o -o dendritas -lm
>>> Hay 1000 Li depositados. Progreso = 0 %.
>>> Hay 1205 Li depositados. Progreso = 6 %.
>>> Hay 1304 Li depositados. Progreso = 10 %.
>>> Hay 1413 Li depositados. Progreso = 13 %.
>>> Hay 1514 Li depositados. Progreso = 17 %.
>>> Hay 1621 Li depositados. Progreso = 20 %.
>>> Hay 1724 Li depositados. Progreso = 24 %.
>>> Hay 1844 Li depositados. Progreso = 28 %.
>>> Hay 1944 Li depositados. Progreso = 31 %.
>>> Hay 2038 Li depositados. Progreso = 34 %.
>>> Hay 2153 Li depositados. Progreso = 38 %.
>>> Hay 2260 Li depositados. Progreso = 42 %.
>>> Hay 2363 Li depositados. Progreso = 45 %.
>>> Hay 2475 Li depositados. Progreso = 49 %.
>>> Hay 2574 Li depositados. Progreso = 52 %.
>>> Hay 2679 Li depositados. Progreso = 55 %.
>>> Hay 2791 Li depositados. Progreso = 59 %.
>>> Hay 2891 Li depositados. Progreso = 63 %.
>>> Hay 2995 Li depositados. Progreso = 66 %.
>>> Hay 3096 Li depositados. Progreso = 69 %.
>>> Hay 3197 Li depositados. Progreso = 73 %.
>>> Hay 3289 Li depositados. Progreso = 76 %.
>>> Hay 3397 Li depositados. Progreso = 79 %.
>>> Hay 3512 Li depositados. Progreso = 83 %.
>>> Hay 3618 Li depositados. Progreso = 87 %.
>>> Hay 3730 Li depositados. Progreso = 91 %.
>>> Hay 3844 Li depositados. Progreso = 94 %.
>>> Hay 3957 Li depositados. Progreso = 98 %.
Hay un total de 4002 Li depositados (100 %).
Tiempo simulando = 274.064 ms
WALL TIME = 858.756624 s
PFLOPS = 1.016764

<<<<< FIN FLAGS -O3 -march=native -funroll-loops -floop-block
>>>>> INICIO FLAGS -O3 -march=native -ffast-math -funroll-loops -floop-block
rm -f dendritas *.o .depend
gcc-11 -MM core.c dendritas.c xoshiro.c > .depend
gcc-11 -std=gnu11 -Wall -Wextra -g -O3 -march=native -ffast-math -funroll-loops -floop-block  -c xoshiro.c -o xoshiro.o
gcc-11 -std=gnu11 -Wall -Wextra -g -O3 -march=native -ffast-math -funroll-loops -floop-block  -c core.c -o core.o
gcc-11 -std=gnu11 -Wall -Wextra -g -O3 -march=native -ffast-math -funroll-loops -floop-block  -c dendritas.c -o dendritas.o
gcc-11 -std=gnu11 -Wall -Wextra -g -O3 -march=native -ffast-math -funroll-loops -floop-block xoshiro.o core.o dendritas.o -o dendritas -lm
>>> Hay 1000 Li depositados. Progreso = 0 %.
>>> Hay 1205 Li depositados. Progreso = 6 %.
>>> Hay 1304 Li depositados. Progreso = 10 %.
>>> Hay 1413 Li depositados. Progreso = 13 %.
>>> Hay 1514 Li depositados. Progreso = 17 %.
>>> Hay 1621 Li depositados. Progreso = 20 %.
>>> Hay 1724 Li depositados. Progreso = 24 %.
>>> Hay 1844 Li depositados. Progreso = 28 %.
>>> Hay 1944 Li depositados. Progreso = 31 %.
>>> Hay 2038 Li depositados. Progreso = 34 %.
>>> Hay 2153 Li depositados. Progreso = 38 %.
>>> Hay 2260 Li depositados. Progreso = 42 %.
>>> Hay 2363 Li depositados. Progreso = 45 %.
>>> Hay 2475 Li depositados. Progreso = 49 %.
>>> Hay 2574 Li depositados. Progreso = 52 %.
>>> Hay 2679 Li depositados. Progreso = 55 %.
>>> Hay 2791 Li depositados. Progreso = 59 %.
>>> Hay 2891 Li depositados. Progreso = 63 %.
>>> Hay 2995 Li depositados. Progreso = 66 %.
>>> Hay 3096 Li depositados. Progreso = 69 %.
>>> Hay 3197 Li depositados. Progreso = 73 %.
>>> Hay 3289 Li depositados. Progreso = 76 %.
>>> Hay 3392 Li depositados. Progreso = 79 %.
>>> Hay 3496 Li depositados. Progreso = 83 %.
>>> Hay 3598 Li depositados. Progreso = 86 %.
>>> Hay 3714 Li depositados. Progreso = 90 %.
>>> Hay 3828 Li depositados. Progreso = 94 %.
>>> Hay 3932 Li depositados. Progreso = 97 %.
Hay un total de 4001 Li depositados (100 %).
Tiempo simulando = 277.216 ms
WALL TIME = 875.629952 s
PFLOPS = 1.028803

<<<<< FIN FLAGS -O3 -march=native -ffast-math -funroll-loops -floop-block
>>>>> INICIO FLAGS -Ofast
rm -f dendritas *.o .depend
gcc-11 -MM core.c dendritas.c xoshiro.c > .depend
gcc-11 -std=gnu11 -Wall -Wextra -g -Ofast  -c xoshiro.c -o xoshiro.o
gcc-11 -std=gnu11 -Wall -Wextra -g -Ofast  -c core.c -o core.o
gcc-11 -std=gnu11 -Wall -Wextra -g -Ofast  -c dendritas.c -o dendritas.o
gcc-11 -std=gnu11 -Wall -Wextra -g -Ofast xoshiro.o core.o dendritas.o -o dendritas -lm
>>> Hay 1000 Li depositados. Progreso = 0 %.
>>> Hay 1205 Li depositados. Progreso = 6 %.
>>> Hay 1304 Li depositados. Progreso = 10 %.
>>> Hay 1413 Li depositados. Progreso = 13 %.
>>> Hay 1514 Li depositados. Progreso = 17 %.
>>> Hay 1621 Li depositados. Progreso = 20 %.
>>> Hay 1724 Li depositados. Progreso = 24 %.
>>> Hay 1844 Li depositados. Progreso = 28 %.
>>> Hay 1944 Li depositados. Progreso = 31 %.
>>> Hay 2038 Li depositados. Progreso = 34 %.
>>> Hay 2153 Li depositados. Progreso = 38 %.
>>> Hay 2260 Li depositados. Progreso = 42 %.
>>> Hay 2363 Li depositados. Progreso = 45 %.
>>> Hay 2475 Li depositados. Progreso = 49 %.
>>> Hay 2574 Li depositados. Progreso = 52 %.
>>> Hay 2679 Li depositados. Progreso = 55 %.
>>> Hay 2791 Li depositados. Progreso = 59 %.
>>> Hay 2891 Li depositados. Progreso = 63 %.
>>> Hay 2995 Li depositados. Progreso = 66 %.
>>> Hay 3096 Li depositados. Progreso = 69 %.
>>> Hay 3197 Li depositados. Progreso = 73 %.
>>> Hay 3289 Li depositados. Progreso = 76 %.
>>> Hay 3392 Li depositados. Progreso = 79 %.
>>> Hay 3496 Li depositados. Progreso = 83 %.
>>> Hay 3598 Li depositados. Progreso = 86 %.
>>> Hay 3714 Li depositados. Progreso = 90 %.
>>> Hay 3828 Li depositados. Progreso = 94 %.
>>> Hay 3932 Li depositados. Progreso = 97 %.
Hay un total de 4001 Li depositados (100 %).
Tiempo simulando = 277.216 ms
WALL TIME = 1017.980171 s
PFLOPS = 0.878986

<<<<< FIN FLAGS -Ofast
>>>>> INICIO FLAGS -Ofast -march=native
rm -f dendritas *.o .depend
gcc-11 -MM core.c dendritas.c xoshiro.c > .depend
gcc-11 -std=gnu11 -Wall -Wextra -g -Ofast -march=native  -c xoshiro.c -o xoshiro.o
gcc-11 -std=gnu11 -Wall -Wextra -g -Ofast -march=native  -c core.c -o core.o
gcc-11 -std=gnu11 -Wall -Wextra -g -Ofast -march=native  -c dendritas.c -o dendritas.o
gcc-11 -std=gnu11 -Wall -Wextra -g -Ofast -march=native xoshiro.o core.o dendritas.o -o dendritas -lm
>>> Hay 1000 Li depositados. Progreso = 0 %.
>>> Hay 1205 Li depositados. Progreso = 6 %.
>>> Hay 1304 Li depositados. Progreso = 10 %.
>>> Hay 1413 Li depositados. Progreso = 13 %.
>>> Hay 1514 Li depositados. Progreso = 17 %.
>>> Hay 1621 Li depositados. Progreso = 20 %.
>>> Hay 1724 Li depositados. Progreso = 24 %.
>>> Hay 1844 Li depositados. Progreso = 28 %.
>>> Hay 1944 Li depositados. Progreso = 31 %.
>>> Hay 2038 Li depositados. Progreso = 34 %.
>>> Hay 2153 Li depositados. Progreso = 38 %.
>>> Hay 2260 Li depositados. Progreso = 42 %.
>>> Hay 2363 Li depositados. Progreso = 45 %.
>>> Hay 2475 Li depositados. Progreso = 49 %.
>>> Hay 2574 Li depositados. Progreso = 52 %.
>>> Hay 2679 Li depositados. Progreso = 55 %.
>>> Hay 2791 Li depositados. Progreso = 59 %.
>>> Hay 2891 Li depositados. Progreso = 63 %.
>>> Hay 2995 Li depositados. Progreso = 66 %.
>>> Hay 3096 Li depositados. Progreso = 69 %.
>>> Hay 3197 Li depositados. Progreso = 73 %.
>>> Hay 3289 Li depositados. Progreso = 76 %.
>>> Hay 3392 Li depositados. Progreso = 79 %.
>>> Hay 3496 Li depositados. Progreso = 83 %.
>>> Hay 3598 Li depositados. Progreso = 86 %.
>>> Hay 3714 Li depositados. Progreso = 90 %.
>>> Hay 3828 Li depositados. Progreso = 94 %.
>>> Hay 3932 Li depositados. Progreso = 97 %.
Hay un total de 4001 Li depositados (100 %).
Tiempo simulando = 277.216 ms
WALL TIME = 865.402848 s
PFLOPS = 1.030872

<<<<< FIN FLAGS -Ofast -march=native
>>>>> INICIO FLAGS -Ofast -march=native -ffast-math
rm -f dendritas *.o .depend
gcc-11 -MM core.c dendritas.c xoshiro.c > .depend
gcc-11 -std=gnu11 -Wall -Wextra -g -Ofast -march=native -ffast-math  -c xoshiro.c -o xoshiro.o
gcc-11 -std=gnu11 -Wall -Wextra -g -Ofast -march=native -ffast-math  -c core.c -o core.o
gcc-11 -std=gnu11 -Wall -Wextra -g -Ofast -march=native -ffast-math  -c dendritas.c -o dendritas.o
gcc-11 -std=gnu11 -Wall -Wextra -g -Ofast -march=native -ffast-math xoshiro.o core.o dendritas.o -o dendritas -lm
>>> Hay 1000 Li depositados. Progreso = 0 %.
>>> Hay 1205 Li depositados. Progreso = 6 %.
>>> Hay 1304 Li depositados. Progreso = 10 %.
>>> Hay 1413 Li depositados. Progreso = 13 %.
>>> Hay 1514 Li depositados. Progreso = 17 %.
>>> Hay 1621 Li depositados. Progreso = 20 %.
>>> Hay 1724 Li depositados. Progreso = 24 %.
>>> Hay 1844 Li depositados. Progreso = 28 %.
>>> Hay 1944 Li depositados. Progreso = 31 %.
>>> Hay 2038 Li depositados. Progreso = 34 %.
>>> Hay 2153 Li depositados. Progreso = 38 %.
>>> Hay 2260 Li depositados. Progreso = 42 %.
>>> Hay 2363 Li depositados. Progreso = 45 %.
>>> Hay 2475 Li depositados. Progreso = 49 %.
>>> Hay 2574 Li depositados. Progreso = 52 %.
>>> Hay 2679 Li depositados. Progreso = 55 %.
>>> Hay 2791 Li depositados. Progreso = 59 %.
>>> Hay 2891 Li depositados. Progreso = 63 %.
>>> Hay 2995 Li depositados. Progreso = 66 %.
>>> Hay 3096 Li depositados. Progreso = 69 %.
>>> Hay 3197 Li depositados. Progreso = 73 %.
>>> Hay 3289 Li depositados. Progreso = 76 %.
>>> Hay 3392 Li depositados. Progreso = 79 %.
>>> Hay 3496 Li depositados. Progreso = 83 %.
>>> Hay 3598 Li depositados. Progreso = 86 %.
>>> Hay 3714 Li depositados. Progreso = 90 %.
>>> Hay 3828 Li depositados. Progreso = 94 %.
>>> Hay 3932 Li depositados. Progreso = 97 %.
Hay un total de 4001 Li depositados (100 %).
Tiempo simulando = 277.216 ms
WALL TIME = 858.712374 s
PFLOPS = 1.029980

<<<<< FIN FLAGS -Ofast -march=native -ffast-math
>>>>> INICIO FLAGS -Ofast -march=native -funroll-loops
rm -f dendritas *.o .depend
gcc-11 -MM core.c dendritas.c xoshiro.c > .depend
gcc-11 -std=gnu11 -Wall -Wextra -g -Ofast -march=native -funroll-loops  -c xoshiro.c -o xoshiro.o
gcc-11 -std=gnu11 -Wall -Wextra -g -Ofast -march=native -funroll-loops  -c core.c -o core.o
gcc-11 -std=gnu11 -Wall -Wextra -g -Ofast -march=native -funroll-loops  -c dendritas.c -o dendritas.o
gcc-11 -std=gnu11 -Wall -Wextra -g -Ofast -march=native -funroll-loops xoshiro.o core.o dendritas.o -o dendritas -lm
>>> Hay 1000 Li depositados. Progreso = 0 %.
>>> Hay 1205 Li depositados. Progreso = 6 %.
>>> Hay 1304 Li depositados. Progreso = 10 %.
>>> Hay 1413 Li depositados. Progreso = 13 %.
>>> Hay 1514 Li depositados. Progreso = 17 %.
>>> Hay 1621 Li depositados. Progreso = 20 %.
>>> Hay 1724 Li depositados. Progreso = 24 %.
>>> Hay 1844 Li depositados. Progreso = 28 %.
>>> Hay 1944 Li depositados. Progreso = 31 %.
>>> Hay 2038 Li depositados. Progreso = 34 %.
>>> Hay 2153 Li depositados. Progreso = 38 %.
>>> Hay 2260 Li depositados. Progreso = 42 %.
>>> Hay 2363 Li depositados. Progreso = 45 %.
>>> Hay 2475 Li depositados. Progreso = 49 %.
>>> Hay 2574 Li depositados. Progreso = 52 %.
>>> Hay 2679 Li depositados. Progreso = 55 %.
>>> Hay 2791 Li depositados. Progreso = 59 %.
>>> Hay 2891 Li depositados. Progreso = 63 %.
>>> Hay 2995 Li depositados. Progreso = 66 %.
>>> Hay 3096 Li depositados. Progreso = 69 %.
>>> Hay 3197 Li depositados. Progreso = 73 %.
>>> Hay 3289 Li depositados. Progreso = 76 %.
>>> Hay 3392 Li depositados. Progreso = 79 %.
>>> Hay 3496 Li depositados. Progreso = 83 %.
>>> Hay 3598 Li depositados. Progreso = 86 %.
>>> Hay 3714 Li depositados. Progreso = 90 %.
>>> Hay 3828 Li depositados. Progreso = 94 %.
>>> Hay 3932 Li depositados. Progreso = 97 %.
Hay un total de 4001 Li depositados (100 %).
Tiempo simulando = 277.216 ms
WALL TIME = 856.338727 s
PFLOPS = 1.033008

<<<<< FIN FLAGS -Ofast -march=native -funroll-loops
>>>>> INICIO FLAGS -Ofast -march=native -floop-block
rm -f dendritas *.o .depend
gcc-11 -MM core.c dendritas.c xoshiro.c > .depend
gcc-11 -std=gnu11 -Wall -Wextra -g -Ofast -march=native -floop-block  -c xoshiro.c -o xoshiro.o
gcc-11 -std=gnu11 -Wall -Wextra -g -Ofast -march=native -floop-block  -c core.c -o core.o
gcc-11 -std=gnu11 -Wall -Wextra -g -Ofast -march=native -floop-block  -c dendritas.c -o dendritas.o
gcc-11 -std=gnu11 -Wall -Wextra -g -Ofast -march=native -floop-block xoshiro.o core.o dendritas.o -o dendritas -lm
>>> Hay 1000 Li depositados. Progreso = 0 %.
>>> Hay 1205 Li depositados. Progreso = 6 %.
>>> Hay 1304 Li depositados. Progreso = 10 %.
>>> Hay 1413 Li depositados. Progreso = 13 %.
>>> Hay 1514 Li depositados. Progreso = 17 %.
>>> Hay 1621 Li depositados. Progreso = 20 %.
>>> Hay 1724 Li depositados. Progreso = 24 %.
>>> Hay 1844 Li depositados. Progreso = 28 %.
>>> Hay 1944 Li depositados. Progreso = 31 %.
>>> Hay 2038 Li depositados. Progreso = 34 %.
>>> Hay 2153 Li depositados. Progreso = 38 %.
>>> Hay 2260 Li depositados. Progreso = 42 %.
>>> Hay 2363 Li depositados. Progreso = 45 %.
>>> Hay 2475 Li depositados. Progreso = 49 %.
>>> Hay 2574 Li depositados. Progreso = 52 %.
>>> Hay 2679 Li depositados. Progreso = 55 %.
>>> Hay 2791 Li depositados. Progreso = 59 %.
>>> Hay 2891 Li depositados. Progreso = 63 %.
>>> Hay 2995 Li depositados. Progreso = 66 %.
>>> Hay 3096 Li depositados. Progreso = 69 %.
>>> Hay 3197 Li depositados. Progreso = 73 %.
>>> Hay 3289 Li depositados. Progreso = 76 %.
>>> Hay 3392 Li depositados. Progreso = 79 %.
>>> Hay 3496 Li depositados. Progreso = 83 %.
>>> Hay 3598 Li depositados. Progreso = 86 %.
>>> Hay 3714 Li depositados. Progreso = 90 %.
>>> Hay 3828 Li depositados. Progreso = 94 %.
>>> Hay 3932 Li depositados. Progreso = 97 %.
Hay un total de 4001 Li depositados (100 %).
Tiempo simulando = 277.216 ms
WALL TIME = 856.117168 s
PFLOPS = 1.042703

<<<<< FIN FLAGS -Ofast -march=native -floop-block
>>>>> INICIO FLAGS -Ofast -march=native -ffast-math -funroll-loops
rm -f dendritas *.o .depend
gcc-11 -MM core.c dendritas.c xoshiro.c > .depend
gcc-11 -std=gnu11 -Wall -Wextra -g -Ofast -march=native -ffast-math -funroll-loops  -c xoshiro.c -o xoshiro.o
gcc-11 -std=gnu11 -Wall -Wextra -g -Ofast -march=native -ffast-math -funroll-loops  -c core.c -o core.o
gcc-11 -std=gnu11 -Wall -Wextra -g -Ofast -march=native -ffast-math -funroll-loops  -c dendritas.c -o dendritas.o
gcc-11 -std=gnu11 -Wall -Wextra -g -Ofast -march=native -ffast-math -funroll-loops xoshiro.o core.o dendritas.o -o dendritas -lm
>>> Hay 1000 Li depositados. Progreso = 0 %.
>>> Hay 1205 Li depositados. Progreso = 6 %.
>>> Hay 1304 Li depositados. Progreso = 10 %.
>>> Hay 1413 Li depositados. Progreso = 13 %.
>>> Hay 1514 Li depositados. Progreso = 17 %.
>>> Hay 1621 Li depositados. Progreso = 20 %.
>>> Hay 1724 Li depositados. Progreso = 24 %.
>>> Hay 1844 Li depositados. Progreso = 28 %.
>>> Hay 1944 Li depositados. Progreso = 31 %.
>>> Hay 2038 Li depositados. Progreso = 34 %.
>>> Hay 2153 Li depositados. Progreso = 38 %.
>>> Hay 2260 Li depositados. Progreso = 42 %.
>>> Hay 2363 Li depositados. Progreso = 45 %.
>>> Hay 2475 Li depositados. Progreso = 49 %.
>>> Hay 2574 Li depositados. Progreso = 52 %.
>>> Hay 2679 Li depositados. Progreso = 55 %.
>>> Hay 2791 Li depositados. Progreso = 59 %.
>>> Hay 2891 Li depositados. Progreso = 63 %.
>>> Hay 2995 Li depositados. Progreso = 66 %.
>>> Hay 3096 Li depositados. Progreso = 69 %.
>>> Hay 3197 Li depositados. Progreso = 73 %.
>>> Hay 3289 Li depositados. Progreso = 76 %.
>>> Hay 3392 Li depositados. Progreso = 79 %.
>>> Hay 3496 Li depositados. Progreso = 83 %.
>>> Hay 3598 Li depositados. Progreso = 86 %.
>>> Hay 3714 Li depositados. Progreso = 90 %.
>>> Hay 3828 Li depositados. Progreso = 94 %.
>>> Hay 3932 Li depositados. Progreso = 97 %.
Hay un total de 4001 Li depositados (100 %).
Tiempo simulando = 277.216 ms
WALL TIME = 862.087566 s
PFLOPS = 1.039104

<<<<< FIN FLAGS -Ofast -march=native -ffast-math -funroll-loops
>>>>> INICIO FLAGS -Ofast -march=native -ffast-math -floop-block
rm -f dendritas *.o .depend
gcc-11 -MM core.c dendritas.c xoshiro.c > .depend
gcc-11 -std=gnu11 -Wall -Wextra -g -Ofast -march=native -ffast-math -floop-block  -c xoshiro.c -o xoshiro.o
gcc-11 -std=gnu11 -Wall -Wextra -g -Ofast -march=native -ffast-math -floop-block  -c core.c -o core.o
gcc-11 -std=gnu11 -Wall -Wextra -g -Ofast -march=native -ffast-math -floop-block  -c dendritas.c -o dendritas.o
gcc-11 -std=gnu11 -Wall -Wextra -g -Ofast -march=native -ffast-math -floop-block xoshiro.o core.o dendritas.o -o dendritas -lm
>>> Hay 1000 Li depositados. Progreso = 0 %.
>>> Hay 1205 Li depositados. Progreso = 6 %.
>>> Hay 1304 Li depositados. Progreso = 10 %.
>>> Hay 1413 Li depositados. Progreso = 13 %.
>>> Hay 1514 Li depositados. Progreso = 17 %.
>>> Hay 1621 Li depositados. Progreso = 20 %.
>>> Hay 1724 Li depositados. Progreso = 24 %.
>>> Hay 1844 Li depositados. Progreso = 28 %.
>>> Hay 1944 Li depositados. Progreso = 31 %.
>>> Hay 2038 Li depositados. Progreso = 34 %.
>>> Hay 2153 Li depositados. Progreso = 38 %.
>>> Hay 2260 Li depositados. Progreso = 42 %.
>>> Hay 2363 Li depositados. Progreso = 45 %.
>>> Hay 2475 Li depositados. Progreso = 49 %.
>>> Hay 2574 Li depositados. Progreso = 52 %.
>>> Hay 2679 Li depositados. Progreso = 55 %.
>>> Hay 2791 Li depositados. Progreso = 59 %.
>>> Hay 2891 Li depositados. Progreso = 63 %.
>>> Hay 2995 Li depositados. Progreso = 66 %.
>>> Hay 3096 Li depositados. Progreso = 69 %.
>>> Hay 3197 Li depositados. Progreso = 73 %.
>>> Hay 3289 Li depositados. Progreso = 76 %.
>>> Hay 3392 Li depositados. Progreso = 79 %.
>>> Hay 3496 Li depositados. Progreso = 83 %.
>>> Hay 3598 Li depositados. Progreso = 86 %.
>>> Hay 3714 Li depositados. Progreso = 90 %.
>>> Hay 3828 Li depositados. Progreso = 94 %.
>>> Hay 3932 Li depositados. Progreso = 97 %.
Hay un total de 4001 Li depositados (100 %).
Tiempo simulando = 277.216 ms
WALL TIME = 879.168189 s
PFLOPS = 1.014702

<<<<< FIN FLAGS -Ofast -march=native -ffast-math -floop-block
>>>>> INICIO FLAGS -Ofast -march=native -funroll-loops -floop-block
rm -f dendritas *.o .depend
gcc-11 -MM core.c dendritas.c xoshiro.c > .depend
gcc-11 -std=gnu11 -Wall -Wextra -g -Ofast -march=native -funroll-loops -floop-block  -c xoshiro.c -o xoshiro.o
gcc-11 -std=gnu11 -Wall -Wextra -g -Ofast -march=native -funroll-loops -floop-block  -c core.c -o core.o
gcc-11 -std=gnu11 -Wall -Wextra -g -Ofast -march=native -funroll-loops -floop-block  -c dendritas.c -o dendritas.o
gcc-11 -std=gnu11 -Wall -Wextra -g -Ofast -march=native -funroll-loops -floop-block xoshiro.o core.o dendritas.o -o dendritas -lm
>>> Hay 1000 Li depositados. Progreso = 0 %.
>>> Hay 1205 Li depositados. Progreso = 6 %.
>>> Hay 1304 Li depositados. Progreso = 10 %.
>>> Hay 1413 Li depositados. Progreso = 13 %.
>>> Hay 1514 Li depositados. Progreso = 17 %.
>>> Hay 1621 Li depositados. Progreso = 20 %.
>>> Hay 1724 Li depositados. Progreso = 24 %.
>>> Hay 1844 Li depositados. Progreso = 28 %.
>>> Hay 1944 Li depositados. Progreso = 31 %.
>>> Hay 2038 Li depositados. Progreso = 34 %.
>>> Hay 2153 Li depositados. Progreso = 38 %.
>>> Hay 2260 Li depositados. Progreso = 42 %.
>>> Hay 2363 Li depositados. Progreso = 45 %.
>>> Hay 2475 Li depositados. Progreso = 49 %.
>>> Hay 2574 Li depositados. Progreso = 52 %.
>>> Hay 2679 Li depositados. Progreso = 55 %.
>>> Hay 2791 Li depositados. Progreso = 59 %.
>>> Hay 2891 Li depositados. Progreso = 63 %.
>>> Hay 2995 Li depositados. Progreso = 66 %.
>>> Hay 3096 Li depositados. Progreso = 69 %.
>>> Hay 3197 Li depositados. Progreso = 73 %.
>>> Hay 3289 Li depositados. Progreso = 76 %.
>>> Hay 3392 Li depositados. Progreso = 79 %.
>>> Hay 3496 Li depositados. Progreso = 83 %.
>>> Hay 3598 Li depositados. Progreso = 86 %.
>>> Hay 3714 Li depositados. Progreso = 90 %.
>>> Hay 3828 Li depositados. Progreso = 94 %.
>>> Hay 3932 Li depositados. Progreso = 97 %.
Hay un total de 4001 Li depositados (100 %).
Tiempo simulando = 277.216 ms
WALL TIME = 855.639690 s
PFLOPS = 1.030738

<<<<< FIN FLAGS -Ofast -march=native -funroll-loops -floop-block
>>>>> INICIO FLAGS -Ofast -march=native -ffast-math -funroll-loops -floop-block
rm -f dendritas *.o .depend
gcc-11 -MM core.c dendritas.c xoshiro.c > .depend
gcc-11 -std=gnu11 -Wall -Wextra -g -Ofast -march=native -ffast-math -funroll-loops -floop-block  -c xoshiro.c -o xoshiro.o
gcc-11 -std=gnu11 -Wall -Wextra -g -Ofast -march=native -ffast-math -funroll-loops -floop-block  -c core.c -o core.o
gcc-11 -std=gnu11 -Wall -Wextra -g -Ofast -march=native -ffast-math -funroll-loops -floop-block  -c dendritas.c -o dendritas.o
gcc-11 -std=gnu11 -Wall -Wextra -g -Ofast -march=native -ffast-math -funroll-loops -floop-block xoshiro.o core.o dendritas.o -o dendritas -lm
>>> Hay 1000 Li depositados. Progreso = 0 %.
>>> Hay 1205 Li depositados. Progreso = 6 %.
>>> Hay 1304 Li depositados. Progreso = 10 %.
>>> Hay 1413 Li depositados. Progreso = 13 %.
>>> Hay 1514 Li depositados. Progreso = 17 %.
>>> Hay 1621 Li depositados. Progreso = 20 %.
>>> Hay 1724 Li depositados. Progreso = 24 %.
>>> Hay 1844 Li depositados. Progreso = 28 %.
>>> Hay 1944 Li depositados. Progreso = 31 %.
>>> Hay 2038 Li depositados. Progreso = 34 %.
>>> Hay 2153 Li depositados. Progreso = 38 %.
>>> Hay 2260 Li depositados. Progreso = 42 %.
>>> Hay 2363 Li depositados. Progreso = 45 %.
>>> Hay 2475 Li depositados. Progreso = 49 %.
>>> Hay 2574 Li depositados. Progreso = 52 %.
>>> Hay 2679 Li depositados. Progreso = 55 %.
>>> Hay 2791 Li depositados. Progreso = 59 %.
>>> Hay 2891 Li depositados. Progreso = 63 %.
>>> Hay 2995 Li depositados. Progreso = 66 %.
>>> Hay 3096 Li depositados. Progreso = 69 %.
>>> Hay 3197 Li depositados. Progreso = 73 %.
>>> Hay 3289 Li depositados. Progreso = 76 %.
>>> Hay 3392 Li depositados. Progreso = 79 %.
>>> Hay 3496 Li depositados. Progreso = 83 %.
>>> Hay 3598 Li depositados. Progreso = 86 %.
>>> Hay 3714 Li depositados. Progreso = 90 %.
>>> Hay 3828 Li depositados. Progreso = 94 %.
>>> Hay 3932 Li depositados. Progreso = 97 %.
Hay un total de 4001 Li depositados (100 %).
Tiempo simulando = 277.216 ms
WALL TIME = 879.041185 s
PFLOPS = 1.006225

<<<<< FIN FLAGS -Ofast -march=native -ffast-math -funroll-loops -floop-block
rm -f dendritas *.o .depend
