>>>>> INICIO CON 11000 PARTÍCULAS
clang-11 -MM core.c dendritas.c xoshiro.c > .depend
rm -f dendritas *.o .depend
clang-11 -MM core.c dendritas.c xoshiro.c > .depend
clang-11 -std=gnu11 -Wall -Wextra -g -O2 -march=native -funroll-loops -DNMAX=11000 -c xoshiro.c -o xoshiro.o
clang-11 -std=gnu11 -Wall -Wextra -g -O2 -march=native -funroll-loops -DNMAX=11000 -c core.c -o core.o
clang-11 -std=gnu11 -Wall -Wextra -g -O2 -march=native -funroll-loops -DNMAX=11000 -c dendritas.c -o dendritas.o
clang-11 -std=gnu11 -Wall -Wextra -g -O2 -march=native -funroll-loops xoshiro.o core.o dendritas.o -o dendritas -lm
>>> Hay 1000 Li depositados. Progreso = 0 %.
>>> Hay 1205 Li depositados. Progreso = 2 %.
>>> Hay 1304 Li depositados. Progreso = 3 %.
>>> Hay 1413 Li depositados. Progreso = 4 %.
>>> Hay 1514 Li depositados. Progreso = 5 %.
>>> Hay 1621 Li depositados. Progreso = 6 %.
>>> Hay 1724 Li depositados. Progreso = 7 %.
>>> Hay 1844 Li depositados. Progreso = 8 %.
>>> Hay 1944 Li depositados. Progreso = 9 %.
>>> Hay 2038 Li depositados. Progreso = 10 %.
>>> Hay 2153 Li depositados. Progreso = 11 %.
>>> Hay 2260 Li depositados. Progreso = 12 %.
>>> Hay 2363 Li depositados. Progreso = 13 %.
>>> Hay 2475 Li depositados. Progreso = 14 %.
>>> Hay 2574 Li depositados. Progreso = 15 %.
>>> Hay 2679 Li depositados. Progreso = 16 %.
>>> Hay 2791 Li depositados. Progreso = 17 %.
>>> Hay 2891 Li depositados. Progreso = 18 %.
>>> Hay 2995 Li depositados. Progreso = 19 %.
>>> Hay 3096 Li depositados. Progreso = 20 %.
>>> Hay 3197 Li depositados. Progreso = 21 %.
>>> Hay 3289 Li depositados. Progreso = 22 %.
>>> Hay 3397 Li depositados. Progreso = 23 %.
>>> Hay 3512 Li depositados. Progreso = 25 %.
>>> Hay 3618 Li depositados. Progreso = 26 %.
>>> Hay 3730 Li depositados. Progreso = 27 %.
>>> Hay 3844 Li depositados. Progreso = 28 %.
>>> Hay 3957 Li depositados. Progreso = 29 %.
>>> Hay 4070 Li depositados. Progreso = 30 %.
>>> Hay 4187 Li depositados. Progreso = 31 %.
>>> Hay 4296 Li depositados. Progreso = 32 %.
>>> Hay 4401 Li depositados. Progreso = 34 %.
>>> Hay 4519 Li depositados. Progreso = 35 %.
>>> Hay 4637 Li depositados. Progreso = 36 %.
>>> Hay 4764 Li depositados. Progreso = 37 %.
>>> Hay 4880 Li depositados. Progreso = 38 %.
>>> Hay 4985 Li depositados. Progreso = 39 %.
>>> Hay 5103 Li depositados. Progreso = 41 %.
>>> Hay 5233 Li depositados. Progreso = 42 %.
>>> Hay 5359 Li depositados. Progreso = 43 %.
>>> Hay 5488 Li depositados. Progreso = 44 %.
>>> Hay 5630 Li depositados. Progreso = 46 %.
>>> Hay 5765 Li depositados. Progreso = 47 %.
>>> Hay 5909 Li depositados. Progreso = 49 %.
>>> Hay 6027 Li depositados. Progreso = 50 %.
>>> Hay 6159 Li depositados. Progreso = 51 %.
>>> Hay 6286 Li depositados. Progreso = 52 %.
>>> Hay 6426 Li depositados. Progreso = 54 %.
>>> Hay 6556 Li depositados. Progreso = 55 %.
>>> Hay 6688 Li depositados. Progreso = 56 %.
>>> Hay 6840 Li depositados. Progreso = 58 %.
>>> Hay 6987 Li depositados. Progreso = 59 %.
>>> Hay 7122 Li depositados. Progreso = 61 %.
>>> Hay 7301 Li depositados. Progreso = 63 %.
>>> Hay 7422 Li depositados. Progreso = 64 %.
>>> Hay 7569 Li depositados. Progreso = 65 %.
>>> Hay 7724 Li depositados. Progreso = 67 %.
>>> Hay 7903 Li depositados. Progreso = 69 %.
>>> Hay 8044 Li depositados. Progreso = 70 %.
>>> Hay 8205 Li depositados. Progreso = 72 %.
>>> Hay 8368 Li depositados. Progreso = 73 %.
>>> Hay 8525 Li depositados. Progreso = 75 %.
>>> Hay 8703 Li depositados. Progreso = 77 %.
>>> Hay 8881 Li depositados. Progreso = 78 %.
>>> Hay 9066 Li depositados. Progreso = 80 %.
>>> Hay 9235 Li depositados. Progreso = 82 %.
>>> Hay 9422 Li depositados. Progreso = 84 %.
>>> Hay 9608 Li depositados. Progreso = 86 %.
>>> Hay 9812 Li depositados. Progreso = 88 %.
>>> Hay 10002 Li depositados. Progreso = 90 %.
>>> Hay 10175 Li depositados. Progreso = 91 %.
>>> Hay 10417 Li depositados. Progreso = 94 %.
>>> Hay 10635 Li depositados. Progreso = 96 %.
>>> Hay 10840 Li depositados. Progreso = 98 %.
Hay un total de 11001 Li depositados (100 %).
Tiempo simulando = 733.935 ms
WALL TIME = 3980.080870 s
PFLOPS = 3.478517

<<<<< FIN CON 11000 PARTÍCULAS
>>>>> INICIO CON 12000 PARTÍCULAS
rm -f dendritas *.o .depend
clang-11 -MM core.c dendritas.c xoshiro.c > .depend
clang-11 -std=gnu11 -Wall -Wextra -g -O2 -march=native -funroll-loops -DNMAX=12000 -c xoshiro.c -o xoshiro.o
clang-11 -std=gnu11 -Wall -Wextra -g -O2 -march=native -funroll-loops -DNMAX=12000 -c core.c -o core.o
clang-11 -std=gnu11 -Wall -Wextra -g -O2 -march=native -funroll-loops -DNMAX=12000 -c dendritas.c -o dendritas.o
clang-11 -std=gnu11 -Wall -Wextra -g -O2 -march=native -funroll-loops xoshiro.o core.o dendritas.o -o dendritas -lm
>>> Hay 1000 Li depositados. Progreso = 0 %.
>>> Hay 1205 Li depositados. Progreso = 1 %.
>>> Hay 1304 Li depositados. Progreso = 2 %.
>>> Hay 1413 Li depositados. Progreso = 3 %.
>>> Hay 1514 Li depositados. Progreso = 4 %.
>>> Hay 1621 Li depositados. Progreso = 5 %.
>>> Hay 1724 Li depositados. Progreso = 6 %.
>>> Hay 1844 Li depositados. Progreso = 7 %.
>>> Hay 1944 Li depositados. Progreso = 8 %.
>>> Hay 2038 Li depositados. Progreso = 9 %.
>>> Hay 2153 Li depositados. Progreso = 10 %.
>>> Hay 2260 Li depositados. Progreso = 11 %.
>>> Hay 2363 Li depositados. Progreso = 12 %.
>>> Hay 2475 Li depositados. Progreso = 13 %.
>>> Hay 2574 Li depositados. Progreso = 14 %.
>>> Hay 2679 Li depositados. Progreso = 15 %.
>>> Hay 2791 Li depositados. Progreso = 16 %.
>>> Hay 2891 Li depositados. Progreso = 17 %.
>>> Hay 2995 Li depositados. Progreso = 18 %.
>>> Hay 3096 Li depositados. Progreso = 19 %.
>>> Hay 3197 Li depositados. Progreso = 19 %.
>>> Hay 3289 Li depositados. Progreso = 20 %.
>>> Hay 3397 Li depositados. Progreso = 21 %.
>>> Hay 3512 Li depositados. Progreso = 22 %.
>>> Hay 3618 Li depositados. Progreso = 23 %.
>>> Hay 3730 Li depositados. Progreso = 24 %.
>>> Hay 3844 Li depositados. Progreso = 25 %.
>>> Hay 3957 Li depositados. Progreso = 26 %.
>>> Hay 4070 Li depositados. Progreso = 27 %.
>>> Hay 4187 Li depositados. Progreso = 28 %.
>>> Hay 4296 Li depositados. Progreso = 29 %.
>>> Hay 4401 Li depositados. Progreso = 30 %.
>>> Hay 4519 Li depositados. Progreso = 31 %.
>>> Hay 4637 Li depositados. Progreso = 33 %.
>>> Hay 4764 Li depositados. Progreso = 34 %.
>>> Hay 4880 Li depositados. Progreso = 35 %.
>>> Hay 4985 Li depositados. Progreso = 36 %.
>>> Hay 5103 Li depositados. Progreso = 37 %.
>>> Hay 5233 Li depositados. Progreso = 38 %.
>>> Hay 5359 Li depositados. Progreso = 39 %.
>>> Hay 5488 Li depositados. Progreso = 40 %.
>>> Hay 5630 Li depositados. Progreso = 42 %.
>>> Hay 5765 Li depositados. Progreso = 43 %.
>>> Hay 5909 Li depositados. Progreso = 44 %.
>>> Hay 6027 Li depositados. Progreso = 45 %.
>>> Hay 6159 Li depositados. Progreso = 46 %.
>>> Hay 6286 Li depositados. Progreso = 48 %.
>>> Hay 6426 Li depositados. Progreso = 49 %.
>>> Hay 6556 Li depositados. Progreso = 50 %.
>>> Hay 6688 Li depositados. Progreso = 51 %.
>>> Hay 6840 Li depositados. Progreso = 53 %.
>>> Hay 6987 Li depositados. Progreso = 54 %.
>>> Hay 7122 Li depositados. Progreso = 55 %.
>>> Hay 7301 Li depositados. Progreso = 57 %.
>>> Hay 7422 Li depositados. Progreso = 58 %.
>>> Hay 7569 Li depositados. Progreso = 59 %.
>>> Hay 7724 Li depositados. Progreso = 61 %.
>>> Hay 7903 Li depositados. Progreso = 62 %.
>>> Hay 8044 Li depositados. Progreso = 64 %.
>>> Hay 8205 Li depositados. Progreso = 65 %.
>>> Hay 8368 Li depositados. Progreso = 66 %.
>>> Hay 8525 Li depositados. Progreso = 68 %.
>>> Hay 8703 Li depositados. Progreso = 70 %.
>>> Hay 8881 Li depositados. Progreso = 71 %.
>>> Hay 9066 Li depositados. Progreso = 73 %.
>>> Hay 9235 Li depositados. Progreso = 74 %.
>>> Hay 9422 Li depositados. Progreso = 76 %.
>>> Hay 9608 Li depositados. Progreso = 78 %.
>>> Hay 9812 Li depositados. Progreso = 80 %.
>>> Hay 10002 Li depositados. Progreso = 81 %.
>>> Hay 10175 Li depositados. Progreso = 83 %.
>>> Hay 10417 Li depositados. Progreso = 85 %.
>>> Hay 10635 Li depositados. Progreso = 87 %.
>>> Hay 10840 Li depositados. Progreso = 89 %.
>>> Hay 11077 Li depositados. Progreso = 91 %.
>>> Hay 11295 Li depositados. Progreso = 93 %.
>>> Hay 11500 Li depositados. Progreso = 95 %.
>>> Hay 11740 Li depositados. Progreso = 97 %.
>>> Hay 11998 Li depositados. Progreso = 99 %.
Hay un total de 12001 Li depositados (100 %).
Tiempo simulando = 776.403 ms
WALL TIME = 4506.268715 s
PFLOPS = 3.693068

<<<<< FIN CON 12000 PARTÍCULAS
>>>>> INICIO CON 13000 PARTÍCULAS
rm -f dendritas *.o .depend
clang-11 -MM core.c dendritas.c xoshiro.c > .depend
clang-11 -std=gnu11 -Wall -Wextra -g -O2 -march=native -funroll-loops -DNMAX=13000 -c xoshiro.c -o xoshiro.o
clang-11 -std=gnu11 -Wall -Wextra -g -O2 -march=native -funroll-loops -DNMAX=13000 -c core.c -o core.o
clang-11 -std=gnu11 -Wall -Wextra -g -O2 -march=native -funroll-loops -DNMAX=13000 -c dendritas.c -o dendritas.o
clang-11 -std=gnu11 -Wall -Wextra -g -O2 -march=native -funroll-loops xoshiro.o core.o dendritas.o -o dendritas -lm
>>> Hay 1000 Li depositados. Progreso = 0 %.
>>> Hay 1205 Li depositados. Progreso = 1 %.
>>> Hay 1304 Li depositados. Progreso = 2 %.
>>> Hay 1413 Li depositados. Progreso = 3 %.
>>> Hay 1514 Li depositados. Progreso = 4 %.
>>> Hay 1621 Li depositados. Progreso = 5 %.
>>> Hay 1724 Li depositados. Progreso = 6 %.
>>> Hay 1844 Li depositados. Progreso = 7 %.
>>> Hay 1944 Li depositados. Progreso = 7 %.
>>> Hay 2038 Li depositados. Progreso = 8 %.
>>> Hay 2153 Li depositados. Progreso = 9 %.
>>> Hay 2260 Li depositados. Progreso = 10 %.
>>> Hay 2363 Li depositados. Progreso = 11 %.
>>> Hay 2475 Li depositados. Progreso = 12 %.
>>> Hay 2574 Li depositados. Progreso = 13 %.
>>> Hay 2679 Li depositados. Progreso = 13 %.
>>> Hay 2791 Li depositados. Progreso = 14 %.
>>> Hay 2891 Li depositados. Progreso = 15 %.
>>> Hay 2995 Li depositados. Progreso = 16 %.
>>> Hay 3096 Li depositados. Progreso = 17 %.
>>> Hay 3197 Li depositados. Progreso = 18 %.
>>> Hay 3289 Li depositados. Progreso = 19 %.
>>> Hay 3397 Li depositados. Progreso = 19 %.
>>> Hay 3512 Li depositados. Progreso = 20 %.
>>> Hay 3618 Li depositados. Progreso = 21 %.
>>> Hay 3730 Li depositados. Progreso = 22 %.
>>> Hay 3844 Li depositados. Progreso = 23 %.
>>> Hay 3957 Li depositados. Progreso = 24 %.
>>> Hay 4070 Li depositados. Progreso = 25 %.
>>> Hay 4187 Li depositados. Progreso = 26 %.
>>> Hay 4296 Li depositados. Progreso = 27 %.
>>> Hay 4401 Li depositados. Progreso = 28 %.
>>> Hay 4519 Li depositados. Progreso = 29 %.
>>> Hay 4637 Li depositados. Progreso = 30 %.
>>> Hay 4764 Li depositados. Progreso = 31 %.
>>> Hay 4880 Li depositados. Progreso = 32 %.
>>> Hay 4985 Li depositados. Progreso = 33 %.
>>> Hay 5103 Li depositados. Progreso = 34 %.
>>> Hay 5233 Li depositados. Progreso = 35 %.
>>> Hay 5359 Li depositados. Progreso = 36 %.
>>> Hay 5488 Li depositados. Progreso = 37 %.
>>> Hay 5630 Li depositados. Progreso = 38 %.
>>> Hay 5765 Li depositados. Progreso = 39 %.
>>> Hay 5909 Li depositados. Progreso = 40 %.
>>> Hay 6027 Li depositados. Progreso = 41 %.
>>> Hay 6159 Li depositados. Progreso = 42 %.
>>> Hay 6286 Li depositados. Progreso = 44 %.
>>> Hay 6426 Li depositados. Progreso = 45 %.
>>> Hay 6556 Li depositados. Progreso = 46 %.
>>> Hay 6688 Li depositados. Progreso = 47 %.
>>> Hay 6840 Li depositados. Progreso = 48 %.
>>> Hay 6987 Li depositados. Progreso = 49 %.
>>> Hay 7122 Li depositados. Progreso = 51 %.
>>> Hay 7301 Li depositados. Progreso = 52 %.
>>> Hay 7422 Li depositados. Progreso = 53 %.
>>> Hay 7569 Li depositados. Progreso = 54 %.
>>> Hay 7724 Li depositados. Progreso = 56 %.
>>> Hay 7903 Li depositados. Progreso = 57 %.
>>> Hay 8044 Li depositados. Progreso = 58 %.
>>> Hay 8205 Li depositados. Progreso = 60 %.
>>> Hay 8368 Li depositados. Progreso = 61 %.
>>> Hay 8525 Li depositados. Progreso = 62 %.
>>> Hay 8703 Li depositados. Progreso = 64 %.
>>> Hay 8881 Li depositados. Progreso = 65 %.
>>> Hay 9066 Li depositados. Progreso = 67 %.
>>> Hay 9235 Li depositados. Progreso = 68 %.
>>> Hay 9422 Li depositados. Progreso = 70 %.
>>> Hay 9608 Li depositados. Progreso = 71 %.
>>> Hay 9812 Li depositados. Progreso = 73 %.
>>> Hay 10002 Li depositados. Progreso = 75 %.
>>> Hay 10175 Li depositados. Progreso = 76 %.
>>> Hay 10417 Li depositados. Progreso = 78 %.
>>> Hay 10635 Li depositados. Progreso = 80 %.
>>> Hay 10840 Li depositados. Progreso = 82 %.
>>> Hay 11077 Li depositados. Progreso = 83 %.
>>> Hay 11295 Li depositados. Progreso = 85 %.
>>> Hay 11500 Li depositados. Progreso = 87 %.
>>> Hay 11740 Li depositados. Progreso = 89 %.
>>> Hay 11998 Li depositados. Progreso = 91 %.
>>> Hay 12258 Li depositados. Progreso = 93 %.
>>> Hay 12533 Li depositados. Progreso = 96 %.
>>> Hay 12814 Li depositados. Progreso = 98 %.
Hay un total de 13001 Li depositados (100 %).
Tiempo simulando = 812.382 ms
WALL TIME = 4963.604533 s
PFLOPS = 3.876055

<<<<< FIN CON 13000 PARTÍCULAS
>>>>> INICIO CON 14000 PARTÍCULAS
rm -f dendritas *.o .depend
clang-11 -MM core.c dendritas.c xoshiro.c > .depend
clang-11 -std=gnu11 -Wall -Wextra -g -O2 -march=native -funroll-loops -DNMAX=14000 -c xoshiro.c -o xoshiro.o
clang-11 -std=gnu11 -Wall -Wextra -g -O2 -march=native -funroll-loops -DNMAX=14000 -c core.c -o core.o
clang-11 -std=gnu11 -Wall -Wextra -g -O2 -march=native -funroll-loops -DNMAX=14000 -c dendritas.c -o dendritas.o
clang-11 -std=gnu11 -Wall -Wextra -g -O2 -march=native -funroll-loops xoshiro.o core.o dendritas.o -o dendritas -lm
>>> Hay 1000 Li depositados. Progreso = 0 %.
>>> Hay 1205 Li depositados. Progreso = 1 %.
>>> Hay 1304 Li depositados. Progreso = 2 %.
>>> Hay 1413 Li depositados. Progreso = 3 %.
>>> Hay 1514 Li depositados. Progreso = 3 %.
>>> Hay 1621 Li depositados. Progreso = 4 %.
>>> Hay 1724 Li depositados. Progreso = 5 %.
>>> Hay 1844 Li depositados. Progreso = 6 %.
>>> Hay 1944 Li depositados. Progreso = 7 %.
>>> Hay 2038 Li depositados. Progreso = 7 %.
>>> Hay 2153 Li depositados. Progreso = 8 %.
>>> Hay 2260 Li depositados. Progreso = 9 %.
>>> Hay 2363 Li depositados. Progreso = 10 %.
>>> Hay 2475 Li depositados. Progreso = 11 %.
>>> Hay 2574 Li depositados. Progreso = 12 %.
>>> Hay 2679 Li depositados. Progreso = 12 %.
>>> Hay 2791 Li depositados. Progreso = 13 %.
>>> Hay 2891 Li depositados. Progreso = 14 %.
>>> Hay 2995 Li depositados. Progreso = 15 %.
>>> Hay 3096 Li depositados. Progreso = 16 %.
>>> Hay 3197 Li depositados. Progreso = 16 %.
>>> Hay 3289 Li depositados. Progreso = 17 %.
>>> Hay 3397 Li depositados. Progreso = 18 %.
>>> Hay 3512 Li depositados. Progreso = 19 %.
>>> Hay 3618 Li depositados. Progreso = 20 %.
>>> Hay 3730 Li depositados. Progreso = 21 %.
>>> Hay 3844 Li depositados. Progreso = 21 %.
>>> Hay 3957 Li depositados. Progreso = 22 %.
>>> Hay 4070 Li depositados. Progreso = 23 %.
>>> Hay 4187 Li depositados. Progreso = 24 %.
>>> Hay 4296 Li depositados. Progreso = 25 %.
>>> Hay 4401 Li depositados. Progreso = 26 %.
>>> Hay 4519 Li depositados. Progreso = 27 %.
>>> Hay 4637 Li depositados. Progreso = 27 %.
>>> Hay 4764 Li depositados. Progreso = 28 %.
>>> Hay 4880 Li depositados. Progreso = 29 %.
>>> Hay 4985 Li depositados. Progreso = 30 %.
>>> Hay 5103 Li depositados. Progreso = 31 %.
>>> Hay 5233 Li depositados. Progreso = 32 %.
>>> Hay 5359 Li depositados. Progreso = 33 %.
>>> Hay 5488 Li depositados. Progreso = 34 %.
>>> Hay 5630 Li depositados. Progreso = 35 %.
>>> Hay 5765 Li depositados. Progreso = 36 %.
>>> Hay 5909 Li depositados. Progreso = 37 %.
>>> Hay 6027 Li depositados. Progreso = 38 %.
>>> Hay 6159 Li depositados. Progreso = 39 %.
>>> Hay 6286 Li depositados. Progreso = 40 %.
>>> Hay 6426 Li depositados. Progreso = 41 %.
>>> Hay 6556 Li depositados. Progreso = 42 %.
>>> Hay 6688 Li depositados. Progreso = 43 %.
>>> Hay 6840 Li depositados. Progreso = 44 %.
>>> Hay 6987 Li depositados. Progreso = 46 %.
>>> Hay 7122 Li depositados. Progreso = 47 %.
>>> Hay 7301 Li depositados. Progreso = 48 %.
>>> Hay 7422 Li depositados. Progreso = 49 %.
>>> Hay 7569 Li depositados. Progreso = 50 %.
>>> Hay 7724 Li depositados. Progreso = 51 %.
>>> Hay 7903 Li depositados. Progreso = 53 %.
>>> Hay 8044 Li depositados. Progreso = 54 %.
>>> Hay 8205 Li depositados. Progreso = 55 %.
>>> Hay 8368 Li depositados. Progreso = 56 %.
>>> Hay 8525 Li depositados. Progreso = 57 %.
>>> Hay 8703 Li depositados. Progreso = 59 %.
>>> Hay 8881 Li depositados. Progreso = 60 %.
>>> Hay 9066 Li depositados. Progreso = 62 %.
>>> Hay 9235 Li depositados. Progreso = 63 %.
>>> Hay 9422 Li depositados. Progreso = 64 %.
>>> Hay 9608 Li depositados. Progreso = 66 %.
>>> Hay 9812 Li depositados. Progreso = 67 %.
>>> Hay 10002 Li depositados. Progreso = 69 %.
>>> Hay 10175 Li depositados. Progreso = 70 %.
>>> Hay 10417 Li depositados. Progreso = 72 %.
>>> Hay 10635 Li depositados. Progreso = 74 %.
>>> Hay 10840 Li depositados. Progreso = 75 %.
>>> Hay 11077 Li depositados. Progreso = 77 %.
>>> Hay 11295 Li depositados. Progreso = 79 %.
>>> Hay 11500 Li depositados. Progreso = 80 %.
>>> Hay 11740 Li depositados. Progreso = 82 %.
>>> Hay 11998 Li depositados. Progreso = 84 %.
>>> Hay 12258 Li depositados. Progreso = 86 %.
>>> Hay 12533 Li depositados. Progreso = 88 %.
>>> Hay 12814 Li depositados. Progreso = 90 %.
>>> Hay 13087 Li depositados. Progreso = 92 %.
>>> Hay 13409 Li depositados. Progreso = 95 %.
>>> Hay 13687 Li depositados. Progreso = 97 %.
Hay un total de 14001 Li depositados (100 %).
Tiempo simulando = 843.832 ms
WALL TIME = 5389.911279 s
PFLOPS = 4.050145

<<<<< FIN CON 14000 PARTÍCULAS
>>>>> INICIO CON 15000 PARTÍCULAS
rm -f dendritas *.o .depend
clang-11 -MM core.c dendritas.c xoshiro.c > .depend
clang-11 -std=gnu11 -Wall -Wextra -g -O2 -march=native -funroll-loops -DNMAX=15000 -c xoshiro.c -o xoshiro.o
clang-11 -std=gnu11 -Wall -Wextra -g -O2 -march=native -funroll-loops -DNMAX=15000 -c core.c -o core.o
clang-11 -std=gnu11 -Wall -Wextra -g -O2 -march=native -funroll-loops -DNMAX=15000 -c dendritas.c -o dendritas.o
clang-11 -std=gnu11 -Wall -Wextra -g -O2 -march=native -funroll-loops xoshiro.o core.o dendritas.o -o dendritas -lm
>>> Hay 1000 Li depositados. Progreso = 0 %.
>>> Hay 1205 Li depositados. Progreso = 1 %.
>>> Hay 1304 Li depositados. Progreso = 2 %.
>>> Hay 1413 Li depositados. Progreso = 2 %.
>>> Hay 1514 Li depositados. Progreso = 3 %.
>>> Hay 1621 Li depositados. Progreso = 4 %.
>>> Hay 1724 Li depositados. Progreso = 5 %.
>>> Hay 1844 Li depositados. Progreso = 6 %.
>>> Hay 1944 Li depositados. Progreso = 6 %.
>>> Hay 2038 Li depositados. Progreso = 7 %.
>>> Hay 2153 Li depositados. Progreso = 8 %.
>>> Hay 2260 Li depositados. Progreso = 9 %.
>>> Hay 2363 Li depositados. Progreso = 9 %.
>>> Hay 2475 Li depositados. Progreso = 10 %.
>>> Hay 2574 Li depositados. Progreso = 11 %.
>>> Hay 2679 Li depositados. Progreso = 11 %.
>>> Hay 2791 Li depositados. Progreso = 12 %.
>>> Hay 2891 Li depositados. Progreso = 13 %.
>>> Hay 2995 Li depositados. Progreso = 14 %.
>>> Hay 3096 Li depositados. Progreso = 14 %.
>>> Hay 3197 Li depositados. Progreso = 15 %.
>>> Hay 3289 Li depositados. Progreso = 16 %.
>>> Hay 3397 Li depositados. Progreso = 17 %.
>>> Hay 3512 Li depositados. Progreso = 17 %.
>>> Hay 3618 Li depositados. Progreso = 18 %.
>>> Hay 3730 Li depositados. Progreso = 19 %.
>>> Hay 3844 Li depositados. Progreso = 20 %.
>>> Hay 3957 Li depositados. Progreso = 21 %.
>>> Hay 4070 Li depositados. Progreso = 21 %.
>>> Hay 4187 Li depositados. Progreso = 22 %.
>>> Hay 4296 Li depositados. Progreso = 23 %.
>>> Hay 4401 Li depositados. Progreso = 24 %.
>>> Hay 4519 Li depositados. Progreso = 25 %.
>>> Hay 4637 Li depositados. Progreso = 25 %.
>>> Hay 4764 Li depositados. Progreso = 26 %.
>>> Hay 4880 Li depositados. Progreso = 27 %.
>>> Hay 4985 Li depositados. Progreso = 28 %.
>>> Hay 5103 Li depositados. Progreso = 29 %.
>>> Hay 5233 Li depositados. Progreso = 30 %.
>>> Hay 5359 Li depositados. Progreso = 31 %.
>>> Hay 5488 Li depositados. Progreso = 32 %.
>>> Hay 5630 Li depositados. Progreso = 33 %.
>>> Hay 5765 Li depositados. Progreso = 34 %.
>>> Hay 5909 Li depositados. Progreso = 35 %.
>>> Hay 6027 Li depositados. Progreso = 35 %.
>>> Hay 6159 Li depositados. Progreso = 36 %.
>>> Hay 6286 Li depositados. Progreso = 37 %.
>>> Hay 6426 Li depositados. Progreso = 38 %.
>>> Hay 6556 Li depositados. Progreso = 39 %.
>>> Hay 6688 Li depositados. Progreso = 40 %.
>>> Hay 6840 Li depositados. Progreso = 41 %.
>>> Hay 6987 Li depositados. Progreso = 42 %.
>>> Hay 7122 Li depositados. Progreso = 43 %.
>>> Hay 7301 Li depositados. Progreso = 45 %.
>>> Hay 7422 Li depositados. Progreso = 45 %.
>>> Hay 7569 Li depositados. Progreso = 46 %.
>>> Hay 7724 Li depositados. Progreso = 48 %.
>>> Hay 7903 Li depositados. Progreso = 49 %.
>>> Hay 8044 Li depositados. Progreso = 50 %.
>>> Hay 8205 Li depositados. Progreso = 51 %.
>>> Hay 8368 Li depositados. Progreso = 52 %.
>>> Hay 8525 Li depositados. Progreso = 53 %.
>>> Hay 8703 Li depositados. Progreso = 55 %.
>>> Hay 8881 Li depositados. Progreso = 56 %.
>>> Hay 9066 Li depositados. Progreso = 57 %.
>>> Hay 9235 Li depositados. Progreso = 58 %.
>>> Hay 9422 Li depositados. Progreso = 60 %.
>>> Hay 9608 Li depositados. Progreso = 61 %.
>>> Hay 9812 Li depositados. Progreso = 62 %.
>>> Hay 10002 Li depositados. Progreso = 64 %.
>>> Hay 10175 Li depositados. Progreso = 65 %.
>>> Hay 10417 Li depositados. Progreso = 67 %.
>>> Hay 10635 Li depositados. Progreso = 68 %.
>>> Hay 10840 Li depositados. Progreso = 70 %.
>>> Hay 11077 Li depositados. Progreso = 71 %.
>>> Hay 11295 Li depositados. Progreso = 73 %.
>>> Hay 11500 Li depositados. Progreso = 75 %.
>>> Hay 11740 Li depositados. Progreso = 76 %.
>>> Hay 11998 Li depositados. Progreso = 78 %.
>>> Hay 12258 Li depositados. Progreso = 80 %.
>>> Hay 12533 Li depositados. Progreso = 82 %.
>>> Hay 12814 Li depositados. Progreso = 84 %.
>>> Hay 13087 Li depositados. Progreso = 86 %.
>>> Hay 13409 Li depositados. Progreso = 88 %.
>>> Hay 13687 Li depositados. Progreso = 90 %.
>>> Hay 14023 Li depositados. Progreso = 93 %.
>>> Hay 14409 Li depositados. Progreso = 95 %.
>>> Hay 14761 Li depositados. Progreso = 98 %.
Hay un total de 15001 Li depositados (100 %).
Tiempo simulando = 869.442 ms
WALL TIME = 5775.159774 s
PFLOPS = 4.188037

<<<<< FIN CON 15000 PARTÍCULAS
>>>>> INICIO CON 16000 PARTÍCULAS
rm -f dendritas *.o .depend
clang-11 -MM core.c dendritas.c xoshiro.c > .depend
clang-11 -std=gnu11 -Wall -Wextra -g -O2 -march=native -funroll-loops -DNMAX=16000 -c xoshiro.c -o xoshiro.o
clang-11 -std=gnu11 -Wall -Wextra -g -O2 -march=native -funroll-loops -DNMAX=16000 -c core.c -o core.o
clang-11 -std=gnu11 -Wall -Wextra -g -O2 -march=native -funroll-loops -DNMAX=16000 -c dendritas.c -o dendritas.o
clang-11 -std=gnu11 -Wall -Wextra -g -O2 -march=native -funroll-loops xoshiro.o core.o dendritas.o -o dendritas -lm
>>> Hay 1000 Li depositados. Progreso = 0 %.
>>> Hay 1205 Li depositados. Progreso = 1 %.
>>> Hay 1304 Li depositados. Progreso = 2 %.
>>> Hay 1413 Li depositados. Progreso = 2 %.
>>> Hay 1514 Li depositados. Progreso = 3 %.
>>> Hay 1621 Li depositados. Progreso = 4 %.
>>> Hay 1724 Li depositados. Progreso = 4 %.
>>> Hay 1844 Li depositados. Progreso = 5 %.
>>> Hay 1944 Li depositados. Progreso = 6 %.
>>> Hay 2038 Li depositados. Progreso = 6 %.
>>> Hay 2153 Li depositados. Progreso = 7 %.
>>> Hay 2260 Li depositados. Progreso = 8 %.
>>> Hay 2363 Li depositados. Progreso = 9 %.
>>> Hay 2475 Li depositados. Progreso = 9 %.
>>> Hay 2574 Li depositados. Progreso = 10 %.
>>> Hay 2679 Li depositados. Progreso = 11 %.
>>> Hay 2791 Li depositados. Progreso = 11 %.
>>> Hay 2891 Li depositados. Progreso = 12 %.
>>> Hay 2995 Li depositados. Progreso = 13 %.
>>> Hay 3096 Li depositados. Progreso = 13 %.
>>> Hay 3197 Li depositados. Progreso = 14 %.
>>> Hay 3289 Li depositados. Progreso = 15 %.
>>> Hay 3397 Li depositados. Progreso = 15 %.
>>> Hay 3512 Li depositados. Progreso = 16 %.
>>> Hay 3618 Li depositados. Progreso = 17 %.
>>> Hay 3730 Li depositados. Progreso = 18 %.
>>> Hay 3844 Li depositados. Progreso = 18 %.
>>> Hay 3957 Li depositados. Progreso = 19 %.
>>> Hay 4070 Li depositados. Progreso = 20 %.
>>> Hay 4187 Li depositados. Progreso = 21 %.
>>> Hay 4296 Li depositados. Progreso = 21 %.
>>> Hay 4401 Li depositados. Progreso = 22 %.
>>> Hay 4519 Li depositados. Progreso = 23 %.
>>> Hay 4637 Li depositados. Progreso = 24 %.
>>> Hay 4764 Li depositados. Progreso = 25 %.
>>> Hay 4880 Li depositados. Progreso = 25 %.
>>> Hay 4985 Li depositados. Progreso = 26 %.
>>> Hay 5103 Li depositados. Progreso = 27 %.
>>> Hay 5233 Li depositados. Progreso = 28 %.
>>> Hay 5359 Li depositados. Progreso = 29 %.
>>> Hay 5488 Li depositados. Progreso = 29 %.
>>> Hay 5630 Li depositados. Progreso = 30 %.
>>> Hay 5765 Li depositados. Progreso = 31 %.
>>> Hay 5909 Li depositados. Progreso = 32 %.
>>> Hay 6027 Li depositados. Progreso = 33 %.
>>> Hay 6159 Li depositados. Progreso = 34 %.
>>> Hay 6286 Li depositados. Progreso = 35 %.
>>> Hay 6426 Li depositados. Progreso = 36 %.
>>> Hay 6556 Li depositados. Progreso = 37 %.
>>> Hay 6688 Li depositados. Progreso = 37 %.
>>> Hay 6840 Li depositados. Progreso = 38 %.
>>> Hay 6987 Li depositados. Progreso = 39 %.
>>> Hay 7122 Li depositados. Progreso = 40 %.
>>> Hay 7301 Li depositados. Progreso = 42 %.
>>> Hay 7422 Li depositados. Progreso = 42 %.
>>> Hay 7569 Li depositados. Progreso = 43 %.
>>> Hay 7724 Li depositados. Progreso = 44 %.
>>> Hay 7903 Li depositados. Progreso = 46 %.
>>> Hay 8044 Li depositados. Progreso = 46 %.
>>> Hay 8205 Li depositados. Progreso = 48 %.
>>> Hay 8368 Li depositados. Progreso = 49 %.
>>> Hay 8525 Li depositados. Progreso = 50 %.
>>> Hay 8703 Li depositados. Progreso = 51 %.
>>> Hay 8881 Li depositados. Progreso = 52 %.
>>> Hay 9066 Li depositados. Progreso = 53 %.
>>> Hay 9235 Li depositados. Progreso = 54 %.
>>> Hay 9422 Li depositados. Progreso = 56 %.
>>> Hay 9608 Li depositados. Progreso = 57 %.
>>> Hay 9812 Li depositados. Progreso = 58 %.
>>> Hay 10002 Li depositados. Progreso = 60 %.
>>> Hay 10175 Li depositados. Progreso = 61 %.
>>> Hay 10417 Li depositados. Progreso = 62 %.
>>> Hay 10635 Li depositados. Progreso = 64 %.
>>> Hay 10840 Li depositados. Progreso = 65 %.
>>> Hay 11077 Li depositados. Progreso = 67 %.
>>> Hay 11295 Li depositados. Progreso = 68 %.
>>> Hay 11500 Li depositados. Progreso = 70 %.
>>> Hay 11740 Li depositados. Progreso = 71 %.
>>> Hay 11998 Li depositados. Progreso = 73 %.
>>> Hay 12258 Li depositados. Progreso = 75 %.
>>> Hay 12533 Li depositados. Progreso = 76 %.
>>> Hay 12814 Li depositados. Progreso = 78 %.
>>> Hay 13087 Li depositados. Progreso = 80 %.
>>> Hay 13409 Li depositados. Progreso = 82 %.
>>> Hay 13687 Li depositados. Progreso = 84 %.
>>> Hay 14023 Li depositados. Progreso = 86 %.
>>> Hay 14409 Li depositados. Progreso = 89 %.
>>> Hay 14761 Li depositados. Progreso = 91 %.
>>> Hay 15196 Li depositados. Progreso = 94 %.
>>> Hay 15666 Li depositados. Progreso = 97 %.
Hay un total de 16001 Li depositados (100 %).
Tiempo simulando = 891.037 ms
WALL TIME = 6120.483230 s
PFLOPS = 4.306715

<<<<< FIN CON 16000 PARTÍCULAS
>>>>> INICIO CON 17000 PARTÍCULAS
rm -f dendritas *.o .depend
clang-11 -MM core.c dendritas.c xoshiro.c > .depend
clang-11 -std=gnu11 -Wall -Wextra -g -O2 -march=native -funroll-loops -DNMAX=17000 -c xoshiro.c -o xoshiro.o
clang-11 -std=gnu11 -Wall -Wextra -g -O2 -march=native -funroll-loops -DNMAX=17000 -c core.c -o core.o
clang-11 -std=gnu11 -Wall -Wextra -g -O2 -march=native -funroll-loops -DNMAX=17000 -c dendritas.c -o dendritas.o
clang-11 -std=gnu11 -Wall -Wextra -g -O2 -march=native -funroll-loops xoshiro.o core.o dendritas.o -o dendritas -lm
>>> Hay 1000 Li depositados. Progreso = 0 %.
>>> Hay 1205 Li depositados. Progreso = 1 %.
>>> Hay 1304 Li depositados. Progreso = 1 %.
>>> Hay 1413 Li depositados. Progreso = 2 %.
>>> Hay 1514 Li depositados. Progreso = 3 %.
>>> Hay 1621 Li depositados. Progreso = 3 %.
>>> Hay 1724 Li depositados. Progreso = 4 %.
>>> Hay 1844 Li depositados. Progreso = 5 %.
>>> Hay 1944 Li depositados. Progreso = 5 %.
>>> Hay 2038 Li depositados. Progreso = 6 %.
>>> Hay 2153 Li depositados. Progreso = 7 %.
>>> Hay 2260 Li depositados. Progreso = 7 %.
>>> Hay 2363 Li depositados. Progreso = 8 %.
>>> Hay 2475 Li depositados. Progreso = 9 %.
>>> Hay 2574 Li depositados. Progreso = 9 %.
>>> Hay 2679 Li depositados. Progreso = 10 %.
>>> Hay 2791 Li depositados. Progreso = 11 %.
>>> Hay 2891 Li depositados. Progreso = 11 %.
>>> Hay 2995 Li depositados. Progreso = 12 %.
>>> Hay 3096 Li depositados. Progreso = 13 %.
>>> Hay 3197 Li depositados. Progreso = 13 %.
>>> Hay 3289 Li depositados. Progreso = 14 %.
>>> Hay 3397 Li depositados. Progreso = 14 %.
>>> Hay 3512 Li depositados. Progreso = 15 %.
>>> Hay 3618 Li depositados. Progreso = 16 %.
>>> Hay 3730 Li depositados. Progreso = 17 %.
>>> Hay 3844 Li depositados. Progreso = 17 %.
>>> Hay 3957 Li depositados. Progreso = 18 %.
>>> Hay 4070 Li depositados. Progreso = 19 %.
>>> Hay 4187 Li depositados. Progreso = 19 %.
>>> Hay 4296 Li depositados. Progreso = 20 %.
>>> Hay 4401 Li depositados. Progreso = 21 %.
>>> Hay 4519 Li depositados. Progreso = 21 %.
>>> Hay 4637 Li depositados. Progreso = 22 %.
>>> Hay 4764 Li depositados. Progreso = 23 %.
>>> Hay 4880 Li depositados. Progreso = 24 %.
>>> Hay 4985 Li depositados. Progreso = 24 %.
>>> Hay 5103 Li depositados. Progreso = 25 %.
>>> Hay 5233 Li depositados. Progreso = 26 %.
>>> Hay 5359 Li depositados. Progreso = 27 %.
>>> Hay 5488 Li depositados. Progreso = 28 %.
>>> Hay 5630 Li depositados. Progreso = 28 %.
>>> Hay 5765 Li depositados. Progreso = 29 %.
>>> Hay 5909 Li depositados. Progreso = 30 %.
>>> Hay 6027 Li depositados. Progreso = 31 %.
>>> Hay 6159 Li depositados. Progreso = 32 %.
>>> Hay 6286 Li depositados. Progreso = 33 %.
>>> Hay 6426 Li depositados. Progreso = 33 %.
>>> Hay 6556 Li depositados. Progreso = 34 %.
>>> Hay 6688 Li depositados. Progreso = 35 %.
>>> Hay 6840 Li depositados. Progreso = 36 %.
>>> Hay 6987 Li depositados. Progreso = 37 %.
>>> Hay 7122 Li depositados. Progreso = 38 %.
>>> Hay 7301 Li depositados. Progreso = 39 %.
>>> Hay 7422 Li depositados. Progreso = 40 %.
>>> Hay 7569 Li depositados. Progreso = 41 %.
>>> Hay 7724 Li depositados. Progreso = 42 %.
>>> Hay 7903 Li depositados. Progreso = 43 %.
>>> Hay 8044 Li depositados. Progreso = 44 %.
>>> Hay 8205 Li depositados. Progreso = 45 %.
>>> Hay 8368 Li depositados. Progreso = 46 %.
>>> Hay 8525 Li depositados. Progreso = 47 %.
>>> Hay 8703 Li depositados. Progreso = 48 %.
>>> Hay 8881 Li depositados. Progreso = 49 %.
>>> Hay 9066 Li depositados. Progreso = 50 %.
>>> Hay 9235 Li depositados. Progreso = 51 %.
>>> Hay 9422 Li depositados. Progreso = 52 %.
>>> Hay 9608 Li depositados. Progreso = 53 %.
>>> Hay 9812 Li depositados. Progreso = 55 %.
>>> Hay 10002 Li depositados. Progreso = 56 %.
>>> Hay 10175 Li depositados. Progreso = 57 %.
>>> Hay 10417 Li depositados. Progreso = 58 %.
>>> Hay 10635 Li depositados. Progreso = 60 %.
>>> Hay 10840 Li depositados. Progreso = 61 %.
>>> Hay 11077 Li depositados. Progreso = 62 %.
>>> Hay 11295 Li depositados. Progreso = 64 %.
>>> Hay 11500 Li depositados. Progreso = 65 %.
>>> Hay 11740 Li depositados. Progreso = 67 %.
>>> Hay 11998 Li depositados. Progreso = 68 %.
>>> Hay 12258 Li depositados. Progreso = 70 %.
>>> Hay 12533 Li depositados. Progreso = 72 %.
>>> Hay 12814 Li depositados. Progreso = 73 %.
>>> Hay 13087 Li depositados. Progreso = 75 %.
>>> Hay 13409 Li depositados. Progreso = 77 %.
>>> Hay 13687 Li depositados. Progreso = 79 %.
>>> Hay 14023 Li depositados. Progreso = 81 %.
>>> Hay 14409 Li depositados. Progreso = 83 %.
>>> Hay 14761 Li depositados. Progreso = 86 %.
>>> Hay 15196 Li depositados. Progreso = 88 %.
>>> Hay 15666 Li depositados. Progreso = 91 %.
>>> Hay 16134 Li depositados. Progreso = 94 %.
>>> Hay 16683 Li depositados. Progreso = 98 %.
Hay un total de 17001 Li depositados (100 %).
Tiempo simulando = 908.460 ms
WALL TIME = 6426.709513 s
PFLOPS = 4.396264

<<<<< FIN CON 17000 PARTÍCULAS
>>>>> INICIO CON 18000 PARTÍCULAS
rm -f dendritas *.o .depend
clang-11 -MM core.c dendritas.c xoshiro.c > .depend
clang-11 -std=gnu11 -Wall -Wextra -g -O2 -march=native -funroll-loops -DNMAX=18000 -c xoshiro.c -o xoshiro.o
clang-11 -std=gnu11 -Wall -Wextra -g -O2 -march=native -funroll-loops -DNMAX=18000 -c core.c -o core.o
clang-11 -std=gnu11 -Wall -Wextra -g -O2 -march=native -funroll-loops -DNMAX=18000 -c dendritas.c -o dendritas.o
clang-11 -std=gnu11 -Wall -Wextra -g -O2 -march=native -funroll-loops xoshiro.o core.o dendritas.o -o dendritas -lm
>>> Hay 1000 Li depositados. Progreso = 0 %.
>>> Hay 1205 Li depositados. Progreso = 1 %.
>>> Hay 1304 Li depositados. Progreso = 1 %.
>>> Hay 1413 Li depositados. Progreso = 2 %.
>>> Hay 1514 Li depositados. Progreso = 3 %.
>>> Hay 1621 Li depositados. Progreso = 3 %.
>>> Hay 1724 Li depositados. Progreso = 4 %.
>>> Hay 1844 Li depositados. Progreso = 4 %.
>>> Hay 1944 Li depositados. Progreso = 5 %.
>>> Hay 2038 Li depositados. Progreso = 6 %.
>>> Hay 2153 Li depositados. Progreso = 6 %.
>>> Hay 2260 Li depositados. Progreso = 7 %.
>>> Hay 2363 Li depositados. Progreso = 8 %.
>>> Hay 2475 Li depositados. Progreso = 8 %.
>>> Hay 2574 Li depositados. Progreso = 9 %.
>>> Hay 2679 Li depositados. Progreso = 9 %.
>>> Hay 2791 Li depositados. Progreso = 10 %.
>>> Hay 2891 Li depositados. Progreso = 11 %.
>>> Hay 2995 Li depositados. Progreso = 11 %.
>>> Hay 3096 Li depositados. Progreso = 12 %.
>>> Hay 3197 Li depositados. Progreso = 12 %.
>>> Hay 3289 Li depositados. Progreso = 13 %.
>>> Hay 3397 Li depositados. Progreso = 14 %.
>>> Hay 3512 Li depositados. Progreso = 14 %.
>>> Hay 3618 Li depositados. Progreso = 15 %.
>>> Hay 3730 Li depositados. Progreso = 16 %.
>>> Hay 3844 Li depositados. Progreso = 16 %.
>>> Hay 3957 Li depositados. Progreso = 17 %.
>>> Hay 4070 Li depositados. Progreso = 18 %.
>>> Hay 4187 Li depositados. Progreso = 18 %.
>>> Hay 4296 Li depositados. Progreso = 19 %.
>>> Hay 4401 Li depositados. Progreso = 20 %.
>>> Hay 4519 Li depositados. Progreso = 20 %.
>>> Hay 4637 Li depositados. Progreso = 21 %.
>>> Hay 4764 Li depositados. Progreso = 22 %.
>>> Hay 4880 Li depositados. Progreso = 22 %.
>>> Hay 4985 Li depositados. Progreso = 23 %.
>>> Hay 5103 Li depositados. Progreso = 24 %.
>>> Hay 5233 Li depositados. Progreso = 24 %.
>>> Hay 5359 Li depositados. Progreso = 25 %.
>>> Hay 5488 Li depositados. Progreso = 26 %.
>>> Hay 5630 Li depositados. Progreso = 27 %.
>>> Hay 5765 Li depositados. Progreso = 28 %.
>>> Hay 5909 Li depositados. Progreso = 28 %.
>>> Hay 6027 Li depositados. Progreso = 29 %.
>>> Hay 6159 Li depositados. Progreso = 30 %.
>>> Hay 6286 Li depositados. Progreso = 31 %.
>>> Hay 6426 Li depositados. Progreso = 31 %.
>>> Hay 6556 Li depositados. Progreso = 32 %.
>>> Hay 6688 Li depositados. Progreso = 33 %.
>>> Hay 6840 Li depositados. Progreso = 34 %.
>>> Hay 6987 Li depositados. Progreso = 35 %.
>>> Hay 7122 Li depositados. Progreso = 36 %.
>>> Hay 7301 Li depositados. Progreso = 37 %.
>>> Hay 7422 Li depositados. Progreso = 37 %.
>>> Hay 7569 Li depositados. Progreso = 38 %.
>>> Hay 7724 Li depositados. Progreso = 39 %.
>>> Hay 7903 Li depositados. Progreso = 40 %.
>>> Hay 8044 Li depositados. Progreso = 41 %.
>>> Hay 8205 Li depositados. Progreso = 42 %.
>>> Hay 8368 Li depositados. Progreso = 43 %.
>>> Hay 8525 Li depositados. Progreso = 44 %.
>>> Hay 8703 Li depositados. Progreso = 45 %.
>>> Hay 8881 Li depositados. Progreso = 46 %.
>>> Hay 9066 Li depositados. Progreso = 47 %.
>>> Hay 9235 Li depositados. Progreso = 48 %.
>>> Hay 9422 Li depositados. Progreso = 49 %.
>>> Hay 9608 Li depositados. Progreso = 50 %.
>>> Hay 9812 Li depositados. Progreso = 51 %.
>>> Hay 10002 Li depositados. Progreso = 52 %.
>>> Hay 10175 Li depositados. Progreso = 53 %.
>>> Hay 10417 Li depositados. Progreso = 55 %.
>>> Hay 10635 Li depositados. Progreso = 56 %.
>>> Hay 10840 Li depositados. Progreso = 57 %.
>>> Hay 11077 Li depositados. Progreso = 59 %.
>>> Hay 11295 Li depositados. Progreso = 60 %.
>>> Hay 11500 Li depositados. Progreso = 61 %.
>>> Hay 11740 Li depositados. Progreso = 63 %.
>>> Hay 11998 Li depositados. Progreso = 64 %.
>>> Hay 12258 Li depositados. Progreso = 66 %.
>>> Hay 12533 Li depositados. Progreso = 67 %.
>>> Hay 12814 Li depositados. Progreso = 69 %.
>>> Hay 13087 Li depositados. Progreso = 71 %.
>>> Hay 13409 Li depositados. Progreso = 72 %.
>>> Hay 13687 Li depositados. Progreso = 74 %.
>>> Hay 14023 Li depositados. Progreso = 76 %.
>>> Hay 14409 Li depositados. Progreso = 78 %.
>>> Hay 14761 Li depositados. Progreso = 80 %.
>>> Hay 15196 Li depositados. Progreso = 83 %.
>>> Hay 15666 Li depositados. Progreso = 86 %.
>>> Hay 16134 Li depositados. Progreso = 89 %.
>>> Hay 16683 Li depositados. Progreso = 92 %.
>>> Hay 17322 Li depositados. Progreso = 96 %.
Hay un total de 18001 Li depositados (100 %).
Tiempo simulando = 921.573 ms
WALL TIME = 6654.864599 s
PFLOPS = 4.474064

<<<<< FIN CON 18000 PARTÍCULAS
>>>>> INICIO CON 19000 PARTÍCULAS
rm -f dendritas *.o .depend
clang-11 -MM core.c dendritas.c xoshiro.c > .depend
clang-11 -std=gnu11 -Wall -Wextra -g -O2 -march=native -funroll-loops -DNMAX=19000 -c xoshiro.c -o xoshiro.o
clang-11 -std=gnu11 -Wall -Wextra -g -O2 -march=native -funroll-loops -DNMAX=19000 -c core.c -o core.o
clang-11 -std=gnu11 -Wall -Wextra -g -O2 -march=native -funroll-loops -DNMAX=19000 -c dendritas.c -o dendritas.o
clang-11 -std=gnu11 -Wall -Wextra -g -O2 -march=native -funroll-loops xoshiro.o core.o dendritas.o -o dendritas -lm
>>> Hay 1000 Li depositados. Progreso = 0 %.
>>> Hay 1205 Li depositados. Progreso = 1 %.
>>> Hay 1304 Li depositados. Progreso = 1 %.
>>> Hay 1413 Li depositados. Progreso = 2 %.
>>> Hay 1514 Li depositados. Progreso = 2 %.
>>> Hay 1621 Li depositados. Progreso = 3 %.
>>> Hay 1724 Li depositados. Progreso = 4 %.
>>> Hay 1844 Li depositados. Progreso = 4 %.
>>> Hay 1944 Li depositados. Progreso = 5 %.
>>> Hay 2038 Li depositados. Progreso = 5 %.
>>> Hay 2153 Li depositados. Progreso = 6 %.
>>> Hay 2260 Li depositados. Progreso = 7 %.
>>> Hay 2363 Li depositados. Progreso = 7 %.
>>> Hay 2475 Li depositados. Progreso = 8 %.
>>> Hay 2574 Li depositados. Progreso = 8 %.
>>> Hay 2679 Li depositados. Progreso = 9 %.
>>> Hay 2791 Li depositados. Progreso = 9 %.
>>> Hay 2891 Li depositados. Progreso = 10 %.
>>> Hay 2995 Li depositados. Progreso = 11 %.
>>> Hay 3096 Li depositados. Progreso = 11 %.
>>> Hay 3197 Li depositados. Progreso = 12 %.
>>> Hay 3289 Li depositados. Progreso = 12 %.
>>> Hay 3397 Li depositados. Progreso = 13 %.
>>> Hay 3512 Li depositados. Progreso = 13 %.
>>> Hay 3618 Li depositados. Progreso = 14 %.
>>> Hay 3730 Li depositados. Progreso = 15 %.
>>> Hay 3844 Li depositados. Progreso = 15 %.
>>> Hay 3957 Li depositados. Progreso = 16 %.
>>> Hay 4070 Li depositados. Progreso = 17 %.
>>> Hay 4187 Li depositados. Progreso = 17 %.
>>> Hay 4296 Li depositados. Progreso = 18 %.
>>> Hay 4401 Li depositados. Progreso = 18 %.
>>> Hay 4519 Li depositados. Progreso = 19 %.
>>> Hay 4637 Li depositados. Progreso = 20 %.
>>> Hay 4764 Li depositados. Progreso = 20 %.
>>> Hay 4880 Li depositados. Progreso = 21 %.
>>> Hay 4985 Li depositados. Progreso = 22 %.
>>> Hay 5103 Li depositados. Progreso = 22 %.
>>> Hay 5233 Li depositados. Progreso = 23 %.
>>> Hay 5359 Li depositados. Progreso = 24 %.
>>> Hay 5488 Li depositados. Progreso = 24 %.
>>> Hay 5630 Li depositados. Progreso = 25 %.
>>> Hay 5765 Li depositados. Progreso = 26 %.
>>> Hay 5909 Li depositados. Progreso = 27 %.
>>> Hay 6027 Li depositados. Progreso = 27 %.
>>> Hay 6159 Li depositados. Progreso = 28 %.
>>> Hay 6286 Li depositados. Progreso = 29 %.
>>> Hay 6426 Li depositados. Progreso = 30 %.
>>> Hay 6556 Li depositados. Progreso = 30 %.
>>> Hay 6688 Li depositados. Progreso = 31 %.
>>> Hay 6840 Li depositados. Progreso = 32 %.
>>> Hay 6987 Li depositados. Progreso = 33 %.
>>> Hay 7122 Li depositados. Progreso = 34 %.
>>> Hay 7301 Li depositados. Progreso = 35 %.
>>> Hay 7422 Li depositados. Progreso = 35 %.
>>> Hay 7569 Li depositados. Progreso = 36 %.
>>> Hay 7724 Li depositados. Progreso = 37 %.
>>> Hay 7903 Li depositados. Progreso = 38 %.
>>> Hay 8044 Li depositados. Progreso = 39 %.
>>> Hay 8205 Li depositados. Progreso = 40 %.
>>> Hay 8368 Li depositados. Progreso = 40 %.
>>> Hay 8525 Li depositados. Progreso = 41 %.
>>> Hay 8703 Li depositados. Progreso = 42 %.
>>> Hay 8881 Li depositados. Progreso = 43 %.
>>> Hay 9066 Li depositados. Progreso = 44 %.
>>> Hay 9235 Li depositados. Progreso = 45 %.
>>> Hay 9422 Li depositados. Progreso = 46 %.
>>> Hay 9608 Li depositados. Progreso = 47 %.
>>> Hay 9812 Li depositados. Progreso = 48 %.
>>> Hay 10002 Li depositados. Progreso = 50 %.
>>> Hay 10175 Li depositados. Progreso = 50 %.
>>> Hay 10417 Li depositados. Progreso = 52 %.
>>> Hay 10635 Li depositados. Progreso = 53 %.
>>> Hay 10840 Li depositados. Progreso = 54 %.
>>> Hay 11077 Li depositados. Progreso = 55 %.
>>> Hay 11295 Li depositados. Progreso = 57 %.
>>> Hay 11500 Li depositados. Progreso = 58 %.
>>> Hay 11740 Li depositados. Progreso = 59 %.
>>> Hay 11998 Li depositados. Progreso = 61 %.
>>> Hay 12258 Li depositados. Progreso = 62 %.
>>> Hay 12533 Li depositados. Progreso = 64 %.
>>> Hay 12814 Li depositados. Progreso = 65 %.
>>> Hay 13087 Li depositados. Progreso = 67 %.
>>> Hay 13409 Li depositados. Progreso = 68 %.
>>> Hay 13687 Li depositados. Progreso = 70 %.
>>> Hay 14023 Li depositados. Progreso = 72 %.
>>> Hay 14409 Li depositados. Progreso = 74 %.
>>> Hay 14761 Li depositados. Progreso = 76 %.
>>> Hay 15196 Li depositados. Progreso = 78 %.
>>> Hay 15666 Li depositados. Progreso = 81 %.
>>> Hay 16134 Li depositados. Progreso = 84 %.
>>> Hay 16683 Li depositados. Progreso = 87 %.
>>> Hay 17322 Li depositados. Progreso = 90 %.
>>> Hay 18122 Li depositados. Progreso = 95 %.
Hay un total de 19001 Li depositados (100 %).
Tiempo simulando = 931.588 ms
WALL TIME = 6847.676392 s
PFLOPS = 4.529532

<<<<< FIN CON 19000 PARTÍCULAS
>>>>> INICIO CON 20000 PARTÍCULAS
rm -f dendritas *.o .depend
clang-11 -MM core.c dendritas.c xoshiro.c > .depend
clang-11 -std=gnu11 -Wall -Wextra -g -O2 -march=native -funroll-loops -DNMAX=20000 -c xoshiro.c -o xoshiro.o
clang-11 -std=gnu11 -Wall -Wextra -g -O2 -march=native -funroll-loops -DNMAX=20000 -c core.c -o core.o
clang-11 -std=gnu11 -Wall -Wextra -g -O2 -march=native -funroll-loops -DNMAX=20000 -c dendritas.c -o dendritas.o
clang-11 -std=gnu11 -Wall -Wextra -g -O2 -march=native -funroll-loops xoshiro.o core.o dendritas.o -o dendritas -lm
>>> Hay 1000 Li depositados. Progreso = 0 %.
>>> Hay 1205 Li depositados. Progreso = 1 %.
>>> Hay 1304 Li depositados. Progreso = 1 %.
>>> Hay 1413 Li depositados. Progreso = 2 %.
>>> Hay 1514 Li depositados. Progreso = 2 %.
>>> Hay 1621 Li depositados. Progreso = 3 %.
>>> Hay 1724 Li depositados. Progreso = 3 %.
>>> Hay 1844 Li depositados. Progreso = 4 %.
>>> Hay 1944 Li depositados. Progreso = 4 %.
>>> Hay 2038 Li depositados. Progreso = 5 %.
>>> Hay 2153 Li depositados. Progreso = 6 %.
>>> Hay 2260 Li depositados. Progreso = 6 %.
>>> Hay 2363 Li depositados. Progreso = 7 %.
>>> Hay 2475 Li depositados. Progreso = 7 %.
>>> Hay 2574 Li depositados. Progreso = 8 %.
>>> Hay 2679 Li depositados. Progreso = 8 %.
>>> Hay 2791 Li depositados. Progreso = 9 %.
>>> Hay 2891 Li depositados. Progreso = 9 %.
>>> Hay 2995 Li depositados. Progreso = 10 %.
>>> Hay 3096 Li depositados. Progreso = 11 %.
>>> Hay 3197 Li depositados. Progreso = 11 %.
>>> Hay 3289 Li depositados. Progreso = 12 %.
>>> Hay 3397 Li depositados. Progreso = 12 %.
>>> Hay 3512 Li depositados. Progreso = 13 %.
>>> Hay 3618 Li depositados. Progreso = 13 %.
>>> Hay 3730 Li depositados. Progreso = 14 %.
>>> Hay 3844 Li depositados. Progreso = 14 %.
>>> Hay 3957 Li depositados. Progreso = 15 %.
>>> Hay 4070 Li depositados. Progreso = 16 %.
>>> Hay 4187 Li depositados. Progreso = 16 %.
>>> Hay 4296 Li depositados. Progreso = 17 %.
>>> Hay 4401 Li depositados. Progreso = 17 %.
>>> Hay 4519 Li depositados. Progreso = 18 %.
>>> Hay 4637 Li depositados. Progreso = 19 %.
>>> Hay 4764 Li depositados. Progreso = 19 %.
>>> Hay 4880 Li depositados. Progreso = 20 %.
>>> Hay 4985 Li depositados. Progreso = 20 %.
>>> Hay 5103 Li depositados. Progreso = 21 %.
>>> Hay 5233 Li depositados. Progreso = 22 %.
>>> Hay 5359 Li depositados. Progreso = 22 %.
>>> Hay 5488 Li depositados. Progreso = 23 %.
>>> Hay 5630 Li depositados. Progreso = 24 %.
>>> Hay 5765 Li depositados. Progreso = 25 %.
>>> Hay 5909 Li depositados. Progreso = 25 %.
>>> Hay 6027 Li depositados. Progreso = 26 %.
>>> Hay 6159 Li depositados. Progreso = 27 %.
>>> Hay 6286 Li depositados. Progreso = 27 %.
>>> Hay 6426 Li depositados. Progreso = 28 %.
>>> Hay 6556 Li depositados. Progreso = 29 %.
>>> Hay 6688 Li depositados. Progreso = 29 %.
>>> Hay 6840 Li depositados. Progreso = 30 %.
>>> Hay 6987 Li depositados. Progreso = 31 %.
>>> Hay 7122 Li depositados. Progreso = 32 %.
>>> Hay 7301 Li depositados. Progreso = 33 %.
>>> Hay 7422 Li depositados. Progreso = 33 %.
>>> Hay 7569 Li depositados. Progreso = 34 %.
>>> Hay 7724 Li depositados. Progreso = 35 %.
>>> Hay 7903 Li depositados. Progreso = 36 %.
>>> Hay 8044 Li depositados. Progreso = 37 %.
>>> Hay 8205 Li depositados. Progreso = 37 %.
>>> Hay 8368 Li depositados. Progreso = 38 %.
>>> Hay 8525 Li depositados. Progreso = 39 %.
>>> Hay 8703 Li depositados. Progreso = 40 %.
>>> Hay 8881 Li depositados. Progreso = 41 %.
>>> Hay 9066 Li depositados. Progreso = 42 %.
>>> Hay 9235 Li depositados. Progreso = 43 %.
>>> Hay 9422 Li depositados. Progreso = 44 %.
>>> Hay 9608 Li depositados. Progreso = 45 %.
>>> Hay 9812 Li depositados. Progreso = 46 %.
>>> Hay 10002 Li depositados. Progreso = 47 %.
>>> Hay 10175 Li depositados. Progreso = 48 %.
>>> Hay 10417 Li depositados. Progreso = 49 %.
>>> Hay 10635 Li depositados. Progreso = 50 %.
>>> Hay 10840 Li depositados. Progreso = 51 %.
>>> Hay 11077 Li depositados. Progreso = 53 %.
>>> Hay 11295 Li depositados. Progreso = 54 %.
>>> Hay 11500 Li depositados. Progreso = 55 %.
>>> Hay 11740 Li depositados. Progreso = 56 %.
>>> Hay 11998 Li depositados. Progreso = 57 %.
>>> Hay 12258 Li depositados. Progreso = 59 %.
>>> Hay 12533 Li depositados. Progreso = 60 %.
>>> Hay 12814 Li depositados. Progreso = 62 %.
>>> Hay 13087 Li depositados. Progreso = 63 %.
>>> Hay 13409 Li depositados. Progreso = 65 %.
>>> Hay 13687 Li depositados. Progreso = 66 %.
>>> Hay 14023 Li depositados. Progreso = 68 %.
>>> Hay 14409 Li depositados. Progreso = 70 %.
>>> Hay 14761 Li depositados. Progreso = 72 %.
>>> Hay 15196 Li depositados. Progreso = 74 %.
>>> Hay 15666 Li depositados. Progreso = 77 %.
>>> Hay 16134 Li depositados. Progreso = 79 %.
>>> Hay 16683 Li depositados. Progreso = 82 %.
>>> Hay 17322 Li depositados. Progreso = 85 %.
>>> Hay 18122 Li depositados. Progreso = 90 %.
>>> Hay 19114 Li depositados. Progreso = 95 %.
Hay un total de 20001 Li depositados (100 %).
Tiempo simulando = 940.538 ms
WALL TIME = 7027.940879 s
PFLOPS = 4.578872

<<<<< FIN CON 20000 PARTÍCULAS
rm -f dendritas *.o .depend
