>>>>> INICIO CON 24000 PARTÍCULAS
clang-11 -MM core.c dendritas.c xoshiro.c > .depend
rm -f dendritas *.o .depend
clang-11 -MM core.c dendritas.c xoshiro.c > .depend
clang-11 -std=gnu11 -Wall -Wextra -g -O2 -march=native -funroll-loops -DNMAX=24000 -c xoshiro.c -o xoshiro.o
clang-11 -std=gnu11 -Wall -Wextra -g -O2 -march=native -funroll-loops -DNMAX=24000 -c core.c -o core.o
clang-11 -std=gnu11 -Wall -Wextra -g -O2 -march=native -funroll-loops -DNMAX=24000 -c dendritas.c -o dendritas.o
clang-11 -std=gnu11 -Wall -Wextra -g -O2 -march=native -funroll-loops xoshiro.o core.o dendritas.o -o dendritas -lm
>>> Hay 1000 Li depositados. Progreso = 0 %.
>>> Hay 1205 Li depositados. Progreso = 0 %.
>>> Hay 1304 Li depositados. Progreso = 1 %.
>>> Hay 1413 Li depositados. Progreso = 1 %.
>>> Hay 1514 Li depositados. Progreso = 2 %.
>>> Hay 1621 Li depositados. Progreso = 2 %.
>>> Hay 1724 Li depositados. Progreso = 3 %.
>>> Hay 1844 Li depositados. Progreso = 3 %.
>>> Hay 1944 Li depositados. Progreso = 4 %.
>>> Hay 2038 Li depositados. Progreso = 4 %.
>>> Hay 2153 Li depositados. Progreso = 5 %.
>>> Hay 2260 Li depositados. Progreso = 5 %.
>>> Hay 2363 Li depositados. Progreso = 5 %.
>>> Hay 2475 Li depositados. Progreso = 6 %.
>>> Hay 2574 Li depositados. Progreso = 6 %.
>>> Hay 2679 Li depositados. Progreso = 7 %.
>>> Hay 2791 Li depositados. Progreso = 7 %.
>>> Hay 2891 Li depositados. Progreso = 8 %.
>>> Hay 2995 Li depositados. Progreso = 8 %.
>>> Hay 3096 Li depositados. Progreso = 9 %.
>>> Hay 3197 Li depositados. Progreso = 9 %.
>>> Hay 3289 Li depositados. Progreso = 9 %.
>>> Hay 3397 Li depositados. Progreso = 10 %.
>>> Hay 3512 Li depositados. Progreso = 10 %.
>>> Hay 3618 Li depositados. Progreso = 11 %.
>>> Hay 3730 Li depositados. Progreso = 11 %.
>>> Hay 3844 Li depositados. Progreso = 12 %.
>>> Hay 3957 Li depositados. Progreso = 12 %.
>>> Hay 4070 Li depositados. Progreso = 13 %.
>>> Hay 4187 Li depositados. Progreso = 13 %.
>>> Hay 4296 Li depositados. Progreso = 14 %.
>>> Hay 4401 Li depositados. Progreso = 14 %.
>>> Hay 4519 Li depositados. Progreso = 15 %.
>>> Hay 4637 Li depositados. Progreso = 15 %.
>>> Hay 4764 Li depositados. Progreso = 16 %.
>>> Hay 4880 Li depositados. Progreso = 16 %.
>>> Hay 4985 Li depositados. Progreso = 17 %.
>>> Hay 5103 Li depositados. Progreso = 17 %.
>>> Hay 5233 Li depositados. Progreso = 18 %.
>>> Hay 5359 Li depositados. Progreso = 18 %.
>>> Hay 5488 Li depositados. Progreso = 19 %.
>>> Hay 5630 Li depositados. Progreso = 20 %.
>>> Hay 5765 Li depositados. Progreso = 20 %.
>>> Hay 5909 Li depositados. Progreso = 21 %.
>>> Hay 6027 Li depositados. Progreso = 21 %.
>>> Hay 6159 Li depositados. Progreso = 22 %.
>>> Hay 6286 Li depositados. Progreso = 22 %.
>>> Hay 6426 Li depositados. Progreso = 23 %.
>>> Hay 6556 Li depositados. Progreso = 24 %.
>>> Hay 6688 Li depositados. Progreso = 24 %.
>>> Hay 6840 Li depositados. Progreso = 25 %.
>>> Hay 6987 Li depositados. Progreso = 26 %.
>>> Hay 7122 Li depositados. Progreso = 26 %.
>>> Hay 7301 Li depositados. Progreso = 27 %.
>>> Hay 7422 Li depositados. Progreso = 27 %.
>>> Hay 7569 Li depositados. Progreso = 28 %.
>>> Hay 7724 Li depositados. Progreso = 29 %.
>>> Hay 7903 Li depositados. Progreso = 30 %.
>>> Hay 8044 Li depositados. Progreso = 30 %.
>>> Hay 8205 Li depositados. Progreso = 31 %.
>>> Hay 8368 Li depositados. Progreso = 32 %.
>>> Hay 8525 Li depositados. Progreso = 32 %.
>>> Hay 8703 Li depositados. Progreso = 33 %.
>>> Hay 8881 Li depositados. Progreso = 34 %.
>>> Hay 9066 Li depositados. Progreso = 35 %.
>>> Hay 9235 Li depositados. Progreso = 35 %.
>>> Hay 9422 Li depositados. Progreso = 36 %.
>>> Hay 9608 Li depositados. Progreso = 37 %.
>>> Hay 9812 Li depositados. Progreso = 38 %.
>>> Hay 10002 Li depositados. Progreso = 39 %.
>>> Hay 10175 Li depositados. Progreso = 39 %.
>>> Hay 10417 Li depositados. Progreso = 40 %.
>>> Hay 10635 Li depositados. Progreso = 41 %.
>>> Hay 10840 Li depositados. Progreso = 42 %.
>>> Hay 11077 Li depositados. Progreso = 43 %.
>>> Hay 11295 Li depositados. Progreso = 44 %.
>>> Hay 11500 Li depositados. Progreso = 45 %.
>>> Hay 11740 Li depositados. Progreso = 46 %.
>>> Hay 11998 Li depositados. Progreso = 47 %.
>>> Hay 12258 Li depositados. Progreso = 48 %.
>>> Hay 12533 Li depositados. Progreso = 50 %.
>>> Hay 12814 Li depositados. Progreso = 51 %.
>>> Hay 13087 Li depositados. Progreso = 52 %.
>>> Hay 13409 Li depositados. Progreso = 53 %.
>>> Hay 13687 Li depositados. Progreso = 55 %.
>>> Hay 14023 Li depositados. Progreso = 56 %.
>>> Hay 14409 Li depositados. Progreso = 58 %.
>>> Hay 14761 Li depositados. Progreso = 59 %.
>>> Hay 15196 Li depositados. Progreso = 61 %.
>>> Hay 15666 Li depositados. Progreso = 63 %.
>>> Hay 16134 Li depositados. Progreso = 65 %.
>>> Hay 16683 Li depositados. Progreso = 68 %.
>>> Hay 17322 Li depositados. Progreso = 70 %.
>>> Hay 18122 Li depositados. Progreso = 74 %.
>>> Hay 19114 Li depositados. Progreso = 78 %.
>>> Hay 20226 Li depositados. Progreso = 83 %.
>>> Hay 21770 Li depositados. Progreso = 90 %.
>>> Hay 23953 Li depositados. Progreso = 99 %.
Hay un total de 24001 Li depositados (100 %).
Tiempo simulando = 961.987 ms
WALL TIME = 8368.745146 s
PFLOPS = 4.213841

<<<<< FIN CON 24000 PARTÍCULAS
>>>>> INICIO CON 28000 PARTÍCULAS
rm -f dendritas *.o .depend
clang-11 -MM core.c dendritas.c xoshiro.c > .depend
clang-11 -std=gnu11 -Wall -Wextra -g -O2 -march=native -funroll-loops -DNMAX=28000 -c xoshiro.c -o xoshiro.o
clang-11 -std=gnu11 -Wall -Wextra -g -O2 -march=native -funroll-loops -DNMAX=28000 -c core.c -o core.o
clang-11 -std=gnu11 -Wall -Wextra -g -O2 -march=native -funroll-loops -DNMAX=28000 -c dendritas.c -o dendritas.o
clang-11 -std=gnu11 -Wall -Wextra -g -O2 -march=native -funroll-loops xoshiro.o core.o dendritas.o -o dendritas -lm
>>> Hay 1000 Li depositados. Progreso = 0 %.
>>> Hay 1205 Li depositados. Progreso = 0 %.
>>> Hay 1304 Li depositados. Progreso = 1 %.
>>> Hay 1413 Li depositados. Progreso = 1 %.
>>> Hay 1514 Li depositados. Progreso = 1 %.
>>> Hay 1621 Li depositados. Progreso = 2 %.
>>> Hay 1724 Li depositados. Progreso = 2 %.
>>> Hay 1844 Li depositados. Progreso = 3 %.
>>> Hay 1944 Li depositados. Progreso = 3 %.
>>> Hay 2038 Li depositados. Progreso = 3 %.
>>> Hay 2153 Li depositados. Progreso = 4 %.
>>> Hay 2260 Li depositados. Progreso = 4 %.
>>> Hay 2363 Li depositados. Progreso = 5 %.
>>> Hay 2475 Li depositados. Progreso = 5 %.
>>> Hay 2574 Li depositados. Progreso = 5 %.
>>> Hay 2679 Li depositados. Progreso = 6 %.
>>> Hay 2791 Li depositados. Progreso = 6 %.
>>> Hay 2891 Li depositados. Progreso = 7 %.
>>> Hay 2995 Li depositados. Progreso = 7 %.
>>> Hay 3096 Li depositados. Progreso = 7 %.
>>> Hay 3197 Li depositados. Progreso = 8 %.
>>> Hay 3289 Li depositados. Progreso = 8 %.
>>> Hay 3397 Li depositados. Progreso = 8 %.
>>> Hay 3512 Li depositados. Progreso = 9 %.
>>> Hay 3618 Li depositados. Progreso = 9 %.
>>> Hay 3730 Li depositados. Progreso = 10 %.
>>> Hay 3844 Li depositados. Progreso = 10 %.
>>> Hay 3957 Li depositados. Progreso = 10 %.
>>> Hay 4070 Li depositados. Progreso = 11 %.
>>> Hay 4187 Li depositados. Progreso = 11 %.
>>> Hay 4296 Li depositados. Progreso = 12 %.
>>> Hay 4401 Li depositados. Progreso = 12 %.
>>> Hay 4519 Li depositados. Progreso = 13 %.
>>> Hay 4637 Li depositados. Progreso = 13 %.
>>> Hay 4764 Li depositados. Progreso = 13 %.
>>> Hay 4880 Li depositados. Progreso = 14 %.
>>> Hay 4985 Li depositados. Progreso = 14 %.
>>> Hay 5103 Li depositados. Progreso = 15 %.
>>> Hay 5233 Li depositados. Progreso = 15 %.
>>> Hay 5359 Li depositados. Progreso = 16 %.
>>> Hay 5488 Li depositados. Progreso = 16 %.
>>> Hay 5630 Li depositados. Progreso = 17 %.
>>> Hay 5765 Li depositados. Progreso = 17 %.
>>> Hay 5909 Li depositados. Progreso = 18 %.
>>> Hay 6027 Li depositados. Progreso = 18 %.
>>> Hay 6159 Li depositados. Progreso = 19 %.
>>> Hay 6286 Li depositados. Progreso = 19 %.
>>> Hay 6426 Li depositados. Progreso = 20 %.
>>> Hay 6556 Li depositados. Progreso = 20 %.
>>> Hay 6688 Li depositados. Progreso = 21 %.
>>> Hay 6840 Li depositados. Progreso = 21 %.
>>> Hay 6987 Li depositados. Progreso = 22 %.
>>> Hay 7122 Li depositados. Progreso = 22 %.
>>> Hay 7301 Li depositados. Progreso = 23 %.
>>> Hay 7422 Li depositados. Progreso = 23 %.
>>> Hay 7569 Li depositados. Progreso = 24 %.
>>> Hay 7724 Li depositados. Progreso = 24 %.
>>> Hay 7903 Li depositados. Progreso = 25 %.
>>> Hay 8044 Li depositados. Progreso = 26 %.
>>> Hay 8205 Li depositados. Progreso = 26 %.
>>> Hay 8368 Li depositados. Progreso = 27 %.
>>> Hay 8525 Li depositados. Progreso = 27 %.
>>> Hay 8703 Li depositados. Progreso = 28 %.
>>> Hay 8881 Li depositados. Progreso = 29 %.
>>> Hay 9066 Li depositados. Progreso = 29 %.
>>> Hay 9235 Li depositados. Progreso = 30 %.
>>> Hay 9422 Li depositados. Progreso = 31 %.
>>> Hay 9608 Li depositados. Progreso = 31 %.
>>> Hay 9812 Li depositados. Progreso = 32 %.
>>> Hay 10002 Li depositados. Progreso = 33 %.
>>> Hay 10175 Li depositados. Progreso = 33 %.
>>> Hay 10417 Li depositados. Progreso = 34 %.
>>> Hay 10635 Li depositados. Progreso = 35 %.
>>> Hay 10840 Li depositados. Progreso = 36 %.
>>> Hay 11077 Li depositados. Progreso = 37 %.
>>> Hay 11295 Li depositados. Progreso = 38 %.
>>> Hay 11500 Li depositados. Progreso = 38 %.
>>> Hay 11740 Li depositados. Progreso = 39 %.
>>> Hay 11998 Li depositados. Progreso = 40 %.
>>> Hay 12258 Li depositados. Progreso = 41 %.
>>> Hay 12533 Li depositados. Progreso = 42 %.
>>> Hay 12814 Li depositados. Progreso = 43 %.
>>> Hay 13087 Li depositados. Progreso = 44 %.
>>> Hay 13409 Li depositados. Progreso = 45 %.
>>> Hay 13687 Li depositados. Progreso = 46 %.
>>> Hay 14023 Li depositados. Progreso = 48 %.
>>> Hay 14409 Li depositados. Progreso = 49 %.
>>> Hay 14761 Li depositados. Progreso = 50 %.
>>> Hay 15196 Li depositados. Progreso = 52 %.
>>> Hay 15666 Li depositados. Progreso = 54 %.
>>> Hay 16134 Li depositados. Progreso = 56 %.
>>> Hay 16683 Li depositados. Progreso = 58 %.
>>> Hay 17322 Li depositados. Progreso = 60 %.
>>> Hay 18122 Li depositados. Progreso = 63 %.
>>> Hay 19114 Li depositados. Progreso = 67 %.
>>> Hay 20226 Li depositados. Progreso = 71 %.
>>> Hay 21770 Li depositados. Progreso = 76 %.
>>> Hay 23953 Li depositados. Progreso = 85 %.
Hay un total de 28002 Li depositados (100 %).
Tiempo simulando = 970.614 ms
WALL TIME = 8598.234582 s
PFLOPS = 4.280154

<<<<< FIN CON 28000 PARTÍCULAS
>>>>> INICIO CON 32000 PARTÍCULAS
rm -f dendritas *.o .depend
clang-11 -MM core.c dendritas.c xoshiro.c > .depend
clang-11 -std=gnu11 -Wall -Wextra -g -O2 -march=native -funroll-loops -DNMAX=32000 -c xoshiro.c -o xoshiro.o
clang-11 -std=gnu11 -Wall -Wextra -g -O2 -march=native -funroll-loops -DNMAX=32000 -c core.c -o core.o
clang-11 -std=gnu11 -Wall -Wextra -g -O2 -march=native -funroll-loops -DNMAX=32000 -c dendritas.c -o dendritas.o
clang-11 -std=gnu11 -Wall -Wextra -g -O2 -march=native -funroll-loops xoshiro.o core.o dendritas.o -o dendritas -lm
>>> Hay 1000 Li depositados. Progreso = 0 %.
>>> Hay 1205 Li depositados. Progreso = 0 %.
>>> Hay 1304 Li depositados. Progreso = 0 %.
>>> Hay 1413 Li depositados. Progreso = 1 %.
>>> Hay 1514 Li depositados. Progreso = 1 %.
>>> Hay 1621 Li depositados. Progreso = 2 %.
>>> Hay 1724 Li depositados. Progreso = 2 %.
>>> Hay 1844 Li depositados. Progreso = 2 %.
>>> Hay 1944 Li depositados. Progreso = 3 %.
>>> Hay 2038 Li depositados. Progreso = 3 %.
>>> Hay 2153 Li depositados. Progreso = 3 %.
>>> Hay 2260 Li depositados. Progreso = 4 %.
>>> Hay 2363 Li depositados. Progreso = 4 %.
>>> Hay 2475 Li depositados. Progreso = 4 %.
>>> Hay 2574 Li depositados. Progreso = 5 %.
>>> Hay 2679 Li depositados. Progreso = 5 %.
>>> Hay 2791 Li depositados. Progreso = 5 %.
>>> Hay 2891 Li depositados. Progreso = 6 %.
>>> Hay 2995 Li depositados. Progreso = 6 %.
>>> Hay 3096 Li depositados. Progreso = 6 %.
>>> Hay 3197 Li depositados. Progreso = 7 %.
>>> Hay 3289 Li depositados. Progreso = 7 %.
>>> Hay 3397 Li depositados. Progreso = 7 %.
>>> Hay 3512 Li depositados. Progreso = 8 %.
>>> Hay 3618 Li depositados. Progreso = 8 %.
>>> Hay 3730 Li depositados. Progreso = 8 %.
>>> Hay 3844 Li depositados. Progreso = 9 %.
>>> Hay 3957 Li depositados. Progreso = 9 %.
>>> Hay 4070 Li depositados. Progreso = 9 %.
>>> Hay 4187 Li depositados. Progreso = 10 %.
>>> Hay 4296 Li depositados. Progreso = 10 %.
>>> Hay 4401 Li depositados. Progreso = 10 %.
>>> Hay 4519 Li depositados. Progreso = 11 %.
>>> Hay 4637 Li depositados. Progreso = 11 %.
>>> Hay 4764 Li depositados. Progreso = 12 %.
>>> Hay 4880 Li depositados. Progreso = 12 %.
>>> Hay 4985 Li depositados. Progreso = 12 %.
>>> Hay 5103 Li depositados. Progreso = 13 %.
>>> Hay 5233 Li depositados. Progreso = 13 %.
>>> Hay 5359 Li depositados. Progreso = 14 %.
>>> Hay 5488 Li depositados. Progreso = 14 %.
>>> Hay 5630 Li depositados. Progreso = 14 %.
>>> Hay 5765 Li depositados. Progreso = 15 %.
>>> Hay 5909 Li depositados. Progreso = 15 %.
>>> Hay 6027 Li depositados. Progreso = 16 %.
>>> Hay 6159 Li depositados. Progreso = 16 %.
>>> Hay 6286 Li depositados. Progreso = 17 %.
>>> Hay 6426 Li depositados. Progreso = 17 %.
>>> Hay 6556 Li depositados. Progreso = 17 %.
>>> Hay 6688 Li depositados. Progreso = 18 %.
>>> Hay 6840 Li depositados. Progreso = 18 %.
>>> Hay 6987 Li depositados. Progreso = 19 %.
>>> Hay 7122 Li depositados. Progreso = 19 %.
>>> Hay 7301 Li depositados. Progreso = 20 %.
>>> Hay 7422 Li depositados. Progreso = 20 %.
>>> Hay 7569 Li depositados. Progreso = 21 %.
>>> Hay 7724 Li depositados. Progreso = 21 %.
>>> Hay 7903 Li depositados. Progreso = 22 %.
>>> Hay 8044 Li depositados. Progreso = 22 %.
>>> Hay 8205 Li depositados. Progreso = 23 %.
>>> Hay 8368 Li depositados. Progreso = 23 %.
>>> Hay 8525 Li depositados. Progreso = 24 %.
>>> Hay 8703 Li depositados. Progreso = 24 %.
>>> Hay 8881 Li depositados. Progreso = 25 %.
>>> Hay 9066 Li depositados. Progreso = 26 %.
>>> Hay 9235 Li depositados. Progreso = 26 %.
>>> Hay 9422 Li depositados. Progreso = 27 %.
>>> Hay 9608 Li depositados. Progreso = 27 %.
>>> Hay 9812 Li depositados. Progreso = 28 %.
>>> Hay 10002 Li depositados. Progreso = 29 %.
>>> Hay 10175 Li depositados. Progreso = 29 %.
>>> Hay 10417 Li depositados. Progreso = 30 %.
>>> Hay 10635 Li depositados. Progreso = 31 %.
>>> Hay 10840 Li depositados. Progreso = 31 %.
>>> Hay 11077 Li depositados. Progreso = 32 %.
>>> Hay 11295 Li depositados. Progreso = 33 %.
>>> Hay 11500 Li depositados. Progreso = 33 %.
>>> Hay 11740 Li depositados. Progreso = 34 %.
>>> Hay 11998 Li depositados. Progreso = 35 %.
>>> Hay 12258 Li depositados. Progreso = 36 %.
>>> Hay 12533 Li depositados. Progreso = 37 %.
>>> Hay 12814 Li depositados. Progreso = 38 %.
>>> Hay 13087 Li depositados. Progreso = 38 %.
>>> Hay 13409 Li depositados. Progreso = 40 %.
>>> Hay 13687 Li depositados. Progreso = 40 %.
>>> Hay 14023 Li depositados. Progreso = 42 %.
>>> Hay 14409 Li depositados. Progreso = 43 %.
>>> Hay 14761 Li depositados. Progreso = 44 %.
>>> Hay 15196 Li depositados. Progreso = 45 %.
>>> Hay 15666 Li depositados. Progreso = 47 %.
>>> Hay 16134 Li depositados. Progreso = 48 %.
>>> Hay 16683 Li depositados. Progreso = 50 %.
>>> Hay 17322 Li depositados. Progreso = 52 %.
>>> Hay 18122 Li depositados. Progreso = 55 %.
>>> Hay 19114 Li depositados. Progreso = 58 %.
>>> Hay 20226 Li depositados. Progreso = 62 %.
>>> Hay 21770 Li depositados. Progreso = 67 %.
>>> Hay 23953 Li depositados. Progreso = 74 %.
>>> Hay 28919 Li depositados. Progreso = 90 %.
Hay un total de 32001 Li depositados (100 %).
Tiempo simulando = 973.860 ms
WALL TIME = 8699.429888 s
PFLOPS = 4.274706

<<<<< FIN CON 32000 PARTÍCULAS
>>>>> INICIO CON 36000 PARTÍCULAS
rm -f dendritas *.o .depend
clang-11 -MM core.c dendritas.c xoshiro.c > .depend
clang-11 -std=gnu11 -Wall -Wextra -g -O2 -march=native -funroll-loops -DNMAX=36000 -c xoshiro.c -o xoshiro.o
clang-11 -std=gnu11 -Wall -Wextra -g -O2 -march=native -funroll-loops -DNMAX=36000 -c core.c -o core.o
clang-11 -std=gnu11 -Wall -Wextra -g -O2 -march=native -funroll-loops -DNMAX=36000 -c dendritas.c -o dendritas.o
clang-11 -std=gnu11 -Wall -Wextra -g -O2 -march=native -funroll-loops xoshiro.o core.o dendritas.o -o dendritas -lm
>>> Hay 1000 Li depositados. Progreso = 0 %.
>>> Hay 1205 Li depositados. Progreso = 0 %.
>>> Hay 1304 Li depositados. Progreso = 0 %.
>>> Hay 1413 Li depositados. Progreso = 1 %.
>>> Hay 1514 Li depositados. Progreso = 1 %.
>>> Hay 1621 Li depositados. Progreso = 1 %.
>>> Hay 1724 Li depositados. Progreso = 2 %.
>>> Hay 1844 Li depositados. Progreso = 2 %.
>>> Hay 1944 Li depositados. Progreso = 2 %.
>>> Hay 2038 Li depositados. Progreso = 2 %.
>>> Hay 2153 Li depositados. Progreso = 3 %.
>>> Hay 2260 Li depositados. Progreso = 3 %.
>>> Hay 2363 Li depositados. Progreso = 3 %.
>>> Hay 2475 Li depositados. Progreso = 4 %.
>>> Hay 2574 Li depositados. Progreso = 4 %.
>>> Hay 2679 Li depositados. Progreso = 4 %.
>>> Hay 2791 Li depositados. Progreso = 5 %.
>>> Hay 2891 Li depositados. Progreso = 5 %.
>>> Hay 2995 Li depositados. Progreso = 5 %.
>>> Hay 3096 Li depositados. Progreso = 5 %.
>>> Hay 3197 Li depositados. Progreso = 6 %.
>>> Hay 3289 Li depositados. Progreso = 6 %.
>>> Hay 3397 Li depositados. Progreso = 6 %.
>>> Hay 3512 Li depositados. Progreso = 7 %.
>>> Hay 3618 Li depositados. Progreso = 7 %.
>>> Hay 3730 Li depositados. Progreso = 7 %.
>>> Hay 3844 Li depositados. Progreso = 8 %.
>>> Hay 3957 Li depositados. Progreso = 8 %.
>>> Hay 4070 Li depositados. Progreso = 8 %.
>>> Hay 4187 Li depositados. Progreso = 9 %.
>>> Hay 4296 Li depositados. Progreso = 9 %.
>>> Hay 4401 Li depositados. Progreso = 9 %.
>>> Hay 4519 Li depositados. Progreso = 10 %.
>>> Hay 4637 Li depositados. Progreso = 10 %.
>>> Hay 4764 Li depositados. Progreso = 10 %.
>>> Hay 4880 Li depositados. Progreso = 11 %.
>>> Hay 4985 Li depositados. Progreso = 11 %.
>>> Hay 5103 Li depositados. Progreso = 11 %.
>>> Hay 5233 Li depositados. Progreso = 12 %.
>>> Hay 5359 Li depositados. Progreso = 12 %.
>>> Hay 5488 Li depositados. Progreso = 12 %.
>>> Hay 5630 Li depositados. Progreso = 13 %.
>>> Hay 5765 Li depositados. Progreso = 13 %.
>>> Hay 5909 Li depositados. Progreso = 14 %.
>>> Hay 6027 Li depositados. Progreso = 14 %.
>>> Hay 6159 Li depositados. Progreso = 14 %.
>>> Hay 6286 Li depositados. Progreso = 15 %.
>>> Hay 6426 Li depositados. Progreso = 15 %.
>>> Hay 6556 Li depositados. Progreso = 15 %.
>>> Hay 6688 Li depositados. Progreso = 16 %.
>>> Hay 6840 Li depositados. Progreso = 16 %.
>>> Hay 6987 Li depositados. Progreso = 17 %.
>>> Hay 7122 Li depositados. Progreso = 17 %.
>>> Hay 7301 Li depositados. Progreso = 18 %.
>>> Hay 7422 Li depositados. Progreso = 18 %.
>>> Hay 7569 Li depositados. Progreso = 18 %.
>>> Hay 7724 Li depositados. Progreso = 19 %.
>>> Hay 7903 Li depositados. Progreso = 19 %.
>>> Hay 8044 Li depositados. Progreso = 20 %.
>>> Hay 8205 Li depositados. Progreso = 20 %.
>>> Hay 8368 Li depositados. Progreso = 21 %.
>>> Hay 8525 Li depositados. Progreso = 21 %.
>>> Hay 8703 Li depositados. Progreso = 22 %.
>>> Hay 8881 Li depositados. Progreso = 22 %.
>>> Hay 9066 Li depositados. Progreso = 23 %.
>>> Hay 9235 Li depositados. Progreso = 23 %.
>>> Hay 9422 Li depositados. Progreso = 24 %.
>>> Hay 9608 Li depositados. Progreso = 24 %.
>>> Hay 9812 Li depositados. Progreso = 25 %.
>>> Hay 10002 Li depositados. Progreso = 25 %.
>>> Hay 10175 Li depositados. Progreso = 26 %.
>>> Hay 10417 Li depositados. Progreso = 26 %.
>>> Hay 10635 Li depositados. Progreso = 27 %.
>>> Hay 10840 Li depositados. Progreso = 28 %.
>>> Hay 11077 Li depositados. Progreso = 28 %.
>>> Hay 11295 Li depositados. Progreso = 29 %.
>>> Hay 11500 Li depositados. Progreso = 30 %.
>>> Hay 11740 Li depositados. Progreso = 30 %.
>>> Hay 11998 Li depositados. Progreso = 31 %.
>>> Hay 12258 Li depositados. Progreso = 32 %.
>>> Hay 12533 Li depositados. Progreso = 32 %.
>>> Hay 12814 Li depositados. Progreso = 33 %.
>>> Hay 13087 Li depositados. Progreso = 34 %.
>>> Hay 13409 Li depositados. Progreso = 35 %.
>>> Hay 13687 Li depositados. Progreso = 36 %.
>>> Hay 14023 Li depositados. Progreso = 37 %.
>>> Hay 14409 Li depositados. Progreso = 38 %.
>>> Hay 14761 Li depositados. Progreso = 39 %.
>>> Hay 15196 Li depositados. Progreso = 40 %.
>>> Hay 15666 Li depositados. Progreso = 41 %.
>>> Hay 16134 Li depositados. Progreso = 43 %.
>>> Hay 16683 Li depositados. Progreso = 44 %.
>>> Hay 17322 Li depositados. Progreso = 46 %.
>>> Hay 18122 Li depositados. Progreso = 48 %.
>>> Hay 19114 Li depositados. Progreso = 51 %.
>>> Hay 20226 Li depositados. Progreso = 54 %.
>>> Hay 21770 Li depositados. Progreso = 59 %.
>>> Hay 23953 Li depositados. Progreso = 65 %.
>>> Hay 28919 Li depositados. Progreso = 79 %.
Hay un total de 36001 Li depositados (100 %).
Tiempo simulando = 975.680 ms
WALL TIME = 8790.416465 s
PFLOPS = 4.289662

<<<<< FIN CON 36000 PARTÍCULAS
>>>>> INICIO CON 40000 PARTÍCULAS
rm -f dendritas *.o .depend
clang-11 -MM core.c dendritas.c xoshiro.c > .depend
clang-11 -std=gnu11 -Wall -Wextra -g -O2 -march=native -funroll-loops -DNMAX=40000 -c xoshiro.c -o xoshiro.o
clang-11 -std=gnu11 -Wall -Wextra -g -O2 -march=native -funroll-loops -DNMAX=40000 -c core.c -o core.o
clang-11 -std=gnu11 -Wall -Wextra -g -O2 -march=native -funroll-loops -DNMAX=40000 -c dendritas.c -o dendritas.o
clang-11 -std=gnu11 -Wall -Wextra -g -O2 -march=native -funroll-loops xoshiro.o core.o dendritas.o -o dendritas -lm
>>> Hay 1000 Li depositados. Progreso = 0 %.
>>> Hay 1205 Li depositados. Progreso = 0 %.
>>> Hay 1304 Li depositados. Progreso = 0 %.
>>> Hay 1413 Li depositados. Progreso = 1 %.
>>> Hay 1514 Li depositados. Progreso = 1 %.
>>> Hay 1621 Li depositados. Progreso = 1 %.
>>> Hay 1724 Li depositados. Progreso = 1 %.
>>> Hay 1844 Li depositados. Progreso = 2 %.
>>> Hay 1944 Li depositados. Progreso = 2 %.
>>> Hay 2038 Li depositados. Progreso = 2 %.
>>> Hay 2153 Li depositados. Progreso = 2 %.
>>> Hay 2260 Li depositados. Progreso = 3 %.
>>> Hay 2363 Li depositados. Progreso = 3 %.
>>> Hay 2475 Li depositados. Progreso = 3 %.
>>> Hay 2574 Li depositados. Progreso = 4 %.
>>> Hay 2679 Li depositados. Progreso = 4 %.
>>> Hay 2791 Li depositados. Progreso = 4 %.
>>> Hay 2891 Li depositados. Progreso = 4 %.
>>> Hay 2995 Li depositados. Progreso = 5 %.
>>> Hay 3096 Li depositados. Progreso = 5 %.
>>> Hay 3197 Li depositados. Progreso = 5 %.
>>> Hay 3289 Li depositados. Progreso = 5 %.
>>> Hay 3397 Li depositados. Progreso = 6 %.
>>> Hay 3512 Li depositados. Progreso = 6 %.
>>> Hay 3618 Li depositados. Progreso = 6 %.
>>> Hay 3730 Li depositados. Progreso = 7 %.
>>> Hay 3844 Li depositados. Progreso = 7 %.
>>> Hay 3957 Li depositados. Progreso = 7 %.
>>> Hay 4070 Li depositados. Progreso = 7 %.
>>> Hay 4187 Li depositados. Progreso = 8 %.
>>> Hay 4296 Li depositados. Progreso = 8 %.
>>> Hay 4401 Li depositados. Progreso = 8 %.
>>> Hay 4519 Li depositados. Progreso = 9 %.
>>> Hay 4637 Li depositados. Progreso = 9 %.
>>> Hay 4764 Li depositados. Progreso = 9 %.
>>> Hay 4880 Li depositados. Progreso = 9 %.
>>> Hay 4985 Li depositados. Progreso = 10 %.
>>> Hay 5103 Li depositados. Progreso = 10 %.
>>> Hay 5233 Li depositados. Progreso = 10 %.
>>> Hay 5359 Li depositados. Progreso = 11 %.
>>> Hay 5488 Li depositados. Progreso = 11 %.
>>> Hay 5630 Li depositados. Progreso = 11 %.
>>> Hay 5765 Li depositados. Progreso = 12 %.
>>> Hay 5909 Li depositados. Progreso = 12 %.
>>> Hay 6027 Li depositados. Progreso = 12 %.
>>> Hay 6159 Li depositados. Progreso = 13 %.
>>> Hay 6286 Li depositados. Progreso = 13 %.
>>> Hay 6426 Li depositados. Progreso = 13 %.
>>> Hay 6556 Li depositados. Progreso = 14 %.
>>> Hay 6688 Li depositados. Progreso = 14 %.
>>> Hay 6840 Li depositados. Progreso = 14 %.
>>> Hay 6987 Li depositados. Progreso = 15 %.
>>> Hay 7122 Li depositados. Progreso = 15 %.
>>> Hay 7301 Li depositados. Progreso = 16 %.
>>> Hay 7422 Li depositados. Progreso = 16 %.
>>> Hay 7569 Li depositados. Progreso = 16 %.
>>> Hay 7724 Li depositados. Progreso = 17 %.
>>> Hay 7903 Li depositados. Progreso = 17 %.
>>> Hay 8044 Li depositados. Progreso = 18 %.
>>> Hay 8205 Li depositados. Progreso = 18 %.
>>> Hay 8368 Li depositados. Progreso = 18 %.
>>> Hay 8525 Li depositados. Progreso = 19 %.
>>> Hay 8703 Li depositados. Progreso = 19 %.
>>> Hay 8881 Li depositados. Progreso = 20 %.
>>> Hay 9066 Li depositados. Progreso = 20 %.
>>> Hay 9235 Li depositados. Progreso = 21 %.
>>> Hay 9422 Li depositados. Progreso = 21 %.
>>> Hay 9608 Li depositados. Progreso = 22 %.
>>> Hay 9812 Li depositados. Progreso = 22 %.
>>> Hay 10002 Li depositados. Progreso = 23 %.
>>> Hay 10175 Li depositados. Progreso = 23 %.
>>> Hay 10417 Li depositados. Progreso = 24 %.
>>> Hay 10635 Li depositados. Progreso = 24 %.
>>> Hay 10840 Li depositados. Progreso = 25 %.
>>> Hay 11077 Li depositados. Progreso = 25 %.
>>> Hay 11295 Li depositados. Progreso = 26 %.
>>> Hay 11500 Li depositados. Progreso = 26 %.
>>> Hay 11740 Li depositados. Progreso = 27 %.
>>> Hay 11998 Li depositados. Progreso = 28 %.
>>> Hay 12258 Li depositados. Progreso = 28 %.
>>> Hay 12533 Li depositados. Progreso = 29 %.
>>> Hay 12814 Li depositados. Progreso = 30 %.
>>> Hay 13087 Li depositados. Progreso = 30 %.
>>> Hay 13409 Li depositados. Progreso = 31 %.
>>> Hay 13687 Li depositados. Progreso = 32 %.
>>> Hay 14023 Li depositados. Progreso = 33 %.
>>> Hay 14409 Li depositados. Progreso = 34 %.
>>> Hay 14761 Li depositados. Progreso = 35 %.
>>> Hay 15196 Li depositados. Progreso = 36 %.
>>> Hay 15666 Li depositados. Progreso = 37 %.
>>> Hay 16134 Li depositados. Progreso = 38 %.
>>> Hay 16683 Li depositados. Progreso = 40 %.
>>> Hay 17322 Li depositados. Progreso = 41 %.
>>> Hay 18122 Li depositados. Progreso = 43 %.
>>> Hay 19114 Li depositados. Progreso = 46 %.
>>> Hay 20226 Li depositados. Progreso = 49 %.
>>> Hay 21770 Li depositados. Progreso = 53 %.
>>> Hay 23953 Li depositados. Progreso = 58 %.
>>> Hay 28919 Li depositados. Progreso = 71 %.
Hay un total de 40001 Li depositados (100 %).
Tiempo simulando = 976.766 ms
WALL TIME = 8119.282256 s
PFLOPS = 4.626491

<<<<< FIN CON 40000 PARTÍCULAS
rm -f dendritas *.o .depend
