Corriendo con GCC con -O3 -march=native -ffast-math
>>>>> INICIO GCC-9
gcc-11 -MM core.c dendritas.c xoshiro.c > .depend
rm -f dendritas *.o .depend
gcc-9 -MM core.c dendritas.c xoshiro.c > .depend
gcc-9 -std=gnu11 -Wall -Wextra -g -O3 -march=native -ffast-math  -c xoshiro.c -o xoshiro.o
gcc-9 -std=gnu11 -Wall -Wextra -g -O3 -march=native -ffast-math  -c core.c -o core.o
gcc-9 -std=gnu11 -Wall -Wextra -g -O3 -march=native -ffast-math  -c dendritas.c -o dendritas.o
gcc-9 -std=gnu11 -Wall -Wextra -g -O3 -march=native -ffast-math xoshiro.o core.o dendritas.o -o dendritas -lm
>>> Hay 1000 Li depositados. Progreso = 0 %.
>>> Hay 1205 Li depositados. Progreso = 6 %.
>>> Hay 1304 Li depositados. Progreso = 10 %.
>>> Hay 1413 Li depositados. Progreso = 13 %.
>>> Hay 1514 Li depositados. Progreso = 17 %.
>>> Hay 1621 Li depositados. Progreso = 20 %.
>>> Hay 1724 Li depositados. Progreso = 24 %.
>>> Hay 1844 Li depositados. Progreso = 28 %.
>>> Hay 1944 Li depositados. Progreso = 31 %.
>>> Hay 2038 Li depositados. Progreso = 34 %.
>>> Hay 2153 Li depositados. Progreso = 38 %.
>>> Hay 2260 Li depositados. Progreso = 42 %.
>>> Hay 2363 Li depositados. Progreso = 45 %.
>>> Hay 2475 Li depositados. Progreso = 49 %.
>>> Hay 2574 Li depositados. Progreso = 52 %.
>>> Hay 2679 Li depositados. Progreso = 55 %.
>>> Hay 2791 Li depositados. Progreso = 59 %.
>>> Hay 2891 Li depositados. Progreso = 63 %.
>>> Hay 2995 Li depositados. Progreso = 66 %.
>>> Hay 3096 Li depositados. Progreso = 69 %.
>>> Hay 3197 Li depositados. Progreso = 73 %.
>>> Hay 3289 Li depositados. Progreso = 76 %.
>>> Hay 3392 Li depositados. Progreso = 79 %.
>>> Hay 3496 Li depositados. Progreso = 83 %.
>>> Hay 3598 Li depositados. Progreso = 86 %.
>>> Hay 3714 Li depositados. Progreso = 90 %.
>>> Hay 3828 Li depositados. Progreso = 94 %.
>>> Hay 3932 Li depositados. Progreso = 97 %.
Hay un total de 4001 Li depositados (100 %).
Tiempo simulando = 277.216 ms
WALL TIME = 869.301530 s
PFLOPS = 1.021141

<<<<< FIN GCC-
>>>>> INICIO GCC-10
rm -f dendritas *.o .depend
gcc-10 -MM core.c dendritas.c xoshiro.c > .depend
gcc-10 -std=gnu11 -Wall -Wextra -g -O3 -march=native -ffast-math  -c xoshiro.c -o xoshiro.o
gcc-10 -std=gnu11 -Wall -Wextra -g -O3 -march=native -ffast-math  -c core.c -o core.o
gcc-10 -std=gnu11 -Wall -Wextra -g -O3 -march=native -ffast-math  -c dendritas.c -o dendritas.o
gcc-10 -std=gnu11 -Wall -Wextra -g -O3 -march=native -ffast-math xoshiro.o core.o dendritas.o -o dendritas -lm
>>> Hay 1000 Li depositados. Progreso = 0 %.
>>> Hay 1205 Li depositados. Progreso = 6 %.
>>> Hay 1304 Li depositados. Progreso = 10 %.
>>> Hay 1413 Li depositados. Progreso = 13 %.
>>> Hay 1514 Li depositados. Progreso = 17 %.
>>> Hay 1621 Li depositados. Progreso = 20 %.
>>> Hay 1724 Li depositados. Progreso = 24 %.
>>> Hay 1844 Li depositados. Progreso = 28 %.
>>> Hay 1944 Li depositados. Progreso = 31 %.
>>> Hay 2038 Li depositados. Progreso = 34 %.
>>> Hay 2153 Li depositados. Progreso = 38 %.
>>> Hay 2260 Li depositados. Progreso = 42 %.
>>> Hay 2363 Li depositados. Progreso = 45 %.
>>> Hay 2475 Li depositados. Progreso = 49 %.
>>> Hay 2574 Li depositados. Progreso = 52 %.
>>> Hay 2679 Li depositados. Progreso = 55 %.
>>> Hay 2791 Li depositados. Progreso = 59 %.
>>> Hay 2891 Li depositados. Progreso = 63 %.
>>> Hay 2995 Li depositados. Progreso = 66 %.
>>> Hay 3096 Li depositados. Progreso = 69 %.
>>> Hay 3197 Li depositados. Progreso = 73 %.
>>> Hay 3289 Li depositados. Progreso = 76 %.
>>> Hay 3392 Li depositados. Progreso = 79 %.
>>> Hay 3496 Li depositados. Progreso = 83 %.
>>> Hay 3598 Li depositados. Progreso = 86 %.
>>> Hay 3714 Li depositados. Progreso = 90 %.
>>> Hay 3828 Li depositados. Progreso = 94 %.
>>> Hay 3932 Li depositados. Progreso = 97 %.
Hay un total de 4001 Li depositados (100 %).
Tiempo simulando = 277.216 ms
WALL TIME = 877.914299 s
PFLOPS = 1.011842

<<<<< FIN GCC-
rm -f dendritas *.o .depend
