#----- 21 hilos -----#
>>>>> INICIO CON 1500 PARTÍCULAS
clang-11 -MM core.c dendritas.c xoshiro.c > .depend
rm -f dendritas *.o .depend
clang-11 -MM core.c dendritas.c xoshiro.c > .depend
clang-11 -std=gnu11 -Wall -Wextra -g -O2 -march=native -funroll-loops -fopenmp  -DNMAX=1500 -c xoshiro.c -o xoshiro.o
clang-11 -std=gnu11 -Wall -Wextra -g -O2 -march=native -funroll-loops -fopenmp  -DNMAX=1500 -c core.c -o core.o
clang-11 -std=gnu11 -Wall -Wextra -g -O2 -march=native -funroll-loops -fopenmp  -DNMAX=1500 -c dendritas.c -o dendritas.o
clang-11 -std=gnu11 -Wall -Wextra -g -O2 -march=native -funroll-loops -fopenmp  xoshiro.o core.o dendritas.o -o dendritas -lm
>>> Hay 1000 Li depositados. Progreso = 0 %.
>>> Hay 1205 Li depositados. Progreso = 41 %.
>>> Hay 1304 Li depositados. Progreso = 60 %.
>>> Hay 1413 Li depositados. Progreso = 82 %.
Hay un total de 1501 Li depositados (100 %).
Tiempo simulando = 39.164 ms
WALL TIME = 5.352058 s
PFLOPS = 45.964314

<<<<< FIN CON 1500 PARTÍCULAS
>>>>> INICIO CON 2000 PARTÍCULAS
rm -f dendritas *.o .depend
clang-11 -MM core.c dendritas.c xoshiro.c > .depend
clang-11 -std=gnu11 -Wall -Wextra -g -O2 -march=native -funroll-loops -fopenmp  -DNMAX=2000 -c xoshiro.c -o xoshiro.o
clang-11 -std=gnu11 -Wall -Wextra -g -O2 -march=native -funroll-loops -fopenmp  -DNMAX=2000 -c core.c -o core.o
clang-11 -std=gnu11 -Wall -Wextra -g -O2 -march=native -funroll-loops -fopenmp  -DNMAX=2000 -c dendritas.c -o dendritas.o
clang-11 -std=gnu11 -Wall -Wextra -g -O2 -march=native -funroll-loops -fopenmp  xoshiro.o core.o dendritas.o -o dendritas -lm
>>> Hay 1000 Li depositados. Progreso = 0 %.
>>> Hay 1205 Li depositados. Progreso = 20 %.
>>> Hay 1304 Li depositados. Progreso = 30 %.
>>> Hay 1413 Li depositados. Progreso = 41 %.
>>> Hay 1514 Li depositados. Progreso = 51 %.
>>> Hay 1621 Li depositados. Progreso = 62 %.
>>> Hay 1724 Li depositados. Progreso = 72 %.
>>> Hay 1844 Li depositados. Progreso = 84 %.
>>> Hay 1941 Li depositados. Progreso = 94 %.
Hay un total de 2001 Li depositados (100 %).
Tiempo simulando = 86.011 ms
WALL TIME = 12.719129 s
PFLOPS = 106.759346

<<<<< FIN CON 2000 PARTÍCULAS
>>>>> INICIO CON 2500 PARTÍCULAS
rm -f dendritas *.o .depend
clang-11 -MM core.c dendritas.c xoshiro.c > .depend
clang-11 -std=gnu11 -Wall -Wextra -g -O2 -march=native -funroll-loops -fopenmp  -DNMAX=2500 -c xoshiro.c -o xoshiro.o
clang-11 -std=gnu11 -Wall -Wextra -g -O2 -march=native -funroll-loops -fopenmp  -DNMAX=2500 -c core.c -o core.o
clang-11 -std=gnu11 -Wall -Wextra -g -O2 -march=native -funroll-loops -fopenmp  -DNMAX=2500 -c dendritas.c -o dendritas.o
clang-11 -std=gnu11 -Wall -Wextra -g -O2 -march=native -funroll-loops -fopenmp  xoshiro.o core.o dendritas.o -o dendritas -lm
>>> Hay 1000 Li depositados. Progreso = 0 %.
>>> Hay 1205 Li depositados. Progreso = 13 %.
>>> Hay 1304 Li depositados. Progreso = 20 %.
>>> Hay 1413 Li depositados. Progreso = 27 %.
>>> Hay 1514 Li depositados. Progreso = 34 %.
>>> Hay 1621 Li depositados. Progreso = 41 %.
>>> Hay 1724 Li depositados. Progreso = 48 %.
>>> Hay 1844 Li depositados. Progreso = 56 %.
>>> Hay 1941 Li depositados. Progreso = 62 %.
>>> Hay 2045 Li depositados. Progreso = 69 %.
>>> Hay 2152 Li depositados. Progreso = 76 %.
>>> Hay 2271 Li depositados. Progreso = 84 %.
>>> Hay 2375 Li depositados. Progreso = 91 %.
>>> Hay 2478 Li depositados. Progreso = 98 %.
Hay un total de 2501 Li depositados (100 %).
Tiempo simulando = 132.454 ms
WALL TIME = 21.917314 s
PFLOPS = 161.667847

<<<<< FIN CON 2500 PARTÍCULAS
>>>>> INICIO CON 3000 PARTÍCULAS
rm -f dendritas *.o .depend
clang-11 -MM core.c dendritas.c xoshiro.c > .depend
clang-11 -std=gnu11 -Wall -Wextra -g -O2 -march=native -funroll-loops -fopenmp  -DNMAX=3000 -c xoshiro.c -o xoshiro.o
clang-11 -std=gnu11 -Wall -Wextra -g -O2 -march=native -funroll-loops -fopenmp  -DNMAX=3000 -c core.c -o core.o
clang-11 -std=gnu11 -Wall -Wextra -g -O2 -march=native -funroll-loops -fopenmp  -DNMAX=3000 -c dendritas.c -o dendritas.o
clang-11 -std=gnu11 -Wall -Wextra -g -O2 -march=native -funroll-loops -fopenmp  xoshiro.o core.o dendritas.o -o dendritas -lm
>>> Hay 1000 Li depositados. Progreso = 0 %.
>>> Hay 1205 Li depositados. Progreso = 10 %.
>>> Hay 1304 Li depositados. Progreso = 15 %.
>>> Hay 1413 Li depositados. Progreso = 20 %.
>>> Hay 1514 Li depositados. Progreso = 25 %.
>>> Hay 1621 Li depositados. Progreso = 31 %.
>>> Hay 1724 Li depositados. Progreso = 36 %.
>>> Hay 1844 Li depositados. Progreso = 42 %.
>>> Hay 1941 Li depositados. Progreso = 47 %.
>>> Hay 2045 Li depositados. Progreso = 52 %.
>>> Hay 2152 Li depositados. Progreso = 57 %.
>>> Hay 2271 Li depositados. Progreso = 63 %.
>>> Hay 2375 Li depositados. Progreso = 68 %.
>>> Hay 2478 Li depositados. Progreso = 73 %.
>>> Hay 2576 Li depositados. Progreso = 78 %.
>>> Hay 2666 Li depositados. Progreso = 83 %.
>>> Hay 2767 Li depositados. Progreso = 88 %.
>>> Hay 2879 Li depositados. Progreso = 93 %.
>>> Hay 2968 Li depositados. Progreso = 98 %.
Hay un total de 3002 Li depositados (100 %).
Tiempo simulando = 184.629 ms
WALL TIME = 32.921251 s
PFLOPS = 232.715134

<<<<< FIN CON 3000 PARTÍCULAS
>>>>> INICIO CON 3500 PARTÍCULAS
rm -f dendritas *.o .depend
clang-11 -MM core.c dendritas.c xoshiro.c > .depend
clang-11 -std=gnu11 -Wall -Wextra -g -O2 -march=native -funroll-loops -fopenmp  -DNMAX=3500 -c xoshiro.c -o xoshiro.o
clang-11 -std=gnu11 -Wall -Wextra -g -O2 -march=native -funroll-loops -fopenmp  -DNMAX=3500 -c core.c -o core.o
clang-11 -std=gnu11 -Wall -Wextra -g -O2 -march=native -funroll-loops -fopenmp  -DNMAX=3500 -c dendritas.c -o dendritas.o
clang-11 -std=gnu11 -Wall -Wextra -g -O2 -march=native -funroll-loops -fopenmp  xoshiro.o core.o dendritas.o -o dendritas -lm
>>> Hay 1000 Li depositados. Progreso = 0 %.
>>> Hay 1205 Li depositados. Progreso = 8 %.
>>> Hay 1304 Li depositados. Progreso = 12 %.
>>> Hay 1413 Li depositados. Progreso = 16 %.
>>> Hay 1514 Li depositados. Progreso = 20 %.
>>> Hay 1621 Li depositados. Progreso = 24 %.
>>> Hay 1724 Li depositados. Progreso = 28 %.
>>> Hay 1844 Li depositados. Progreso = 33 %.
>>> Hay 1941 Li depositados. Progreso = 37 %.
>>> Hay 2045 Li depositados. Progreso = 41 %.
>>> Hay 2152 Li depositados. Progreso = 46 %.
>>> Hay 2271 Li depositados. Progreso = 50 %.
>>> Hay 2375 Li depositados. Progreso = 55 %.
>>> Hay 2479 Li depositados. Progreso = 59 %.
>>> Hay 2574 Li depositados. Progreso = 62 %.
>>> Hay 2682 Li depositados. Progreso = 67 %.
>>> Hay 2795 Li depositados. Progreso = 71 %.
>>> Hay 2903 Li depositados. Progreso = 76 %.
>>> Hay 2994 Li depositados. Progreso = 79 %.
>>> Hay 3095 Li depositados. Progreso = 83 %.
>>> Hay 3197 Li depositados. Progreso = 87 %.
>>> Hay 3298 Li depositados. Progreso = 91 %.
>>> Hay 3412 Li depositados. Progreso = 96 %.
Hay un total de 3502 Li depositados (100 %).
Tiempo simulando = 228.576 ms
WALL TIME = 42.725679 s
PFLOPS = 298.027222

<<<<< FIN CON 3500 PARTÍCULAS
>>>>> INICIO CON 4000 PARTÍCULAS
rm -f dendritas *.o .depend
clang-11 -MM core.c dendritas.c xoshiro.c > .depend
clang-11 -std=gnu11 -Wall -Wextra -g -O2 -march=native -funroll-loops -fopenmp  -DNMAX=4000 -c xoshiro.c -o xoshiro.o
clang-11 -std=gnu11 -Wall -Wextra -g -O2 -march=native -funroll-loops -fopenmp  -DNMAX=4000 -c core.c -o core.o
clang-11 -std=gnu11 -Wall -Wextra -g -O2 -march=native -funroll-loops -fopenmp  -DNMAX=4000 -c dendritas.c -o dendritas.o
clang-11 -std=gnu11 -Wall -Wextra -g -O2 -march=native -funroll-loops -fopenmp  xoshiro.o core.o dendritas.o -o dendritas -lm
>>> Hay 1000 Li depositados. Progreso = 0 %.
>>> Hay 1205 Li depositados. Progreso = 6 %.
>>> Hay 1304 Li depositados. Progreso = 10 %.
>>> Hay 1413 Li depositados. Progreso = 13 %.
>>> Hay 1514 Li depositados. Progreso = 17 %.
>>> Hay 1621 Li depositados. Progreso = 20 %.
>>> Hay 1724 Li depositados. Progreso = 24 %.
>>> Hay 1844 Li depositados. Progreso = 28 %.
>>> Hay 1941 Li depositados. Progreso = 31 %.
>>> Hay 2045 Li depositados. Progreso = 34 %.
>>> Hay 2152 Li depositados. Progreso = 38 %.
>>> Hay 2271 Li depositados. Progreso = 42 %.
>>> Hay 2375 Li depositados. Progreso = 45 %.
>>> Hay 2478 Li depositados. Progreso = 49 %.
>>> Hay 2576 Li depositados. Progreso = 52 %.
>>> Hay 2666 Li depositados. Progreso = 55 %.
>>> Hay 2767 Li depositados. Progreso = 58 %.
>>> Hay 2874 Li depositados. Progreso = 62 %.
>>> Hay 2970 Li depositados. Progreso = 65 %.
>>> Hay 3061 Li depositados. Progreso = 68 %.
>>> Hay 3183 Li depositados. Progreso = 72 %.
>>> Hay 3296 Li depositados. Progreso = 76 %.
>>> Hay 3391 Li depositados. Progreso = 79 %.
>>> Hay 3484 Li depositados. Progreso = 82 %.
>>> Hay 3607 Li depositados. Progreso = 86 %.
>>> Hay 3726 Li depositados. Progreso = 90 %.
>>> Hay 3859 Li depositados. Progreso = 95 %.
>>> Hay 3949 Li depositados. Progreso = 98 %.
Hay un total de 4001 Li depositados (100 %).
Tiempo simulando = 275.239 ms
WALL TIME = 55.068384 s
PFLOPS = 362.093628

<<<<< FIN CON 4000 PARTÍCULAS
>>>>> INICIO CON 4500 PARTÍCULAS
rm -f dendritas *.o .depend
clang-11 -MM core.c dendritas.c xoshiro.c > .depend
clang-11 -std=gnu11 -Wall -Wextra -g -O2 -march=native -funroll-loops -fopenmp  -DNMAX=4500 -c xoshiro.c -o xoshiro.o
clang-11 -std=gnu11 -Wall -Wextra -g -O2 -march=native -funroll-loops -fopenmp  -DNMAX=4500 -c core.c -o core.o
clang-11 -std=gnu11 -Wall -Wextra -g -O2 -march=native -funroll-loops -fopenmp  -DNMAX=4500 -c dendritas.c -o dendritas.o
clang-11 -std=gnu11 -Wall -Wextra -g -O2 -march=native -funroll-loops -fopenmp  xoshiro.o core.o dendritas.o -o dendritas -lm
>>> Hay 1000 Li depositados. Progreso = 0 %.
>>> Hay 1205 Li depositados. Progreso = 5 %.
>>> Hay 1304 Li depositados. Progreso = 8 %.
>>> Hay 1413 Li depositados. Progreso = 11 %.
>>> Hay 1514 Li depositados. Progreso = 14 %.
>>> Hay 1621 Li depositados. Progreso = 17 %.
>>> Hay 1724 Li depositados. Progreso = 20 %.
>>> Hay 1844 Li depositados. Progreso = 24 %.
>>> Hay 1941 Li depositados. Progreso = 26 %.
>>> Hay 2045 Li depositados. Progreso = 29 %.
>>> Hay 2152 Li depositados. Progreso = 32 %.
>>> Hay 2271 Li depositados. Progreso = 36 %.
>>> Hay 2375 Li depositados. Progreso = 39 %.
>>> Hay 2477 Li depositados. Progreso = 42 %.
>>> Hay 2582 Li depositados. Progreso = 45 %.
>>> Hay 2698 Li depositados. Progreso = 48 %.
>>> Hay 2795 Li depositados. Progreso = 51 %.
>>> Hay 2896 Li depositados. Progreso = 54 %.
>>> Hay 2992 Li depositados. Progreso = 56 %.
>>> Hay 3100 Li depositados. Progreso = 60 %.
>>> Hay 3193 Li depositados. Progreso = 62 %.
>>> Hay 3293 Li depositados. Progreso = 65 %.
>>> Hay 3403 Li depositados. Progreso = 68 %.
>>> Hay 3509 Li depositados. Progreso = 71 %.
>>> Hay 3616 Li depositados. Progreso = 74 %.
>>> Hay 3747 Li depositados. Progreso = 78 %.
>>> Hay 3877 Li depositados. Progreso = 82 %.
>>> Hay 3976 Li depositados. Progreso = 85 %.
>>> Hay 4102 Li depositados. Progreso = 88 %.
>>> Hay 4209 Li depositados. Progreso = 91 %.
>>> Hay 4324 Li depositados. Progreso = 94 %.
>>> Hay 4440 Li depositados. Progreso = 98 %.
Hay un total de 4502 Li depositados (100 %).
Tiempo simulando = 315.827 ms
WALL TIME = 67.612611 s
PFLOPS = 416.772797

<<<<< FIN CON 4500 PARTÍCULAS
>>>>> INICIO CON 5000 PARTÍCULAS
rm -f dendritas *.o .depend
clang-11 -MM core.c dendritas.c xoshiro.c > .depend
clang-11 -std=gnu11 -Wall -Wextra -g -O2 -march=native -funroll-loops -fopenmp  -DNMAX=5000 -c xoshiro.c -o xoshiro.o
clang-11 -std=gnu11 -Wall -Wextra -g -O2 -march=native -funroll-loops -fopenmp  -DNMAX=5000 -c core.c -o core.o
clang-11 -std=gnu11 -Wall -Wextra -g -O2 -march=native -funroll-loops -fopenmp  -DNMAX=5000 -c dendritas.c -o dendritas.o
clang-11 -std=gnu11 -Wall -Wextra -g -O2 -march=native -funroll-loops -fopenmp  xoshiro.o core.o dendritas.o -o dendritas -lm
>>> Hay 1000 Li depositados. Progreso = 0 %.
>>> Hay 1205 Li depositados. Progreso = 5 %.
>>> Hay 1304 Li depositados. Progreso = 7 %.
>>> Hay 1413 Li depositados. Progreso = 10 %.
>>> Hay 1514 Li depositados. Progreso = 12 %.
>>> Hay 1621 Li depositados. Progreso = 15 %.
>>> Hay 1724 Li depositados. Progreso = 18 %.
>>> Hay 1844 Li depositados. Progreso = 21 %.
>>> Hay 1941 Li depositados. Progreso = 23 %.
>>> Hay 2045 Li depositados. Progreso = 26 %.
>>> Hay 2152 Li depositados. Progreso = 28 %.
>>> Hay 2271 Li depositados. Progreso = 31 %.
>>> Hay 2375 Li depositados. Progreso = 34 %.
>>> Hay 2479 Li depositados. Progreso = 36 %.
>>> Hay 2574 Li depositados. Progreso = 39 %.
>>> Hay 2682 Li depositados. Progreso = 42 %.
>>> Hay 2795 Li depositados. Progreso = 44 %.
>>> Hay 2903 Li depositados. Progreso = 47 %.
>>> Hay 2994 Li depositados. Progreso = 49 %.
>>> Hay 3095 Li depositados. Progreso = 52 %.
>>> Hay 3197 Li depositados. Progreso = 54 %.
>>> Hay 3298 Li depositados. Progreso = 57 %.
>>> Hay 3412 Li depositados. Progreso = 60 %.
>>> Hay 3524 Li depositados. Progreso = 63 %.
>>> Hay 3619 Li depositados. Progreso = 65 %.
>>> Hay 3747 Li depositados. Progreso = 68 %.
>>> Hay 3859 Li depositados. Progreso = 71 %.
>>> Hay 3995 Li depositados. Progreso = 74 %.
>>> Hay 4110 Li depositados. Progreso = 77 %.
>>> Hay 4228 Li depositados. Progreso = 80 %.
>>> Hay 4350 Li depositados. Progreso = 83 %.
>>> Hay 4448 Li depositados. Progreso = 86 %.
>>> Hay 4572 Li depositados. Progreso = 89 %.
>>> Hay 4699 Li depositados. Progreso = 92 %.
>>> Hay 4825 Li depositados. Progreso = 95 %.
>>> Hay 4933 Li depositados. Progreso = 98 %.
Hay un total de 5002 Li depositados (100 %).
Tiempo simulando = 357.070 ms
WALL TIME = 82.055214 s
PFLOPS = 468.556335

<<<<< FIN CON 5000 PARTÍCULAS
>>>>> INICIO CON 5500 PARTÍCULAS
rm -f dendritas *.o .depend
clang-11 -MM core.c dendritas.c xoshiro.c > .depend
clang-11 -std=gnu11 -Wall -Wextra -g -O2 -march=native -funroll-loops -fopenmp  -DNMAX=5500 -c xoshiro.c -o xoshiro.o
clang-11 -std=gnu11 -Wall -Wextra -g -O2 -march=native -funroll-loops -fopenmp  -DNMAX=5500 -c core.c -o core.o
clang-11 -std=gnu11 -Wall -Wextra -g -O2 -march=native -funroll-loops -fopenmp  -DNMAX=5500 -c dendritas.c -o dendritas.o
clang-11 -std=gnu11 -Wall -Wextra -g -O2 -march=native -funroll-loops -fopenmp  xoshiro.o core.o dendritas.o -o dendritas -lm
>>> Hay 1000 Li depositados. Progreso = 0 %.
>>> Hay 1205 Li depositados. Progreso = 4 %.
>>> Hay 1304 Li depositados. Progreso = 6 %.
>>> Hay 1413 Li depositados. Progreso = 9 %.
>>> Hay 1514 Li depositados. Progreso = 11 %.
>>> Hay 1621 Li depositados. Progreso = 13 %.
>>> Hay 1724 Li depositados. Progreso = 16 %.
>>> Hay 1844 Li depositados. Progreso = 18 %.
>>> Hay 1941 Li depositados. Progreso = 20 %.
>>> Hay 2045 Li depositados. Progreso = 23 %.
>>> Hay 2152 Li depositados. Progreso = 25 %.
>>> Hay 2271 Li depositados. Progreso = 28 %.
>>> Hay 2375 Li depositados. Progreso = 30 %.
>>> Hay 2479 Li depositados. Progreso = 32 %.
>>> Hay 2574 Li depositados. Progreso = 34 %.
>>> Hay 2682 Li depositados. Progreso = 37 %.
>>> Hay 2795 Li depositados. Progreso = 39 %.
>>> Hay 2903 Li depositados. Progreso = 42 %.
>>> Hay 2994 Li depositados. Progreso = 44 %.
>>> Hay 3095 Li depositados. Progreso = 46 %.
>>> Hay 3197 Li depositados. Progreso = 48 %.
>>> Hay 3298 Li depositados. Progreso = 51 %.
>>> Hay 3412 Li depositados. Progreso = 53 %.
>>> Hay 3524 Li depositados. Progreso = 56 %.
>>> Hay 3619 Li depositados. Progreso = 58 %.
>>> Hay 3747 Li depositados. Progreso = 61 %.
>>> Hay 3859 Li depositados. Progreso = 63 %.
>>> Hay 3995 Li depositados. Progreso = 66 %.
>>> Hay 4110 Li depositados. Progreso = 69 %.
>>> Hay 4228 Li depositados. Progreso = 71 %.
>>> Hay 4350 Li depositados. Progreso = 74 %.
>>> Hay 4448 Li depositados. Progreso = 76 %.
>>> Hay 4572 Li depositados. Progreso = 79 %.
>>> Hay 4699 Li depositados. Progreso = 82 %.
>>> Hay 4825 Li depositados. Progreso = 85 %.
>>> Hay 4933 Li depositados. Progreso = 87 %.
>>> Hay 5049 Li depositados. Progreso = 89 %.
>>> Hay 5167 Li depositados. Progreso = 92 %.
>>> Hay 5316 Li depositados. Progreso = 95 %.
>>> Hay 5451 Li depositados. Progreso = 98 %.
Hay un total de 5501 Li depositados (100 %).
Tiempo simulando = 396.335 ms
WALL TIME = 95.563934 s
PFLOPS = 525.642944

<<<<< FIN CON 5500 PARTÍCULAS
>>>>> INICIO CON 6000 PARTÍCULAS
rm -f dendritas *.o .depend
clang-11 -MM core.c dendritas.c xoshiro.c > .depend
clang-11 -std=gnu11 -Wall -Wextra -g -O2 -march=native -funroll-loops -fopenmp  -DNMAX=6000 -c xoshiro.c -o xoshiro.o
clang-11 -std=gnu11 -Wall -Wextra -g -O2 -march=native -funroll-loops -fopenmp  -DNMAX=6000 -c core.c -o core.o
clang-11 -std=gnu11 -Wall -Wextra -g -O2 -march=native -funroll-loops -fopenmp  -DNMAX=6000 -c dendritas.c -o dendritas.o
clang-11 -std=gnu11 -Wall -Wextra -g -O2 -march=native -funroll-loops -fopenmp  xoshiro.o core.o dendritas.o -o dendritas -lm
>>> Hay 1000 Li depositados. Progreso = 0 %.
>>> Hay 1205 Li depositados. Progreso = 4 %.
>>> Hay 1304 Li depositados. Progreso = 6 %.
>>> Hay 1413 Li depositados. Progreso = 8 %.
>>> Hay 1514 Li depositados. Progreso = 10 %.
>>> Hay 1621 Li depositados. Progreso = 12 %.
>>> Hay 1724 Li depositados. Progreso = 14 %.
>>> Hay 1844 Li depositados. Progreso = 16 %.
>>> Hay 1941 Li depositados. Progreso = 18 %.
>>> Hay 2045 Li depositados. Progreso = 20 %.
>>> Hay 2152 Li depositados. Progreso = 23 %.
>>> Hay 2271 Li depositados. Progreso = 25 %.
>>> Hay 2375 Li depositados. Progreso = 27 %.
>>> Hay 2479 Li depositados. Progreso = 29 %.
>>> Hay 2574 Li depositados. Progreso = 31 %.
>>> Hay 2682 Li depositados. Progreso = 33 %.
>>> Hay 2795 Li depositados. Progreso = 35 %.
>>> Hay 2903 Li depositados. Progreso = 38 %.
>>> Hay 2994 Li depositados. Progreso = 39 %.
>>> Hay 3095 Li depositados. Progreso = 41 %.
>>> Hay 3197 Li depositados. Progreso = 43 %.
>>> Hay 3298 Li depositados. Progreso = 45 %.
>>> Hay 3412 Li depositados. Progreso = 48 %.
>>> Hay 3524 Li depositados. Progreso = 50 %.
>>> Hay 3619 Li depositados. Progreso = 52 %.
>>> Hay 3747 Li depositados. Progreso = 54 %.
>>> Hay 3859 Li depositados. Progreso = 57 %.
>>> Hay 3995 Li depositados. Progreso = 59 %.
>>> Hay 4110 Li depositados. Progreso = 62 %.
>>> Hay 4228 Li depositados. Progreso = 64 %.
>>> Hay 4350 Li depositados. Progreso = 67 %.
>>> Hay 4448 Li depositados. Progreso = 68 %.
>>> Hay 4572 Li depositados. Progreso = 71 %.
>>> Hay 4699 Li depositados. Progreso = 73 %.
>>> Hay 4825 Li depositados. Progreso = 76 %.
>>> Hay 4933 Li depositados. Progreso = 78 %.
>>> Hay 5049 Li depositados. Progreso = 80 %.
>>> Hay 5167 Li depositados. Progreso = 83 %.
>>> Hay 5316 Li depositados. Progreso = 86 %.
>>> Hay 5451 Li depositados. Progreso = 89 %.
>>> Hay 5573 Li depositados. Progreso = 91 %.
>>> Hay 5684 Li depositados. Progreso = 93 %.
>>> Hay 5834 Li depositados. Progreso = 96 %.
>>> Hay 5953 Li depositados. Progreso = 99 %.
Hay un total de 6001 Li depositados (100 %).
Tiempo simulando = 435.840 ms
WALL TIME = 112.755385 s
PFLOPS = 571.445679

<<<<< FIN CON 6000 PARTÍCULAS
>>>>> INICIO CON 6500 PARTÍCULAS
rm -f dendritas *.o .depend
clang-11 -MM core.c dendritas.c xoshiro.c > .depend
clang-11 -std=gnu11 -Wall -Wextra -g -O2 -march=native -funroll-loops -fopenmp  -DNMAX=6500 -c xoshiro.c -o xoshiro.o
clang-11 -std=gnu11 -Wall -Wextra -g -O2 -march=native -funroll-loops -fopenmp  -DNMAX=6500 -c core.c -o core.o
clang-11 -std=gnu11 -Wall -Wextra -g -O2 -march=native -funroll-loops -fopenmp  -DNMAX=6500 -c dendritas.c -o dendritas.o
clang-11 -std=gnu11 -Wall -Wextra -g -O2 -march=native -funroll-loops -fopenmp  xoshiro.o core.o dendritas.o -o dendritas -lm
>>> Hay 1000 Li depositados. Progreso = 0 %.
>>> Hay 1205 Li depositados. Progreso = 3 %.
>>> Hay 1304 Li depositados. Progreso = 5 %.
>>> Hay 1413 Li depositados. Progreso = 7 %.
>>> Hay 1514 Li depositados. Progreso = 9 %.
>>> Hay 1621 Li depositados. Progreso = 11 %.
>>> Hay 1724 Li depositados. Progreso = 13 %.
>>> Hay 1844 Li depositados. Progreso = 15 %.
>>> Hay 1941 Li depositados. Progreso = 17 %.
>>> Hay 2045 Li depositados. Progreso = 19 %.
>>> Hay 2152 Li depositados. Progreso = 20 %.
>>> Hay 2271 Li depositados. Progreso = 23 %.
>>> Hay 2375 Li depositados. Progreso = 25 %.
>>> Hay 2478 Li depositados. Progreso = 26 %.
>>> Hay 2576 Li depositados. Progreso = 28 %.
>>> Hay 2666 Li depositados. Progreso = 30 %.
>>> Hay 2767 Li depositados. Progreso = 32 %.
>>> Hay 2879 Li depositados. Progreso = 34 %.
>>> Hay 2958 Li depositados. Progreso = 35 %.
>>> Hay 3067 Li depositados. Progreso = 37 %.
>>> Hay 3171 Li depositados. Progreso = 39 %.
>>> Hay 3289 Li depositados. Progreso = 41 %.
>>> Hay 3387 Li depositados. Progreso = 43 %.
>>> Hay 3500 Li depositados. Progreso = 45 %.
>>> Hay 3609 Li depositados. Progreso = 47 %.
>>> Hay 3722 Li depositados. Progreso = 49 %.
>>> Hay 3846 Li depositados. Progreso = 51 %.
>>> Hay 3976 Li depositados. Progreso = 54 %.
>>> Hay 4079 Li depositados. Progreso = 55 %.
>>> Hay 4204 Li depositados. Progreso = 58 %.
>>> Hay 4317 Li depositados. Progreso = 60 %.
>>> Hay 4431 Li depositados. Progreso = 62 %.
>>> Hay 4545 Li depositados. Progreso = 64 %.
>>> Hay 4652 Li depositados. Progreso = 66 %.
>>> Hay 4787 Li depositados. Progreso = 68 %.
>>> Hay 4898 Li depositados. Progreso = 70 %.
>>> Hay 5012 Li depositados. Progreso = 72 %.
>>> Hay 5141 Li depositados. Progreso = 75 %.
>>> Hay 5265 Li depositados. Progreso = 77 %.
>>> Hay 5403 Li depositados. Progreso = 80 %.
>>> Hay 5532 Li depositados. Progreso = 82 %.
>>> Hay 5677 Li depositados. Progreso = 85 %.
>>> Hay 5785 Li depositados. Progreso = 87 %.
>>> Hay 5929 Li depositados. Progreso = 89 %.
>>> Hay 6070 Li depositados. Progreso = 92 %.
>>> Hay 6198 Li depositados. Progreso = 94 %.
>>> Hay 6334 Li depositados. Progreso = 96 %.
>>> Hay 6482 Li depositados. Progreso = 99 %.
Hay un total de 6501 Li depositados (100 %).
Tiempo simulando = 473.637 ms
WALL TIME = 127.981620 s
PFLOPS = 624.514587

<<<<< FIN CON 6500 PARTÍCULAS
>>>>> INICIO CON 7000 PARTÍCULAS
rm -f dendritas *.o .depend
clang-11 -MM core.c dendritas.c xoshiro.c > .depend
clang-11 -std=gnu11 -Wall -Wextra -g -O2 -march=native -funroll-loops -fopenmp  -DNMAX=7000 -c xoshiro.c -o xoshiro.o
clang-11 -std=gnu11 -Wall -Wextra -g -O2 -march=native -funroll-loops -fopenmp  -DNMAX=7000 -c core.c -o core.o
clang-11 -std=gnu11 -Wall -Wextra -g -O2 -march=native -funroll-loops -fopenmp  -DNMAX=7000 -c dendritas.c -o dendritas.o
clang-11 -std=gnu11 -Wall -Wextra -g -O2 -march=native -funroll-loops -fopenmp  xoshiro.o core.o dendritas.o -o dendritas -lm
>>> Hay 1000 Li depositados. Progreso = 0 %.
>>> Hay 1205 Li depositados. Progreso = 3 %.
>>> Hay 1304 Li depositados. Progreso = 5 %.
>>> Hay 1413 Li depositados. Progreso = 6 %.
>>> Hay 1514 Li depositados. Progreso = 8 %.
>>> Hay 1621 Li depositados. Progreso = 10 %.
>>> Hay 1724 Li depositados. Progreso = 12 %.
>>> Hay 1844 Li depositados. Progreso = 14 %.
>>> Hay 1941 Li depositados. Progreso = 15 %.
>>> Hay 2045 Li depositados. Progreso = 17 %.
>>> Hay 2152 Li depositados. Progreso = 19 %.
>>> Hay 2271 Li depositados. Progreso = 21 %.
>>> Hay 2375 Li depositados. Progreso = 22 %.
>>> Hay 2478 Li depositados. Progreso = 24 %.
>>> Hay 2571 Li depositados. Progreso = 26 %.
>>> Hay 2677 Li depositados. Progreso = 27 %.
>>> Hay 2787 Li depositados. Progreso = 29 %.
>>> Hay 2885 Li depositados. Progreso = 31 %.
>>> Hay 2971 Li depositados. Progreso = 32 %.
>>> Hay 3063 Li depositados. Progreso = 34 %.
>>> Hay 3188 Li depositados. Progreso = 36 %.
>>> Hay 3309 Li depositados. Progreso = 38 %.
>>> Hay 3390 Li depositados. Progreso = 39 %.
>>> Hay 3486 Li depositados. Progreso = 41 %.
>>> Hay 3590 Li depositados. Progreso = 43 %.
>>> Hay 3728 Li depositados. Progreso = 45 %.
>>> Hay 3828 Li depositados. Progreso = 47 %.
>>> Hay 3947 Li depositados. Progreso = 49 %.
>>> Hay 4056 Li depositados. Progreso = 50 %.
>>> Hay 4191 Li depositados. Progreso = 53 %.
>>> Hay 4305 Li depositados. Progreso = 55 %.
>>> Hay 4410 Li depositados. Progreso = 56 %.
>>> Hay 4543 Li depositados. Progreso = 59 %.
>>> Hay 4644 Li depositados. Progreso = 60 %.
>>> Hay 4776 Li depositados. Progreso = 62 %.
>>> Hay 4904 Li depositados. Progreso = 65 %.
>>> Hay 5044 Li depositados. Progreso = 67 %.
>>> Hay 5159 Li depositados. Progreso = 69 %.
>>> Hay 5292 Li depositados. Progreso = 71 %.
>>> Hay 5428 Li depositados. Progreso = 73 %.
>>> Hay 5556 Li depositados. Progreso = 75 %.
>>> Hay 5684 Li depositados. Progreso = 78 %.
>>> Hay 5803 Li depositados. Progreso = 80 %.
>>> Hay 5947 Li depositados. Progreso = 82 %.
>>> Hay 6084 Li depositados. Progreso = 84 %.
>>> Hay 6224 Li depositados. Progreso = 87 %.
>>> Hay 6354 Li depositados. Progreso = 89 %.
>>> Hay 6480 Li depositados. Progreso = 91 %.
>>> Hay 6608 Li depositados. Progreso = 93 %.
>>> Hay 6747 Li depositados. Progreso = 95 %.
>>> Hay 6892 Li depositados. Progreso = 98 %.
Hay un total de 7001 Li depositados (100 %).
Tiempo simulando = 511.345 ms
WALL TIME = 144.588868 s
PFLOPS = 677.038696

<<<<< FIN CON 7000 PARTÍCULAS
>>>>> INICIO CON 7500 PARTÍCULAS
rm -f dendritas *.o .depend
clang-11 -MM core.c dendritas.c xoshiro.c > .depend
clang-11 -std=gnu11 -Wall -Wextra -g -O2 -march=native -funroll-loops -fopenmp  -DNMAX=7500 -c xoshiro.c -o xoshiro.o
clang-11 -std=gnu11 -Wall -Wextra -g -O2 -march=native -funroll-loops -fopenmp  -DNMAX=7500 -c core.c -o core.o
clang-11 -std=gnu11 -Wall -Wextra -g -O2 -march=native -funroll-loops -fopenmp  -DNMAX=7500 -c dendritas.c -o dendritas.o
clang-11 -std=gnu11 -Wall -Wextra -g -O2 -march=native -funroll-loops -fopenmp  xoshiro.o core.o dendritas.o -o dendritas -lm
>>> Hay 1000 Li depositados. Progreso = 0 %.
>>> Hay 1205 Li depositados. Progreso = 3 %.
>>> Hay 1304 Li depositados. Progreso = 4 %.
>>> Hay 1413 Li depositados. Progreso = 6 %.
>>> Hay 1514 Li depositados. Progreso = 7 %.
>>> Hay 1621 Li depositados. Progreso = 9 %.
>>> Hay 1724 Li depositados. Progreso = 11 %.
>>> Hay 1844 Li depositados. Progreso = 12 %.
>>> Hay 1941 Li depositados. Progreso = 14 %.
>>> Hay 2045 Li depositados. Progreso = 16 %.
>>> Hay 2152 Li depositados. Progreso = 17 %.
>>> Hay 2271 Li depositados. Progreso = 19 %.
>>> Hay 2375 Li depositados. Progreso = 21 %.
>>> Hay 2479 Li depositados. Progreso = 22 %.
>>> Hay 2574 Li depositados. Progreso = 24 %.
>>> Hay 2682 Li depositados. Progreso = 25 %.
>>> Hay 2795 Li depositados. Progreso = 27 %.
>>> Hay 2903 Li depositados. Progreso = 29 %.
>>> Hay 2994 Li depositados. Progreso = 30 %.
>>> Hay 3095 Li depositados. Progreso = 32 %.
>>> Hay 3197 Li depositados. Progreso = 33 %.
>>> Hay 3298 Li depositados. Progreso = 35 %.
>>> Hay 3412 Li depositados. Progreso = 37 %.
>>> Hay 3524 Li depositados. Progreso = 38 %.
>>> Hay 3619 Li depositados. Progreso = 40 %.
>>> Hay 3747 Li depositados. Progreso = 42 %.
>>> Hay 3859 Li depositados. Progreso = 43 %.
>>> Hay 3995 Li depositados. Progreso = 46 %.
>>> Hay 4110 Li depositados. Progreso = 47 %.
>>> Hay 4228 Li depositados. Progreso = 49 %.
>>> Hay 4350 Li depositados. Progreso = 51 %.
>>> Hay 4448 Li depositados. Progreso = 53 %.
>>> Hay 4572 Li depositados. Progreso = 54 %.
>>> Hay 4699 Li depositados. Progreso = 56 %.
>>> Hay 4825 Li depositados. Progreso = 58 %.
>>> Hay 4933 Li depositados. Progreso = 60 %.
>>> Hay 5049 Li depositados. Progreso = 62 %.
>>> Hay 5167 Li depositados. Progreso = 64 %.
>>> Hay 5316 Li depositados. Progreso = 66 %.
>>> Hay 5451 Li depositados. Progreso = 68 %.
>>> Hay 5573 Li depositados. Progreso = 70 %.
>>> Hay 5684 Li depositados. Progreso = 72 %.
>>> Hay 5834 Li depositados. Progreso = 74 %.
>>> Hay 5953 Li depositados. Progreso = 76 %.
>>> Hay 6097 Li depositados. Progreso = 78 %.
>>> Hay 6221 Li depositados. Progreso = 80 %.
>>> Hay 6357 Li depositados. Progreso = 82 %.
>>> Hay 6489 Li depositados. Progreso = 84 %.
>>> Hay 6616 Li depositados. Progreso = 86 %.
>>> Hay 6769 Li depositados. Progreso = 88 %.
>>> Hay 6914 Li depositados. Progreso = 90 %.
>>> Hay 7045 Li depositados. Progreso = 93 %.
>>> Hay 7180 Li depositados. Progreso = 95 %.
>>> Hay 7322 Li depositados. Progreso = 97 %.
>>> Hay 7463 Li depositados. Progreso = 99 %.
Hay un total de 7501 Li depositados (100 %).
Tiempo simulando = 544.535 ms
WALL TIME = 161.524107 s
PFLOPS = 728.224304

<<<<< FIN CON 7500 PARTÍCULAS
>>>>> INICIO CON 8000 PARTÍCULAS
rm -f dendritas *.o .depend
clang-11 -MM core.c dendritas.c xoshiro.c > .depend
clang-11 -std=gnu11 -Wall -Wextra -g -O2 -march=native -funroll-loops -fopenmp  -DNMAX=8000 -c xoshiro.c -o xoshiro.o
clang-11 -std=gnu11 -Wall -Wextra -g -O2 -march=native -funroll-loops -fopenmp  -DNMAX=8000 -c core.c -o core.o
clang-11 -std=gnu11 -Wall -Wextra -g -O2 -march=native -funroll-loops -fopenmp  -DNMAX=8000 -c dendritas.c -o dendritas.o
clang-11 -std=gnu11 -Wall -Wextra -g -O2 -march=native -funroll-loops -fopenmp  xoshiro.o core.o dendritas.o -o dendritas -lm
>>> Hay 1000 Li depositados. Progreso = 0 %.
>>> Hay 1205 Li depositados. Progreso = 2 %.
>>> Hay 1304 Li depositados. Progreso = 4 %.
>>> Hay 1413 Li depositados. Progreso = 5 %.
>>> Hay 1514 Li depositados. Progreso = 7 %.
>>> Hay 1621 Li depositados. Progreso = 8 %.
>>> Hay 1724 Li depositados. Progreso = 10 %.
>>> Hay 1844 Li depositados. Progreso = 12 %.
>>> Hay 1941 Li depositados. Progreso = 13 %.
>>> Hay 2045 Li depositados. Progreso = 14 %.
>>> Hay 2152 Li depositados. Progreso = 16 %.
>>> Hay 2271 Li depositados. Progreso = 18 %.
>>> Hay 2375 Li depositados. Progreso = 19 %.
>>> Hay 2478 Li depositados. Progreso = 21 %.
>>> Hay 2589 Li depositados. Progreso = 22 %.
>>> Hay 2697 Li depositados. Progreso = 24 %.
>>> Hay 2809 Li depositados. Progreso = 25 %.
>>> Hay 2904 Li depositados. Progreso = 27 %.
>>> Hay 3012 Li depositados. Progreso = 28 %.
>>> Hay 3124 Li depositados. Progreso = 30 %.
>>> Hay 3234 Li depositados. Progreso = 31 %.
>>> Hay 3338 Li depositados. Progreso = 33 %.
>>> Hay 3448 Li depositados. Progreso = 34 %.
>>> Hay 3543 Li depositados. Progreso = 36 %.
>>> Hay 3658 Li depositados. Progreso = 37 %.
>>> Hay 3782 Li depositados. Progreso = 39 %.
>>> Hay 3909 Li depositados. Progreso = 41 %.
>>> Hay 4031 Li depositados. Progreso = 43 %.
>>> Hay 4155 Li depositados. Progreso = 45 %.
>>> Hay 4277 Li depositados. Progreso = 46 %.
>>> Hay 4414 Li depositados. Progreso = 48 %.
>>> Hay 4532 Li depositados. Progreso = 50 %.
>>> Hay 4665 Li depositados. Progreso = 52 %.
>>> Hay 4769 Li depositados. Progreso = 53 %.
>>> Hay 4886 Li depositados. Progreso = 55 %.
>>> Hay 5006 Li depositados. Progreso = 57 %.
>>> Hay 5142 Li depositados. Progreso = 59 %.
>>> Hay 5264 Li depositados. Progreso = 60 %.
>>> Hay 5381 Li depositados. Progreso = 62 %.
>>> Hay 5511 Li depositados. Progreso = 64 %.
>>> Hay 5659 Li depositados. Progreso = 66 %.
>>> Hay 5797 Li depositados. Progreso = 68 %.
>>> Hay 5914 Li depositados. Progreso = 70 %.
>>> Hay 6035 Li depositados. Progreso = 71 %.
>>> Hay 6183 Li depositados. Progreso = 74 %.
>>> Hay 6317 Li depositados. Progreso = 75 %.
>>> Hay 6459 Li depositados. Progreso = 77 %.
>>> Hay 6579 Li depositados. Progreso = 79 %.
>>> Hay 6715 Li depositados. Progreso = 81 %.
>>> Hay 6862 Li depositados. Progreso = 83 %.
>>> Hay 6998 Li depositados. Progreso = 85 %.
>>> Hay 7164 Li depositados. Progreso = 88 %.
>>> Hay 7292 Li depositados. Progreso = 89 %.
>>> Hay 7429 Li depositados. Progreso = 91 %.
>>> Hay 7574 Li depositados. Progreso = 93 %.
>>> Hay 7727 Li depositados. Progreso = 96 %.
>>> Hay 7892 Li depositados. Progreso = 98 %.
Hay un total de 8001 Li depositados (100 %).
Tiempo simulando = 568.097 ms
WALL TIME = 176.076233 s
PFLOPS = 760.456543

<<<<< FIN CON 8000 PARTÍCULAS
>>>>> INICIO CON 8500 PARTÍCULAS
rm -f dendritas *.o .depend
clang-11 -MM core.c dendritas.c xoshiro.c > .depend
clang-11 -std=gnu11 -Wall -Wextra -g -O2 -march=native -funroll-loops -fopenmp  -DNMAX=8500 -c xoshiro.c -o xoshiro.o
clang-11 -std=gnu11 -Wall -Wextra -g -O2 -march=native -funroll-loops -fopenmp  -DNMAX=8500 -c core.c -o core.o
clang-11 -std=gnu11 -Wall -Wextra -g -O2 -march=native -funroll-loops -fopenmp  -DNMAX=8500 -c dendritas.c -o dendritas.o
clang-11 -std=gnu11 -Wall -Wextra -g -O2 -march=native -funroll-loops -fopenmp  xoshiro.o core.o dendritas.o -o dendritas -lm
>>> Hay 1000 Li depositados. Progreso = 0 %.
>>> Hay 1205 Li depositados. Progreso = 2 %.
>>> Hay 1304 Li depositados. Progreso = 4 %.
>>> Hay 1413 Li depositados. Progreso = 5 %.
>>> Hay 1514 Li depositados. Progreso = 6 %.
>>> Hay 1621 Li depositados. Progreso = 8 %.
>>> Hay 1724 Li depositados. Progreso = 9 %.
>>> Hay 1844 Li depositados. Progreso = 11 %.
>>> Hay 1941 Li depositados. Progreso = 12 %.
>>> Hay 2045 Li depositados. Progreso = 13 %.
>>> Hay 2152 Li depositados. Progreso = 15 %.
>>> Hay 2271 Li depositados. Progreso = 16 %.
>>> Hay 2375 Li depositados. Progreso = 18 %.
>>> Hay 2479 Li depositados. Progreso = 19 %.
>>> Hay 2574 Li depositados. Progreso = 20 %.
>>> Hay 2682 Li depositados. Progreso = 22 %.
>>> Hay 2795 Li depositados. Progreso = 23 %.
>>> Hay 2903 Li depositados. Progreso = 25 %.
>>> Hay 2994 Li depositados. Progreso = 26 %.
>>> Hay 3095 Li depositados. Progreso = 27 %.
>>> Hay 3197 Li depositados. Progreso = 29 %.
>>> Hay 3298 Li depositados. Progreso = 30 %.
>>> Hay 3412 Li depositados. Progreso = 32 %.
>>> Hay 3524 Li depositados. Progreso = 33 %.
>>> Hay 3619 Li depositados. Progreso = 34 %.
>>> Hay 3747 Li depositados. Progreso = 36 %.
>>> Hay 3859 Li depositados. Progreso = 38 %.
>>> Hay 3995 Li depositados. Progreso = 39 %.
>>> Hay 4110 Li depositados. Progreso = 41 %.
>>> Hay 4228 Li depositados. Progreso = 43 %.
>>> Hay 4350 Li depositados. Progreso = 44 %.
>>> Hay 4448 Li depositados. Progreso = 45 %.
>>> Hay 4572 Li depositados. Progreso = 47 %.
>>> Hay 4699 Li depositados. Progreso = 49 %.
>>> Hay 4825 Li depositados. Progreso = 51 %.
>>> Hay 4933 Li depositados. Progreso = 52 %.
>>> Hay 5049 Li depositados. Progreso = 53 %.
>>> Hay 5167 Li depositados. Progreso = 55 %.
>>> Hay 5316 Li depositados. Progreso = 57 %.
>>> Hay 5451 Li depositados. Progreso = 59 %.
>>> Hay 5573 Li depositados. Progreso = 60 %.
>>> Hay 5684 Li depositados. Progreso = 62 %.
>>> Hay 5834 Li depositados. Progreso = 64 %.
>>> Hay 5953 Li depositados. Progreso = 66 %.
>>> Hay 6097 Li depositados. Progreso = 67 %.
>>> Hay 6221 Li depositados. Progreso = 69 %.
>>> Hay 6357 Li depositados. Progreso = 71 %.
>>> Hay 6489 Li depositados. Progreso = 73 %.
>>> Hay 6616 Li depositados. Progreso = 74 %.
>>> Hay 6769 Li depositados. Progreso = 76 %.
>>> Hay 6914 Li depositados. Progreso = 78 %.
>>> Hay 7045 Li depositados. Progreso = 80 %.
>>> Hay 7180 Li depositados. Progreso = 82 %.
>>> Hay 7322 Li depositados. Progreso = 84 %.
>>> Hay 7463 Li depositados. Progreso = 86 %.
>>> Hay 7606 Li depositados. Progreso = 88 %.
>>> Hay 7760 Li depositados. Progreso = 90 %.
>>> Hay 7921 Li depositados. Progreso = 92 %.
>>> Hay 8075 Li depositados. Progreso = 94 %.
>>> Hay 8225 Li depositados. Progreso = 96 %.
>>> Hay 8401 Li depositados. Progreso = 98 %.
Hay un total de 8501 Li depositados (100 %).
Tiempo simulando = 606.355 ms
WALL TIME = 195.329073 s
PFLOPS = 816.189148

<<<<< FIN CON 8500 PARTÍCULAS
>>>>> INICIO CON 9000 PARTÍCULAS
rm -f dendritas *.o .depend
clang-11 -MM core.c dendritas.c xoshiro.c > .depend
clang-11 -std=gnu11 -Wall -Wextra -g -O2 -march=native -funroll-loops -fopenmp  -DNMAX=9000 -c xoshiro.c -o xoshiro.o
clang-11 -std=gnu11 -Wall -Wextra -g -O2 -march=native -funroll-loops -fopenmp  -DNMAX=9000 -c core.c -o core.o
clang-11 -std=gnu11 -Wall -Wextra -g -O2 -march=native -funroll-loops -fopenmp  -DNMAX=9000 -c dendritas.c -o dendritas.o
clang-11 -std=gnu11 -Wall -Wextra -g -O2 -march=native -funroll-loops -fopenmp  xoshiro.o core.o dendritas.o -o dendritas -lm
>>> Hay 1000 Li depositados. Progreso = 0 %.
>>> Hay 1205 Li depositados. Progreso = 2 %.
>>> Hay 1304 Li depositados. Progreso = 3 %.
>>> Hay 1413 Li depositados. Progreso = 5 %.
>>> Hay 1514 Li depositados. Progreso = 6 %.
>>> Hay 1621 Li depositados. Progreso = 7 %.
>>> Hay 1724 Li depositados. Progreso = 9 %.
>>> Hay 1844 Li depositados. Progreso = 10 %.
>>> Hay 1941 Li depositados. Progreso = 11 %.
>>> Hay 2045 Li depositados. Progreso = 13 %.
>>> Hay 2152 Li depositados. Progreso = 14 %.
>>> Hay 2271 Li depositados. Progreso = 15 %.
>>> Hay 2375 Li depositados. Progreso = 17 %.
>>> Hay 2479 Li depositados. Progreso = 18 %.
>>> Hay 2574 Li depositados. Progreso = 19 %.
>>> Hay 2682 Li depositados. Progreso = 21 %.
>>> Hay 2795 Li depositados. Progreso = 22 %.
>>> Hay 2903 Li depositados. Progreso = 23 %.
>>> Hay 2994 Li depositados. Progreso = 24 %.
>>> Hay 3095 Li depositados. Progreso = 26 %.
>>> Hay 3197 Li depositados. Progreso = 27 %.
>>> Hay 3298 Li depositados. Progreso = 28 %.
>>> Hay 3412 Li depositados. Progreso = 30 %.
>>> Hay 3524 Li depositados. Progreso = 31 %.
>>> Hay 3619 Li depositados. Progreso = 32 %.
>>> Hay 3747 Li depositados. Progreso = 34 %.
>>> Hay 3859 Li depositados. Progreso = 35 %.
>>> Hay 3995 Li depositados. Progreso = 37 %.
>>> Hay 4110 Li depositados. Progreso = 38 %.
>>> Hay 4228 Li depositados. Progreso = 40 %.
>>> Hay 4350 Li depositados. Progreso = 41 %.
>>> Hay 4448 Li depositados. Progreso = 43 %.
>>> Hay 4572 Li depositados. Progreso = 44 %.
>>> Hay 4699 Li depositados. Progreso = 46 %.
>>> Hay 4825 Li depositados. Progreso = 47 %.
>>> Hay 4933 Li depositados. Progreso = 49 %.
>>> Hay 5049 Li depositados. Progreso = 50 %.
>>> Hay 5167 Li depositados. Progreso = 52 %.
>>> Hay 5316 Li depositados. Progreso = 53 %.
>>> Hay 5451 Li depositados. Progreso = 55 %.
>>> Hay 5573 Li depositados. Progreso = 57 %.
>>> Hay 5684 Li depositados. Progreso = 58 %.
>>> Hay 5834 Li depositados. Progreso = 60 %.
>>> Hay 5953 Li depositados. Progreso = 61 %.
>>> Hay 6097 Li depositados. Progreso = 63 %.
>>> Hay 6221 Li depositados. Progreso = 65 %.
>>> Hay 6357 Li depositados. Progreso = 66 %.
>>> Hay 6489 Li depositados. Progreso = 68 %.
>>> Hay 6616 Li depositados. Progreso = 70 %.
>>> Hay 6769 Li depositados. Progreso = 72 %.
>>> Hay 6914 Li depositados. Progreso = 73 %.
>>> Hay 7045 Li depositados. Progreso = 75 %.
>>> Hay 7180 Li depositados. Progreso = 77 %.
>>> Hay 7322 Li depositados. Progreso = 79 %.
>>> Hay 7463 Li depositados. Progreso = 80 %.
>>> Hay 7606 Li depositados. Progreso = 82 %.
>>> Hay 7760 Li depositados. Progreso = 84 %.
>>> Hay 7921 Li depositados. Progreso = 86 %.
>>> Hay 8075 Li depositados. Progreso = 88 %.
>>> Hay 8225 Li depositados. Progreso = 90 %.
>>> Hay 8401 Li depositados. Progreso = 92 %.
>>> Hay 8566 Li depositados. Progreso = 94 %.
>>> Hay 8744 Li depositados. Progreso = 96 %.
>>> Hay 8923 Li depositados. Progreso = 99 %.
Hay un total de 9001 Li depositados (100 %).
Tiempo simulando = 634.890 ms
WALL TIME = 212.911395 s
PFLOPS = 851.916687

<<<<< FIN CON 9000 PARTÍCULAS
>>>>> INICIO CON 9500 PARTÍCULAS
rm -f dendritas *.o .depend
clang-11 -MM core.c dendritas.c xoshiro.c > .depend
clang-11 -std=gnu11 -Wall -Wextra -g -O2 -march=native -funroll-loops -fopenmp  -DNMAX=9500 -c xoshiro.c -o xoshiro.o
clang-11 -std=gnu11 -Wall -Wextra -g -O2 -march=native -funroll-loops -fopenmp  -DNMAX=9500 -c core.c -o core.o
clang-11 -std=gnu11 -Wall -Wextra -g -O2 -march=native -funroll-loops -fopenmp  -DNMAX=9500 -c dendritas.c -o dendritas.o
clang-11 -std=gnu11 -Wall -Wextra -g -O2 -march=native -funroll-loops -fopenmp  xoshiro.o core.o dendritas.o -o dendritas -lm
>>> Hay 1000 Li depositados. Progreso = 0 %.
>>> Hay 1205 Li depositados. Progreso = 2 %.
>>> Hay 1304 Li depositados. Progreso = 3 %.
>>> Hay 1413 Li depositados. Progreso = 4 %.
>>> Hay 1514 Li depositados. Progreso = 6 %.
>>> Hay 1621 Li depositados. Progreso = 7 %.
>>> Hay 1724 Li depositados. Progreso = 8 %.
>>> Hay 1844 Li depositados. Progreso = 9 %.
>>> Hay 1941 Li depositados. Progreso = 11 %.
>>> Hay 2045 Li depositados. Progreso = 12 %.
>>> Hay 2152 Li depositados. Progreso = 13 %.
>>> Hay 2271 Li depositados. Progreso = 14 %.
>>> Hay 2375 Li depositados. Progreso = 16 %.
>>> Hay 2479 Li depositados. Progreso = 17 %.
>>> Hay 2574 Li depositados. Progreso = 18 %.
>>> Hay 2682 Li depositados. Progreso = 19 %.
>>> Hay 2795 Li depositados. Progreso = 21 %.
>>> Hay 2903 Li depositados. Progreso = 22 %.
>>> Hay 2994 Li depositados. Progreso = 23 %.
>>> Hay 3095 Li depositados. Progreso = 24 %.
>>> Hay 3197 Li depositados. Progreso = 25 %.
>>> Hay 3298 Li depositados. Progreso = 27 %.
>>> Hay 3412 Li depositados. Progreso = 28 %.
>>> Hay 3524 Li depositados. Progreso = 29 %.
>>> Hay 3619 Li depositados. Progreso = 30 %.
>>> Hay 3747 Li depositados. Progreso = 32 %.
>>> Hay 3859 Li depositados. Progreso = 33 %.
>>> Hay 3995 Li depositados. Progreso = 35 %.
>>> Hay 4110 Li depositados. Progreso = 36 %.
>>> Hay 4228 Li depositados. Progreso = 37 %.
>>> Hay 4350 Li depositados. Progreso = 39 %.
>>> Hay 4448 Li depositados. Progreso = 40 %.
>>> Hay 4572 Li depositados. Progreso = 42 %.
>>> Hay 4699 Li depositados. Progreso = 43 %.
>>> Hay 4825 Li depositados. Progreso = 45 %.
>>> Hay 4933 Li depositados. Progreso = 46 %.
>>> Hay 5049 Li depositados. Progreso = 47 %.
>>> Hay 5167 Li depositados. Progreso = 49 %.
>>> Hay 5316 Li depositados. Progreso = 50 %.
>>> Hay 5451 Li depositados. Progreso = 52 %.
>>> Hay 5573 Li depositados. Progreso = 53 %.
>>> Hay 5684 Li depositados. Progreso = 55 %.
>>> Hay 5834 Li depositados. Progreso = 56 %.
>>> Hay 5953 Li depositados. Progreso = 58 %.
>>> Hay 6097 Li depositados. Progreso = 59 %.
>>> Hay 6221 Li depositados. Progreso = 61 %.
>>> Hay 6362 Li depositados. Progreso = 63 %.
>>> Hay 6494 Li depositados. Progreso = 64 %.
>>> Hay 6623 Li depositados. Progreso = 66 %.
>>> Hay 6773 Li depositados. Progreso = 67 %.
>>> Hay 6911 Li depositados. Progreso = 69 %.
>>> Hay 7039 Li depositados. Progreso = 71 %.
>>> Hay 7181 Li depositados. Progreso = 72 %.
>>> Hay 7311 Li depositados. Progreso = 74 %.
>>> Hay 7445 Li depositados. Progreso = 75 %.
>>> Hay 7593 Li depositados. Progreso = 77 %.
>>> Hay 7738 Li depositados. Progreso = 79 %.
>>> Hay 7891 Li depositados. Progreso = 81 %.
>>> Hay 8053 Li depositados. Progreso = 82 %.
>>> Hay 8213 Li depositados. Progreso = 84 %.
>>> Hay 8385 Li depositados. Progreso = 86 %.
>>> Hay 8553 Li depositados. Progreso = 88 %.
>>> Hay 8741 Li depositados. Progreso = 91 %.
>>> Hay 8903 Li depositados. Progreso = 92 %.
>>> Hay 9076 Li depositados. Progreso = 95 %.
>>> Hay 9260 Li depositados. Progreso = 97 %.
>>> Hay 9419 Li depositados. Progreso = 99 %.
Hay un total de 9501 Li depositados (100 %).
Tiempo simulando = 662.896 ms
WALL TIME = 230.000022 s
PFLOPS = 893.388733

<<<<< FIN CON 9500 PARTÍCULAS
>>>>> INICIO CON 10000 PARTÍCULAS
rm -f dendritas *.o .depend
clang-11 -MM core.c dendritas.c xoshiro.c > .depend
clang-11 -std=gnu11 -Wall -Wextra -g -O2 -march=native -funroll-loops -fopenmp  -DNMAX=10000 -c xoshiro.c -o xoshiro.o
clang-11 -std=gnu11 -Wall -Wextra -g -O2 -march=native -funroll-loops -fopenmp  -DNMAX=10000 -c core.c -o core.o
clang-11 -std=gnu11 -Wall -Wextra -g -O2 -march=native -funroll-loops -fopenmp  -DNMAX=10000 -c dendritas.c -o dendritas.o
clang-11 -std=gnu11 -Wall -Wextra -g -O2 -march=native -funroll-loops -fopenmp  xoshiro.o core.o dendritas.o -o dendritas -lm
>>> Hay 1000 Li depositados. Progreso = 0 %.
>>> Hay 1205 Li depositados. Progreso = 2 %.
>>> Hay 1304 Li depositados. Progreso = 3 %.
>>> Hay 1413 Li depositados. Progreso = 4 %.
>>> Hay 1514 Li depositados. Progreso = 5 %.
>>> Hay 1621 Li depositados. Progreso = 6 %.
>>> Hay 1724 Li depositados. Progreso = 8 %.
>>> Hay 1844 Li depositados. Progreso = 9 %.
>>> Hay 1941 Li depositados. Progreso = 10 %.
>>> Hay 2045 Li depositados. Progreso = 11 %.
>>> Hay 2152 Li depositados. Progreso = 12 %.
>>> Hay 2271 Li depositados. Progreso = 14 %.
>>> Hay 2375 Li depositados. Progreso = 15 %.
>>> Hay 2478 Li depositados. Progreso = 16 %.
>>> Hay 2576 Li depositados. Progreso = 17 %.
>>> Hay 2666 Li depositados. Progreso = 18 %.
>>> Hay 2767 Li depositados. Progreso = 19 %.
>>> Hay 2879 Li depositados. Progreso = 20 %.
>>> Hay 2958 Li depositados. Progreso = 21 %.
>>> Hay 3067 Li depositados. Progreso = 22 %.
>>> Hay 3171 Li depositados. Progreso = 24 %.
>>> Hay 3289 Li depositados. Progreso = 25 %.
>>> Hay 3387 Li depositados. Progreso = 26 %.
>>> Hay 3500 Li depositados. Progreso = 27 %.
>>> Hay 3609 Li depositados. Progreso = 28 %.
>>> Hay 3722 Li depositados. Progreso = 30 %.
>>> Hay 3846 Li depositados. Progreso = 31 %.
>>> Hay 3976 Li depositados. Progreso = 33 %.
>>> Hay 4079 Li depositados. Progreso = 34 %.
>>> Hay 4204 Li depositados. Progreso = 35 %.
>>> Hay 4317 Li depositados. Progreso = 36 %.
>>> Hay 4431 Li depositados. Progreso = 38 %.
>>> Hay 4545 Li depositados. Progreso = 39 %.
>>> Hay 4652 Li depositados. Progreso = 40 %.
>>> Hay 4787 Li depositados. Progreso = 42 %.
>>> Hay 4898 Li depositados. Progreso = 43 %.
>>> Hay 5012 Li depositados. Progreso = 44 %.
>>> Hay 5141 Li depositados. Progreso = 46 %.
>>> Hay 5265 Li depositados. Progreso = 47 %.
>>> Hay 5403 Li depositados. Progreso = 48 %.
>>> Hay 5532 Li depositados. Progreso = 50 %.
>>> Hay 5677 Li depositados. Progreso = 51 %.
>>> Hay 5785 Li depositados. Progreso = 53 %.
>>> Hay 5929 Li depositados. Progreso = 54 %.
>>> Hay 6070 Li depositados. Progreso = 56 %.
>>> Hay 6198 Li depositados. Progreso = 57 %.
>>> Hay 6334 Li depositados. Progreso = 59 %.
>>> Hay 6482 Li depositados. Progreso = 60 %.
>>> Hay 6627 Li depositados. Progreso = 62 %.
>>> Hay 6772 Li depositados. Progreso = 64 %.
>>> Hay 6917 Li depositados. Progreso = 65 %.
>>> Hay 7061 Li depositados. Progreso = 67 %.
>>> Hay 7200 Li depositados. Progreso = 68 %.
>>> Hay 7350 Li depositados. Progreso = 70 %.
>>> Hay 7495 Li depositados. Progreso = 72 %.
>>> Hay 7642 Li depositados. Progreso = 73 %.
>>> Hay 7814 Li depositados. Progreso = 75 %.
>>> Hay 7967 Li depositados. Progreso = 77 %.
>>> Hay 8137 Li depositados. Progreso = 79 %.
>>> Hay 8303 Li depositados. Progreso = 81 %.
>>> Hay 8475 Li depositados. Progreso = 83 %.
>>> Hay 8644 Li depositados. Progreso = 84 %.
>>> Hay 8828 Li depositados. Progreso = 86 %.
>>> Hay 9020 Li depositados. Progreso = 89 %.
>>> Hay 9209 Li depositados. Progreso = 91 %.
>>> Hay 9390 Li depositados. Progreso = 93 %.
>>> Hay 9570 Li depositados. Progreso = 95 %.
>>> Hay 9761 Li depositados. Progreso = 97 %.
>>> Hay 9958 Li depositados. Progreso = 99 %.
Hay un total de 10001 Li depositados (100 %).
Tiempo simulando = 680.653 ms
WALL TIME = 243.210165 s
PFLOPS = 913.166077

<<<<< FIN CON 10000 PARTÍCULAS
rm -f dendritas *.o .depend
